<?xml version="1.0"?>
<testsuites>
  <testsuite name="PhantomJS 1.9.7 (Windows 8)" package="Cash Management Unit Test Results" timestamp="2014-09-15T09:07:10" id="0" hostname="Whizz">
    <properties>
      <property name="browser.fullName" value="Mozilla/5.0 (Windows NT 6.2; WOW64) AppleWebKit/534.34 (KHTML, like Gecko) PhantomJS/1.9.7 Safari/534.34"/>
    </properties>
  </testsuite>
  <testsuite name="PhantomJS 1.9.7 (Windows 8)" package="Cash Management Unit Test Results" timestamp="2014-09-15T09:07:12" id="0" hostname="Whizz" tests="5" errors="0" failures="4" time="0.004">
    <properties>
      <property name="browser.fullName" value="Mozilla/5.0 (Windows NT 6.2; WOW64) AppleWebKit/534.34 (KHTML, like Gecko) PhantomJS/1.9.7 Safari/534.34"/>
    </properties>
    <testcase name="can be instantiated" time="0.002" classname="Cash Management Unit Test Results PhantomJS 1.9.7 (Windows 8).Item View Controller"/>
    <testcase name="View Controller exists" time="0.001" classname="Cash Management Unit Test Results PhantomJS 1.9.7 (Windows 8).Item View Controller">
      <failure type="">TypeError: &apos;null&apos; is not an object (evaluating &apos;controller.should&apos;)
    at C:/i21/i21_Inventory/test/view/override/ItemViewControllerTest.js:25
</failure>
    </testcase>
    <testcase name="has a show function" time="0.001" classname="Cash Management Unit Test Results PhantomJS 1.9.7 (Windows 8).Item View Controller Standard Methods">
      <failure type="">TypeError: &apos;null&apos; is not an object (evaluating &apos;controller.show&apos;)
    at C:/i21/i21_Inventory/test/view/override/ItemViewControllerTest.js:30
</failure>
    </testcase>
    <testcase name="has a setupContext function" time="0" classname="Cash Management Unit Test Results PhantomJS 1.9.7 (Windows 8).Item View Controller Standard Methods">
      <failure type="">TypeError: &apos;null&apos; is not an object (evaluating &apos;controller.setupContext&apos;)
    at C:/i21/i21_Inventory/test/view/override/ItemViewControllerTest.js:33
</failure>
    </testcase>
    <testcase name="has a setupContext function" time="0" classname="Cash Management Unit Test Results PhantomJS 1.9.7 (Windows 8).Item View Controller Standard Methods">
      <failure type="">TypeError: &apos;null&apos; is not an object (evaluating &apos;controller.config&apos;)
    at C:/i21/i21_Inventory/test/view/override/ItemViewControllerTest.js:36
</failure>
    </testcase>
    <system-out><![CDATA[
]]></system-out>
    <system-err/>
  </testsuite>
</testsuites>
