<?xml version="1.0"?>
<testsuites>
  <testsuite name="PhantomJS 1.9.7 (Windows 8)" package="Cash Management Unit Test Results" timestamp="2014-09-10T06:15:16" id="0" hostname="Whizz" tests="0" errors="1" failures="0" time="0">
    <properties>
      <property name="browser.fullName" value="Mozilla/5.0 (Windows NT 6.2; WOW64) AppleWebKit/534.34 (KHTML, like Gecko) PhantomJS/1.9.7 Safari/534.34"/>
    </properties>
    <system-out><![CDATA[
]]></system-out>
    <system-err/>
  </testsuite>
</testsuites>
