<?xml version="1.0"?>
<testsuite name="PhantomJS 2.1.1 (Windows 8 0.0.0)" package="" timestamp="2018-02-28T05:20:20" id="0" hostname="WendellNUC" tests="2423" errors="0" failures="0" time="0.718">
  <properties>
    <property name="browser.fullName" value="Mozilla/5.0 (Windows NT 6.2; WOW64) AppleWebKit/538.1 (KHTML, like Gecko) PhantomJS/2.1.1 Safari/538.1"/>
  </properties>
  <testcase name="Inventory.model.AdjustItemOwner Ext object should be a valid Ext object" time="0.001" classname="PhantomJS_2_1_1_(Windows_8_0_0_0).Inventory.model.AdjustItemOwner"/>
  <testcase name="Inventory.model.AdjustItemOwner config should exists" time="0.001" classname="PhantomJS_2_1_1_(Windows_8_0_0_0).Inventory.model.AdjustItemOwner"/>
  <testcase name="Inventory.model.AdjustItemOwner config should be derived from iRely.BaseEntity" time="0" classname="PhantomJS_2_1_1_(Windows_8_0_0_0).Inventory.model.AdjustItemOwner"/>
  <testcase name="Inventory.model.AdjustItemOwner config should have an idProperty" time="0" classname="PhantomJS_2_1_1_(Windows_8_0_0_0).Inventory.model.AdjustItemOwner"/>
  <testcase name="Inventory.model.AdjustItemOwner config fields should have the correct fields" time="0.004" classname="PhantomJS_2_1_1_(Windows_8_0_0_0).Inventory.model.AdjustItemOwner"/>
  <testcase name="Inventory.model.AdjustItemOwner config fields should have reference model(s)" time="0.001" classname="PhantomJS_2_1_1_(Windows_8_0_0_0).Inventory.model.AdjustItemOwner"/>
  <testcase name="Inventory.model.AdjustmentDetail Ext object should be a valid Ext object" time="0" classname="PhantomJS_2_1_1_(Windows_8_0_0_0).Inventory.model.AdjustmentDetail"/>
  <testcase name="Inventory.model.AdjustmentDetail config should exists" time="0" classname="PhantomJS_2_1_1_(Windows_8_0_0_0).Inventory.model.AdjustmentDetail"/>
  <testcase name="Inventory.model.AdjustmentDetail config should be derived from iRely.BaseEntity" time="0" classname="PhantomJS_2_1_1_(Windows_8_0_0_0).Inventory.model.AdjustmentDetail"/>
  <testcase name="Inventory.model.AdjustmentDetail config should have an idProperty" time="0" classname="PhantomJS_2_1_1_(Windows_8_0_0_0).Inventory.model.AdjustmentDetail"/>
  <testcase name="Inventory.model.AdjustmentDetail config fields should have the correct fields" time="0.008" classname="PhantomJS_2_1_1_(Windows_8_0_0_0).Inventory.model.AdjustmentDetail"/>
  <testcase name="Inventory.model.AdjustmentDetail config fields should have reference model(s)" time="0" classname="PhantomJS_2_1_1_(Windows_8_0_0_0).Inventory.model.AdjustmentDetail"/>
  <testcase name="Inventory.model.AdjustmentNote Ext object should be a valid Ext object" time="0" classname="PhantomJS_2_1_1_(Windows_8_0_0_0).Inventory.model.AdjustmentNote"/>
  <testcase name="Inventory.model.AdjustmentNote config should exists" time="0" classname="PhantomJS_2_1_1_(Windows_8_0_0_0).Inventory.model.AdjustmentNote"/>
  <testcase name="Inventory.model.AdjustmentNote config should be derived from iRely.BaseEntity" time="0" classname="PhantomJS_2_1_1_(Windows_8_0_0_0).Inventory.model.AdjustmentNote"/>
  <testcase name="Inventory.model.AdjustmentNote config should have an idProperty" time="0" classname="PhantomJS_2_1_1_(Windows_8_0_0_0).Inventory.model.AdjustmentNote"/>
  <testcase name="Inventory.model.AdjustmentNote config fields should have the correct fields" time="0" classname="PhantomJS_2_1_1_(Windows_8_0_0_0).Inventory.model.AdjustmentNote"/>
  <testcase name="Inventory.model.AdjustmentNote config fields should have reference model(s)" time="0" classname="PhantomJS_2_1_1_(Windows_8_0_0_0).Inventory.model.AdjustmentNote"/>
  <testcase name="Inventory.model.Adjustment Ext object should be a valid Ext object" time="0" classname="PhantomJS_2_1_1_(Windows_8_0_0_0).Inventory.model.Adjustment"/>
  <testcase name="Inventory.model.Adjustment config should exists" time="0" classname="PhantomJS_2_1_1_(Windows_8_0_0_0).Inventory.model.Adjustment"/>
  <testcase name="Inventory.model.Adjustment config should be derived from iRely.BaseEntity" time="0" classname="PhantomJS_2_1_1_(Windows_8_0_0_0).Inventory.model.Adjustment"/>
  <testcase name="Inventory.model.Adjustment config should have an idProperty" time="0" classname="PhantomJS_2_1_1_(Windows_8_0_0_0).Inventory.model.Adjustment"/>
  <testcase name="Inventory.model.Adjustment config fields should have the correct fields" time="0.001" classname="PhantomJS_2_1_1_(Windows_8_0_0_0).Inventory.model.Adjustment"/>
  <testcase name="Inventory.model.Adjustment config fields should have reference model(s)" time="0" classname="PhantomJS_2_1_1_(Windows_8_0_0_0).Inventory.model.Adjustment"/>
  <testcase name="Inventory.store.Adjustment Ext object should be a valid Ext object" time="0" classname="PhantomJS_2_1_1_(Windows_8_0_0_0).Inventory.store.Adjustment"/>
  <testcase name="Inventory.store.Adjustment Ext object should have an alias of &quot;store.icadjustment&quot;" time="0" classname="PhantomJS_2_1_1_(Windows_8_0_0_0).Inventory.store.Adjustment"/>
  <testcase name="Inventory.store.Adjustment Ext object config should have a storeId of &quot;Adjustment" time="0" classname="PhantomJS_2_1_1_(Windows_8_0_0_0).Inventory.store.Adjustment"/>
  <testcase name="Inventory.store.Adjustment Ext object config model should exists" time="0" classname="PhantomJS_2_1_1_(Windows_8_0_0_0).Inventory.store.Adjustment"/>
  <testcase name="Inventory.store.Adjustment Ext object config model should have a model named &quot;Inventory.model.Adjustment&quot;" time="0" classname="PhantomJS_2_1_1_(Windows_8_0_0_0).Inventory.store.Adjustment"/>
  <testcase name="Inventory.store.Adjustment Ext object config proxy should have a proxy" time="0" classname="PhantomJS_2_1_1_(Windows_8_0_0_0).Inventory.store.Adjustment"/>
  <testcase name="Inventory.store.Adjustment Ext object config proxy should be of type &quot;rest&quot;" time="0.001" classname="PhantomJS_2_1_1_(Windows_8_0_0_0).Inventory.store.Adjustment"/>
  <testcase name="Inventory.store.Adjustment Ext object config proxy api should have the correct api URIs" time="0" classname="PhantomJS_2_1_1_(Windows_8_0_0_0).Inventory.store.Adjustment"/>
  <testcase name="Inventory.store.Adjustment Ext object config proxy api &quot;create&quot; URI should be &quot;./inventory/api/inventoryadjustment/post&quot;" time="0" classname="PhantomJS_2_1_1_(Windows_8_0_0_0).Inventory.store.Adjustment"/>
  <testcase name="Inventory.store.Adjustment Ext object config proxy api &quot;read&quot; URI should be &quot;./inventory/api/inventoryadjustment/get&quot;" time="0" classname="PhantomJS_2_1_1_(Windows_8_0_0_0).Inventory.store.Adjustment"/>
  <testcase name="Inventory.store.Adjustment Ext object config proxy api &quot;update&quot; URI should be &quot;./inventory/api/inventoryadjustment/put&quot;" time="0" classname="PhantomJS_2_1_1_(Windows_8_0_0_0).Inventory.store.Adjustment"/>
  <testcase name="Inventory.model.Brand Ext object should be a valid Ext object" time="0" classname="PhantomJS_2_1_1_(Windows_8_0_0_0).Inventory.model.Brand"/>
  <testcase name="Inventory.model.Brand config should exists" time="0" classname="PhantomJS_2_1_1_(Windows_8_0_0_0).Inventory.model.Brand"/>
  <testcase name="Inventory.model.Brand config should be derived from iRely.BaseEntity" time="0" classname="PhantomJS_2_1_1_(Windows_8_0_0_0).Inventory.model.Brand"/>
  <testcase name="Inventory.model.Brand config should have an idProperty" time="0" classname="PhantomJS_2_1_1_(Windows_8_0_0_0).Inventory.model.Brand"/>
  <testcase name="Inventory.model.Brand config fields should have the correct fields" time="0.001" classname="PhantomJS_2_1_1_(Windows_8_0_0_0).Inventory.model.Brand"/>
  <testcase name="Inventory.model.Brand config fields should have reference model(s)" time="0" classname="PhantomJS_2_1_1_(Windows_8_0_0_0).Inventory.model.Brand"/>
  <testcase name="Inventory.store.Brand Ext object should be a valid Ext object" time="0" classname="PhantomJS_2_1_1_(Windows_8_0_0_0).Inventory.store.Brand"/>
  <testcase name="Inventory.store.Brand Ext object should have an alias of &quot;store.icbrand&quot;" time="0" classname="PhantomJS_2_1_1_(Windows_8_0_0_0).Inventory.store.Brand"/>
  <testcase name="Inventory.store.Brand Ext object config should have a storeId of &quot;Brand" time="0" classname="PhantomJS_2_1_1_(Windows_8_0_0_0).Inventory.store.Brand"/>
  <testcase name="Inventory.store.Brand Ext object config model should exists" time="0" classname="PhantomJS_2_1_1_(Windows_8_0_0_0).Inventory.store.Brand"/>
  <testcase name="Inventory.store.Brand Ext object config model should have a model named &quot;Inventory.model.Brand&quot;" time="0" classname="PhantomJS_2_1_1_(Windows_8_0_0_0).Inventory.store.Brand"/>
  <testcase name="Inventory.store.Brand Ext object config proxy should have a proxy" time="0.001" classname="PhantomJS_2_1_1_(Windows_8_0_0_0).Inventory.store.Brand"/>
  <testcase name="Inventory.store.Brand Ext object config proxy should be of type &quot;rest&quot;" time="0" classname="PhantomJS_2_1_1_(Windows_8_0_0_0).Inventory.store.Brand"/>
  <testcase name="Inventory.store.Brand Ext object config proxy api should have the correct api URIs" time="0" classname="PhantomJS_2_1_1_(Windows_8_0_0_0).Inventory.store.Brand"/>
  <testcase name="Inventory.store.Brand Ext object config proxy api &quot;create&quot; URI should be &quot;./inventory/api/brand/post&quot;" time="0" classname="PhantomJS_2_1_1_(Windows_8_0_0_0).Inventory.store.Brand"/>
  <testcase name="Inventory.store.Brand Ext object config proxy api &quot;read&quot; URI should be &quot;./inventory/api/brand/get&quot;" time="0" classname="PhantomJS_2_1_1_(Windows_8_0_0_0).Inventory.store.Brand"/>
  <testcase name="Inventory.store.Brand Ext object config proxy api &quot;update&quot; URI should be &quot;./inventory/api/brand/put&quot;" time="0" classname="PhantomJS_2_1_1_(Windows_8_0_0_0).Inventory.store.Brand"/>
  <testcase name="Inventory.view.BrandViewController should exist" time="0" classname="PhantomJS_2_1_1_(Windows_8_0_0_0).Inventory.view.BrandViewController"/>
  <testcase name="Inventory.view.BrandViewController should be derived from Ext.app.ViewController" time="0" classname="PhantomJS_2_1_1_(Windows_8_0_0_0).Inventory.view.BrandViewController"/>
  <testcase name="Inventory.view.BrandViewController should have a config" time="0" classname="PhantomJS_2_1_1_(Windows_8_0_0_0).Inventory.view.BrandViewController"/>
  <testcase name="Inventory.view.BrandViewModel should be a valid view model class." time="0" classname="PhantomJS_2_1_1_(Windows_8_0_0_0).Inventory.view.BrandViewModel">
    <skipped/>
  </testcase>
  <testcase name="Inventory.store.BufferedAssemblyItem Ext object should be a valid Ext object" time="0" classname="PhantomJS_2_1_1_(Windows_8_0_0_0).Inventory.store.BufferedAssemblyItem"/>
  <testcase name="Inventory.store.BufferedAssemblyItem Ext object should have an alias of &quot;store.icbufferedassemblyitem&quot;" time="0" classname="PhantomJS_2_1_1_(Windows_8_0_0_0).Inventory.store.BufferedAssemblyItem"/>
  <testcase name="Inventory.store.BufferedAssemblyItem Ext object config should have a storeId of &quot;BufferedAssemblyItem" time="0" classname="PhantomJS_2_1_1_(Windows_8_0_0_0).Inventory.store.BufferedAssemblyItem"/>
  <testcase name="Inventory.store.BufferedAssemblyItem Ext object config model should exists" time="0" classname="PhantomJS_2_1_1_(Windows_8_0_0_0).Inventory.store.BufferedAssemblyItem"/>
  <testcase name="Inventory.store.BufferedAssemblyItem Ext object config model should have a model named &quot;Inventory.model.CompactItem&quot;" time="0" classname="PhantomJS_2_1_1_(Windows_8_0_0_0).Inventory.store.BufferedAssemblyItem"/>
  <testcase name="Inventory.store.BufferedAssemblyItem Ext object config proxy should have a proxy" time="0" classname="PhantomJS_2_1_1_(Windows_8_0_0_0).Inventory.store.BufferedAssemblyItem"/>
  <testcase name="Inventory.store.BufferedAssemblyItem Ext object config proxy should be of type &quot;rest&quot;" time="0" classname="PhantomJS_2_1_1_(Windows_8_0_0_0).Inventory.store.BufferedAssemblyItem"/>
  <testcase name="Inventory.store.BufferedAssemblyItem Ext object config proxy api should have the correct api URIs" time="0" classname="PhantomJS_2_1_1_(Windows_8_0_0_0).Inventory.store.BufferedAssemblyItem"/>
  <testcase name="Inventory.store.BufferedAssemblyItem Ext object config proxy api &quot;read&quot; URI should be &quot;./inventory/api/item/searchassemblyitems&quot;" time="0" classname="PhantomJS_2_1_1_(Windows_8_0_0_0).Inventory.store.BufferedAssemblyItem"/>
  <testcase name="Inventory.store.BufferedBrand Ext object should be a valid Ext object" time="0" classname="PhantomJS_2_1_1_(Windows_8_0_0_0).Inventory.store.BufferedBrand"/>
  <testcase name="Inventory.store.BufferedBrand Ext object should have an alias of &quot;store.icbufferedbrand&quot;" time="0" classname="PhantomJS_2_1_1_(Windows_8_0_0_0).Inventory.store.BufferedBrand"/>
  <testcase name="Inventory.store.BufferedBrand Ext object config should have a storeId of &quot;BufferedBrand" time="0" classname="PhantomJS_2_1_1_(Windows_8_0_0_0).Inventory.store.BufferedBrand"/>
  <testcase name="Inventory.store.BufferedBrand Ext object config model should exists" time="0" classname="PhantomJS_2_1_1_(Windows_8_0_0_0).Inventory.store.BufferedBrand"/>
  <testcase name="Inventory.store.BufferedBrand Ext object config model should have a model named &quot;Inventory.model.Brand&quot;" time="0" classname="PhantomJS_2_1_1_(Windows_8_0_0_0).Inventory.store.BufferedBrand"/>
  <testcase name="Inventory.store.BufferedBrand Ext object config proxy should have a proxy" time="0" classname="PhantomJS_2_1_1_(Windows_8_0_0_0).Inventory.store.BufferedBrand"/>
  <testcase name="Inventory.store.BufferedBrand Ext object config proxy should be of type &quot;rest&quot;" time="0" classname="PhantomJS_2_1_1_(Windows_8_0_0_0).Inventory.store.BufferedBrand"/>
  <testcase name="Inventory.store.BufferedBrand Ext object config proxy api should have the correct api URIs" time="0" classname="PhantomJS_2_1_1_(Windows_8_0_0_0).Inventory.store.BufferedBrand"/>
  <testcase name="Inventory.store.BufferedBrand Ext object config proxy api &quot;read&quot; URI should be &quot;./inventory/api/brand/search&quot;" time="0" classname="PhantomJS_2_1_1_(Windows_8_0_0_0).Inventory.store.BufferedBrand"/>
  <testcase name="Inventory.store.BufferedBundleComponent Ext object should be a valid Ext object" time="0" classname="PhantomJS_2_1_1_(Windows_8_0_0_0).Inventory.store.BufferedBundleComponent"/>
  <testcase name="Inventory.store.BufferedBundleComponent Ext object should have an alias of &quot;store.icbufferedbundlecomponent&quot;" time="0" classname="PhantomJS_2_1_1_(Windows_8_0_0_0).Inventory.store.BufferedBundleComponent"/>
  <testcase name="Inventory.store.BufferedBundleComponent Ext object config should have a storeId of &quot;BufferedBundleComponent" time="0" classname="PhantomJS_2_1_1_(Windows_8_0_0_0).Inventory.store.BufferedBundleComponent"/>
  <testcase name="Inventory.store.BufferedBundleComponent Ext object config model should exists" time="0" classname="PhantomJS_2_1_1_(Windows_8_0_0_0).Inventory.store.BufferedBundleComponent"/>
  <testcase name="Inventory.store.BufferedBundleComponent Ext object config model should have a model named &quot;Inventory.model.BundleComponent&quot;" time="0" classname="PhantomJS_2_1_1_(Windows_8_0_0_0).Inventory.store.BufferedBundleComponent"/>
  <testcase name="Inventory.store.BufferedBundleComponent Ext object config proxy should have a proxy" time="0" classname="PhantomJS_2_1_1_(Windows_8_0_0_0).Inventory.store.BufferedBundleComponent"/>
  <testcase name="Inventory.store.BufferedBundleComponent Ext object config proxy should be of type &quot;rest&quot;" time="0" classname="PhantomJS_2_1_1_(Windows_8_0_0_0).Inventory.store.BufferedBundleComponent"/>
  <testcase name="Inventory.store.BufferedBundleComponent Ext object config proxy api should have the correct api URIs" time="0" classname="PhantomJS_2_1_1_(Windows_8_0_0_0).Inventory.store.BufferedBundleComponent"/>
  <testcase name="Inventory.store.BufferedBundleComponent Ext object config proxy api &quot;read&quot; URI should be &quot;./inventory/api/item/searchbundlecomponents&quot;" time="0" classname="PhantomJS_2_1_1_(Windows_8_0_0_0).Inventory.store.BufferedBundleComponent"/>
  <testcase name="Inventory.store.BufferedCategoryAccount Ext object should be a valid Ext object" time="0" classname="PhantomJS_2_1_1_(Windows_8_0_0_0).Inventory.store.BufferedCategoryAccount"/>
  <testcase name="Inventory.store.BufferedCategoryAccount Ext object should have an alias of &quot;store.icbufferedcategoryaccount&quot;" time="0.001" classname="PhantomJS_2_1_1_(Windows_8_0_0_0).Inventory.store.BufferedCategoryAccount"/>
  <testcase name="Inventory.store.BufferedCategoryAccount Ext object config should have a storeId of &quot;BufferedCategoryAccount" time="0" classname="PhantomJS_2_1_1_(Windows_8_0_0_0).Inventory.store.BufferedCategoryAccount"/>
  <testcase name="Inventory.store.BufferedCategoryAccount Ext object config model should exists" time="0" classname="PhantomJS_2_1_1_(Windows_8_0_0_0).Inventory.store.BufferedCategoryAccount"/>
  <testcase name="Inventory.store.BufferedCategoryAccount Ext object config model should have a model named &quot;Inventory.model.CategoryAccount&quot;" time="0.001" classname="PhantomJS_2_1_1_(Windows_8_0_0_0).Inventory.store.BufferedCategoryAccount"/>
  <testcase name="Inventory.store.BufferedCategoryAccount Ext object config proxy should have a proxy" time="0" classname="PhantomJS_2_1_1_(Windows_8_0_0_0).Inventory.store.BufferedCategoryAccount"/>
  <testcase name="Inventory.store.BufferedCategoryAccount Ext object config proxy should be of type &quot;rest&quot;" time="0" classname="PhantomJS_2_1_1_(Windows_8_0_0_0).Inventory.store.BufferedCategoryAccount"/>
  <testcase name="Inventory.store.BufferedCategoryAccount Ext object config proxy api should have the correct api URIs" time="0" classname="PhantomJS_2_1_1_(Windows_8_0_0_0).Inventory.store.BufferedCategoryAccount"/>
  <testcase name="Inventory.store.BufferedCategoryAccount Ext object config proxy api &quot;read&quot; URI should be &quot;./inventory/api/categoryaccount/search&quot;" time="0" classname="PhantomJS_2_1_1_(Windows_8_0_0_0).Inventory.store.BufferedCategoryAccount"/>
  <testcase name="Inventory.store.BufferedCategoryLocation Ext object should be a valid Ext object" time="0" classname="PhantomJS_2_1_1_(Windows_8_0_0_0).Inventory.store.BufferedCategoryLocation"/>
  <testcase name="Inventory.store.BufferedCategoryLocation Ext object should have an alias of &quot;store.icbufferedcategorylocation&quot;" time="0" classname="PhantomJS_2_1_1_(Windows_8_0_0_0).Inventory.store.BufferedCategoryLocation"/>
  <testcase name="Inventory.store.BufferedCategoryLocation Ext object config should have a storeId of &quot;BufferedCategoryLocation" time="0" classname="PhantomJS_2_1_1_(Windows_8_0_0_0).Inventory.store.BufferedCategoryLocation"/>
  <testcase name="Inventory.store.BufferedCategoryLocation Ext object config model should exists" time="0" classname="PhantomJS_2_1_1_(Windows_8_0_0_0).Inventory.store.BufferedCategoryLocation"/>
  <testcase name="Inventory.store.BufferedCategoryLocation Ext object config model should have a model named &quot;Inventory.model.CategoryLocation&quot;" time="0" classname="PhantomJS_2_1_1_(Windows_8_0_0_0).Inventory.store.BufferedCategoryLocation"/>
  <testcase name="Inventory.store.BufferedCategoryLocation Ext object config proxy should have a proxy" time="0" classname="PhantomJS_2_1_1_(Windows_8_0_0_0).Inventory.store.BufferedCategoryLocation"/>
  <testcase name="Inventory.store.BufferedCategoryLocation Ext object config proxy should be of type &quot;rest&quot;" time="0" classname="PhantomJS_2_1_1_(Windows_8_0_0_0).Inventory.store.BufferedCategoryLocation"/>
  <testcase name="Inventory.store.BufferedCategoryLocation Ext object config proxy api should have the correct api URIs" time="0" classname="PhantomJS_2_1_1_(Windows_8_0_0_0).Inventory.store.BufferedCategoryLocation"/>
  <testcase name="Inventory.store.BufferedCategoryLocation Ext object config proxy api &quot;read&quot; URI should be &quot;./inventory/api/categorylocation/search&quot;" time="0" classname="PhantomJS_2_1_1_(Windows_8_0_0_0).Inventory.store.BufferedCategoryLocation"/>
  <testcase name="Inventory.store.BufferedCategoryUOM Ext object should be a valid Ext object" time="0" classname="PhantomJS_2_1_1_(Windows_8_0_0_0).Inventory.store.BufferedCategoryUOM"/>
  <testcase name="Inventory.store.BufferedCategoryUOM Ext object should have an alias of &quot;store.icbufferedcategoryuom&quot;" time="0" classname="PhantomJS_2_1_1_(Windows_8_0_0_0).Inventory.store.BufferedCategoryUOM"/>
  <testcase name="Inventory.store.BufferedCategoryUOM Ext object config should have a storeId of &quot;BufferedCategoryUOM" time="0" classname="PhantomJS_2_1_1_(Windows_8_0_0_0).Inventory.store.BufferedCategoryUOM"/>
  <testcase name="Inventory.store.BufferedCategoryUOM Ext object config model should exists" time="0" classname="PhantomJS_2_1_1_(Windows_8_0_0_0).Inventory.store.BufferedCategoryUOM"/>
  <testcase name="Inventory.store.BufferedCategoryUOM Ext object config model should have a model named &quot;Inventory.model.CategoryUOM&quot;" time="0" classname="PhantomJS_2_1_1_(Windows_8_0_0_0).Inventory.store.BufferedCategoryUOM"/>
  <testcase name="Inventory.store.BufferedCategoryUOM Ext object config proxy should have a proxy" time="0" classname="PhantomJS_2_1_1_(Windows_8_0_0_0).Inventory.store.BufferedCategoryUOM"/>
  <testcase name="Inventory.store.BufferedCategoryUOM Ext object config proxy should be of type &quot;rest&quot;" time="0" classname="PhantomJS_2_1_1_(Windows_8_0_0_0).Inventory.store.BufferedCategoryUOM"/>
  <testcase name="Inventory.store.BufferedCategoryUOM Ext object config proxy api should have the correct api URIs" time="0" classname="PhantomJS_2_1_1_(Windows_8_0_0_0).Inventory.store.BufferedCategoryUOM"/>
  <testcase name="Inventory.store.BufferedCategoryUOM Ext object config proxy api &quot;read&quot; URI should be &quot;./inventory/api/categoryuom/search&quot;" time="0" classname="PhantomJS_2_1_1_(Windows_8_0_0_0).Inventory.store.BufferedCategoryUOM"/>
  <testcase name="Inventory.store.BufferedCategoryVendor Ext object should be a valid Ext object" time="0" classname="PhantomJS_2_1_1_(Windows_8_0_0_0).Inventory.store.BufferedCategoryVendor"/>
  <testcase name="Inventory.store.BufferedCategoryVendor Ext object should have an alias of &quot;store.icbufferedcategoryvendor&quot;" time="0" classname="PhantomJS_2_1_1_(Windows_8_0_0_0).Inventory.store.BufferedCategoryVendor"/>
  <testcase name="Inventory.store.BufferedCategoryVendor Ext object config should have a storeId of &quot;BufferedCategoryVendor" time="0" classname="PhantomJS_2_1_1_(Windows_8_0_0_0).Inventory.store.BufferedCategoryVendor"/>
  <testcase name="Inventory.store.BufferedCategoryVendor Ext object config model should exists" time="0" classname="PhantomJS_2_1_1_(Windows_8_0_0_0).Inventory.store.BufferedCategoryVendor"/>
  <testcase name="Inventory.store.BufferedCategoryVendor Ext object config model should have a model named &quot;Inventory.model.CategoryVendor&quot;" time="0" classname="PhantomJS_2_1_1_(Windows_8_0_0_0).Inventory.store.BufferedCategoryVendor"/>
  <testcase name="Inventory.store.BufferedCategoryVendor Ext object config proxy should have a proxy" time="0" classname="PhantomJS_2_1_1_(Windows_8_0_0_0).Inventory.store.BufferedCategoryVendor"/>
  <testcase name="Inventory.store.BufferedCategoryVendor Ext object config proxy should be of type &quot;rest&quot;" time="0.001" classname="PhantomJS_2_1_1_(Windows_8_0_0_0).Inventory.store.BufferedCategoryVendor"/>
  <testcase name="Inventory.store.BufferedCategoryVendor Ext object config proxy api should have the correct api URIs" time="0" classname="PhantomJS_2_1_1_(Windows_8_0_0_0).Inventory.store.BufferedCategoryVendor"/>
  <testcase name="Inventory.store.BufferedCategoryVendor Ext object config proxy api &quot;read&quot; URI should be &quot;./inventory/api/categoryvendor/search&quot;" time="0" classname="PhantomJS_2_1_1_(Windows_8_0_0_0).Inventory.store.BufferedCategoryVendor"/>
  <testcase name="Inventory.store.BufferedCategory Ext object should be a valid Ext object" time="0" classname="PhantomJS_2_1_1_(Windows_8_0_0_0).Inventory.store.BufferedCategory"/>
  <testcase name="Inventory.store.BufferedCategory Ext object should have an alias of &quot;store.icbufferedcategory&quot;" time="0" classname="PhantomJS_2_1_1_(Windows_8_0_0_0).Inventory.store.BufferedCategory"/>
  <testcase name="Inventory.store.BufferedCategory Ext object config should have a storeId of &quot;BufferedCategory" time="0" classname="PhantomJS_2_1_1_(Windows_8_0_0_0).Inventory.store.BufferedCategory"/>
  <testcase name="Inventory.store.BufferedCategory Ext object config model should exists" time="0" classname="PhantomJS_2_1_1_(Windows_8_0_0_0).Inventory.store.BufferedCategory"/>
  <testcase name="Inventory.store.BufferedCategory Ext object config model should have a model named &quot;Inventory.model.Category&quot;" time="0" classname="PhantomJS_2_1_1_(Windows_8_0_0_0).Inventory.store.BufferedCategory"/>
  <testcase name="Inventory.store.BufferedCategory Ext object config proxy should have a proxy" time="0" classname="PhantomJS_2_1_1_(Windows_8_0_0_0).Inventory.store.BufferedCategory"/>
  <testcase name="Inventory.store.BufferedCategory Ext object config proxy should be of type &quot;rest&quot;" time="0" classname="PhantomJS_2_1_1_(Windows_8_0_0_0).Inventory.store.BufferedCategory"/>
  <testcase name="Inventory.store.BufferedCategory Ext object config proxy api should have the correct api URIs" time="0" classname="PhantomJS_2_1_1_(Windows_8_0_0_0).Inventory.store.BufferedCategory"/>
  <testcase name="Inventory.store.BufferedCategory Ext object config proxy api &quot;read&quot; URI should be &quot;./inventory/api/category/search&quot;" time="0" classname="PhantomJS_2_1_1_(Windows_8_0_0_0).Inventory.store.BufferedCategory"/>
  <testcase name="Inventory.store.BufferedCertification Ext object should be a valid Ext object" time="0" classname="PhantomJS_2_1_1_(Windows_8_0_0_0).Inventory.store.BufferedCertification"/>
  <testcase name="Inventory.store.BufferedCertification Ext object should have an alias of &quot;store.icbufferedcertification&quot;" time="0" classname="PhantomJS_2_1_1_(Windows_8_0_0_0).Inventory.store.BufferedCertification"/>
  <testcase name="Inventory.store.BufferedCertification Ext object config should have a storeId of &quot;BufferedCertification" time="0" classname="PhantomJS_2_1_1_(Windows_8_0_0_0).Inventory.store.BufferedCertification"/>
  <testcase name="Inventory.store.BufferedCertification Ext object config model should exists" time="0" classname="PhantomJS_2_1_1_(Windows_8_0_0_0).Inventory.store.BufferedCertification"/>
  <testcase name="Inventory.store.BufferedCertification Ext object config model should have a model named &quot;Inventory.model.Certification&quot;" time="0" classname="PhantomJS_2_1_1_(Windows_8_0_0_0).Inventory.store.BufferedCertification"/>
  <testcase name="Inventory.store.BufferedCertification Ext object config proxy should have a proxy" time="0" classname="PhantomJS_2_1_1_(Windows_8_0_0_0).Inventory.store.BufferedCertification"/>
  <testcase name="Inventory.store.BufferedCertification Ext object config proxy should be of type &quot;rest&quot;" time="0" classname="PhantomJS_2_1_1_(Windows_8_0_0_0).Inventory.store.BufferedCertification"/>
  <testcase name="Inventory.store.BufferedCertification Ext object config proxy api should have the correct api URIs" time="0" classname="PhantomJS_2_1_1_(Windows_8_0_0_0).Inventory.store.BufferedCertification"/>
  <testcase name="Inventory.store.BufferedCertification Ext object config proxy api &quot;read&quot; URI should be &quot;./inventory/api/certification/search&quot;" time="0" classname="PhantomJS_2_1_1_(Windows_8_0_0_0).Inventory.store.BufferedCertification"/>
  <testcase name="Inventory.store.BufferedClassAttribute Ext object should be a valid Ext object" time="0" classname="PhantomJS_2_1_1_(Windows_8_0_0_0).Inventory.store.BufferedClassAttribute"/>
  <testcase name="Inventory.store.BufferedClassAttribute Ext object should have an alias of &quot;store.icbufferedclassattribute&quot;" time="0" classname="PhantomJS_2_1_1_(Windows_8_0_0_0).Inventory.store.BufferedClassAttribute"/>
  <testcase name="Inventory.store.BufferedClassAttribute Ext object config should have a storeId of &quot;BufferedClassAttribute" time="0" classname="PhantomJS_2_1_1_(Windows_8_0_0_0).Inventory.store.BufferedClassAttribute"/>
  <testcase name="Inventory.store.BufferedClassAttribute Ext object config model should exists" time="0" classname="PhantomJS_2_1_1_(Windows_8_0_0_0).Inventory.store.BufferedClassAttribute"/>
  <testcase name="Inventory.store.BufferedClassAttribute Ext object config model should have a model named &quot;Inventory.model.CommodityClass&quot;" time="0" classname="PhantomJS_2_1_1_(Windows_8_0_0_0).Inventory.store.BufferedClassAttribute"/>
  <testcase name="Inventory.store.BufferedClassAttribute Ext object config proxy should have a proxy" time="0" classname="PhantomJS_2_1_1_(Windows_8_0_0_0).Inventory.store.BufferedClassAttribute"/>
  <testcase name="Inventory.store.BufferedClassAttribute Ext object config proxy should be of type &quot;rest&quot;" time="0" classname="PhantomJS_2_1_1_(Windows_8_0_0_0).Inventory.store.BufferedClassAttribute"/>
  <testcase name="Inventory.store.BufferedClassAttribute Ext object config proxy api should have the correct api URIs" time="0" classname="PhantomJS_2_1_1_(Windows_8_0_0_0).Inventory.store.BufferedClassAttribute"/>
  <testcase name="Inventory.store.BufferedClassAttribute Ext object config proxy api &quot;read&quot; URI should be &quot;./inventory/api/commodityattribute/searchclassattributes&quot;" time="0" classname="PhantomJS_2_1_1_(Windows_8_0_0_0).Inventory.store.BufferedClassAttribute"/>
  <testcase name="Inventory.store.BufferedCommodityUnitMeasure Ext object should be a valid Ext object" time="0" classname="PhantomJS_2_1_1_(Windows_8_0_0_0).Inventory.store.BufferedCommodityUnitMeasure"/>
  <testcase name="Inventory.store.BufferedCommodityUnitMeasure Ext object should have an alias of &quot;store.icbufferedcommodityunitmeasure&quot;" time="0" classname="PhantomJS_2_1_1_(Windows_8_0_0_0).Inventory.store.BufferedCommodityUnitMeasure"/>
  <testcase name="Inventory.store.BufferedCommodityUnitMeasure Ext object config should have a storeId of &quot;BufferedCommodityUnitMeasure" time="0" classname="PhantomJS_2_1_1_(Windows_8_0_0_0).Inventory.store.BufferedCommodityUnitMeasure"/>
  <testcase name="Inventory.store.BufferedCommodityUnitMeasure Ext object config model should exists" time="0" classname="PhantomJS_2_1_1_(Windows_8_0_0_0).Inventory.store.BufferedCommodityUnitMeasure"/>
  <testcase name="Inventory.store.BufferedCommodityUnitMeasure Ext object config model should have a model named &quot;Inventory.model.CommodityUnitMeasure&quot;" time="0" classname="PhantomJS_2_1_1_(Windows_8_0_0_0).Inventory.store.BufferedCommodityUnitMeasure"/>
  <testcase name="Inventory.store.BufferedCommodityUnitMeasure Ext object config proxy should have a proxy" time="0" classname="PhantomJS_2_1_1_(Windows_8_0_0_0).Inventory.store.BufferedCommodityUnitMeasure"/>
  <testcase name="Inventory.store.BufferedCommodityUnitMeasure Ext object config proxy should be of type &quot;rest&quot;" time="0" classname="PhantomJS_2_1_1_(Windows_8_0_0_0).Inventory.store.BufferedCommodityUnitMeasure"/>
  <testcase name="Inventory.store.BufferedCommodityUnitMeasure Ext object config proxy api should have the correct api URIs" time="0" classname="PhantomJS_2_1_1_(Windows_8_0_0_0).Inventory.store.BufferedCommodityUnitMeasure"/>
  <testcase name="Inventory.store.BufferedCommodityUnitMeasure Ext object config proxy api &quot;read&quot; URI should be &quot;./inventory/api/commodityuom/search&quot;" time="0" classname="PhantomJS_2_1_1_(Windows_8_0_0_0).Inventory.store.BufferedCommodityUnitMeasure"/>
  <testcase name="Inventory.store.BufferedCommodity Ext object should be a valid Ext object" time="0.001" classname="PhantomJS_2_1_1_(Windows_8_0_0_0).Inventory.store.BufferedCommodity"/>
  <testcase name="Inventory.store.BufferedCommodity Ext object should have an alias of &quot;store.icbufferedcommodity&quot;" time="0" classname="PhantomJS_2_1_1_(Windows_8_0_0_0).Inventory.store.BufferedCommodity"/>
  <testcase name="Inventory.store.BufferedCommodity Ext object config should have a storeId of &quot;BufferedCommodity" time="0" classname="PhantomJS_2_1_1_(Windows_8_0_0_0).Inventory.store.BufferedCommodity"/>
  <testcase name="Inventory.store.BufferedCommodity Ext object config model should exists" time="0" classname="PhantomJS_2_1_1_(Windows_8_0_0_0).Inventory.store.BufferedCommodity"/>
  <testcase name="Inventory.store.BufferedCommodity Ext object config model should have a model named &quot;Inventory.model.CompactCommodity&quot;" time="0" classname="PhantomJS_2_1_1_(Windows_8_0_0_0).Inventory.store.BufferedCommodity"/>
  <testcase name="Inventory.store.BufferedCommodity Ext object config proxy should have a proxy" time="0" classname="PhantomJS_2_1_1_(Windows_8_0_0_0).Inventory.store.BufferedCommodity"/>
  <testcase name="Inventory.store.BufferedCommodity Ext object config proxy should be of type &quot;rest&quot;" time="0" classname="PhantomJS_2_1_1_(Windows_8_0_0_0).Inventory.store.BufferedCommodity"/>
  <testcase name="Inventory.store.BufferedCommodity Ext object config proxy api should have the correct api URIs" time="0" classname="PhantomJS_2_1_1_(Windows_8_0_0_0).Inventory.store.BufferedCommodity"/>
  <testcase name="Inventory.store.BufferedCommodity Ext object config proxy api &quot;read&quot; URI should be &quot;./inventory/api/commodity/search&quot;" time="0" classname="PhantomJS_2_1_1_(Windows_8_0_0_0).Inventory.store.BufferedCommodity"/>
  <testcase name="Inventory.store.BufferedCompactItem Ext object should be a valid Ext object" time="0" classname="PhantomJS_2_1_1_(Windows_8_0_0_0).Inventory.store.BufferedCompactItem"/>
  <testcase name="Inventory.store.BufferedCompactItem Ext object should have an alias of &quot;store.icbufferedcompactitem&quot;" time="0" classname="PhantomJS_2_1_1_(Windows_8_0_0_0).Inventory.store.BufferedCompactItem"/>
  <testcase name="Inventory.store.BufferedCompactItem Ext object config should have a storeId of &quot;BufferedCompactItem" time="0" classname="PhantomJS_2_1_1_(Windows_8_0_0_0).Inventory.store.BufferedCompactItem"/>
  <testcase name="Inventory.store.BufferedCompactItem Ext object config model should exists" time="0" classname="PhantomJS_2_1_1_(Windows_8_0_0_0).Inventory.store.BufferedCompactItem"/>
  <testcase name="Inventory.store.BufferedCompactItem Ext object config model should have a model named &quot;Inventory.model.CompactItem&quot;" time="0" classname="PhantomJS_2_1_1_(Windows_8_0_0_0).Inventory.store.BufferedCompactItem"/>
  <testcase name="Inventory.store.BufferedCompactItem Ext object config proxy should have a proxy" time="0" classname="PhantomJS_2_1_1_(Windows_8_0_0_0).Inventory.store.BufferedCompactItem"/>
  <testcase name="Inventory.store.BufferedCompactItem Ext object config proxy should be of type &quot;rest&quot;" time="0" classname="PhantomJS_2_1_1_(Windows_8_0_0_0).Inventory.store.BufferedCompactItem"/>
  <testcase name="Inventory.store.BufferedCompactItem Ext object config proxy api should have the correct api URIs" time="0" classname="PhantomJS_2_1_1_(Windows_8_0_0_0).Inventory.store.BufferedCompactItem"/>
  <testcase name="Inventory.store.BufferedCompactItem Ext object config proxy api &quot;read&quot; URI should be &quot;./inventory/api/item/searchcompactitems&quot;" time="0" classname="PhantomJS_2_1_1_(Windows_8_0_0_0).Inventory.store.BufferedCompactItem"/>
  <testcase name="Inventory.store.BufferedContainerType Ext object should be a valid Ext object" time="0" classname="PhantomJS_2_1_1_(Windows_8_0_0_0).Inventory.store.BufferedContainerType"/>
  <testcase name="Inventory.store.BufferedContainerType Ext object should have an alias of &quot;store.icbufferedcontainertype&quot;" time="0" classname="PhantomJS_2_1_1_(Windows_8_0_0_0).Inventory.store.BufferedContainerType"/>
  <testcase name="Inventory.store.BufferedContainerType Ext object config should have a storeId of &quot;BufferedContainerType" time="0" classname="PhantomJS_2_1_1_(Windows_8_0_0_0).Inventory.store.BufferedContainerType"/>
  <testcase name="Inventory.store.BufferedContainerType Ext object config model should exists" time="0" classname="PhantomJS_2_1_1_(Windows_8_0_0_0).Inventory.store.BufferedContainerType"/>
  <testcase name="Inventory.store.BufferedContainerType Ext object config model should have a model named &quot;Inventory.model.ContainerType&quot;" time="0" classname="PhantomJS_2_1_1_(Windows_8_0_0_0).Inventory.store.BufferedContainerType"/>
  <testcase name="Inventory.store.BufferedContainerType Ext object config proxy should have a proxy" time="0" classname="PhantomJS_2_1_1_(Windows_8_0_0_0).Inventory.store.BufferedContainerType"/>
  <testcase name="Inventory.store.BufferedContainerType Ext object config proxy should be of type &quot;rest&quot;" time="0" classname="PhantomJS_2_1_1_(Windows_8_0_0_0).Inventory.store.BufferedContainerType"/>
  <testcase name="Inventory.store.BufferedContainerType Ext object config proxy api should have the correct api URIs" time="0" classname="PhantomJS_2_1_1_(Windows_8_0_0_0).Inventory.store.BufferedContainerType"/>
  <testcase name="Inventory.store.BufferedContainerType Ext object config proxy api &quot;read&quot; URI should be &quot;./inventory/api/containertype/search&quot;" time="0" classname="PhantomJS_2_1_1_(Windows_8_0_0_0).Inventory.store.BufferedContainerType"/>
  <testcase name="Inventory.store.BufferedContainer Ext object should be a valid Ext object" time="0" classname="PhantomJS_2_1_1_(Windows_8_0_0_0).Inventory.store.BufferedContainer"/>
  <testcase name="Inventory.store.BufferedContainer Ext object should have an alias of &quot;store.icbufferedcontainer&quot;" time="0" classname="PhantomJS_2_1_1_(Windows_8_0_0_0).Inventory.store.BufferedContainer"/>
  <testcase name="Inventory.store.BufferedContainer Ext object config should have a storeId of &quot;BufferedContainer" time="0" classname="PhantomJS_2_1_1_(Windows_8_0_0_0).Inventory.store.BufferedContainer"/>
  <testcase name="Inventory.store.BufferedContainer Ext object config model should exists" time="0" classname="PhantomJS_2_1_1_(Windows_8_0_0_0).Inventory.store.BufferedContainer"/>
  <testcase name="Inventory.store.BufferedContainer Ext object config model should have a model named &quot;Inventory.model.Container&quot;" time="0.001" classname="PhantomJS_2_1_1_(Windows_8_0_0_0).Inventory.store.BufferedContainer"/>
  <testcase name="Inventory.store.BufferedContainer Ext object config proxy should have a proxy" time="0" classname="PhantomJS_2_1_1_(Windows_8_0_0_0).Inventory.store.BufferedContainer"/>
  <testcase name="Inventory.store.BufferedContainer Ext object config proxy should be of type &quot;rest&quot;" time="0" classname="PhantomJS_2_1_1_(Windows_8_0_0_0).Inventory.store.BufferedContainer"/>
  <testcase name="Inventory.store.BufferedContainer Ext object config proxy api should have the correct api URIs" time="0" classname="PhantomJS_2_1_1_(Windows_8_0_0_0).Inventory.store.BufferedContainer"/>
  <testcase name="Inventory.store.BufferedContainer Ext object config proxy api &quot;read&quot; URI should be &quot;./inventory/api/container/search&quot;" time="0" classname="PhantomJS_2_1_1_(Windows_8_0_0_0).Inventory.store.BufferedContainer"/>
  <testcase name="Inventory.store.BufferedCountGroup Ext object should be a valid Ext object" time="0" classname="PhantomJS_2_1_1_(Windows_8_0_0_0).Inventory.store.BufferedCountGroup"/>
  <testcase name="Inventory.store.BufferedCountGroup Ext object should have an alias of &quot;store.icbufferedcountgroup&quot;" time="0" classname="PhantomJS_2_1_1_(Windows_8_0_0_0).Inventory.store.BufferedCountGroup"/>
  <testcase name="Inventory.store.BufferedCountGroup Ext object config should have a storeId of &quot;BufferedCountGroup" time="0.001" classname="PhantomJS_2_1_1_(Windows_8_0_0_0).Inventory.store.BufferedCountGroup"/>
  <testcase name="Inventory.store.BufferedCountGroup Ext object config model should exists" time="0" classname="PhantomJS_2_1_1_(Windows_8_0_0_0).Inventory.store.BufferedCountGroup"/>
  <testcase name="Inventory.store.BufferedCountGroup Ext object config model should have a model named &quot;Inventory.model.CountGroup&quot;" time="0" classname="PhantomJS_2_1_1_(Windows_8_0_0_0).Inventory.store.BufferedCountGroup"/>
  <testcase name="Inventory.store.BufferedCountGroup Ext object config proxy should have a proxy" time="0" classname="PhantomJS_2_1_1_(Windows_8_0_0_0).Inventory.store.BufferedCountGroup"/>
  <testcase name="Inventory.store.BufferedCountGroup Ext object config proxy should be of type &quot;rest&quot;" time="0" classname="PhantomJS_2_1_1_(Windows_8_0_0_0).Inventory.store.BufferedCountGroup"/>
  <testcase name="Inventory.store.BufferedCountGroup Ext object config proxy api should have the correct api URIs" time="0" classname="PhantomJS_2_1_1_(Windows_8_0_0_0).Inventory.store.BufferedCountGroup"/>
  <testcase name="Inventory.store.BufferedCountGroup Ext object config proxy api &quot;read&quot; URI should be &quot;./inventory/api/countgroup/search&quot;" time="0" classname="PhantomJS_2_1_1_(Windows_8_0_0_0).Inventory.store.BufferedCountGroup"/>
  <testcase name="Inventory.store.BufferedDocument Ext object should be a valid Ext object" time="0" classname="PhantomJS_2_1_1_(Windows_8_0_0_0).Inventory.store.BufferedDocument"/>
  <testcase name="Inventory.store.BufferedDocument Ext object should have an alias of &quot;store.icbuffereddocument&quot;" time="0" classname="PhantomJS_2_1_1_(Windows_8_0_0_0).Inventory.store.BufferedDocument"/>
  <testcase name="Inventory.store.BufferedDocument Ext object config should have a storeId of &quot;BufferedDocument" time="0" classname="PhantomJS_2_1_1_(Windows_8_0_0_0).Inventory.store.BufferedDocument"/>
  <testcase name="Inventory.store.BufferedDocument Ext object config model should exists" time="0" classname="PhantomJS_2_1_1_(Windows_8_0_0_0).Inventory.store.BufferedDocument"/>
  <testcase name="Inventory.store.BufferedDocument Ext object config model should have a model named &quot;Inventory.model.Document&quot;" time="0" classname="PhantomJS_2_1_1_(Windows_8_0_0_0).Inventory.store.BufferedDocument"/>
  <testcase name="Inventory.store.BufferedDocument Ext object config proxy should have a proxy" time="0" classname="PhantomJS_2_1_1_(Windows_8_0_0_0).Inventory.store.BufferedDocument"/>
  <testcase name="Inventory.store.BufferedDocument Ext object config proxy should be of type &quot;rest&quot;" time="0" classname="PhantomJS_2_1_1_(Windows_8_0_0_0).Inventory.store.BufferedDocument"/>
  <testcase name="Inventory.store.BufferedDocument Ext object config proxy api should have the correct api URIs" time="0" classname="PhantomJS_2_1_1_(Windows_8_0_0_0).Inventory.store.BufferedDocument"/>
  <testcase name="Inventory.store.BufferedDocument Ext object config proxy api &quot;read&quot; URI should be &quot;./inventory/api/document/search&quot;" time="0" classname="PhantomJS_2_1_1_(Windows_8_0_0_0).Inventory.store.BufferedDocument"/>
  <testcase name="Inventory.store.BufferedEquipmentLength Ext object should be a valid Ext object" time="0" classname="PhantomJS_2_1_1_(Windows_8_0_0_0).Inventory.store.BufferedEquipmentLength"/>
  <testcase name="Inventory.store.BufferedEquipmentLength Ext object should have an alias of &quot;store.icbufferedequipmentlength&quot;" time="0" classname="PhantomJS_2_1_1_(Windows_8_0_0_0).Inventory.store.BufferedEquipmentLength"/>
  <testcase name="Inventory.store.BufferedEquipmentLength Ext object config should have a storeId of &quot;BufferedEquipmentLength" time="0" classname="PhantomJS_2_1_1_(Windows_8_0_0_0).Inventory.store.BufferedEquipmentLength"/>
  <testcase name="Inventory.store.BufferedEquipmentLength Ext object config model should exists" time="0" classname="PhantomJS_2_1_1_(Windows_8_0_0_0).Inventory.store.BufferedEquipmentLength"/>
  <testcase name="Inventory.store.BufferedEquipmentLength Ext object config model should have a model named &quot;Inventory.model.EquipmentLength&quot;" time="0" classname="PhantomJS_2_1_1_(Windows_8_0_0_0).Inventory.store.BufferedEquipmentLength"/>
  <testcase name="Inventory.store.BufferedEquipmentLength Ext object config proxy should have a proxy" time="0" classname="PhantomJS_2_1_1_(Windows_8_0_0_0).Inventory.store.BufferedEquipmentLength"/>
  <testcase name="Inventory.store.BufferedEquipmentLength Ext object config proxy should be of type &quot;rest&quot;" time="0" classname="PhantomJS_2_1_1_(Windows_8_0_0_0).Inventory.store.BufferedEquipmentLength"/>
  <testcase name="Inventory.store.BufferedEquipmentLength Ext object config proxy api should have the correct api URIs" time="0.001" classname="PhantomJS_2_1_1_(Windows_8_0_0_0).Inventory.store.BufferedEquipmentLength"/>
  <testcase name="Inventory.store.BufferedEquipmentLength Ext object config proxy api &quot;read&quot; URI should be &quot;./inventory/api/equipmentlength/search&quot;" time="0" classname="PhantomJS_2_1_1_(Windows_8_0_0_0).Inventory.store.BufferedEquipmentLength"/>
  <testcase name="Inventory.store.BufferedFeedStockCode Ext object should be a valid Ext object" time="0" classname="PhantomJS_2_1_1_(Windows_8_0_0_0).Inventory.store.BufferedFeedStockCode"/>
  <testcase name="Inventory.store.BufferedFeedStockCode Ext object should have an alias of &quot;store.icbufferedfeedstockcode&quot;" time="0" classname="PhantomJS_2_1_1_(Windows_8_0_0_0).Inventory.store.BufferedFeedStockCode"/>
  <testcase name="Inventory.store.BufferedFeedStockCode Ext object config should have a storeId of &quot;BufferedFeedStockCode" time="0" classname="PhantomJS_2_1_1_(Windows_8_0_0_0).Inventory.store.BufferedFeedStockCode"/>
  <testcase name="Inventory.store.BufferedFeedStockCode Ext object config model should exists" time="0" classname="PhantomJS_2_1_1_(Windows_8_0_0_0).Inventory.store.BufferedFeedStockCode"/>
  <testcase name="Inventory.store.BufferedFeedStockCode Ext object config model should have a model named &quot;Inventory.model.FeedStockCode&quot;" time="0" classname="PhantomJS_2_1_1_(Windows_8_0_0_0).Inventory.store.BufferedFeedStockCode"/>
  <testcase name="Inventory.store.BufferedFeedStockCode Ext object config proxy should have a proxy" time="0" classname="PhantomJS_2_1_1_(Windows_8_0_0_0).Inventory.store.BufferedFeedStockCode"/>
  <testcase name="Inventory.store.BufferedFeedStockCode Ext object config proxy should be of type &quot;rest&quot;" time="0" classname="PhantomJS_2_1_1_(Windows_8_0_0_0).Inventory.store.BufferedFeedStockCode"/>
  <testcase name="Inventory.store.BufferedFeedStockCode Ext object config proxy api should have the correct api URIs" time="0.001" classname="PhantomJS_2_1_1_(Windows_8_0_0_0).Inventory.store.BufferedFeedStockCode"/>
  <testcase name="Inventory.store.BufferedFeedStockCode Ext object config proxy api &quot;read&quot; URI should be &quot;./inventory/api/feedstock/search&quot;" time="0" classname="PhantomJS_2_1_1_(Windows_8_0_0_0).Inventory.store.BufferedFeedStockCode"/>
  <testcase name="Inventory.store.BufferedFeedStockUom Ext object should be a valid Ext object" time="0" classname="PhantomJS_2_1_1_(Windows_8_0_0_0).Inventory.store.BufferedFeedStockUom"/>
  <testcase name="Inventory.store.BufferedFeedStockUom Ext object should have an alias of &quot;store.icbufferedfeedstockuom&quot;" time="0.001" classname="PhantomJS_2_1_1_(Windows_8_0_0_0).Inventory.store.BufferedFeedStockUom"/>
  <testcase name="Inventory.store.BufferedFeedStockUom Ext object config should have a storeId of &quot;BufferedFeedStockUom" time="0" classname="PhantomJS_2_1_1_(Windows_8_0_0_0).Inventory.store.BufferedFeedStockUom"/>
  <testcase name="Inventory.store.BufferedFeedStockUom Ext object config model should exists" time="0" classname="PhantomJS_2_1_1_(Windows_8_0_0_0).Inventory.store.BufferedFeedStockUom"/>
  <testcase name="Inventory.store.BufferedFeedStockUom Ext object config model should have a model named &quot;Inventory.model.FeedStockUom&quot;" time="0.001" classname="PhantomJS_2_1_1_(Windows_8_0_0_0).Inventory.store.BufferedFeedStockUom"/>
  <testcase name="Inventory.store.BufferedFeedStockUom Ext object config proxy should have a proxy" time="0" classname="PhantomJS_2_1_1_(Windows_8_0_0_0).Inventory.store.BufferedFeedStockUom"/>
  <testcase name="Inventory.store.BufferedFeedStockUom Ext object config proxy should be of type &quot;rest&quot;" time="0" classname="PhantomJS_2_1_1_(Windows_8_0_0_0).Inventory.store.BufferedFeedStockUom"/>
  <testcase name="Inventory.store.BufferedFeedStockUom Ext object config proxy api should have the correct api URIs" time="0.001" classname="PhantomJS_2_1_1_(Windows_8_0_0_0).Inventory.store.BufferedFeedStockUom"/>
  <testcase name="Inventory.store.BufferedFeedStockUom Ext object config proxy api &quot;read&quot; URI should be &quot;./inventory/api/feedstockuom/search&quot;" time="0" classname="PhantomJS_2_1_1_(Windows_8_0_0_0).Inventory.store.BufferedFeedStockUom"/>
  <testcase name="Inventory.store.BufferedFuelCategory Ext object should be a valid Ext object" time="0" classname="PhantomJS_2_1_1_(Windows_8_0_0_0).Inventory.store.BufferedFuelCategory"/>
  <testcase name="Inventory.store.BufferedFuelCategory Ext object should have an alias of &quot;store.icbufferedfuelcategory&quot;" time="0" classname="PhantomJS_2_1_1_(Windows_8_0_0_0).Inventory.store.BufferedFuelCategory"/>
  <testcase name="Inventory.store.BufferedFuelCategory Ext object config should have a storeId of &quot;BufferedFuelCategory" time="0" classname="PhantomJS_2_1_1_(Windows_8_0_0_0).Inventory.store.BufferedFuelCategory"/>
  <testcase name="Inventory.store.BufferedFuelCategory Ext object config model should exists" time="0" classname="PhantomJS_2_1_1_(Windows_8_0_0_0).Inventory.store.BufferedFuelCategory"/>
  <testcase name="Inventory.store.BufferedFuelCategory Ext object config model should have a model named &quot;Inventory.model.FuelCategory&quot;" time="0" classname="PhantomJS_2_1_1_(Windows_8_0_0_0).Inventory.store.BufferedFuelCategory"/>
  <testcase name="Inventory.store.BufferedFuelCategory Ext object config proxy should have a proxy" time="0" classname="PhantomJS_2_1_1_(Windows_8_0_0_0).Inventory.store.BufferedFuelCategory"/>
  <testcase name="Inventory.store.BufferedFuelCategory Ext object config proxy should be of type &quot;rest&quot;" time="0" classname="PhantomJS_2_1_1_(Windows_8_0_0_0).Inventory.store.BufferedFuelCategory"/>
  <testcase name="Inventory.store.BufferedFuelCategory Ext object config proxy api should have the correct api URIs" time="0" classname="PhantomJS_2_1_1_(Windows_8_0_0_0).Inventory.store.BufferedFuelCategory"/>
  <testcase name="Inventory.store.BufferedFuelCategory Ext object config proxy api &quot;read&quot; URI should be &quot;./inventory/api/fuelcategory/search&quot;" time="0.001" classname="PhantomJS_2_1_1_(Windows_8_0_0_0).Inventory.store.BufferedFuelCategory"/>
  <testcase name="Inventory.store.BufferedFuelCode Ext object should be a valid Ext object" time="0" classname="PhantomJS_2_1_1_(Windows_8_0_0_0).Inventory.store.BufferedFuelCode"/>
  <testcase name="Inventory.store.BufferedFuelCode Ext object should have an alias of &quot;store.icbufferedfuelcode&quot;" time="0" classname="PhantomJS_2_1_1_(Windows_8_0_0_0).Inventory.store.BufferedFuelCode"/>
  <testcase name="Inventory.store.BufferedFuelCode Ext object config should have a storeId of &quot;BufferedFuelCode" time="0.001" classname="PhantomJS_2_1_1_(Windows_8_0_0_0).Inventory.store.BufferedFuelCode"/>
  <testcase name="Inventory.store.BufferedFuelCode Ext object config model should exists" time="0" classname="PhantomJS_2_1_1_(Windows_8_0_0_0).Inventory.store.BufferedFuelCode"/>
  <testcase name="Inventory.store.BufferedFuelCode Ext object config model should have a model named &quot;Inventory.model.FuelCode&quot;" time="0" classname="PhantomJS_2_1_1_(Windows_8_0_0_0).Inventory.store.BufferedFuelCode"/>
  <testcase name="Inventory.store.BufferedFuelCode Ext object config proxy should have a proxy" time="0.001" classname="PhantomJS_2_1_1_(Windows_8_0_0_0).Inventory.store.BufferedFuelCode"/>
  <testcase name="Inventory.store.BufferedFuelCode Ext object config proxy should be of type &quot;rest&quot;" time="0" classname="PhantomJS_2_1_1_(Windows_8_0_0_0).Inventory.store.BufferedFuelCode"/>
  <testcase name="Inventory.store.BufferedFuelCode Ext object config proxy api should have the correct api URIs" time="0" classname="PhantomJS_2_1_1_(Windows_8_0_0_0).Inventory.store.BufferedFuelCode"/>
  <testcase name="Inventory.store.BufferedFuelCode Ext object config proxy api &quot;read&quot; URI should be &quot;./inventory/api/fuelcode/search&quot;" time="0" classname="PhantomJS_2_1_1_(Windows_8_0_0_0).Inventory.store.BufferedFuelCode"/>
  <testcase name="Inventory.store.BufferedFuelTaxClass Ext object should be a valid Ext object" time="0" classname="PhantomJS_2_1_1_(Windows_8_0_0_0).Inventory.store.BufferedFuelTaxClass"/>
  <testcase name="Inventory.store.BufferedFuelTaxClass Ext object should have an alias of &quot;store.icbufferedfueltaxclass&quot;" time="0" classname="PhantomJS_2_1_1_(Windows_8_0_0_0).Inventory.store.BufferedFuelTaxClass"/>
  <testcase name="Inventory.store.BufferedFuelTaxClass Ext object config should have a storeId of &quot;BufferedFuelTaxClass" time="0" classname="PhantomJS_2_1_1_(Windows_8_0_0_0).Inventory.store.BufferedFuelTaxClass"/>
  <testcase name="Inventory.store.BufferedFuelTaxClass Ext object config model should exists" time="0" classname="PhantomJS_2_1_1_(Windows_8_0_0_0).Inventory.store.BufferedFuelTaxClass"/>
  <testcase name="Inventory.store.BufferedFuelTaxClass Ext object config model should have a model named &quot;Inventory.model.FuelTaxClass&quot;" time="0" classname="PhantomJS_2_1_1_(Windows_8_0_0_0).Inventory.store.BufferedFuelTaxClass"/>
  <testcase name="Inventory.store.BufferedFuelTaxClass Ext object config proxy should have a proxy" time="0" classname="PhantomJS_2_1_1_(Windows_8_0_0_0).Inventory.store.BufferedFuelTaxClass"/>
  <testcase name="Inventory.store.BufferedFuelTaxClass Ext object config proxy should be of type &quot;rest&quot;" time="0" classname="PhantomJS_2_1_1_(Windows_8_0_0_0).Inventory.store.BufferedFuelTaxClass"/>
  <testcase name="Inventory.store.BufferedFuelTaxClass Ext object config proxy api should have the correct api URIs" time="0" classname="PhantomJS_2_1_1_(Windows_8_0_0_0).Inventory.store.BufferedFuelTaxClass"/>
  <testcase name="Inventory.store.BufferedFuelTaxClass Ext object config proxy api &quot;read&quot; URI should be &quot;./inventory/api/fueltaxclass/search&quot;" time="0" classname="PhantomJS_2_1_1_(Windows_8_0_0_0).Inventory.store.BufferedFuelTaxClass"/>
  <testcase name="Inventory.store.BufferedFuelType Ext object should be a valid Ext object" time="0" classname="PhantomJS_2_1_1_(Windows_8_0_0_0).Inventory.store.BufferedFuelType"/>
  <testcase name="Inventory.store.BufferedFuelType Ext object should have an alias of &quot;store.icbufferedfueltype&quot;" time="0" classname="PhantomJS_2_1_1_(Windows_8_0_0_0).Inventory.store.BufferedFuelType"/>
  <testcase name="Inventory.store.BufferedFuelType Ext object config should have a storeId of &quot;BufferedFuelType" time="0" classname="PhantomJS_2_1_1_(Windows_8_0_0_0).Inventory.store.BufferedFuelType"/>
  <testcase name="Inventory.store.BufferedFuelType Ext object config model should exists" time="0" classname="PhantomJS_2_1_1_(Windows_8_0_0_0).Inventory.store.BufferedFuelType"/>
  <testcase name="Inventory.store.BufferedFuelType Ext object config model should have a model named &quot;Inventory.model.FuelType&quot;" time="0" classname="PhantomJS_2_1_1_(Windows_8_0_0_0).Inventory.store.BufferedFuelType"/>
  <testcase name="Inventory.store.BufferedFuelType Ext object config proxy should have a proxy" time="0" classname="PhantomJS_2_1_1_(Windows_8_0_0_0).Inventory.store.BufferedFuelType"/>
  <testcase name="Inventory.store.BufferedFuelType Ext object config proxy should be of type &quot;rest&quot;" time="0" classname="PhantomJS_2_1_1_(Windows_8_0_0_0).Inventory.store.BufferedFuelType"/>
  <testcase name="Inventory.store.BufferedFuelType Ext object config proxy api should have the correct api URIs" time="0" classname="PhantomJS_2_1_1_(Windows_8_0_0_0).Inventory.store.BufferedFuelType"/>
  <testcase name="Inventory.store.BufferedFuelType Ext object config proxy api &quot;read&quot; URI should be &quot;./inventory/api/fueltype/search&quot;" time="0" classname="PhantomJS_2_1_1_(Windows_8_0_0_0).Inventory.store.BufferedFuelType"/>
  <testcase name="Inventory.store.BufferedGradeAttribute Ext object should be a valid Ext object" time="0" classname="PhantomJS_2_1_1_(Windows_8_0_0_0).Inventory.store.BufferedGradeAttribute"/>
  <testcase name="Inventory.store.BufferedGradeAttribute Ext object should have an alias of &quot;store.icbufferedgradeattribute&quot;" time="0" classname="PhantomJS_2_1_1_(Windows_8_0_0_0).Inventory.store.BufferedGradeAttribute"/>
  <testcase name="Inventory.store.BufferedGradeAttribute Ext object config should have a storeId of &quot;BufferedGradeAttribute" time="0" classname="PhantomJS_2_1_1_(Windows_8_0_0_0).Inventory.store.BufferedGradeAttribute"/>
  <testcase name="Inventory.store.BufferedGradeAttribute Ext object config model should exists" time="0" classname="PhantomJS_2_1_1_(Windows_8_0_0_0).Inventory.store.BufferedGradeAttribute"/>
  <testcase name="Inventory.store.BufferedGradeAttribute Ext object config model should have a model named &quot;Inventory.model.CommodityGradeView&quot;" time="0" classname="PhantomJS_2_1_1_(Windows_8_0_0_0).Inventory.store.BufferedGradeAttribute"/>
  <testcase name="Inventory.store.BufferedGradeAttribute Ext object config proxy should have a proxy" time="0" classname="PhantomJS_2_1_1_(Windows_8_0_0_0).Inventory.store.BufferedGradeAttribute"/>
  <testcase name="Inventory.store.BufferedGradeAttribute Ext object config proxy should be of type &quot;rest&quot;" time="0" classname="PhantomJS_2_1_1_(Windows_8_0_0_0).Inventory.store.BufferedGradeAttribute"/>
  <testcase name="Inventory.store.BufferedGradeAttribute Ext object config proxy api should have the correct api URIs" time="0" classname="PhantomJS_2_1_1_(Windows_8_0_0_0).Inventory.store.BufferedGradeAttribute"/>
  <testcase name="Inventory.store.BufferedGradeAttribute Ext object config proxy api &quot;read&quot; URI should be &quot;./inventory/api/commodityattribute/searchgradeattributes&quot;" time="0" classname="PhantomJS_2_1_1_(Windows_8_0_0_0).Inventory.store.BufferedGradeAttribute"/>
  <testcase name="Inventory.store.BufferedImportLogDetail Ext object should be a valid Ext object" time="0" classname="PhantomJS_2_1_1_(Windows_8_0_0_0).Inventory.store.BufferedImportLogDetail"/>
  <testcase name="Inventory.store.BufferedImportLogDetail Ext object should have an alias of &quot;store.icbufferedimportlogdetail&quot;" time="0" classname="PhantomJS_2_1_1_(Windows_8_0_0_0).Inventory.store.BufferedImportLogDetail"/>
  <testcase name="Inventory.store.BufferedImportLogDetail Ext object config should have a storeId of &quot;BufferedImportLogDetail" time="0" classname="PhantomJS_2_1_1_(Windows_8_0_0_0).Inventory.store.BufferedImportLogDetail"/>
  <testcase name="Inventory.store.BufferedImportLogDetail Ext object config model should exists" time="0" classname="PhantomJS_2_1_1_(Windows_8_0_0_0).Inventory.store.BufferedImportLogDetail"/>
  <testcase name="Inventory.store.BufferedImportLogDetail Ext object config model should have a model named &quot;Inventory.model.ImportLogDetail&quot;" time="0" classname="PhantomJS_2_1_1_(Windows_8_0_0_0).Inventory.store.BufferedImportLogDetail"/>
  <testcase name="Inventory.store.BufferedImportLogDetail Ext object config proxy should have a proxy" time="0" classname="PhantomJS_2_1_1_(Windows_8_0_0_0).Inventory.store.BufferedImportLogDetail"/>
  <testcase name="Inventory.store.BufferedImportLogDetail Ext object config proxy should be of type &quot;rest&quot;" time="0" classname="PhantomJS_2_1_1_(Windows_8_0_0_0).Inventory.store.BufferedImportLogDetail"/>
  <testcase name="Inventory.store.BufferedImportLogDetail Ext object config proxy api should have the correct api URIs" time="0" classname="PhantomJS_2_1_1_(Windows_8_0_0_0).Inventory.store.BufferedImportLogDetail"/>
  <testcase name="Inventory.store.BufferedImportLogDetail Ext object config proxy api &quot;read&quot; URI should be &quot;./inventory/api/importlogdetail/searchimportlogdetails&quot;" time="0" classname="PhantomJS_2_1_1_(Windows_8_0_0_0).Inventory.store.BufferedImportLogDetail"/>
  <testcase name="Inventory.store.BufferedImportLog Ext object should be a valid Ext object" time="0" classname="PhantomJS_2_1_1_(Windows_8_0_0_0).Inventory.store.BufferedImportLog"/>
  <testcase name="Inventory.store.BufferedImportLog Ext object should have an alias of &quot;store.icbufferedimportlog&quot;" time="0" classname="PhantomJS_2_1_1_(Windows_8_0_0_0).Inventory.store.BufferedImportLog"/>
  <testcase name="Inventory.store.BufferedImportLog Ext object config should have a storeId of &quot;BufferedImportLog" time="0" classname="PhantomJS_2_1_1_(Windows_8_0_0_0).Inventory.store.BufferedImportLog"/>
  <testcase name="Inventory.store.BufferedImportLog Ext object config model should exists" time="0" classname="PhantomJS_2_1_1_(Windows_8_0_0_0).Inventory.store.BufferedImportLog"/>
  <testcase name="Inventory.store.BufferedImportLog Ext object config model should have a model named &quot;Inventory.model.ImportLog&quot;" time="0" classname="PhantomJS_2_1_1_(Windows_8_0_0_0).Inventory.store.BufferedImportLog"/>
  <testcase name="Inventory.store.BufferedImportLog Ext object config proxy should have a proxy" time="0" classname="PhantomJS_2_1_1_(Windows_8_0_0_0).Inventory.store.BufferedImportLog"/>
  <testcase name="Inventory.store.BufferedImportLog Ext object config proxy should be of type &quot;rest&quot;" time="0" classname="PhantomJS_2_1_1_(Windows_8_0_0_0).Inventory.store.BufferedImportLog"/>
  <testcase name="Inventory.store.BufferedImportLog Ext object config proxy api should have the correct api URIs" time="0" classname="PhantomJS_2_1_1_(Windows_8_0_0_0).Inventory.store.BufferedImportLog"/>
  <testcase name="Inventory.store.BufferedImportLog Ext object config proxy api &quot;read&quot; URI should be &quot;./inventory/api/importlog/searchimportlogs&quot;" time="0" classname="PhantomJS_2_1_1_(Windows_8_0_0_0).Inventory.store.BufferedImportLog"/>
  <testcase name="Inventory.store.BufferedInventoryCountDetail Ext object should be a valid Ext object" time="0" classname="PhantomJS_2_1_1_(Windows_8_0_0_0).Inventory.store.BufferedInventoryCountDetail"/>
  <testcase name="Inventory.store.BufferedInventoryCountDetail Ext object should have an alias of &quot;store.icbufferedinventorycountdetail&quot;" time="0" classname="PhantomJS_2_1_1_(Windows_8_0_0_0).Inventory.store.BufferedInventoryCountDetail"/>
  <testcase name="Inventory.store.BufferedInventoryCountDetail Ext object config should have a storeId of &quot;BufferedInventoryCountDetail" time="0.001" classname="PhantomJS_2_1_1_(Windows_8_0_0_0).Inventory.store.BufferedInventoryCountDetail"/>
  <testcase name="Inventory.store.BufferedInventoryCountDetail Ext object config model should exists" time="0" classname="PhantomJS_2_1_1_(Windows_8_0_0_0).Inventory.store.BufferedInventoryCountDetail"/>
  <testcase name="Inventory.store.BufferedInventoryCountDetail Ext object config model should have a model named &quot;Inventory.model.InventoryCountDetail&quot;" time="0" classname="PhantomJS_2_1_1_(Windows_8_0_0_0).Inventory.store.BufferedInventoryCountDetail"/>
  <testcase name="Inventory.store.BufferedInventoryCountDetail Ext object config proxy should have a proxy" time="0" classname="PhantomJS_2_1_1_(Windows_8_0_0_0).Inventory.store.BufferedInventoryCountDetail"/>
  <testcase name="Inventory.store.BufferedInventoryCountDetail Ext object config proxy should be of type &quot;rest&quot;" time="0" classname="PhantomJS_2_1_1_(Windows_8_0_0_0).Inventory.store.BufferedInventoryCountDetail"/>
  <testcase name="Inventory.store.BufferedInventoryCountDetail Ext object config proxy api should have the correct api URIs" time="0" classname="PhantomJS_2_1_1_(Windows_8_0_0_0).Inventory.store.BufferedInventoryCountDetail"/>
  <testcase name="Inventory.store.BufferedInventoryCountDetail Ext object config proxy api &quot;create&quot; URI should be &quot;./inventory/api/inventorycountdetail/post&quot;" time="0" classname="PhantomJS_2_1_1_(Windows_8_0_0_0).Inventory.store.BufferedInventoryCountDetail"/>
  <testcase name="Inventory.store.BufferedInventoryCountDetail Ext object config proxy api &quot;read&quot; URI should be &quot;./inventory/api/inventorycount/getinventorycountdetails&quot;" time="0" classname="PhantomJS_2_1_1_(Windows_8_0_0_0).Inventory.store.BufferedInventoryCountDetail"/>
  <testcase name="Inventory.store.BufferedInventoryCountDetail Ext object config proxy api &quot;update&quot; URI should be &quot;./inventory/api/inventorycountdetail/updatedetail&quot;" time="0" classname="PhantomJS_2_1_1_(Windows_8_0_0_0).Inventory.store.BufferedInventoryCountDetail"/>
  <testcase name="Inventory.store.BufferedInventoryCountStockItem Ext object should be a valid Ext object" time="0" classname="PhantomJS_2_1_1_(Windows_8_0_0_0).Inventory.store.BufferedInventoryCountStockItem"/>
  <testcase name="Inventory.store.BufferedInventoryCountStockItem Ext object should have an alias of &quot;store.icbufferedinventorycountstockitem&quot;" time="0" classname="PhantomJS_2_1_1_(Windows_8_0_0_0).Inventory.store.BufferedInventoryCountStockItem"/>
  <testcase name="Inventory.store.BufferedInventoryCountStockItem Ext object config should have a storeId of &quot;InventoryCountStockItem" time="0" classname="PhantomJS_2_1_1_(Windows_8_0_0_0).Inventory.store.BufferedInventoryCountStockItem"/>
  <testcase name="Inventory.store.BufferedInventoryCountStockItem Ext object config model should exists" time="0" classname="PhantomJS_2_1_1_(Windows_8_0_0_0).Inventory.store.BufferedInventoryCountStockItem"/>
  <testcase name="Inventory.store.BufferedInventoryCountStockItem Ext object config model should have a model named &quot;Inventory.model.InventoryCountStockItem&quot;" time="0" classname="PhantomJS_2_1_1_(Windows_8_0_0_0).Inventory.store.BufferedInventoryCountStockItem"/>
  <testcase name="Inventory.store.BufferedInventoryCountStockItem Ext object config proxy should have a proxy" time="0" classname="PhantomJS_2_1_1_(Windows_8_0_0_0).Inventory.store.BufferedInventoryCountStockItem"/>
  <testcase name="Inventory.store.BufferedInventoryCountStockItem Ext object config proxy should be of type &quot;rest&quot;" time="0" classname="PhantomJS_2_1_1_(Windows_8_0_0_0).Inventory.store.BufferedInventoryCountStockItem"/>
  <testcase name="Inventory.store.BufferedInventoryCountStockItem Ext object config proxy api should have the correct api URIs" time="0" classname="PhantomJS_2_1_1_(Windows_8_0_0_0).Inventory.store.BufferedInventoryCountStockItem"/>
  <testcase name="Inventory.store.BufferedInventoryCountStockItem Ext object config proxy api &quot;read&quot; URI should be &quot;./inventory/api/itemstock/getinventorycountitemstocklookup&quot;" time="0" classname="PhantomJS_2_1_1_(Windows_8_0_0_0).Inventory.store.BufferedInventoryCountStockItem"/>
  <testcase name="Inventory.store.BufferedInventoryTag Ext object should be a valid Ext object" time="0" classname="PhantomJS_2_1_1_(Windows_8_0_0_0).Inventory.store.BufferedInventoryTag"/>
  <testcase name="Inventory.store.BufferedInventoryTag Ext object should have an alias of &quot;store.icbufferedtag&quot;" time="0" classname="PhantomJS_2_1_1_(Windows_8_0_0_0).Inventory.store.BufferedInventoryTag"/>
  <testcase name="Inventory.store.BufferedInventoryTag Ext object config should have a storeId of &quot;BufferedTag" time="0" classname="PhantomJS_2_1_1_(Windows_8_0_0_0).Inventory.store.BufferedInventoryTag"/>
  <testcase name="Inventory.store.BufferedInventoryTag Ext object config model should exists" time="0" classname="PhantomJS_2_1_1_(Windows_8_0_0_0).Inventory.store.BufferedInventoryTag"/>
  <testcase name="Inventory.store.BufferedInventoryTag Ext object config model should have a model named &quot;Inventory.model.InventoryTag&quot;" time="0" classname="PhantomJS_2_1_1_(Windows_8_0_0_0).Inventory.store.BufferedInventoryTag"/>
  <testcase name="Inventory.store.BufferedInventoryTag Ext object config proxy should have a proxy" time="0" classname="PhantomJS_2_1_1_(Windows_8_0_0_0).Inventory.store.BufferedInventoryTag"/>
  <testcase name="Inventory.store.BufferedInventoryTag Ext object config proxy should be of type &quot;rest&quot;" time="0" classname="PhantomJS_2_1_1_(Windows_8_0_0_0).Inventory.store.BufferedInventoryTag"/>
  <testcase name="Inventory.store.BufferedInventoryTag Ext object config proxy api should have the correct api URIs" time="0" classname="PhantomJS_2_1_1_(Windows_8_0_0_0).Inventory.store.BufferedInventoryTag"/>
  <testcase name="Inventory.store.BufferedInventoryTag Ext object config proxy api &quot;read&quot; URI should be &quot;./inventory/api/tag/search&quot;" time="0" classname="PhantomJS_2_1_1_(Windows_8_0_0_0).Inventory.store.BufferedInventoryTag"/>
  <testcase name="Inventory.store.BufferedInventoryValuation Ext object should be a valid Ext object" time="0" classname="PhantomJS_2_1_1_(Windows_8_0_0_0).Inventory.store.BufferedInventoryValuation"/>
  <testcase name="Inventory.store.BufferedInventoryValuation Ext object should have an alias of &quot;store.icbufferedinventoryvaluation&quot;" time="0" classname="PhantomJS_2_1_1_(Windows_8_0_0_0).Inventory.store.BufferedInventoryValuation"/>
  <testcase name="Inventory.store.BufferedInventoryValuation Ext object config should have a storeId of &quot;BufferedInventoryValuation" time="0" classname="PhantomJS_2_1_1_(Windows_8_0_0_0).Inventory.store.BufferedInventoryValuation"/>
  <testcase name="Inventory.store.BufferedInventoryValuation Ext object config model should exists" time="0" classname="PhantomJS_2_1_1_(Windows_8_0_0_0).Inventory.store.BufferedInventoryValuation"/>
  <testcase name="Inventory.store.BufferedInventoryValuation Ext object config model should have a model named &quot;Inventory.model.InventoryValuation&quot;" time="0" classname="PhantomJS_2_1_1_(Windows_8_0_0_0).Inventory.store.BufferedInventoryValuation"/>
  <testcase name="Inventory.store.BufferedInventoryValuation Ext object config proxy should have a proxy" time="0" classname="PhantomJS_2_1_1_(Windows_8_0_0_0).Inventory.store.BufferedInventoryValuation"/>
  <testcase name="Inventory.store.BufferedInventoryValuation Ext object config proxy should be of type &quot;rest&quot;" time="0" classname="PhantomJS_2_1_1_(Windows_8_0_0_0).Inventory.store.BufferedInventoryValuation"/>
  <testcase name="Inventory.store.BufferedInventoryValuation Ext object config proxy api should have the correct api URIs" time="0" classname="PhantomJS_2_1_1_(Windows_8_0_0_0).Inventory.store.BufferedInventoryValuation"/>
  <testcase name="Inventory.store.BufferedInventoryValuation Ext object config proxy api &quot;read&quot; URI should be &quot;./inventory/api/item/searchinventoryvaluation&quot;" time="0" classname="PhantomJS_2_1_1_(Windows_8_0_0_0).Inventory.store.BufferedInventoryValuation"/>
  <testcase name="Inventory.store.BufferedItemAccountView Ext object should be a valid Ext object" time="0" classname="PhantomJS_2_1_1_(Windows_8_0_0_0).Inventory.store.BufferedItemAccountView"/>
  <testcase name="Inventory.store.BufferedItemAccountView Ext object should have an alias of &quot;store.icbuffereditemaccountview&quot;" time="0" classname="PhantomJS_2_1_1_(Windows_8_0_0_0).Inventory.store.BufferedItemAccountView"/>
  <testcase name="Inventory.store.BufferedItemAccountView Ext object config should have a storeId of &quot;BufferedItemAccountView" time="0" classname="PhantomJS_2_1_1_(Windows_8_0_0_0).Inventory.store.BufferedItemAccountView"/>
  <testcase name="Inventory.store.BufferedItemAccountView Ext object config model should exists" time="0" classname="PhantomJS_2_1_1_(Windows_8_0_0_0).Inventory.store.BufferedItemAccountView"/>
  <testcase name="Inventory.store.BufferedItemAccountView Ext object config model should have a model named &quot;Inventory.model.ItemAccountView&quot;" time="0" classname="PhantomJS_2_1_1_(Windows_8_0_0_0).Inventory.store.BufferedItemAccountView"/>
  <testcase name="Inventory.store.BufferedItemAccountView Ext object config proxy should have a proxy" time="0" classname="PhantomJS_2_1_1_(Windows_8_0_0_0).Inventory.store.BufferedItemAccountView"/>
  <testcase name="Inventory.store.BufferedItemAccountView Ext object config proxy should be of type &quot;rest&quot;" time="0" classname="PhantomJS_2_1_1_(Windows_8_0_0_0).Inventory.store.BufferedItemAccountView"/>
  <testcase name="Inventory.store.BufferedItemAccountView Ext object config proxy api should have the correct api URIs" time="0" classname="PhantomJS_2_1_1_(Windows_8_0_0_0).Inventory.store.BufferedItemAccountView"/>
  <testcase name="Inventory.store.BufferedItemAccountView Ext object config proxy api &quot;read&quot; URI should be &quot;./inventory/api/item/searchitemaccounts&quot;" time="0" classname="PhantomJS_2_1_1_(Windows_8_0_0_0).Inventory.store.BufferedItemAccountView"/>
  <testcase name="Inventory.store.BufferedItemCommodity Ext object should be a valid Ext object" time="0" classname="PhantomJS_2_1_1_(Windows_8_0_0_0).Inventory.store.BufferedItemCommodity"/>
  <testcase name="Inventory.store.BufferedItemCommodity Ext object should have an alias of &quot;store.icbuffereditemcommodity&quot;" time="0" classname="PhantomJS_2_1_1_(Windows_8_0_0_0).Inventory.store.BufferedItemCommodity"/>
  <testcase name="Inventory.store.BufferedItemCommodity Ext object config should have a storeId of &quot;BufferedItemCommodity" time="0" classname="PhantomJS_2_1_1_(Windows_8_0_0_0).Inventory.store.BufferedItemCommodity"/>
  <testcase name="Inventory.store.BufferedItemCommodity Ext object config model should exists" time="0" classname="PhantomJS_2_1_1_(Windows_8_0_0_0).Inventory.store.BufferedItemCommodity"/>
  <testcase name="Inventory.store.BufferedItemCommodity Ext object config model should have a model named &quot;Inventory.model.CompactItem&quot;" time="0" classname="PhantomJS_2_1_1_(Windows_8_0_0_0).Inventory.store.BufferedItemCommodity"/>
  <testcase name="Inventory.store.BufferedItemCommodity Ext object config proxy should have a proxy" time="0" classname="PhantomJS_2_1_1_(Windows_8_0_0_0).Inventory.store.BufferedItemCommodity"/>
  <testcase name="Inventory.store.BufferedItemCommodity Ext object config proxy should be of type &quot;rest&quot;" time="0" classname="PhantomJS_2_1_1_(Windows_8_0_0_0).Inventory.store.BufferedItemCommodity"/>
  <testcase name="Inventory.store.BufferedItemCommodity Ext object config proxy api should have the correct api URIs" time="0" classname="PhantomJS_2_1_1_(Windows_8_0_0_0).Inventory.store.BufferedItemCommodity"/>
  <testcase name="Inventory.store.BufferedItemCommodity Ext object config proxy api &quot;read&quot; URI should be &quot;./inventory/api/item/searchitemcommodities&quot;" time="0" classname="PhantomJS_2_1_1_(Windows_8_0_0_0).Inventory.store.BufferedItemCommodity"/>
  <testcase name="Inventory.store.BufferedItemFactoryManufacturingCell Ext object should be a valid Ext object" time="0" classname="PhantomJS_2_1_1_(Windows_8_0_0_0).Inventory.store.BufferedItemFactoryManufacturingCell"/>
  <testcase name="Inventory.store.BufferedItemFactoryManufacturingCell Ext object should have an alias of &quot;store.icbuffereditemfactorymanufacturingcell&quot;" time="0" classname="PhantomJS_2_1_1_(Windows_8_0_0_0).Inventory.store.BufferedItemFactoryManufacturingCell"/>
  <testcase name="Inventory.store.BufferedItemFactoryManufacturingCell Ext object config should have a storeId of &quot;BufferedItemFactoryManufacturingCell" time="0" classname="PhantomJS_2_1_1_(Windows_8_0_0_0).Inventory.store.BufferedItemFactoryManufacturingCell"/>
  <testcase name="Inventory.store.BufferedItemFactoryManufacturingCell Ext object config model should exists" time="0" classname="PhantomJS_2_1_1_(Windows_8_0_0_0).Inventory.store.BufferedItemFactoryManufacturingCell"/>
  <testcase name="Inventory.store.BufferedItemFactoryManufacturingCell Ext object config model should have a model named &quot;Inventory.model.CompactItemFactoryManufacturingCell&quot;" time="0.001" classname="PhantomJS_2_1_1_(Windows_8_0_0_0).Inventory.store.BufferedItemFactoryManufacturingCell"/>
  <testcase name="Inventory.store.BufferedItemFactoryManufacturingCell Ext object config proxy should have a proxy" time="0" classname="PhantomJS_2_1_1_(Windows_8_0_0_0).Inventory.store.BufferedItemFactoryManufacturingCell"/>
  <testcase name="Inventory.store.BufferedItemFactoryManufacturingCell Ext object config proxy should be of type &quot;rest&quot;" time="0.001" classname="PhantomJS_2_1_1_(Windows_8_0_0_0).Inventory.store.BufferedItemFactoryManufacturingCell"/>
  <testcase name="Inventory.store.BufferedItemFactoryManufacturingCell Ext object config proxy api should have the correct api URIs" time="0" classname="PhantomJS_2_1_1_(Windows_8_0_0_0).Inventory.store.BufferedItemFactoryManufacturingCell"/>
  <testcase name="Inventory.store.BufferedItemFactoryManufacturingCell Ext object config proxy api &quot;read&quot; URI should be &quot;./inventory/api/itemfactory/searchitemfactorymanufacturingcells&quot;" time="0" classname="PhantomJS_2_1_1_(Windows_8_0_0_0).Inventory.store.BufferedItemFactoryManufacturingCell"/>
  <testcase name="Inventory.store.BufferedItemFactory Ext object should be a valid Ext object" time="0" classname="PhantomJS_2_1_1_(Windows_8_0_0_0).Inventory.store.BufferedItemFactory"/>
  <testcase name="Inventory.store.BufferedItemFactory Ext object should have an alias of &quot;store.icbuffereditemfactory&quot;" time="0" classname="PhantomJS_2_1_1_(Windows_8_0_0_0).Inventory.store.BufferedItemFactory"/>
  <testcase name="Inventory.store.BufferedItemFactory Ext object config should have a storeId of &quot;BufferedItemFactory" time="0" classname="PhantomJS_2_1_1_(Windows_8_0_0_0).Inventory.store.BufferedItemFactory"/>
  <testcase name="Inventory.store.BufferedItemFactory Ext object config model should exists" time="0" classname="PhantomJS_2_1_1_(Windows_8_0_0_0).Inventory.store.BufferedItemFactory"/>
  <testcase name="Inventory.store.BufferedItemFactory Ext object config model should have a model named &quot;Inventory.model.CompactItemFactory&quot;" time="0" classname="PhantomJS_2_1_1_(Windows_8_0_0_0).Inventory.store.BufferedItemFactory"/>
  <testcase name="Inventory.store.BufferedItemFactory Ext object config proxy should have a proxy" time="0" classname="PhantomJS_2_1_1_(Windows_8_0_0_0).Inventory.store.BufferedItemFactory"/>
  <testcase name="Inventory.store.BufferedItemFactory Ext object config proxy should be of type &quot;rest&quot;" time="0" classname="PhantomJS_2_1_1_(Windows_8_0_0_0).Inventory.store.BufferedItemFactory"/>
  <testcase name="Inventory.store.BufferedItemFactory Ext object config proxy api should have the correct api URIs" time="0" classname="PhantomJS_2_1_1_(Windows_8_0_0_0).Inventory.store.BufferedItemFactory"/>
  <testcase name="Inventory.store.BufferedItemFactory Ext object config proxy api &quot;read&quot; URI should be &quot;./inventory/api/itemfactory/search&quot;" time="0" classname="PhantomJS_2_1_1_(Windows_8_0_0_0).Inventory.store.BufferedItemFactory"/>
  <testcase name="Inventory.store.BufferedItemLocation Ext object should be a valid Ext object" time="0" classname="PhantomJS_2_1_1_(Windows_8_0_0_0).Inventory.store.BufferedItemLocation"/>
  <testcase name="Inventory.store.BufferedItemLocation Ext object should have an alias of &quot;store.icbuffereditemlocation&quot;" time="0" classname="PhantomJS_2_1_1_(Windows_8_0_0_0).Inventory.store.BufferedItemLocation"/>
  <testcase name="Inventory.store.BufferedItemLocation Ext object config should have a storeId of &quot;BufferedItemLocation" time="0" classname="PhantomJS_2_1_1_(Windows_8_0_0_0).Inventory.store.BufferedItemLocation"/>
  <testcase name="Inventory.store.BufferedItemLocation Ext object config model should exists" time="0.001" classname="PhantomJS_2_1_1_(Windows_8_0_0_0).Inventory.store.BufferedItemLocation"/>
  <testcase name="Inventory.store.BufferedItemLocation Ext object config model should have a model named &quot;Inventory.model.ItemLocation&quot;" time="0" classname="PhantomJS_2_1_1_(Windows_8_0_0_0).Inventory.store.BufferedItemLocation"/>
  <testcase name="Inventory.store.BufferedItemLocation Ext object config proxy should have a proxy" time="0" classname="PhantomJS_2_1_1_(Windows_8_0_0_0).Inventory.store.BufferedItemLocation"/>
  <testcase name="Inventory.store.BufferedItemLocation Ext object config proxy should be of type &quot;rest&quot;" time="0" classname="PhantomJS_2_1_1_(Windows_8_0_0_0).Inventory.store.BufferedItemLocation"/>
  <testcase name="Inventory.store.BufferedItemLocation Ext object config proxy api should have the correct api URIs" time="0" classname="PhantomJS_2_1_1_(Windows_8_0_0_0).Inventory.store.BufferedItemLocation"/>
  <testcase name="Inventory.store.BufferedItemLocation Ext object config proxy api &quot;read&quot; URI should be &quot;./inventory/api/itemlocation/search&quot;" time="0" classname="PhantomJS_2_1_1_(Windows_8_0_0_0).Inventory.store.BufferedItemLocation"/>
  <testcase name="Inventory.model.BufferedItemMotorFuelTax Ext object should be a valid Ext object" time="0" classname="PhantomJS_2_1_1_(Windows_8_0_0_0).Inventory.model.BufferedItemMotorFuelTax"/>
  <testcase name="Inventory.model.BufferedItemMotorFuelTax config should exists" time="0" classname="PhantomJS_2_1_1_(Windows_8_0_0_0).Inventory.model.BufferedItemMotorFuelTax"/>
  <testcase name="Inventory.model.BufferedItemMotorFuelTax config should be derived from iRely.BaseEntity" time="0" classname="PhantomJS_2_1_1_(Windows_8_0_0_0).Inventory.model.BufferedItemMotorFuelTax"/>
  <testcase name="Inventory.model.BufferedItemMotorFuelTax config should have an idProperty" time="0" classname="PhantomJS_2_1_1_(Windows_8_0_0_0).Inventory.model.BufferedItemMotorFuelTax"/>
  <testcase name="Inventory.model.BufferedItemMotorFuelTax config fields should have the correct fields" time="0.001" classname="PhantomJS_2_1_1_(Windows_8_0_0_0).Inventory.model.BufferedItemMotorFuelTax"/>
  <testcase name="Inventory.model.BufferedItemMotorFuelTax config fields should have reference model(s)" time="0" classname="PhantomJS_2_1_1_(Windows_8_0_0_0).Inventory.model.BufferedItemMotorFuelTax"/>
  <testcase name="Inventory.store.BufferedItemMotorFuelTax Ext object should be a valid Ext object" time="0" classname="PhantomJS_2_1_1_(Windows_8_0_0_0).Inventory.store.BufferedItemMotorFuelTax"/>
  <testcase name="Inventory.store.BufferedItemMotorFuelTax Ext object should have an alias of &quot;store.icbuffereditemmotorfueltax&quot;" time="0" classname="PhantomJS_2_1_1_(Windows_8_0_0_0).Inventory.store.BufferedItemMotorFuelTax"/>
  <testcase name="Inventory.store.BufferedItemMotorFuelTax Ext object config should have a storeId of &quot;BufferedItemMotorFuelTax" time="0" classname="PhantomJS_2_1_1_(Windows_8_0_0_0).Inventory.store.BufferedItemMotorFuelTax"/>
  <testcase name="Inventory.store.BufferedItemMotorFuelTax Ext object config model should exists" time="0" classname="PhantomJS_2_1_1_(Windows_8_0_0_0).Inventory.store.BufferedItemMotorFuelTax"/>
  <testcase name="Inventory.store.BufferedItemMotorFuelTax Ext object config model should have a model named &quot;Inventory.model.ItemMotorFuelTax&quot;" time="0" classname="PhantomJS_2_1_1_(Windows_8_0_0_0).Inventory.store.BufferedItemMotorFuelTax"/>
  <testcase name="Inventory.store.BufferedItemMotorFuelTax Ext object config proxy should have a proxy" time="0.001" classname="PhantomJS_2_1_1_(Windows_8_0_0_0).Inventory.store.BufferedItemMotorFuelTax"/>
  <testcase name="Inventory.store.BufferedItemMotorFuelTax Ext object config proxy should be of type &quot;rest&quot;" time="0" classname="PhantomJS_2_1_1_(Windows_8_0_0_0).Inventory.store.BufferedItemMotorFuelTax"/>
  <testcase name="Inventory.store.BufferedItemMotorFuelTax Ext object config proxy api should have the correct api URIs" time="0" classname="PhantomJS_2_1_1_(Windows_8_0_0_0).Inventory.store.BufferedItemMotorFuelTax"/>
  <testcase name="Inventory.store.BufferedItemMotorFuelTax Ext object config proxy api &quot;read&quot; URI should be &quot;./inventory/api/item/getitemmotorfueltax&quot;" time="0" classname="PhantomJS_2_1_1_(Windows_8_0_0_0).Inventory.store.BufferedItemMotorFuelTax"/>
  <testcase name="Inventory.store.BufferedItemOwner Ext object should be a valid Ext object" time="0" classname="PhantomJS_2_1_1_(Windows_8_0_0_0).Inventory.store.BufferedItemOwner"/>
  <testcase name="Inventory.store.BufferedItemOwner Ext object should have an alias of &quot;store.icbuffereditemowner&quot;" time="0" classname="PhantomJS_2_1_1_(Windows_8_0_0_0).Inventory.store.BufferedItemOwner"/>
  <testcase name="Inventory.store.BufferedItemOwner Ext object config should have a storeId of &quot;BufferedItemOwner" time="0" classname="PhantomJS_2_1_1_(Windows_8_0_0_0).Inventory.store.BufferedItemOwner"/>
  <testcase name="Inventory.store.BufferedItemOwner Ext object config model should exists" time="0" classname="PhantomJS_2_1_1_(Windows_8_0_0_0).Inventory.store.BufferedItemOwner"/>
  <testcase name="Inventory.store.BufferedItemOwner Ext object config model should have a model named &quot;Inventory.model.AdjustItemOwner&quot;" time="0" classname="PhantomJS_2_1_1_(Windows_8_0_0_0).Inventory.store.BufferedItemOwner"/>
  <testcase name="Inventory.store.BufferedItemOwner Ext object config proxy should have a proxy" time="0" classname="PhantomJS_2_1_1_(Windows_8_0_0_0).Inventory.store.BufferedItemOwner"/>
  <testcase name="Inventory.store.BufferedItemOwner Ext object config proxy should be of type &quot;rest&quot;" time="0" classname="PhantomJS_2_1_1_(Windows_8_0_0_0).Inventory.store.BufferedItemOwner"/>
  <testcase name="Inventory.store.BufferedItemOwner Ext object config proxy api should have the correct api URIs" time="0" classname="PhantomJS_2_1_1_(Windows_8_0_0_0).Inventory.store.BufferedItemOwner"/>
  <testcase name="Inventory.store.BufferedItemOwner Ext object config proxy api &quot;read&quot; URI should be &quot;./inventory/api/item/searchitemowner&quot;" time="0" classname="PhantomJS_2_1_1_(Windows_8_0_0_0).Inventory.store.BufferedItemOwner"/>
  <testcase name="Inventory.store.BufferedItemPricingView Ext object should be a valid Ext object" time="0" classname="PhantomJS_2_1_1_(Windows_8_0_0_0).Inventory.store.BufferedItemPricingView"/>
  <testcase name="Inventory.store.BufferedItemPricingView Ext object should have an alias of &quot;store.icbuffereditempricingview&quot;" time="0" classname="PhantomJS_2_1_1_(Windows_8_0_0_0).Inventory.store.BufferedItemPricingView"/>
  <testcase name="Inventory.store.BufferedItemPricingView Ext object config should have a storeId of &quot;BufferedItemPricingView" time="0" classname="PhantomJS_2_1_1_(Windows_8_0_0_0).Inventory.store.BufferedItemPricingView"/>
  <testcase name="Inventory.store.BufferedItemPricingView Ext object config model should exists" time="0" classname="PhantomJS_2_1_1_(Windows_8_0_0_0).Inventory.store.BufferedItemPricingView"/>
  <testcase name="Inventory.store.BufferedItemPricingView Ext object config model should have a model named &quot;Inventory.model.ItemStockDetailPricing&quot;" time="0" classname="PhantomJS_2_1_1_(Windows_8_0_0_0).Inventory.store.BufferedItemPricingView"/>
  <testcase name="Inventory.store.BufferedItemPricingView Ext object config proxy should have a proxy" time="0" classname="PhantomJS_2_1_1_(Windows_8_0_0_0).Inventory.store.BufferedItemPricingView"/>
  <testcase name="Inventory.store.BufferedItemPricingView Ext object config proxy should be of type &quot;rest&quot;" time="0" classname="PhantomJS_2_1_1_(Windows_8_0_0_0).Inventory.store.BufferedItemPricingView"/>
  <testcase name="Inventory.store.BufferedItemPricingView Ext object config proxy api should have the correct api URIs" time="0" classname="PhantomJS_2_1_1_(Windows_8_0_0_0).Inventory.store.BufferedItemPricingView"/>
  <testcase name="Inventory.store.BufferedItemPricingView Ext object config proxy api &quot;read&quot; URI should be &quot;./inventory/api/itempricing/searchitempricingviews&quot;" time="0" classname="PhantomJS_2_1_1_(Windows_8_0_0_0).Inventory.store.BufferedItemPricingView"/>
  <testcase name="Inventory.store.BufferedItemStockDetailView Ext object should be a valid Ext object" time="0" classname="PhantomJS_2_1_1_(Windows_8_0_0_0).Inventory.store.BufferedItemStockDetailView"/>
  <testcase name="Inventory.store.BufferedItemStockDetailView Ext object should have an alias of &quot;store.icbuffereditemstockdetailview&quot;" time="0" classname="PhantomJS_2_1_1_(Windows_8_0_0_0).Inventory.store.BufferedItemStockDetailView"/>
  <testcase name="Inventory.store.BufferedItemStockDetailView Ext object config should have a storeId of &quot;BufferedItemStockDetailView" time="0" classname="PhantomJS_2_1_1_(Windows_8_0_0_0).Inventory.store.BufferedItemStockDetailView"/>
  <testcase name="Inventory.store.BufferedItemStockDetailView Ext object config model should exists" time="0" classname="PhantomJS_2_1_1_(Windows_8_0_0_0).Inventory.store.BufferedItemStockDetailView"/>
  <testcase name="Inventory.store.BufferedItemStockDetailView Ext object config model should have a model named &quot;Inventory.model.ItemStockDetailView&quot;" time="0" classname="PhantomJS_2_1_1_(Windows_8_0_0_0).Inventory.store.BufferedItemStockDetailView"/>
  <testcase name="Inventory.store.BufferedItemStockDetailView Ext object config proxy should have a proxy" time="0" classname="PhantomJS_2_1_1_(Windows_8_0_0_0).Inventory.store.BufferedItemStockDetailView"/>
  <testcase name="Inventory.store.BufferedItemStockDetailView Ext object config proxy should be of type &quot;rest&quot;" time="0" classname="PhantomJS_2_1_1_(Windows_8_0_0_0).Inventory.store.BufferedItemStockDetailView"/>
  <testcase name="Inventory.store.BufferedItemStockDetailView Ext object config proxy api should have the correct api URIs" time="0" classname="PhantomJS_2_1_1_(Windows_8_0_0_0).Inventory.store.BufferedItemStockDetailView"/>
  <testcase name="Inventory.store.BufferedItemStockDetailView Ext object config proxy api &quot;read&quot; URI should be &quot;./inventory/api/item/searchitemstockdetails&quot;" time="0" classname="PhantomJS_2_1_1_(Windows_8_0_0_0).Inventory.store.BufferedItemStockDetailView"/>
  <testcase name="Inventory.store.BufferedItemStockSummaryByLot Ext object should be a valid Ext object" time="0" classname="PhantomJS_2_1_1_(Windows_8_0_0_0).Inventory.store.BufferedItemStockSummaryByLot"/>
  <testcase name="Inventory.store.BufferedItemStockSummaryByLot Ext object should have an alias of &quot;store.icbuffereditemstocksummarybylot&quot;" time="0" classname="PhantomJS_2_1_1_(Windows_8_0_0_0).Inventory.store.BufferedItemStockSummaryByLot"/>
  <testcase name="Inventory.store.BufferedItemStockSummaryByLot Ext object config should have a storeId of &quot;BufferedItemStockSummaryByLot" time="0" classname="PhantomJS_2_1_1_(Windows_8_0_0_0).Inventory.store.BufferedItemStockSummaryByLot"/>
  <testcase name="Inventory.store.BufferedItemStockSummaryByLot Ext object config model should exists" time="0" classname="PhantomJS_2_1_1_(Windows_8_0_0_0).Inventory.store.BufferedItemStockSummaryByLot"/>
  <testcase name="Inventory.store.BufferedItemStockSummaryByLot Ext object config model should have a model named &quot;Inventory.model.ItemStockSummary&quot;" time="0" classname="PhantomJS_2_1_1_(Windows_8_0_0_0).Inventory.store.BufferedItemStockSummaryByLot"/>
  <testcase name="Inventory.store.BufferedItemStockSummaryByLot Ext object config proxy should have a proxy" time="0.001" classname="PhantomJS_2_1_1_(Windows_8_0_0_0).Inventory.store.BufferedItemStockSummaryByLot"/>
  <testcase name="Inventory.store.BufferedItemStockSummaryByLot Ext object config proxy should be of type &quot;rest&quot;" time="0" classname="PhantomJS_2_1_1_(Windows_8_0_0_0).Inventory.store.BufferedItemStockSummaryByLot"/>
  <testcase name="Inventory.store.BufferedItemStockSummaryByLot Ext object config proxy api should have the correct api URIs" time="0" classname="PhantomJS_2_1_1_(Windows_8_0_0_0).Inventory.store.BufferedItemStockSummaryByLot"/>
  <testcase name="Inventory.store.BufferedItemStockSummaryByLot Ext object config proxy api &quot;read&quot; URI should be &quot;./inventory/api/inventorycount/getitemstocksummarybylot&quot;" time="0" classname="PhantomJS_2_1_1_(Windows_8_0_0_0).Inventory.store.BufferedItemStockSummaryByLot"/>
  <testcase name="Inventory.store.BufferedItemStockSummary Ext object should be a valid Ext object" time="0" classname="PhantomJS_2_1_1_(Windows_8_0_0_0).Inventory.store.BufferedItemStockSummary"/>
  <testcase name="Inventory.store.BufferedItemStockSummary Ext object should have an alias of &quot;store.icbuffereditemstocksummary&quot;" time="0" classname="PhantomJS_2_1_1_(Windows_8_0_0_0).Inventory.store.BufferedItemStockSummary"/>
  <testcase name="Inventory.store.BufferedItemStockSummary Ext object config should have a storeId of &quot;BufferedItemStockSummary" time="0" classname="PhantomJS_2_1_1_(Windows_8_0_0_0).Inventory.store.BufferedItemStockSummary"/>
  <testcase name="Inventory.store.BufferedItemStockSummary Ext object config model should exists" time="0" classname="PhantomJS_2_1_1_(Windows_8_0_0_0).Inventory.store.BufferedItemStockSummary"/>
  <testcase name="Inventory.store.BufferedItemStockSummary Ext object config model should have a model named &quot;Inventory.model.ItemStockSummary&quot;" time="0" classname="PhantomJS_2_1_1_(Windows_8_0_0_0).Inventory.store.BufferedItemStockSummary"/>
  <testcase name="Inventory.store.BufferedItemStockSummary Ext object config proxy should have a proxy" time="0" classname="PhantomJS_2_1_1_(Windows_8_0_0_0).Inventory.store.BufferedItemStockSummary"/>
  <testcase name="Inventory.store.BufferedItemStockSummary Ext object config proxy should be of type &quot;rest&quot;" time="0" classname="PhantomJS_2_1_1_(Windows_8_0_0_0).Inventory.store.BufferedItemStockSummary"/>
  <testcase name="Inventory.store.BufferedItemStockSummary Ext object config proxy api should have the correct api URIs" time="0" classname="PhantomJS_2_1_1_(Windows_8_0_0_0).Inventory.store.BufferedItemStockSummary"/>
  <testcase name="Inventory.store.BufferedItemStockSummary Ext object config proxy api &quot;read&quot; URI should be &quot;./inventory/api/inventorycount/searchitemstocksummary&quot;" time="0" classname="PhantomJS_2_1_1_(Windows_8_0_0_0).Inventory.store.BufferedItemStockSummary"/>
  <testcase name="Inventory.store.BufferedItemStockUOMForAdjustmentView Ext object should be a valid Ext object" time="0" classname="PhantomJS_2_1_1_(Windows_8_0_0_0).Inventory.store.BufferedItemStockUOMForAdjustmentView"/>
  <testcase name="Inventory.store.BufferedItemStockUOMForAdjustmentView Ext object should have an alias of &quot;store.icbuffereditemstockuomforadjustmentview&quot;" time="0" classname="PhantomJS_2_1_1_(Windows_8_0_0_0).Inventory.store.BufferedItemStockUOMForAdjustmentView"/>
  <testcase name="Inventory.store.BufferedItemStockUOMForAdjustmentView Ext object config should have a storeId of &quot;BufferedItemStockUOMForAdjustmentView" time="0" classname="PhantomJS_2_1_1_(Windows_8_0_0_0).Inventory.store.BufferedItemStockUOMForAdjustmentView"/>
  <testcase name="Inventory.store.BufferedItemStockUOMForAdjustmentView Ext object config model should exists" time="0" classname="PhantomJS_2_1_1_(Windows_8_0_0_0).Inventory.store.BufferedItemStockUOMForAdjustmentView"/>
  <testcase name="Inventory.store.BufferedItemStockUOMForAdjustmentView Ext object config model should have a model named &quot;Inventory.model.ItemStockUOMForAdjustmentView&quot;" time="0" classname="PhantomJS_2_1_1_(Windows_8_0_0_0).Inventory.store.BufferedItemStockUOMForAdjustmentView"/>
  <testcase name="Inventory.store.BufferedItemStockUOMForAdjustmentView Ext object config proxy should have a proxy" time="0" classname="PhantomJS_2_1_1_(Windows_8_0_0_0).Inventory.store.BufferedItemStockUOMForAdjustmentView"/>
  <testcase name="Inventory.store.BufferedItemStockUOMForAdjustmentView Ext object config proxy should be of type &quot;rest&quot;" time="0" classname="PhantomJS_2_1_1_(Windows_8_0_0_0).Inventory.store.BufferedItemStockUOMForAdjustmentView"/>
  <testcase name="Inventory.store.BufferedItemStockUOMForAdjustmentView Ext object config proxy api should have the correct api URIs" time="0" classname="PhantomJS_2_1_1_(Windows_8_0_0_0).Inventory.store.BufferedItemStockUOMForAdjustmentView"/>
  <testcase name="Inventory.store.BufferedItemStockUOMForAdjustmentView Ext object config proxy api &quot;read&quot; URI should be &quot;./inventory/api/itemstock/searchitemstockuomforadjustment&quot;" time="0" classname="PhantomJS_2_1_1_(Windows_8_0_0_0).Inventory.store.BufferedItemStockUOMForAdjustmentView"/>
  <testcase name="Inventory.store.BufferedItemStockUOMViewTotalsAllLocations Ext object should be a valid Ext object" time="0" classname="PhantomJS_2_1_1_(Windows_8_0_0_0).Inventory.store.BufferedItemStockUOMViewTotalsAllLocations"/>
  <testcase name="Inventory.store.BufferedItemStockUOMViewTotalsAllLocations Ext object should have an alias of &quot;store.icbuffereditemstockuomviewtotalsalllocations&quot;" time="0" classname="PhantomJS_2_1_1_(Windows_8_0_0_0).Inventory.store.BufferedItemStockUOMViewTotalsAllLocations"/>
  <testcase name="Inventory.store.BufferedItemStockUOMViewTotalsAllLocations Ext object config should have a storeId of &quot;BufferedItemStockUOMViewTotalsAllLocations" time="0" classname="PhantomJS_2_1_1_(Windows_8_0_0_0).Inventory.store.BufferedItemStockUOMViewTotalsAllLocations"/>
  <testcase name="Inventory.store.BufferedItemStockUOMViewTotalsAllLocations Ext object config model should exists" time="0" classname="PhantomJS_2_1_1_(Windows_8_0_0_0).Inventory.store.BufferedItemStockUOMViewTotalsAllLocations"/>
  <testcase name="Inventory.store.BufferedItemStockUOMViewTotalsAllLocations Ext object config model should have a model named &quot;Inventory.model.ItemStockUOMViewTotals&quot;" time="0" classname="PhantomJS_2_1_1_(Windows_8_0_0_0).Inventory.store.BufferedItemStockUOMViewTotalsAllLocations"/>
  <testcase name="Inventory.store.BufferedItemStockUOMViewTotalsAllLocations Ext object config proxy should have a proxy" time="0" classname="PhantomJS_2_1_1_(Windows_8_0_0_0).Inventory.store.BufferedItemStockUOMViewTotalsAllLocations"/>
  <testcase name="Inventory.store.BufferedItemStockUOMViewTotalsAllLocations Ext object config proxy should be of type &quot;rest&quot;" time="0" classname="PhantomJS_2_1_1_(Windows_8_0_0_0).Inventory.store.BufferedItemStockUOMViewTotalsAllLocations"/>
  <testcase name="Inventory.store.BufferedItemStockUOMViewTotalsAllLocations Ext object config proxy api should have the correct api URIs" time="0" classname="PhantomJS_2_1_1_(Windows_8_0_0_0).Inventory.store.BufferedItemStockUOMViewTotalsAllLocations"/>
  <testcase name="Inventory.store.BufferedItemStockUOMViewTotalsAllLocations Ext object config proxy api &quot;read&quot; URI should be &quot;./inventory/api/itemstock/searchitemstockuomviewtotalsalllocations&quot;" time="0" classname="PhantomJS_2_1_1_(Windows_8_0_0_0).Inventory.store.BufferedItemStockUOMViewTotalsAllLocations"/>
  <testcase name="Inventory.store.BufferedItemStockUOMViewTotalsAllStorageUnits Ext object should be a valid Ext object" time="0" classname="PhantomJS_2_1_1_(Windows_8_0_0_0).Inventory.store.BufferedItemStockUOMViewTotalsAllStorageUnits"/>
  <testcase name="Inventory.store.BufferedItemStockUOMViewTotalsAllStorageUnits Ext object should have an alias of &quot;store.icbuffereditemstockuomviewtotalsallstorageunits&quot;" time="0.001" classname="PhantomJS_2_1_1_(Windows_8_0_0_0).Inventory.store.BufferedItemStockUOMViewTotalsAllStorageUnits"/>
  <testcase name="Inventory.store.BufferedItemStockUOMViewTotalsAllStorageUnits Ext object config should have a storeId of &quot;BufferedItemStockUOMViewTotalsAllStorageUnits" time="0" classname="PhantomJS_2_1_1_(Windows_8_0_0_0).Inventory.store.BufferedItemStockUOMViewTotalsAllStorageUnits"/>
  <testcase name="Inventory.store.BufferedItemStockUOMViewTotalsAllStorageUnits Ext object config model should exists" time="0" classname="PhantomJS_2_1_1_(Windows_8_0_0_0).Inventory.store.BufferedItemStockUOMViewTotalsAllStorageUnits"/>
  <testcase name="Inventory.store.BufferedItemStockUOMViewTotalsAllStorageUnits Ext object config model should have a model named &quot;Inventory.model.ItemStockUOMViewTotals&quot;" time="0" classname="PhantomJS_2_1_1_(Windows_8_0_0_0).Inventory.store.BufferedItemStockUOMViewTotalsAllStorageUnits"/>
  <testcase name="Inventory.store.BufferedItemStockUOMViewTotalsAllStorageUnits Ext object config proxy should have a proxy" time="0" classname="PhantomJS_2_1_1_(Windows_8_0_0_0).Inventory.store.BufferedItemStockUOMViewTotalsAllStorageUnits"/>
  <testcase name="Inventory.store.BufferedItemStockUOMViewTotalsAllStorageUnits Ext object config proxy should be of type &quot;rest&quot;" time="0" classname="PhantomJS_2_1_1_(Windows_8_0_0_0).Inventory.store.BufferedItemStockUOMViewTotalsAllStorageUnits"/>
  <testcase name="Inventory.store.BufferedItemStockUOMViewTotalsAllStorageUnits Ext object config proxy api should have the correct api URIs" time="0" classname="PhantomJS_2_1_1_(Windows_8_0_0_0).Inventory.store.BufferedItemStockUOMViewTotalsAllStorageUnits"/>
  <testcase name="Inventory.store.BufferedItemStockUOMViewTotalsAllStorageUnits Ext object config proxy api &quot;read&quot; URI should be &quot;./inventory/api/itemstock/searchitemstockuomviewtotalsallstorageunits&quot;" time="0" classname="PhantomJS_2_1_1_(Windows_8_0_0_0).Inventory.store.BufferedItemStockUOMViewTotalsAllStorageUnits"/>
  <testcase name="Inventory.store.BufferedItemStockUOMViewTotals Ext object should be a valid Ext object" time="0" classname="PhantomJS_2_1_1_(Windows_8_0_0_0).Inventory.store.BufferedItemStockUOMViewTotals"/>
  <testcase name="Inventory.store.BufferedItemStockUOMViewTotals Ext object should have an alias of &quot;store.icbuffereditemstockuomviewtotals&quot;" time="0" classname="PhantomJS_2_1_1_(Windows_8_0_0_0).Inventory.store.BufferedItemStockUOMViewTotals"/>
  <testcase name="Inventory.store.BufferedItemStockUOMViewTotals Ext object config should have a storeId of &quot;BufferedItemStockUOMViewTotals" time="0" classname="PhantomJS_2_1_1_(Windows_8_0_0_0).Inventory.store.BufferedItemStockUOMViewTotals"/>
  <testcase name="Inventory.store.BufferedItemStockUOMViewTotals Ext object config model should exists" time="0" classname="PhantomJS_2_1_1_(Windows_8_0_0_0).Inventory.store.BufferedItemStockUOMViewTotals"/>
  <testcase name="Inventory.store.BufferedItemStockUOMViewTotals Ext object config model should have a model named &quot;Inventory.model.ItemStockUOMViewTotals&quot;" time="0" classname="PhantomJS_2_1_1_(Windows_8_0_0_0).Inventory.store.BufferedItemStockUOMViewTotals"/>
  <testcase name="Inventory.store.BufferedItemStockUOMViewTotals Ext object config proxy should have a proxy" time="0.001" classname="PhantomJS_2_1_1_(Windows_8_0_0_0).Inventory.store.BufferedItemStockUOMViewTotals"/>
  <testcase name="Inventory.store.BufferedItemStockUOMViewTotals Ext object config proxy should be of type &quot;rest&quot;" time="0" classname="PhantomJS_2_1_1_(Windows_8_0_0_0).Inventory.store.BufferedItemStockUOMViewTotals"/>
  <testcase name="Inventory.store.BufferedItemStockUOMViewTotals Ext object config proxy api should have the correct api URIs" time="0" classname="PhantomJS_2_1_1_(Windows_8_0_0_0).Inventory.store.BufferedItemStockUOMViewTotals"/>
  <testcase name="Inventory.store.BufferedItemStockUOMViewTotals Ext object config proxy api &quot;read&quot; URI should be &quot;./inventory/api/itemstock/searchitemstockuomviewtotals&quot;" time="0" classname="PhantomJS_2_1_1_(Windows_8_0_0_0).Inventory.store.BufferedItemStockUOMViewTotals"/>
  <testcase name="Inventory.store.BufferedItemStockUOMView Ext object should be a valid Ext object" time="0" classname="PhantomJS_2_1_1_(Windows_8_0_0_0).Inventory.store.BufferedItemStockUOMView"/>
  <testcase name="Inventory.store.BufferedItemStockUOMView Ext object should have an alias of &quot;store.icbuffereditemstockuomview&quot;" time="0" classname="PhantomJS_2_1_1_(Windows_8_0_0_0).Inventory.store.BufferedItemStockUOMView"/>
  <testcase name="Inventory.store.BufferedItemStockUOMView Ext object config should have a storeId of &quot;BufferedItemStockUOMView" time="0" classname="PhantomJS_2_1_1_(Windows_8_0_0_0).Inventory.store.BufferedItemStockUOMView"/>
  <testcase name="Inventory.store.BufferedItemStockUOMView Ext object config model should exists" time="0" classname="PhantomJS_2_1_1_(Windows_8_0_0_0).Inventory.store.BufferedItemStockUOMView"/>
  <testcase name="Inventory.store.BufferedItemStockUOMView Ext object config model should have a model named &quot;Inventory.model.ItemStockUOMView&quot;" time="0" classname="PhantomJS_2_1_1_(Windows_8_0_0_0).Inventory.store.BufferedItemStockUOMView"/>
  <testcase name="Inventory.store.BufferedItemStockUOMView Ext object config proxy should have a proxy" time="0" classname="PhantomJS_2_1_1_(Windows_8_0_0_0).Inventory.store.BufferedItemStockUOMView"/>
  <testcase name="Inventory.store.BufferedItemStockUOMView Ext object config proxy should be of type &quot;rest&quot;" time="0" classname="PhantomJS_2_1_1_(Windows_8_0_0_0).Inventory.store.BufferedItemStockUOMView"/>
  <testcase name="Inventory.store.BufferedItemStockUOMView Ext object config proxy api should have the correct api URIs" time="0" classname="PhantomJS_2_1_1_(Windows_8_0_0_0).Inventory.store.BufferedItemStockUOMView"/>
  <testcase name="Inventory.store.BufferedItemStockUOMView Ext object config proxy api &quot;read&quot; URI should be &quot;./inventory/api/itemstock/searchitemstockuoms&quot;" time="0" classname="PhantomJS_2_1_1_(Windows_8_0_0_0).Inventory.store.BufferedItemStockUOMView"/>
  <testcase name="Inventory.store.BufferedItemStockViewWithComments Ext object should be a valid Ext object" time="0" classname="PhantomJS_2_1_1_(Windows_8_0_0_0).Inventory.store.BufferedItemStockViewWithComments"/>
  <testcase name="Inventory.store.BufferedItemStockViewWithComments Ext object should have an alias of &quot;store.icbuffereditemstockviewwithcomments&quot;" time="0" classname="PhantomJS_2_1_1_(Windows_8_0_0_0).Inventory.store.BufferedItemStockViewWithComments"/>
  <testcase name="Inventory.store.BufferedItemStockViewWithComments Ext object config should have a storeId of &quot;BufferedItemStockViewWithComments" time="0" classname="PhantomJS_2_1_1_(Windows_8_0_0_0).Inventory.store.BufferedItemStockViewWithComments"/>
  <testcase name="Inventory.store.BufferedItemStockViewWithComments Ext object config model should exists" time="0" classname="PhantomJS_2_1_1_(Windows_8_0_0_0).Inventory.store.BufferedItemStockViewWithComments"/>
  <testcase name="Inventory.store.BufferedItemStockViewWithComments Ext object config model should have a model named &quot;Inventory.model.ItemStockView&quot;" time="0" classname="PhantomJS_2_1_1_(Windows_8_0_0_0).Inventory.store.BufferedItemStockViewWithComments"/>
  <testcase name="Inventory.store.BufferedItemStockViewWithComments Ext object config proxy should have a proxy" time="0" classname="PhantomJS_2_1_1_(Windows_8_0_0_0).Inventory.store.BufferedItemStockViewWithComments"/>
  <testcase name="Inventory.store.BufferedItemStockViewWithComments Ext object config proxy should be of type &quot;rest&quot;" time="0" classname="PhantomJS_2_1_1_(Windows_8_0_0_0).Inventory.store.BufferedItemStockViewWithComments"/>
  <testcase name="Inventory.store.BufferedItemStockViewWithComments Ext object config proxy api should have the correct api URIs" time="0.001" classname="PhantomJS_2_1_1_(Windows_8_0_0_0).Inventory.store.BufferedItemStockViewWithComments"/>
  <testcase name="Inventory.store.BufferedItemStockViewWithComments Ext object config proxy api &quot;read&quot; URI should be &quot;./inventory/api/item/searchitemstockswithcomments&quot;" time="0" classname="PhantomJS_2_1_1_(Windows_8_0_0_0).Inventory.store.BufferedItemStockViewWithComments"/>
  <testcase name="Inventory.store.BufferedItemStockView Ext object should be a valid Ext object" time="0" classname="PhantomJS_2_1_1_(Windows_8_0_0_0).Inventory.store.BufferedItemStockView"/>
  <testcase name="Inventory.store.BufferedItemStockView Ext object should have an alias of &quot;store.icbuffereditemstockview&quot;" time="0.001" classname="PhantomJS_2_1_1_(Windows_8_0_0_0).Inventory.store.BufferedItemStockView"/>
  <testcase name="Inventory.store.BufferedItemStockView Ext object config should have a storeId of &quot;BufferedItemStockView" time="0" classname="PhantomJS_2_1_1_(Windows_8_0_0_0).Inventory.store.BufferedItemStockView"/>
  <testcase name="Inventory.store.BufferedItemStockView Ext object config model should exists" time="0" classname="PhantomJS_2_1_1_(Windows_8_0_0_0).Inventory.store.BufferedItemStockView"/>
  <testcase name="Inventory.store.BufferedItemStockView Ext object config model should have a model named &quot;Inventory.model.ItemStockView&quot;" time="0" classname="PhantomJS_2_1_1_(Windows_8_0_0_0).Inventory.store.BufferedItemStockView"/>
  <testcase name="Inventory.store.BufferedItemStockView Ext object config proxy should have a proxy" time="0" classname="PhantomJS_2_1_1_(Windows_8_0_0_0).Inventory.store.BufferedItemStockView"/>
  <testcase name="Inventory.store.BufferedItemStockView Ext object config proxy should be of type &quot;rest&quot;" time="0" classname="PhantomJS_2_1_1_(Windows_8_0_0_0).Inventory.store.BufferedItemStockView"/>
  <testcase name="Inventory.store.BufferedItemStockView Ext object config proxy api should have the correct api URIs" time="0" classname="PhantomJS_2_1_1_(Windows_8_0_0_0).Inventory.store.BufferedItemStockView"/>
  <testcase name="Inventory.store.BufferedItemStockView Ext object config proxy api &quot;read&quot; URI should be &quot;./inventory/api/item/searchitemstocks&quot;" time="0" classname="PhantomJS_2_1_1_(Windows_8_0_0_0).Inventory.store.BufferedItemStockView"/>
  <testcase name="Inventory.store.BufferedItemStorageLocationsLookup Ext object should be a valid Ext object" time="0" classname="PhantomJS_2_1_1_(Windows_8_0_0_0).Inventory.store.BufferedItemStorageLocationsLookup"/>
  <testcase name="Inventory.store.BufferedItemStorageLocationsLookup Ext object should have an alias of &quot;store.icbuffereditemstoragelocationslookup&quot;" time="0" classname="PhantomJS_2_1_1_(Windows_8_0_0_0).Inventory.store.BufferedItemStorageLocationsLookup"/>
  <testcase name="Inventory.store.BufferedItemStorageLocationsLookup Ext object config should have a storeId of &quot;BufferedItemStorageLocationsLookup" time="0" classname="PhantomJS_2_1_1_(Windows_8_0_0_0).Inventory.store.BufferedItemStorageLocationsLookup"/>
  <testcase name="Inventory.store.BufferedItemStorageLocationsLookup Ext object config model should exists" time="0" classname="PhantomJS_2_1_1_(Windows_8_0_0_0).Inventory.store.BufferedItemStorageLocationsLookup"/>
  <testcase name="Inventory.store.BufferedItemStorageLocationsLookup Ext object config model should have a model named &quot;Inventory.model.ItemStorageLocationsLookup&quot;" time="0" classname="PhantomJS_2_1_1_(Windows_8_0_0_0).Inventory.store.BufferedItemStorageLocationsLookup"/>
  <testcase name="Inventory.store.BufferedItemStorageLocationsLookup Ext object config proxy should have a proxy" time="0" classname="PhantomJS_2_1_1_(Windows_8_0_0_0).Inventory.store.BufferedItemStorageLocationsLookup"/>
  <testcase name="Inventory.store.BufferedItemStorageLocationsLookup Ext object config proxy should be of type &quot;rest&quot;" time="0" classname="PhantomJS_2_1_1_(Windows_8_0_0_0).Inventory.store.BufferedItemStorageLocationsLookup"/>
  <testcase name="Inventory.store.BufferedItemStorageLocationsLookup Ext object config proxy api should have the correct api URIs" time="0" classname="PhantomJS_2_1_1_(Windows_8_0_0_0).Inventory.store.BufferedItemStorageLocationsLookup"/>
  <testcase name="Inventory.store.BufferedItemStorageLocationsLookup Ext object config proxy api &quot;read&quot; URI should be &quot;./inventory/api/itemstock/getitemstoragelocations&quot;" time="0" classname="PhantomJS_2_1_1_(Windows_8_0_0_0).Inventory.store.BufferedItemStorageLocationsLookup"/>
  <testcase name="Inventory.store.BufferedItemSubLocationsLookup Ext object should be a valid Ext object" time="0" classname="PhantomJS_2_1_1_(Windows_8_0_0_0).Inventory.store.BufferedItemSubLocationsLookup"/>
  <testcase name="Inventory.store.BufferedItemSubLocationsLookup Ext object should have an alias of &quot;store.icbuffereditemsublocationslookup&quot;" time="0" classname="PhantomJS_2_1_1_(Windows_8_0_0_0).Inventory.store.BufferedItemSubLocationsLookup"/>
  <testcase name="Inventory.store.BufferedItemSubLocationsLookup Ext object config should have a storeId of &quot;BufferedItemSubLocationsLookup" time="0" classname="PhantomJS_2_1_1_(Windows_8_0_0_0).Inventory.store.BufferedItemSubLocationsLookup"/>
  <testcase name="Inventory.store.BufferedItemSubLocationsLookup Ext object config model should exists" time="0" classname="PhantomJS_2_1_1_(Windows_8_0_0_0).Inventory.store.BufferedItemSubLocationsLookup"/>
  <testcase name="Inventory.store.BufferedItemSubLocationsLookup Ext object config model should have a model named &quot;Inventory.model.ItemSubLocationsLookup&quot;" time="0" classname="PhantomJS_2_1_1_(Windows_8_0_0_0).Inventory.store.BufferedItemSubLocationsLookup"/>
  <testcase name="Inventory.store.BufferedItemSubLocationsLookup Ext object config proxy should have a proxy" time="0" classname="PhantomJS_2_1_1_(Windows_8_0_0_0).Inventory.store.BufferedItemSubLocationsLookup"/>
  <testcase name="Inventory.store.BufferedItemSubLocationsLookup Ext object config proxy should be of type &quot;rest&quot;" time="0" classname="PhantomJS_2_1_1_(Windows_8_0_0_0).Inventory.store.BufferedItemSubLocationsLookup"/>
  <testcase name="Inventory.store.BufferedItemSubLocationsLookup Ext object config proxy api should have the correct api URIs" time="0" classname="PhantomJS_2_1_1_(Windows_8_0_0_0).Inventory.store.BufferedItemSubLocationsLookup"/>
  <testcase name="Inventory.store.BufferedItemSubLocationsLookup Ext object config proxy api &quot;read&quot; URI should be &quot;./inventory/api/itemstock/getitemsublocations&quot;" time="0.001" classname="PhantomJS_2_1_1_(Windows_8_0_0_0).Inventory.store.BufferedItemSubLocationsLookup"/>
  <testcase name="Inventory.store.BufferedItemSubLocations Ext object should be a valid Ext object" time="0" classname="PhantomJS_2_1_1_(Windows_8_0_0_0).Inventory.store.BufferedItemSubLocations"/>
  <testcase name="Inventory.store.BufferedItemSubLocations Ext object should have an alias of &quot;store.icbuffereditemsublocations&quot;" time="0" classname="PhantomJS_2_1_1_(Windows_8_0_0_0).Inventory.store.BufferedItemSubLocations"/>
  <testcase name="Inventory.store.BufferedItemSubLocations Ext object config should have a storeId of &quot;BufferedItemSubLocationsStore" time="0" classname="PhantomJS_2_1_1_(Windows_8_0_0_0).Inventory.store.BufferedItemSubLocations"/>
  <testcase name="Inventory.store.BufferedItemSubLocations Ext object config model should exists" time="0" classname="PhantomJS_2_1_1_(Windows_8_0_0_0).Inventory.store.BufferedItemSubLocations"/>
  <testcase name="Inventory.store.BufferedItemSubLocations Ext object config model should have a model named &quot;Inventory.model.ItemSubLocation&quot;" time="0" classname="PhantomJS_2_1_1_(Windows_8_0_0_0).Inventory.store.BufferedItemSubLocations"/>
  <testcase name="Inventory.store.BufferedItemSubLocations Ext object config proxy should have a proxy" time="0" classname="PhantomJS_2_1_1_(Windows_8_0_0_0).Inventory.store.BufferedItemSubLocations"/>
  <testcase name="Inventory.store.BufferedItemSubLocations Ext object config proxy should be of type &quot;rest&quot;" time="0" classname="PhantomJS_2_1_1_(Windows_8_0_0_0).Inventory.store.BufferedItemSubLocations"/>
  <testcase name="Inventory.store.BufferedItemSubLocations Ext object config proxy api should have the correct api URIs" time="0" classname="PhantomJS_2_1_1_(Windows_8_0_0_0).Inventory.store.BufferedItemSubLocations"/>
  <testcase name="Inventory.store.BufferedItemSubLocations Ext object config proxy api &quot;read&quot; URI should be &quot;./inventory/api/item/searchitemsublocations&quot;" time="0" classname="PhantomJS_2_1_1_(Windows_8_0_0_0).Inventory.store.BufferedItemSubLocations"/>
  <testcase name="Inventory.store.BufferedItemUnitMeasure Ext object should be a valid Ext object" time="0" classname="PhantomJS_2_1_1_(Windows_8_0_0_0).Inventory.store.BufferedItemUnitMeasure"/>
  <testcase name="Inventory.store.BufferedItemUnitMeasure Ext object should have an alias of &quot;store.icbuffereditemunitmeasure&quot;" time="0" classname="PhantomJS_2_1_1_(Windows_8_0_0_0).Inventory.store.BufferedItemUnitMeasure"/>
  <testcase name="Inventory.store.BufferedItemUnitMeasure Ext object config should have a storeId of &quot;BufferedItemUnitMeasure" time="0" classname="PhantomJS_2_1_1_(Windows_8_0_0_0).Inventory.store.BufferedItemUnitMeasure"/>
  <testcase name="Inventory.store.BufferedItemUnitMeasure Ext object config model should exists" time="0" classname="PhantomJS_2_1_1_(Windows_8_0_0_0).Inventory.store.BufferedItemUnitMeasure"/>
  <testcase name="Inventory.store.BufferedItemUnitMeasure Ext object config model should have a model named &quot;Inventory.model.ItemUOM&quot;" time="0" classname="PhantomJS_2_1_1_(Windows_8_0_0_0).Inventory.store.BufferedItemUnitMeasure"/>
  <testcase name="Inventory.store.BufferedItemUnitMeasure Ext object config proxy should have a proxy" time="0" classname="PhantomJS_2_1_1_(Windows_8_0_0_0).Inventory.store.BufferedItemUnitMeasure"/>
  <testcase name="Inventory.store.BufferedItemUnitMeasure Ext object config proxy should be of type &quot;rest&quot;" time="0" classname="PhantomJS_2_1_1_(Windows_8_0_0_0).Inventory.store.BufferedItemUnitMeasure"/>
  <testcase name="Inventory.store.BufferedItemUnitMeasure Ext object config proxy api should have the correct api URIs" time="0" classname="PhantomJS_2_1_1_(Windows_8_0_0_0).Inventory.store.BufferedItemUnitMeasure"/>
  <testcase name="Inventory.store.BufferedItemUnitMeasure Ext object config proxy api &quot;read&quot; URI should be &quot;./inventory/api/itemuom/search&quot;" time="0" classname="PhantomJS_2_1_1_(Windows_8_0_0_0).Inventory.store.BufferedItemUnitMeasure"/>
  <testcase name="Inventory.store.BufferedItemUOMByType Ext object should be a valid Ext object" time="0" classname="PhantomJS_2_1_1_(Windows_8_0_0_0).Inventory.store.BufferedItemUOMByType"/>
  <testcase name="Inventory.store.BufferedItemUOMByType Ext object should have an alias of &quot;store.icbuffereditemuombytype&quot;" time="0.001" classname="PhantomJS_2_1_1_(Windows_8_0_0_0).Inventory.store.BufferedItemUOMByType"/>
  <testcase name="Inventory.store.BufferedItemUOMByType Ext object config should have a storeId of &quot;BufferedItemUOMByType" time="0" classname="PhantomJS_2_1_1_(Windows_8_0_0_0).Inventory.store.BufferedItemUOMByType"/>
  <testcase name="Inventory.store.BufferedItemUOMByType Ext object config proxy should have a proxy" time="0.001" classname="PhantomJS_2_1_1_(Windows_8_0_0_0).Inventory.store.BufferedItemUOMByType"/>
  <testcase name="Inventory.store.BufferedItemUOMByType Ext object config proxy should be of type &quot;rest&quot;" time="0" classname="PhantomJS_2_1_1_(Windows_8_0_0_0).Inventory.store.BufferedItemUOMByType"/>
  <testcase name="Inventory.store.BufferedItemUOMByType Ext object config proxy api should have the correct api URIs" time="0" classname="PhantomJS_2_1_1_(Windows_8_0_0_0).Inventory.store.BufferedItemUOMByType"/>
  <testcase name="Inventory.store.BufferedItemUOMByType Ext object config proxy api &quot;read&quot; URI should be &quot;./inventory/api/item/getitemuomsbytype&quot;" time="0" classname="PhantomJS_2_1_1_(Windows_8_0_0_0).Inventory.store.BufferedItemUOMByType"/>
  <testcase name="Inventory.store.BufferedItemUPC Ext object should be a valid Ext object" time="0" classname="PhantomJS_2_1_1_(Windows_8_0_0_0).Inventory.store.BufferedItemUPC"/>
  <testcase name="Inventory.store.BufferedItemUPC Ext object should have an alias of &quot;store.icbuffereditemupc&quot;" time="0" classname="PhantomJS_2_1_1_(Windows_8_0_0_0).Inventory.store.BufferedItemUPC"/>
  <testcase name="Inventory.store.BufferedItemUPC Ext object config should have a storeId of &quot;BufferedItemUPC" time="0" classname="PhantomJS_2_1_1_(Windows_8_0_0_0).Inventory.store.BufferedItemUPC"/>
  <testcase name="Inventory.store.BufferedItemUPC Ext object config model should exists" time="0" classname="PhantomJS_2_1_1_(Windows_8_0_0_0).Inventory.store.BufferedItemUPC"/>
  <testcase name="Inventory.store.BufferedItemUPC Ext object config model should have a model named &quot;Inventory.model.ItemUOM&quot;" time="0" classname="PhantomJS_2_1_1_(Windows_8_0_0_0).Inventory.store.BufferedItemUPC"/>
  <testcase name="Inventory.store.BufferedItemUPC Ext object config proxy should have a proxy" time="0" classname="PhantomJS_2_1_1_(Windows_8_0_0_0).Inventory.store.BufferedItemUPC"/>
  <testcase name="Inventory.store.BufferedItemUPC Ext object config proxy should be of type &quot;rest&quot;" time="0" classname="PhantomJS_2_1_1_(Windows_8_0_0_0).Inventory.store.BufferedItemUPC"/>
  <testcase name="Inventory.store.BufferedItemUPC Ext object config proxy api should have the correct api URIs" time="0.001" classname="PhantomJS_2_1_1_(Windows_8_0_0_0).Inventory.store.BufferedItemUPC"/>
  <testcase name="Inventory.store.BufferedItemUPC Ext object config proxy api &quot;read&quot; URI should be &quot;./inventory/api/item/searchitemupcs&quot;" time="0" classname="PhantomJS_2_1_1_(Windows_8_0_0_0).Inventory.store.BufferedItemUPC"/>
  <testcase name="Inventory.store.BufferedItemWeightUOM Ext object should be a valid Ext object" time="0.001" classname="PhantomJS_2_1_1_(Windows_8_0_0_0).Inventory.store.BufferedItemWeightUOM"/>
  <testcase name="Inventory.store.BufferedItemWeightUOM Ext object should have an alias of &quot;store.icbuffereditemweightuom&quot;" time="0" classname="PhantomJS_2_1_1_(Windows_8_0_0_0).Inventory.store.BufferedItemWeightUOM"/>
  <testcase name="Inventory.store.BufferedItemWeightUOM Ext object config should have a storeId of &quot;BufferedItemWeightUOM" time="0" classname="PhantomJS_2_1_1_(Windows_8_0_0_0).Inventory.store.BufferedItemWeightUOM"/>
  <testcase name="Inventory.store.BufferedItemWeightUOM Ext object config model should exists" time="0" classname="PhantomJS_2_1_1_(Windows_8_0_0_0).Inventory.store.BufferedItemWeightUOM"/>
  <testcase name="Inventory.store.BufferedItemWeightUOM Ext object config model should have a model named &quot;Inventory.model.ItemUOM&quot;" time="0" classname="PhantomJS_2_1_1_(Windows_8_0_0_0).Inventory.store.BufferedItemWeightUOM"/>
  <testcase name="Inventory.store.BufferedItemWeightUOM Ext object config proxy should have a proxy" time="0.001" classname="PhantomJS_2_1_1_(Windows_8_0_0_0).Inventory.store.BufferedItemWeightUOM"/>
  <testcase name="Inventory.store.BufferedItemWeightUOM Ext object config proxy should be of type &quot;rest&quot;" time="0" classname="PhantomJS_2_1_1_(Windows_8_0_0_0).Inventory.store.BufferedItemWeightUOM"/>
  <testcase name="Inventory.store.BufferedItemWeightUOM Ext object config proxy api should have the correct api URIs" time="0" classname="PhantomJS_2_1_1_(Windows_8_0_0_0).Inventory.store.BufferedItemWeightUOM"/>
  <testcase name="Inventory.store.BufferedItemWeightUOM Ext object config proxy api &quot;read&quot; URI should be &quot;./inventory/api/itemuom/searchweightuoms&quot;" time="0" classname="PhantomJS_2_1_1_(Windows_8_0_0_0).Inventory.store.BufferedItemWeightUOM"/>
  <testcase name="Inventory.store.BufferedItemWeightVolumeUOM Ext object should be a valid Ext object" time="0" classname="PhantomJS_2_1_1_(Windows_8_0_0_0).Inventory.store.BufferedItemWeightVolumeUOM"/>
  <testcase name="Inventory.store.BufferedItemWeightVolumeUOM Ext object should have an alias of &quot;store.icbuffereditemweightvolumeuom&quot;" time="0" classname="PhantomJS_2_1_1_(Windows_8_0_0_0).Inventory.store.BufferedItemWeightVolumeUOM"/>
  <testcase name="Inventory.store.BufferedItemWeightVolumeUOM Ext object config should have a storeId of &quot;BufferedItemWeightVolumeUOM" time="0" classname="PhantomJS_2_1_1_(Windows_8_0_0_0).Inventory.store.BufferedItemWeightVolumeUOM"/>
  <testcase name="Inventory.store.BufferedItemWeightVolumeUOM Ext object config model should exists" time="0" classname="PhantomJS_2_1_1_(Windows_8_0_0_0).Inventory.store.BufferedItemWeightVolumeUOM"/>
  <testcase name="Inventory.store.BufferedItemWeightVolumeUOM Ext object config model should have a model named &quot;Inventory.model.ItemUOM&quot;" time="0" classname="PhantomJS_2_1_1_(Windows_8_0_0_0).Inventory.store.BufferedItemWeightVolumeUOM"/>
  <testcase name="Inventory.store.BufferedItemWeightVolumeUOM Ext object config proxy should have a proxy" time="0" classname="PhantomJS_2_1_1_(Windows_8_0_0_0).Inventory.store.BufferedItemWeightVolumeUOM"/>
  <testcase name="Inventory.store.BufferedItemWeightVolumeUOM Ext object config proxy should be of type &quot;rest&quot;" time="0" classname="PhantomJS_2_1_1_(Windows_8_0_0_0).Inventory.store.BufferedItemWeightVolumeUOM"/>
  <testcase name="Inventory.store.BufferedItemWeightVolumeUOM Ext object config proxy api should have the correct api URIs" time="0" classname="PhantomJS_2_1_1_(Windows_8_0_0_0).Inventory.store.BufferedItemWeightVolumeUOM"/>
  <testcase name="Inventory.store.BufferedItemWeightVolumeUOM Ext object config proxy api &quot;read&quot; URI should be &quot;./inventory/api/itemuom/searchweightvolumeuoms&quot;" time="0" classname="PhantomJS_2_1_1_(Windows_8_0_0_0).Inventory.store.BufferedItemWeightVolumeUOM"/>
  <testcase name="Inventory.store.BufferedItem Ext object should be a valid Ext object" time="0" classname="PhantomJS_2_1_1_(Windows_8_0_0_0).Inventory.store.BufferedItem"/>
  <testcase name="Inventory.store.BufferedItem Ext object should have an alias of &quot;store.icbuffereditem&quot;" time="0" classname="PhantomJS_2_1_1_(Windows_8_0_0_0).Inventory.store.BufferedItem"/>
  <testcase name="Inventory.store.BufferedItem Ext object config should have a storeId of &quot;BufferedItem" time="0" classname="PhantomJS_2_1_1_(Windows_8_0_0_0).Inventory.store.BufferedItem"/>
  <testcase name="Inventory.store.BufferedItem Ext object config model should exists" time="0" classname="PhantomJS_2_1_1_(Windows_8_0_0_0).Inventory.store.BufferedItem"/>
  <testcase name="Inventory.store.BufferedItem Ext object config model should have a model named &quot;Inventory.model.Item&quot;" time="0.001" classname="PhantomJS_2_1_1_(Windows_8_0_0_0).Inventory.store.BufferedItem"/>
  <testcase name="Inventory.store.BufferedItem Ext object config proxy should have a proxy" time="0" classname="PhantomJS_2_1_1_(Windows_8_0_0_0).Inventory.store.BufferedItem"/>
  <testcase name="Inventory.store.BufferedItem Ext object config proxy should be of type &quot;rest&quot;" time="0.001" classname="PhantomJS_2_1_1_(Windows_8_0_0_0).Inventory.store.BufferedItem"/>
  <testcase name="Inventory.store.BufferedItem Ext object config proxy api should have the correct api URIs" time="0" classname="PhantomJS_2_1_1_(Windows_8_0_0_0).Inventory.store.BufferedItem"/>
  <testcase name="Inventory.store.BufferedItem Ext object config proxy api &quot;read&quot; URI should be &quot;./inventory/api/item/search&quot;" time="0.001" classname="PhantomJS_2_1_1_(Windows_8_0_0_0).Inventory.store.BufferedItem"/>
  <testcase name="Inventory.store.BufferedLineOfBusiness Ext object should be a valid Ext object" time="0" classname="PhantomJS_2_1_1_(Windows_8_0_0_0).Inventory.store.BufferedLineOfBusiness"/>
  <testcase name="Inventory.store.BufferedLineOfBusiness Ext object should have an alias of &quot;store.icbufferedlineofbusiness&quot;" time="0" classname="PhantomJS_2_1_1_(Windows_8_0_0_0).Inventory.store.BufferedLineOfBusiness"/>
  <testcase name="Inventory.store.BufferedLineOfBusiness Ext object config should have a storeId of &quot;BufferedLineOfBusiness" time="0" classname="PhantomJS_2_1_1_(Windows_8_0_0_0).Inventory.store.BufferedLineOfBusiness"/>
  <testcase name="Inventory.store.BufferedLineOfBusiness Ext object config model should exists" time="0" classname="PhantomJS_2_1_1_(Windows_8_0_0_0).Inventory.store.BufferedLineOfBusiness"/>
  <testcase name="Inventory.store.BufferedLineOfBusiness Ext object config model should have a model named &quot;Inventory.model.LineOfBusiness&quot;" time="0.001" classname="PhantomJS_2_1_1_(Windows_8_0_0_0).Inventory.store.BufferedLineOfBusiness"/>
  <testcase name="Inventory.store.BufferedLineOfBusiness Ext object config proxy should have a proxy" time="0" classname="PhantomJS_2_1_1_(Windows_8_0_0_0).Inventory.store.BufferedLineOfBusiness"/>
  <testcase name="Inventory.store.BufferedLineOfBusiness Ext object config proxy should be of type &quot;rest&quot;" time="0" classname="PhantomJS_2_1_1_(Windows_8_0_0_0).Inventory.store.BufferedLineOfBusiness"/>
  <testcase name="Inventory.store.BufferedLineOfBusiness Ext object config proxy api should have the correct api URIs" time="0" classname="PhantomJS_2_1_1_(Windows_8_0_0_0).Inventory.store.BufferedLineOfBusiness"/>
  <testcase name="Inventory.store.BufferedLineOfBusiness Ext object config proxy api &quot;read&quot; URI should be &quot;./inventory/api/lineofbusiness/search&quot;" time="0" classname="PhantomJS_2_1_1_(Windows_8_0_0_0).Inventory.store.BufferedLineOfBusiness"/>
  <testcase name="Inventory.store.BufferedLotStatus Ext object should be a valid Ext object" time="0.001" classname="PhantomJS_2_1_1_(Windows_8_0_0_0).Inventory.store.BufferedLotStatus"/>
  <testcase name="Inventory.store.BufferedLotStatus Ext object should have an alias of &quot;store.icbufferedlotstatus&quot;" time="0" classname="PhantomJS_2_1_1_(Windows_8_0_0_0).Inventory.store.BufferedLotStatus"/>
  <testcase name="Inventory.store.BufferedLotStatus Ext object config should have a storeId of &quot;BufferedLotStatus" time="0" classname="PhantomJS_2_1_1_(Windows_8_0_0_0).Inventory.store.BufferedLotStatus"/>
  <testcase name="Inventory.store.BufferedLotStatus Ext object config model should exists" time="0" classname="PhantomJS_2_1_1_(Windows_8_0_0_0).Inventory.store.BufferedLotStatus"/>
  <testcase name="Inventory.store.BufferedLotStatus Ext object config model should have a model named &quot;Inventory.model.LotStatus&quot;" time="0" classname="PhantomJS_2_1_1_(Windows_8_0_0_0).Inventory.store.BufferedLotStatus"/>
  <testcase name="Inventory.store.BufferedLotStatus Ext object config proxy should have a proxy" time="0" classname="PhantomJS_2_1_1_(Windows_8_0_0_0).Inventory.store.BufferedLotStatus"/>
  <testcase name="Inventory.store.BufferedLotStatus Ext object config proxy should be of type &quot;rest&quot;" time="0" classname="PhantomJS_2_1_1_(Windows_8_0_0_0).Inventory.store.BufferedLotStatus"/>
  <testcase name="Inventory.store.BufferedLotStatus Ext object config proxy api should have the correct api URIs" time="0" classname="PhantomJS_2_1_1_(Windows_8_0_0_0).Inventory.store.BufferedLotStatus"/>
  <testcase name="Inventory.store.BufferedLotStatus Ext object config proxy api &quot;read&quot; URI should be &quot;./inventory/api/lotstatus/search&quot;" time="0" classname="PhantomJS_2_1_1_(Windows_8_0_0_0).Inventory.store.BufferedLotStatus"/>
  <testcase name="Inventory.store.BufferedLot Ext object should be a valid Ext object" time="0" classname="PhantomJS_2_1_1_(Windows_8_0_0_0).Inventory.store.BufferedLot"/>
  <testcase name="Inventory.store.BufferedLot Ext object should have an alias of &quot;store.icbufferedlot&quot;" time="0" classname="PhantomJS_2_1_1_(Windows_8_0_0_0).Inventory.store.BufferedLot"/>
  <testcase name="Inventory.store.BufferedLot Ext object config should have a storeId of &quot;BufferedLot" time="0" classname="PhantomJS_2_1_1_(Windows_8_0_0_0).Inventory.store.BufferedLot"/>
  <testcase name="Inventory.store.BufferedLot Ext object config model should exists" time="0" classname="PhantomJS_2_1_1_(Windows_8_0_0_0).Inventory.store.BufferedLot"/>
  <testcase name="Inventory.store.BufferedLot Ext object config model should have a model named &quot;Inventory.model.Lot&quot;" time="0" classname="PhantomJS_2_1_1_(Windows_8_0_0_0).Inventory.store.BufferedLot"/>
  <testcase name="Inventory.store.BufferedLot Ext object config proxy should have a proxy" time="0.001" classname="PhantomJS_2_1_1_(Windows_8_0_0_0).Inventory.store.BufferedLot"/>
  <testcase name="Inventory.store.BufferedLot Ext object config proxy should be of type &quot;rest&quot;" time="0" classname="PhantomJS_2_1_1_(Windows_8_0_0_0).Inventory.store.BufferedLot"/>
  <testcase name="Inventory.store.BufferedLot Ext object config proxy api should have the correct api URIs" time="0" classname="PhantomJS_2_1_1_(Windows_8_0_0_0).Inventory.store.BufferedLot"/>
  <testcase name="Inventory.store.BufferedLot Ext object config proxy api &quot;read&quot; URI should be &quot;./inventory/api/lot/search&quot;" time="0" classname="PhantomJS_2_1_1_(Windows_8_0_0_0).Inventory.store.BufferedLot"/>
  <testcase name="Inventory.store.BufferedM2MComputation Ext object should be a valid Ext object" time="0" classname="PhantomJS_2_1_1_(Windows_8_0_0_0).Inventory.store.BufferedM2MComputation"/>
  <testcase name="Inventory.store.BufferedM2MComputation Ext object should have an alias of &quot;store.icbufferedm2mcomputation&quot;" time="0" classname="PhantomJS_2_1_1_(Windows_8_0_0_0).Inventory.store.BufferedM2MComputation"/>
  <testcase name="Inventory.store.BufferedM2MComputation Ext object config should have a storeId of &quot;BufferedM2MComputation" time="0" classname="PhantomJS_2_1_1_(Windows_8_0_0_0).Inventory.store.BufferedM2MComputation"/>
  <testcase name="Inventory.store.BufferedM2MComputation Ext object config model should exists" time="0.001" classname="PhantomJS_2_1_1_(Windows_8_0_0_0).Inventory.store.BufferedM2MComputation"/>
  <testcase name="Inventory.store.BufferedM2MComputation Ext object config model should have a model named &quot;Inventory.model.M2MComputation&quot;" time="0" classname="PhantomJS_2_1_1_(Windows_8_0_0_0).Inventory.store.BufferedM2MComputation"/>
  <testcase name="Inventory.store.BufferedM2MComputation Ext object config proxy should have a proxy" time="0.001" classname="PhantomJS_2_1_1_(Windows_8_0_0_0).Inventory.store.BufferedM2MComputation"/>
  <testcase name="Inventory.store.BufferedM2MComputation Ext object config proxy should be of type &quot;rest&quot;" time="0" classname="PhantomJS_2_1_1_(Windows_8_0_0_0).Inventory.store.BufferedM2MComputation"/>
  <testcase name="Inventory.store.BufferedM2MComputation Ext object config proxy api should have the correct api URIs" time="0" classname="PhantomJS_2_1_1_(Windows_8_0_0_0).Inventory.store.BufferedM2MComputation"/>
  <testcase name="Inventory.store.BufferedM2MComputation Ext object config proxy api &quot;read&quot; URI should be &quot;./inventory/api/m2mcomputation/search&quot;" time="0" classname="PhantomJS_2_1_1_(Windows_8_0_0_0).Inventory.store.BufferedM2MComputation"/>
  <testcase name="Inventory.store.BufferedManufacturer Ext object should be a valid Ext object" time="0" classname="PhantomJS_2_1_1_(Windows_8_0_0_0).Inventory.store.BufferedManufacturer"/>
  <testcase name="Inventory.store.BufferedManufacturer Ext object should have an alias of &quot;store.icbufferedmanufacturer&quot;" time="0" classname="PhantomJS_2_1_1_(Windows_8_0_0_0).Inventory.store.BufferedManufacturer"/>
  <testcase name="Inventory.store.BufferedManufacturer Ext object config should have a storeId of &quot;BufferedManufacturer" time="0" classname="PhantomJS_2_1_1_(Windows_8_0_0_0).Inventory.store.BufferedManufacturer"/>
  <testcase name="Inventory.store.BufferedManufacturer Ext object config model should exists" time="0" classname="PhantomJS_2_1_1_(Windows_8_0_0_0).Inventory.store.BufferedManufacturer"/>
  <testcase name="Inventory.store.BufferedManufacturer Ext object config model should have a model named &quot;Inventory.model.Manufacturer&quot;" time="0" classname="PhantomJS_2_1_1_(Windows_8_0_0_0).Inventory.store.BufferedManufacturer"/>
  <testcase name="Inventory.store.BufferedManufacturer Ext object config proxy should have a proxy" time="0.001" classname="PhantomJS_2_1_1_(Windows_8_0_0_0).Inventory.store.BufferedManufacturer"/>
  <testcase name="Inventory.store.BufferedManufacturer Ext object config proxy should be of type &quot;rest&quot;" time="0" classname="PhantomJS_2_1_1_(Windows_8_0_0_0).Inventory.store.BufferedManufacturer"/>
  <testcase name="Inventory.store.BufferedManufacturer Ext object config proxy api should have the correct api URIs" time="0.001" classname="PhantomJS_2_1_1_(Windows_8_0_0_0).Inventory.store.BufferedManufacturer"/>
  <testcase name="Inventory.store.BufferedManufacturer Ext object config proxy api &quot;read&quot; URI should be &quot;./inventory/api/manufacturer/search&quot;" time="0" classname="PhantomJS_2_1_1_(Windows_8_0_0_0).Inventory.store.BufferedManufacturer"/>
  <testcase name="Inventory.store.BufferedManufacturingCell Ext object should be a valid Ext object" time="0.001" classname="PhantomJS_2_1_1_(Windows_8_0_0_0).Inventory.store.BufferedManufacturingCell"/>
  <testcase name="Inventory.store.BufferedManufacturingCell Ext object should have an alias of &quot;store.icbufferedmanufacturingcell&quot;" time="0" classname="PhantomJS_2_1_1_(Windows_8_0_0_0).Inventory.store.BufferedManufacturingCell"/>
  <testcase name="Inventory.store.BufferedManufacturingCell Ext object config should have a storeId of &quot;BufferedManufacturingCell" time="0.001" classname="PhantomJS_2_1_1_(Windows_8_0_0_0).Inventory.store.BufferedManufacturingCell"/>
  <testcase name="Inventory.store.BufferedManufacturingCell Ext object config model should exists" time="0" classname="PhantomJS_2_1_1_(Windows_8_0_0_0).Inventory.store.BufferedManufacturingCell"/>
  <testcase name="Inventory.store.BufferedManufacturingCell Ext object config model should have a model named &quot;Inventory.model.ManufacturingCell&quot;" time="0" classname="PhantomJS_2_1_1_(Windows_8_0_0_0).Inventory.store.BufferedManufacturingCell"/>
  <testcase name="Inventory.store.BufferedManufacturingCell Ext object config proxy should have a proxy" time="0.001" classname="PhantomJS_2_1_1_(Windows_8_0_0_0).Inventory.store.BufferedManufacturingCell"/>
  <testcase name="Inventory.store.BufferedManufacturingCell Ext object config proxy should be of type &quot;rest&quot;" time="0" classname="PhantomJS_2_1_1_(Windows_8_0_0_0).Inventory.store.BufferedManufacturingCell"/>
  <testcase name="Inventory.store.BufferedManufacturingCell Ext object config proxy api should have the correct api URIs" time="0" classname="PhantomJS_2_1_1_(Windows_8_0_0_0).Inventory.store.BufferedManufacturingCell"/>
  <testcase name="Inventory.store.BufferedManufacturingCell Ext object config proxy api &quot;read&quot; URI should be &quot;./inventory/api/manufacturingcell/search&quot;" time="0" classname="PhantomJS_2_1_1_(Windows_8_0_0_0).Inventory.store.BufferedManufacturingCell"/>
  <testcase name="Inventory.store.BufferedMaterialNMFC Ext object should be a valid Ext object" time="0" classname="PhantomJS_2_1_1_(Windows_8_0_0_0).Inventory.store.BufferedMaterialNMFC"/>
  <testcase name="Inventory.store.BufferedMaterialNMFC Ext object should have an alias of &quot;store.icbufferedmaterialnmfc&quot;" time="0" classname="PhantomJS_2_1_1_(Windows_8_0_0_0).Inventory.store.BufferedMaterialNMFC"/>
  <testcase name="Inventory.store.BufferedMaterialNMFC Ext object config should have a storeId of &quot;BufferedMaterialNMFC" time="0" classname="PhantomJS_2_1_1_(Windows_8_0_0_0).Inventory.store.BufferedMaterialNMFC"/>
  <testcase name="Inventory.store.BufferedMaterialNMFC Ext object config model should exists" time="0" classname="PhantomJS_2_1_1_(Windows_8_0_0_0).Inventory.store.BufferedMaterialNMFC"/>
  <testcase name="Inventory.store.BufferedMaterialNMFC Ext object config model should have a model named &quot;Inventory.model.MaterialNMFC&quot;" time="0" classname="PhantomJS_2_1_1_(Windows_8_0_0_0).Inventory.store.BufferedMaterialNMFC"/>
  <testcase name="Inventory.store.BufferedMaterialNMFC Ext object config proxy should have a proxy" time="0" classname="PhantomJS_2_1_1_(Windows_8_0_0_0).Inventory.store.BufferedMaterialNMFC"/>
  <testcase name="Inventory.store.BufferedMaterialNMFC Ext object config proxy should be of type &quot;rest&quot;" time="0" classname="PhantomJS_2_1_1_(Windows_8_0_0_0).Inventory.store.BufferedMaterialNMFC"/>
  <testcase name="Inventory.store.BufferedMaterialNMFC Ext object config proxy api should have the correct api URIs" time="0" classname="PhantomJS_2_1_1_(Windows_8_0_0_0).Inventory.store.BufferedMaterialNMFC"/>
  <testcase name="Inventory.store.BufferedMaterialNMFC Ext object config proxy api &quot;read&quot; URI should be &quot;./inventory/api/materialnmfc/search&quot;" time="0.001" classname="PhantomJS_2_1_1_(Windows_8_0_0_0).Inventory.store.BufferedMaterialNMFC"/>
  <testcase name="Inventory.store.BufferedMeasurement Ext object should be a valid Ext object" time="0.001" classname="PhantomJS_2_1_1_(Windows_8_0_0_0).Inventory.store.BufferedMeasurement"/>
  <testcase name="Inventory.store.BufferedMeasurement Ext object should have an alias of &quot;store.icbufferedmeasurement&quot;" time="0" classname="PhantomJS_2_1_1_(Windows_8_0_0_0).Inventory.store.BufferedMeasurement"/>
  <testcase name="Inventory.store.BufferedMeasurement Ext object config should have a storeId of &quot;BufferedMeasurement" time="0" classname="PhantomJS_2_1_1_(Windows_8_0_0_0).Inventory.store.BufferedMeasurement"/>
  <testcase name="Inventory.store.BufferedMeasurement Ext object config model should exists" time="0" classname="PhantomJS_2_1_1_(Windows_8_0_0_0).Inventory.store.BufferedMeasurement"/>
  <testcase name="Inventory.store.BufferedMeasurement Ext object config model should have a model named &quot;Inventory.model.Measurement&quot;" time="0" classname="PhantomJS_2_1_1_(Windows_8_0_0_0).Inventory.store.BufferedMeasurement"/>
  <testcase name="Inventory.store.BufferedMeasurement Ext object config proxy should have a proxy" time="0" classname="PhantomJS_2_1_1_(Windows_8_0_0_0).Inventory.store.BufferedMeasurement"/>
  <testcase name="Inventory.store.BufferedMeasurement Ext object config proxy should be of type &quot;rest&quot;" time="0" classname="PhantomJS_2_1_1_(Windows_8_0_0_0).Inventory.store.BufferedMeasurement"/>
  <testcase name="Inventory.store.BufferedMeasurement Ext object config proxy api should have the correct api URIs" time="0" classname="PhantomJS_2_1_1_(Windows_8_0_0_0).Inventory.store.BufferedMeasurement"/>
  <testcase name="Inventory.store.BufferedMeasurement Ext object config proxy api &quot;read&quot; URI should be &quot;./inventory/api/measurement/search&quot;" time="0" classname="PhantomJS_2_1_1_(Windows_8_0_0_0).Inventory.store.BufferedMeasurement"/>
  <testcase name="Inventory.store.BufferedOriginAttribute Ext object should be a valid Ext object" time="0" classname="PhantomJS_2_1_1_(Windows_8_0_0_0).Inventory.store.BufferedOriginAttribute"/>
  <testcase name="Inventory.store.BufferedOriginAttribute Ext object should have an alias of &quot;store.icbufferedoriginattribute&quot;" time="0" classname="PhantomJS_2_1_1_(Windows_8_0_0_0).Inventory.store.BufferedOriginAttribute"/>
  <testcase name="Inventory.store.BufferedOriginAttribute Ext object config should have a storeId of &quot;BufferedOriginAttribute" time="0" classname="PhantomJS_2_1_1_(Windows_8_0_0_0).Inventory.store.BufferedOriginAttribute"/>
  <testcase name="Inventory.store.BufferedOriginAttribute Ext object config model should exists" time="0" classname="PhantomJS_2_1_1_(Windows_8_0_0_0).Inventory.store.BufferedOriginAttribute"/>
  <testcase name="Inventory.store.BufferedOriginAttribute Ext object config model should have a model named &quot;Inventory.model.CommodityOrigin&quot;" time="0" classname="PhantomJS_2_1_1_(Windows_8_0_0_0).Inventory.store.BufferedOriginAttribute"/>
  <testcase name="Inventory.store.BufferedOriginAttribute Ext object config proxy should have a proxy" time="0" classname="PhantomJS_2_1_1_(Windows_8_0_0_0).Inventory.store.BufferedOriginAttribute"/>
  <testcase name="Inventory.store.BufferedOriginAttribute Ext object config proxy should be of type &quot;rest&quot;" time="0" classname="PhantomJS_2_1_1_(Windows_8_0_0_0).Inventory.store.BufferedOriginAttribute"/>
  <testcase name="Inventory.store.BufferedOriginAttribute Ext object config proxy api should have the correct api URIs" time="0" classname="PhantomJS_2_1_1_(Windows_8_0_0_0).Inventory.store.BufferedOriginAttribute"/>
  <testcase name="Inventory.store.BufferedOriginAttribute Ext object config proxy api &quot;read&quot; URI should be &quot;./inventory/api/commodityattribute/searchoriginattributes&quot;" time="0" classname="PhantomJS_2_1_1_(Windows_8_0_0_0).Inventory.store.BufferedOriginAttribute"/>
  <testcase name="Inventory.store.BufferedOtherCharges Ext object should be a valid Ext object" time="0" classname="PhantomJS_2_1_1_(Windows_8_0_0_0).Inventory.store.BufferedOtherCharges"/>
  <testcase name="Inventory.store.BufferedOtherCharges Ext object should have an alias of &quot;store.icbufferedothercharges&quot;" time="0" classname="PhantomJS_2_1_1_(Windows_8_0_0_0).Inventory.store.BufferedOtherCharges"/>
  <testcase name="Inventory.store.BufferedOtherCharges Ext object config should have a storeId of &quot;BufferedOtherCharges" time="0" classname="PhantomJS_2_1_1_(Windows_8_0_0_0).Inventory.store.BufferedOtherCharges"/>
  <testcase name="Inventory.store.BufferedOtherCharges Ext object config model should exists" time="0" classname="PhantomJS_2_1_1_(Windows_8_0_0_0).Inventory.store.BufferedOtherCharges"/>
  <testcase name="Inventory.store.BufferedOtherCharges Ext object config model should have a model named &quot;Inventory.model.CompactItem&quot;" time="0" classname="PhantomJS_2_1_1_(Windows_8_0_0_0).Inventory.store.BufferedOtherCharges"/>
  <testcase name="Inventory.store.BufferedOtherCharges Ext object config proxy should have a proxy" time="0" classname="PhantomJS_2_1_1_(Windows_8_0_0_0).Inventory.store.BufferedOtherCharges"/>
  <testcase name="Inventory.store.BufferedOtherCharges Ext object config proxy should be of type &quot;rest&quot;" time="0" classname="PhantomJS_2_1_1_(Windows_8_0_0_0).Inventory.store.BufferedOtherCharges"/>
  <testcase name="Inventory.store.BufferedOtherCharges Ext object config proxy api should have the correct api URIs" time="0.001" classname="PhantomJS_2_1_1_(Windows_8_0_0_0).Inventory.store.BufferedOtherCharges"/>
  <testcase name="Inventory.store.BufferedOtherCharges Ext object config proxy api &quot;read&quot; URI should be &quot;./inventory/api/item/searchothercharges&quot;" time="0" classname="PhantomJS_2_1_1_(Windows_8_0_0_0).Inventory.store.BufferedOtherCharges"/>
  <testcase name="Inventory.store.BufferedPackedUOM Ext object should be a valid Ext object" time="0" classname="PhantomJS_2_1_1_(Windows_8_0_0_0).Inventory.store.BufferedPackedUOM"/>
  <testcase name="Inventory.store.BufferedPackedUOM Ext object should have an alias of &quot;store.icbufferedpackeduom&quot;" time="0" classname="PhantomJS_2_1_1_(Windows_8_0_0_0).Inventory.store.BufferedPackedUOM"/>
  <testcase name="Inventory.store.BufferedPackedUOM Ext object config should have a storeId of &quot;BufferedPackedUOM" time="0" classname="PhantomJS_2_1_1_(Windows_8_0_0_0).Inventory.store.BufferedPackedUOM"/>
  <testcase name="Inventory.store.BufferedPackedUOM Ext object config model should exists" time="0" classname="PhantomJS_2_1_1_(Windows_8_0_0_0).Inventory.store.BufferedPackedUOM"/>
  <testcase name="Inventory.store.BufferedPackedUOM Ext object config model should have a model named &quot;Inventory.model.PackedUOM&quot;" time="0" classname="PhantomJS_2_1_1_(Windows_8_0_0_0).Inventory.store.BufferedPackedUOM"/>
  <testcase name="Inventory.store.BufferedPackedUOM Ext object config proxy should have a proxy" time="0" classname="PhantomJS_2_1_1_(Windows_8_0_0_0).Inventory.store.BufferedPackedUOM"/>
  <testcase name="Inventory.store.BufferedPackedUOM Ext object config proxy should be of type &quot;rest&quot;" time="0" classname="PhantomJS_2_1_1_(Windows_8_0_0_0).Inventory.store.BufferedPackedUOM"/>
  <testcase name="Inventory.store.BufferedPackedUOM Ext object config proxy api should have the correct api URIs" time="0" classname="PhantomJS_2_1_1_(Windows_8_0_0_0).Inventory.store.BufferedPackedUOM"/>
  <testcase name="Inventory.store.BufferedPackedUOM Ext object config proxy api &quot;read&quot; URI should be &quot;./inventory/api/unitmeasure/searchpackeduoms&quot;" time="0" classname="PhantomJS_2_1_1_(Windows_8_0_0_0).Inventory.store.BufferedPackedUOM"/>
  <testcase name="Inventory.store.BufferedParentLot Ext object should be a valid Ext object" time="0" classname="PhantomJS_2_1_1_(Windows_8_0_0_0).Inventory.store.BufferedParentLot"/>
  <testcase name="Inventory.store.BufferedParentLot Ext object should have an alias of &quot;store.icbufferedparentlot&quot;" time="0" classname="PhantomJS_2_1_1_(Windows_8_0_0_0).Inventory.store.BufferedParentLot"/>
  <testcase name="Inventory.store.BufferedParentLot Ext object config should have a storeId of &quot;BufferedParentLot" time="0" classname="PhantomJS_2_1_1_(Windows_8_0_0_0).Inventory.store.BufferedParentLot"/>
  <testcase name="Inventory.store.BufferedParentLot Ext object config model should exists" time="0" classname="PhantomJS_2_1_1_(Windows_8_0_0_0).Inventory.store.BufferedParentLot"/>
  <testcase name="Inventory.store.BufferedParentLot Ext object config model should have a model named &quot;Inventory.model.ParentLot&quot;" time="0.001" classname="PhantomJS_2_1_1_(Windows_8_0_0_0).Inventory.store.BufferedParentLot"/>
  <testcase name="Inventory.store.BufferedParentLot Ext object config proxy should have a proxy" time="0" classname="PhantomJS_2_1_1_(Windows_8_0_0_0).Inventory.store.BufferedParentLot"/>
  <testcase name="Inventory.store.BufferedParentLot Ext object config proxy should be of type &quot;rest&quot;" time="0" classname="PhantomJS_2_1_1_(Windows_8_0_0_0).Inventory.store.BufferedParentLot"/>
  <testcase name="Inventory.store.BufferedParentLot Ext object config proxy api should have the correct api URIs" time="0" classname="PhantomJS_2_1_1_(Windows_8_0_0_0).Inventory.store.BufferedParentLot"/>
  <testcase name="Inventory.store.BufferedParentLot Ext object config proxy api &quot;read&quot; URI should be &quot;./inventory/api/parentlot/search&quot;" time="0" classname="PhantomJS_2_1_1_(Windows_8_0_0_0).Inventory.store.BufferedParentLot"/>
  <testcase name="Inventory.store.BufferedPostedLot Ext object should be a valid Ext object" time="0.001" classname="PhantomJS_2_1_1_(Windows_8_0_0_0).Inventory.store.BufferedPostedLot"/>
  <testcase name="Inventory.store.BufferedPostedLot Ext object should have an alias of &quot;store.icbufferedpostedlot&quot;" time="0" classname="PhantomJS_2_1_1_(Windows_8_0_0_0).Inventory.store.BufferedPostedLot"/>
  <testcase name="Inventory.store.BufferedPostedLot Ext object config should have a storeId of &quot;BufferedPostedLot" time="0.001" classname="PhantomJS_2_1_1_(Windows_8_0_0_0).Inventory.store.BufferedPostedLot"/>
  <testcase name="Inventory.store.BufferedPostedLot Ext object config model should exists" time="0" classname="PhantomJS_2_1_1_(Windows_8_0_0_0).Inventory.store.BufferedPostedLot"/>
  <testcase name="Inventory.store.BufferedPostedLot Ext object config model should have a model named &quot;Inventory.model.Lot&quot;" time="0" classname="PhantomJS_2_1_1_(Windows_8_0_0_0).Inventory.store.BufferedPostedLot"/>
  <testcase name="Inventory.store.BufferedPostedLot Ext object config proxy should have a proxy" time="0" classname="PhantomJS_2_1_1_(Windows_8_0_0_0).Inventory.store.BufferedPostedLot"/>
  <testcase name="Inventory.store.BufferedPostedLot Ext object config proxy should be of type &quot;rest&quot;" time="0" classname="PhantomJS_2_1_1_(Windows_8_0_0_0).Inventory.store.BufferedPostedLot"/>
  <testcase name="Inventory.store.BufferedPostedLot Ext object config proxy api should have the correct api URIs" time="0" classname="PhantomJS_2_1_1_(Windows_8_0_0_0).Inventory.store.BufferedPostedLot"/>
  <testcase name="Inventory.store.BufferedPostedLot Ext object config proxy api &quot;read&quot; URI should be &quot;./inventory/api/inventoryadjustment/searchpostedlots&quot;" time="0" classname="PhantomJS_2_1_1_(Windows_8_0_0_0).Inventory.store.BufferedPostedLot"/>
  <testcase name="Inventory.store.BufferedProductLineAttribute Ext object should be a valid Ext object" time="0.001" classname="PhantomJS_2_1_1_(Windows_8_0_0_0).Inventory.store.BufferedProductLineAttribute"/>
  <testcase name="Inventory.store.BufferedProductLineAttribute Ext object should have an alias of &quot;store.icbufferedproductlineattribute&quot;" time="0" classname="PhantomJS_2_1_1_(Windows_8_0_0_0).Inventory.store.BufferedProductLineAttribute"/>
  <testcase name="Inventory.store.BufferedProductLineAttribute Ext object config should have a storeId of &quot;CommodityProductLine" time="0" classname="PhantomJS_2_1_1_(Windows_8_0_0_0).Inventory.store.BufferedProductLineAttribute"/>
  <testcase name="Inventory.store.BufferedProductLineAttribute Ext object config model should exists" time="0" classname="PhantomJS_2_1_1_(Windows_8_0_0_0).Inventory.store.BufferedProductLineAttribute"/>
  <testcase name="Inventory.store.BufferedProductLineAttribute Ext object config model should have a model named &quot;Inventory.model.CommodityProductLine&quot;" time="0" classname="PhantomJS_2_1_1_(Windows_8_0_0_0).Inventory.store.BufferedProductLineAttribute"/>
  <testcase name="Inventory.store.BufferedProductLineAttribute Ext object config proxy should have a proxy" time="0" classname="PhantomJS_2_1_1_(Windows_8_0_0_0).Inventory.store.BufferedProductLineAttribute"/>
  <testcase name="Inventory.store.BufferedProductLineAttribute Ext object config proxy should be of type &quot;rest&quot;" time="0" classname="PhantomJS_2_1_1_(Windows_8_0_0_0).Inventory.store.BufferedProductLineAttribute"/>
  <testcase name="Inventory.store.BufferedProductLineAttribute Ext object config proxy api should have the correct api URIs" time="0" classname="PhantomJS_2_1_1_(Windows_8_0_0_0).Inventory.store.BufferedProductLineAttribute"/>
  <testcase name="Inventory.store.BufferedProductLineAttribute Ext object config proxy api &quot;read&quot; URI should be &quot;./inventory/api/commodityattribute/searchproductlineattributes&quot;" time="0" classname="PhantomJS_2_1_1_(Windows_8_0_0_0).Inventory.store.BufferedProductLineAttribute"/>
  <testcase name="Inventory.store.BufferedProductTypeAttribute Ext object should be a valid Ext object" time="0" classname="PhantomJS_2_1_1_(Windows_8_0_0_0).Inventory.store.BufferedProductTypeAttribute"/>
  <testcase name="Inventory.store.BufferedProductTypeAttribute Ext object should have an alias of &quot;store.icbufferedproducttypeattribute&quot;" time="0" classname="PhantomJS_2_1_1_(Windows_8_0_0_0).Inventory.store.BufferedProductTypeAttribute"/>
  <testcase name="Inventory.store.BufferedProductTypeAttribute Ext object config should have a storeId of &quot;BufferedProductTypeAttribute" time="0" classname="PhantomJS_2_1_1_(Windows_8_0_0_0).Inventory.store.BufferedProductTypeAttribute"/>
  <testcase name="Inventory.store.BufferedProductTypeAttribute Ext object config model should exists" time="0" classname="PhantomJS_2_1_1_(Windows_8_0_0_0).Inventory.store.BufferedProductTypeAttribute"/>
  <testcase name="Inventory.store.BufferedProductTypeAttribute Ext object config model should have a model named &quot;Inventory.model.CommodityProductType&quot;" time="0" classname="PhantomJS_2_1_1_(Windows_8_0_0_0).Inventory.store.BufferedProductTypeAttribute"/>
  <testcase name="Inventory.store.BufferedProductTypeAttribute Ext object config proxy should have a proxy" time="0" classname="PhantomJS_2_1_1_(Windows_8_0_0_0).Inventory.store.BufferedProductTypeAttribute"/>
  <testcase name="Inventory.store.BufferedProductTypeAttribute Ext object config proxy should be of type &quot;rest&quot;" time="0" classname="PhantomJS_2_1_1_(Windows_8_0_0_0).Inventory.store.BufferedProductTypeAttribute"/>
  <testcase name="Inventory.store.BufferedProductTypeAttribute Ext object config proxy api should have the correct api URIs" time="0.001" classname="PhantomJS_2_1_1_(Windows_8_0_0_0).Inventory.store.BufferedProductTypeAttribute"/>
  <testcase name="Inventory.store.BufferedProductTypeAttribute Ext object config proxy api &quot;read&quot; URI should be &quot;./inventory/api/commodityattribute/searchproducttypeattributes&quot;" time="0" classname="PhantomJS_2_1_1_(Windows_8_0_0_0).Inventory.store.BufferedProductTypeAttribute"/>
  <testcase name="Inventory.store.BufferedProductionProcess Ext object should be a valid Ext object" time="0" classname="PhantomJS_2_1_1_(Windows_8_0_0_0).Inventory.store.BufferedProductionProcess"/>
  <testcase name="Inventory.store.BufferedProductionProcess Ext object should have an alias of &quot;store.icbufferedproductionprocess&quot;" time="0" classname="PhantomJS_2_1_1_(Windows_8_0_0_0).Inventory.store.BufferedProductionProcess"/>
  <testcase name="Inventory.store.BufferedProductionProcess Ext object config should have a storeId of &quot;BufferedProductionProcess" time="0" classname="PhantomJS_2_1_1_(Windows_8_0_0_0).Inventory.store.BufferedProductionProcess"/>
  <testcase name="Inventory.store.BufferedProductionProcess Ext object config model should exists" time="0" classname="PhantomJS_2_1_1_(Windows_8_0_0_0).Inventory.store.BufferedProductionProcess"/>
  <testcase name="Inventory.store.BufferedProductionProcess Ext object config model should have a model named &quot;Inventory.model.ProductionProcess&quot;" time="0.001" classname="PhantomJS_2_1_1_(Windows_8_0_0_0).Inventory.store.BufferedProductionProcess"/>
  <testcase name="Inventory.store.BufferedProductionProcess Ext object config proxy should have a proxy" time="0" classname="PhantomJS_2_1_1_(Windows_8_0_0_0).Inventory.store.BufferedProductionProcess"/>
  <testcase name="Inventory.store.BufferedProductionProcess Ext object config proxy should be of type &quot;rest&quot;" time="0" classname="PhantomJS_2_1_1_(Windows_8_0_0_0).Inventory.store.BufferedProductionProcess"/>
  <testcase name="Inventory.store.BufferedProductionProcess Ext object config proxy api should have the correct api URIs" time="0" classname="PhantomJS_2_1_1_(Windows_8_0_0_0).Inventory.store.BufferedProductionProcess"/>
  <testcase name="Inventory.store.BufferedProductionProcess Ext object config proxy api &quot;read&quot; URI should be &quot;./inventory/api/processcode/search&quot;" time="0" classname="PhantomJS_2_1_1_(Windows_8_0_0_0).Inventory.store.BufferedProductionProcess"/>
  <testcase name="Inventory.store.BufferedQAProperty Ext object should be a valid Ext object" time="0" classname="PhantomJS_2_1_1_(Windows_8_0_0_0).Inventory.store.BufferedQAProperty"/>
  <testcase name="Inventory.store.BufferedQAProperty Ext object should have an alias of &quot;store.icbufferedqaproperty&quot;" time="0" classname="PhantomJS_2_1_1_(Windows_8_0_0_0).Inventory.store.BufferedQAProperty"/>
  <testcase name="Inventory.store.BufferedQAProperty Ext object config should have a storeId of &quot;BufferedQAProperty" time="0.001" classname="PhantomJS_2_1_1_(Windows_8_0_0_0).Inventory.store.BufferedQAProperty"/>
  <testcase name="Inventory.store.BufferedQAProperty Ext object config model should exists" time="0" classname="PhantomJS_2_1_1_(Windows_8_0_0_0).Inventory.store.BufferedQAProperty"/>
  <testcase name="Inventory.store.BufferedQAProperty Ext object config model should have a model named &quot;Inventory.model.QAProperty&quot;" time="0" classname="PhantomJS_2_1_1_(Windows_8_0_0_0).Inventory.store.BufferedQAProperty"/>
  <testcase name="Inventory.store.BufferedQAProperty Ext object config proxy should have a proxy" time="0" classname="PhantomJS_2_1_1_(Windows_8_0_0_0).Inventory.store.BufferedQAProperty"/>
  <testcase name="Inventory.store.BufferedQAProperty Ext object config proxy should be of type &quot;rest&quot;" time="0" classname="PhantomJS_2_1_1_(Windows_8_0_0_0).Inventory.store.BufferedQAProperty"/>
  <testcase name="Inventory.store.BufferedQAProperty Ext object config proxy api should have the correct api URIs" time="0" classname="PhantomJS_2_1_1_(Windows_8_0_0_0).Inventory.store.BufferedQAProperty"/>
  <testcase name="Inventory.store.BufferedQAProperty Ext object config proxy api &quot;read&quot; URI should be &quot;./inventory/api/qaproperty/search&quot;" time="0" classname="PhantomJS_2_1_1_(Windows_8_0_0_0).Inventory.store.BufferedQAProperty"/>
  <testcase name="Inventory.store.BufferedReadingPoint Ext object should be a valid Ext object" time="0" classname="PhantomJS_2_1_1_(Windows_8_0_0_0).Inventory.store.BufferedReadingPoint"/>
  <testcase name="Inventory.store.BufferedReadingPoint Ext object should have an alias of &quot;store.icbufferedreadingpoint&quot;" time="0" classname="PhantomJS_2_1_1_(Windows_8_0_0_0).Inventory.store.BufferedReadingPoint"/>
  <testcase name="Inventory.store.BufferedReadingPoint Ext object config should have a storeId of &quot;BufferedReadingPoint" time="0.001" classname="PhantomJS_2_1_1_(Windows_8_0_0_0).Inventory.store.BufferedReadingPoint"/>
  <testcase name="Inventory.store.BufferedReadingPoint Ext object config model should exists" time="0" classname="PhantomJS_2_1_1_(Windows_8_0_0_0).Inventory.store.BufferedReadingPoint"/>
  <testcase name="Inventory.store.BufferedReadingPoint Ext object config model should have a model named &quot;Inventory.model.ReadingPoint&quot;" time="0" classname="PhantomJS_2_1_1_(Windows_8_0_0_0).Inventory.store.BufferedReadingPoint"/>
  <testcase name="Inventory.store.BufferedReadingPoint Ext object config proxy should have a proxy" time="0" classname="PhantomJS_2_1_1_(Windows_8_0_0_0).Inventory.store.BufferedReadingPoint"/>
  <testcase name="Inventory.store.BufferedReadingPoint Ext object config proxy should be of type &quot;rest&quot;" time="0" classname="PhantomJS_2_1_1_(Windows_8_0_0_0).Inventory.store.BufferedReadingPoint"/>
  <testcase name="Inventory.store.BufferedReadingPoint Ext object config proxy api should have the correct api URIs" time="0" classname="PhantomJS_2_1_1_(Windows_8_0_0_0).Inventory.store.BufferedReadingPoint"/>
  <testcase name="Inventory.store.BufferedReadingPoint Ext object config proxy api &quot;read&quot; URI should be &quot;./inventory/api/readingpoint/search&quot;" time="0" classname="PhantomJS_2_1_1_(Windows_8_0_0_0).Inventory.store.BufferedReadingPoint"/>
  <testcase name="Inventory.store.BufferedReceiptItemView Ext object should be a valid Ext object" time="0" classname="PhantomJS_2_1_1_(Windows_8_0_0_0).Inventory.store.BufferedReceiptItemView"/>
  <testcase name="Inventory.store.BufferedReceiptItemView Ext object should have an alias of &quot;store.icbufferedreceiptitemview&quot;" time="0.001" classname="PhantomJS_2_1_1_(Windows_8_0_0_0).Inventory.store.BufferedReceiptItemView"/>
  <testcase name="Inventory.store.BufferedReceiptItemView Ext object config should have a storeId of &quot;BufferedReceiptItemView" time="0" classname="PhantomJS_2_1_1_(Windows_8_0_0_0).Inventory.store.BufferedReceiptItemView"/>
  <testcase name="Inventory.store.BufferedReceiptItemView Ext object config model should exists" time="0.001" classname="PhantomJS_2_1_1_(Windows_8_0_0_0).Inventory.store.BufferedReceiptItemView"/>
  <testcase name="Inventory.store.BufferedReceiptItemView Ext object config model should have a model named &quot;Inventory.model.ReceiptItemView&quot;" time="0" classname="PhantomJS_2_1_1_(Windows_8_0_0_0).Inventory.store.BufferedReceiptItemView"/>
  <testcase name="Inventory.store.BufferedReceiptItemView Ext object config proxy should have a proxy" time="0" classname="PhantomJS_2_1_1_(Windows_8_0_0_0).Inventory.store.BufferedReceiptItemView"/>
  <testcase name="Inventory.store.BufferedReceiptItemView Ext object config proxy should be of type &quot;rest&quot;" time="0.001" classname="PhantomJS_2_1_1_(Windows_8_0_0_0).Inventory.store.BufferedReceiptItemView"/>
  <testcase name="Inventory.store.BufferedReceiptItemView Ext object config proxy api should have the correct api URIs" time="0" classname="PhantomJS_2_1_1_(Windows_8_0_0_0).Inventory.store.BufferedReceiptItemView"/>
  <testcase name="Inventory.store.BufferedReceiptItemView Ext object config proxy api &quot;read&quot; URI should be &quot;./inventory/api/inventoryreceipt/searchreceiptitemview&quot;" time="0" classname="PhantomJS_2_1_1_(Windows_8_0_0_0).Inventory.store.BufferedReceiptItemView"/>
  <testcase name="Inventory.store.BufferedRegionAttribute Ext object should be a valid Ext object" time="0" classname="PhantomJS_2_1_1_(Windows_8_0_0_0).Inventory.store.BufferedRegionAttribute"/>
  <testcase name="Inventory.store.BufferedRegionAttribute Ext object should have an alias of &quot;store.icbufferedregionattribute&quot;" time="0" classname="PhantomJS_2_1_1_(Windows_8_0_0_0).Inventory.store.BufferedRegionAttribute"/>
  <testcase name="Inventory.store.BufferedRegionAttribute Ext object config should have a storeId of &quot;BufferedRegionAttribute" time="0" classname="PhantomJS_2_1_1_(Windows_8_0_0_0).Inventory.store.BufferedRegionAttribute"/>
  <testcase name="Inventory.store.BufferedRegionAttribute Ext object config model should exists" time="0" classname="PhantomJS_2_1_1_(Windows_8_0_0_0).Inventory.store.BufferedRegionAttribute"/>
  <testcase name="Inventory.store.BufferedRegionAttribute Ext object config model should have a model named &quot;Inventory.model.CommodityRegion&quot;" time="0" classname="PhantomJS_2_1_1_(Windows_8_0_0_0).Inventory.store.BufferedRegionAttribute"/>
  <testcase name="Inventory.store.BufferedRegionAttribute Ext object config proxy should have a proxy" time="0" classname="PhantomJS_2_1_1_(Windows_8_0_0_0).Inventory.store.BufferedRegionAttribute"/>
  <testcase name="Inventory.store.BufferedRegionAttribute Ext object config proxy should be of type &quot;rest&quot;" time="0" classname="PhantomJS_2_1_1_(Windows_8_0_0_0).Inventory.store.BufferedRegionAttribute"/>
  <testcase name="Inventory.store.BufferedRegionAttribute Ext object config proxy api should have the correct api URIs" time="0" classname="PhantomJS_2_1_1_(Windows_8_0_0_0).Inventory.store.BufferedRegionAttribute"/>
  <testcase name="Inventory.store.BufferedRegionAttribute Ext object config proxy api &quot;read&quot; URI should be &quot;./inventory/api/commodityattribute/searchregionattributes&quot;" time="0.001" classname="PhantomJS_2_1_1_(Windows_8_0_0_0).Inventory.store.BufferedRegionAttribute"/>
  <testcase name="Inventory.store.BufferedRestriction Ext object should be a valid Ext object" time="0" classname="PhantomJS_2_1_1_(Windows_8_0_0_0).Inventory.store.BufferedRestriction"/>
  <testcase name="Inventory.store.BufferedRestriction Ext object should have an alias of &quot;store.icbufferedrestriction&quot;" time="0" classname="PhantomJS_2_1_1_(Windows_8_0_0_0).Inventory.store.BufferedRestriction"/>
  <testcase name="Inventory.store.BufferedRestriction Ext object config should have a storeId of &quot;BufferedRestriction" time="0" classname="PhantomJS_2_1_1_(Windows_8_0_0_0).Inventory.store.BufferedRestriction"/>
  <testcase name="Inventory.store.BufferedRestriction Ext object config model should exists" time="0" classname="PhantomJS_2_1_1_(Windows_8_0_0_0).Inventory.store.BufferedRestriction"/>
  <testcase name="Inventory.store.BufferedRestriction Ext object config model should have a model named &quot;Inventory.model.Restriction&quot;" time="0" classname="PhantomJS_2_1_1_(Windows_8_0_0_0).Inventory.store.BufferedRestriction"/>
  <testcase name="Inventory.store.BufferedRestriction Ext object config proxy should have a proxy" time="0" classname="PhantomJS_2_1_1_(Windows_8_0_0_0).Inventory.store.BufferedRestriction"/>
  <testcase name="Inventory.store.BufferedRestriction Ext object config proxy should be of type &quot;rest&quot;" time="0" classname="PhantomJS_2_1_1_(Windows_8_0_0_0).Inventory.store.BufferedRestriction"/>
  <testcase name="Inventory.store.BufferedRestriction Ext object config proxy api should have the correct api URIs" time="0" classname="PhantomJS_2_1_1_(Windows_8_0_0_0).Inventory.store.BufferedRestriction"/>
  <testcase name="Inventory.store.BufferedRestriction Ext object config proxy api &quot;read&quot; URI should be &quot;./inventory/api/restriction/search&quot;" time="0" classname="PhantomJS_2_1_1_(Windows_8_0_0_0).Inventory.store.BufferedRestriction"/>
  <testcase name="Inventory.store.BufferedSearchLot Ext object should be a valid Ext object" time="0" classname="PhantomJS_2_1_1_(Windows_8_0_0_0).Inventory.store.BufferedSearchLot"/>
  <testcase name="Inventory.store.BufferedSearchLot Ext object should have an alias of &quot;store.icbufferedsearchlot&quot;" time="0" classname="PhantomJS_2_1_1_(Windows_8_0_0_0).Inventory.store.BufferedSearchLot"/>
  <testcase name="Inventory.store.BufferedSearchLot Ext object config should have a storeId of &quot;BufferedSearchLot" time="0.001" classname="PhantomJS_2_1_1_(Windows_8_0_0_0).Inventory.store.BufferedSearchLot"/>
  <testcase name="Inventory.store.BufferedSearchLot Ext object config model should exists" time="0" classname="PhantomJS_2_1_1_(Windows_8_0_0_0).Inventory.store.BufferedSearchLot"/>
  <testcase name="Inventory.store.BufferedSearchLot Ext object config model should have a model named &quot;Inventory.model.Lot&quot;" time="0" classname="PhantomJS_2_1_1_(Windows_8_0_0_0).Inventory.store.BufferedSearchLot"/>
  <testcase name="Inventory.store.BufferedSearchLot Ext object config proxy should have a proxy" time="0" classname="PhantomJS_2_1_1_(Windows_8_0_0_0).Inventory.store.BufferedSearchLot"/>
  <testcase name="Inventory.store.BufferedSearchLot Ext object config proxy should be of type &quot;rest&quot;" time="0" classname="PhantomJS_2_1_1_(Windows_8_0_0_0).Inventory.store.BufferedSearchLot"/>
  <testcase name="Inventory.store.BufferedSearchLot Ext object config proxy api should have the correct api URIs" time="0" classname="PhantomJS_2_1_1_(Windows_8_0_0_0).Inventory.store.BufferedSearchLot"/>
  <testcase name="Inventory.store.BufferedSearchLot Ext object config proxy api &quot;read&quot; URI should be &quot;./inventory/api/lot/searchlots&quot;" time="0.001" classname="PhantomJS_2_1_1_(Windows_8_0_0_0).Inventory.store.BufferedSearchLot"/>
  <testcase name="Inventory.store.BufferedSeasonAttribute Ext object should be a valid Ext object" time="0" classname="PhantomJS_2_1_1_(Windows_8_0_0_0).Inventory.store.BufferedSeasonAttribute"/>
  <testcase name="Inventory.store.BufferedSeasonAttribute Ext object should have an alias of &quot;store.icbufferedseasonattribute&quot;" time="0" classname="PhantomJS_2_1_1_(Windows_8_0_0_0).Inventory.store.BufferedSeasonAttribute"/>
  <testcase name="Inventory.store.BufferedSeasonAttribute Ext object config should have a storeId of &quot;BufferedSeasonAttribute" time="0" classname="PhantomJS_2_1_1_(Windows_8_0_0_0).Inventory.store.BufferedSeasonAttribute"/>
  <testcase name="Inventory.store.BufferedSeasonAttribute Ext object config model should exists" time="0" classname="PhantomJS_2_1_1_(Windows_8_0_0_0).Inventory.store.BufferedSeasonAttribute"/>
  <testcase name="Inventory.store.BufferedSeasonAttribute Ext object config model should have a model named &quot;Inventory.model.CommoditySeason&quot;" time="0.001" classname="PhantomJS_2_1_1_(Windows_8_0_0_0).Inventory.store.BufferedSeasonAttribute"/>
  <testcase name="Inventory.store.BufferedSeasonAttribute Ext object config proxy should have a proxy" time="0" classname="PhantomJS_2_1_1_(Windows_8_0_0_0).Inventory.store.BufferedSeasonAttribute"/>
  <testcase name="Inventory.store.BufferedSeasonAttribute Ext object config proxy should be of type &quot;rest&quot;" time="0" classname="PhantomJS_2_1_1_(Windows_8_0_0_0).Inventory.store.BufferedSeasonAttribute"/>
  <testcase name="Inventory.store.BufferedSeasonAttribute Ext object config proxy api should have the correct api URIs" time="0.001" classname="PhantomJS_2_1_1_(Windows_8_0_0_0).Inventory.store.BufferedSeasonAttribute"/>
  <testcase name="Inventory.store.BufferedSeasonAttribute Ext object config proxy api &quot;read&quot; URI should be &quot;./inventory/api/commodityattribute/searchseasonattributes&quot;" time="0" classname="PhantomJS_2_1_1_(Windows_8_0_0_0).Inventory.store.BufferedSeasonAttribute"/>
  <testcase name="Inventory.store.BufferedSku Ext object should be a valid Ext object" time="0" classname="PhantomJS_2_1_1_(Windows_8_0_0_0).Inventory.store.BufferedSku"/>
  <testcase name="Inventory.store.BufferedSku Ext object should have an alias of &quot;store.icbufferedsku&quot;" time="0" classname="PhantomJS_2_1_1_(Windows_8_0_0_0).Inventory.store.BufferedSku"/>
  <testcase name="Inventory.store.BufferedSku Ext object config should have a storeId of &quot;BufferedSku" time="0" classname="PhantomJS_2_1_1_(Windows_8_0_0_0).Inventory.store.BufferedSku"/>
  <testcase name="Inventory.store.BufferedSku Ext object config model should exists" time="0" classname="PhantomJS_2_1_1_(Windows_8_0_0_0).Inventory.store.BufferedSku"/>
  <testcase name="Inventory.store.BufferedSku Ext object config model should have a model named &quot;Inventory.model.Sku&quot;" time="0" classname="PhantomJS_2_1_1_(Windows_8_0_0_0).Inventory.store.BufferedSku"/>
  <testcase name="Inventory.store.BufferedSku Ext object config proxy should have a proxy" time="0" classname="PhantomJS_2_1_1_(Windows_8_0_0_0).Inventory.store.BufferedSku"/>
  <testcase name="Inventory.store.BufferedSku Ext object config proxy should be of type &quot;rest&quot;" time="0" classname="PhantomJS_2_1_1_(Windows_8_0_0_0).Inventory.store.BufferedSku"/>
  <testcase name="Inventory.store.BufferedSku Ext object config proxy api should have the correct api URIs" time="0" classname="PhantomJS_2_1_1_(Windows_8_0_0_0).Inventory.store.BufferedSku"/>
  <testcase name="Inventory.store.BufferedSku Ext object config proxy api &quot;read&quot; URI should be &quot;./inventory/api/sku/search&quot;" time="0" classname="PhantomJS_2_1_1_(Windows_8_0_0_0).Inventory.store.BufferedSku"/>
  <testcase name="Inventory.store.BufferedStatus Ext object should be a valid Ext object" time="0" classname="PhantomJS_2_1_1_(Windows_8_0_0_0).Inventory.store.BufferedStatus"/>
  <testcase name="Inventory.store.BufferedStatus Ext object should have an alias of &quot;store.icbufferedstatus&quot;" time="0" classname="PhantomJS_2_1_1_(Windows_8_0_0_0).Inventory.store.BufferedStatus"/>
  <testcase name="Inventory.store.BufferedStatus Ext object config should have a storeId of &quot;BufferedStatus" time="0" classname="PhantomJS_2_1_1_(Windows_8_0_0_0).Inventory.store.BufferedStatus"/>
  <testcase name="Inventory.store.BufferedStatus Ext object config model should exists" time="0" classname="PhantomJS_2_1_1_(Windows_8_0_0_0).Inventory.store.BufferedStatus"/>
  <testcase name="Inventory.store.BufferedStatus Ext object config model should have a model named &quot;Inventory.model.Status&quot;" time="0" classname="PhantomJS_2_1_1_(Windows_8_0_0_0).Inventory.store.BufferedStatus"/>
  <testcase name="Inventory.store.BufferedStatus Ext object config proxy should have a proxy" time="0" classname="PhantomJS_2_1_1_(Windows_8_0_0_0).Inventory.store.BufferedStatus"/>
  <testcase name="Inventory.store.BufferedStatus Ext object config proxy should be of type &quot;rest&quot;" time="0" classname="PhantomJS_2_1_1_(Windows_8_0_0_0).Inventory.store.BufferedStatus"/>
  <testcase name="Inventory.store.BufferedStatus Ext object config proxy api should have the correct api URIs" time="0" classname="PhantomJS_2_1_1_(Windows_8_0_0_0).Inventory.store.BufferedStatus"/>
  <testcase name="Inventory.store.BufferedStatus Ext object config proxy api &quot;read&quot; URI should be &quot;./inventory/api/status/search&quot;" time="0" classname="PhantomJS_2_1_1_(Windows_8_0_0_0).Inventory.store.BufferedStatus"/>
  <testcase name="Inventory.store.BufferedStockTrackingItemView Ext object should be a valid Ext object" time="0" classname="PhantomJS_2_1_1_(Windows_8_0_0_0).Inventory.store.BufferedStockTrackingItemView"/>
  <testcase name="Inventory.store.BufferedStockTrackingItemView Ext object should have an alias of &quot;store.icbufferedstocktrackingitemview&quot;" time="0" classname="PhantomJS_2_1_1_(Windows_8_0_0_0).Inventory.store.BufferedStockTrackingItemView"/>
  <testcase name="Inventory.store.BufferedStockTrackingItemView Ext object config should have a storeId of &quot;BufferedStockTrackingItemView" time="0" classname="PhantomJS_2_1_1_(Windows_8_0_0_0).Inventory.store.BufferedStockTrackingItemView"/>
  <testcase name="Inventory.store.BufferedStockTrackingItemView Ext object config model should exists" time="0" classname="PhantomJS_2_1_1_(Windows_8_0_0_0).Inventory.store.BufferedStockTrackingItemView"/>
  <testcase name="Inventory.store.BufferedStockTrackingItemView Ext object config model should have a model named &quot;Inventory.model.ItemStockView&quot;" time="0" classname="PhantomJS_2_1_1_(Windows_8_0_0_0).Inventory.store.BufferedStockTrackingItemView"/>
  <testcase name="Inventory.store.BufferedStockTrackingItemView Ext object config proxy should have a proxy" time="0" classname="PhantomJS_2_1_1_(Windows_8_0_0_0).Inventory.store.BufferedStockTrackingItemView"/>
  <testcase name="Inventory.store.BufferedStockTrackingItemView Ext object config proxy should be of type &quot;rest&quot;" time="0" classname="PhantomJS_2_1_1_(Windows_8_0_0_0).Inventory.store.BufferedStockTrackingItemView"/>
  <testcase name="Inventory.store.BufferedStockTrackingItemView Ext object config proxy api should have the correct api URIs" time="0" classname="PhantomJS_2_1_1_(Windows_8_0_0_0).Inventory.store.BufferedStockTrackingItemView"/>
  <testcase name="Inventory.store.BufferedStockTrackingItemView Ext object config proxy api &quot;read&quot; URI should be &quot;./inventory/api/item/searchstocktrackingitems&quot;" time="0" classname="PhantomJS_2_1_1_(Windows_8_0_0_0).Inventory.store.BufferedStockTrackingItemView"/>
  <testcase name="Inventory.store.BufferedStorageLocation Ext object should be a valid Ext object" time="0" classname="PhantomJS_2_1_1_(Windows_8_0_0_0).Inventory.store.BufferedStorageLocation"/>
  <testcase name="Inventory.store.BufferedStorageLocation Ext object should have an alias of &quot;store.icbufferedstoragelocation&quot;" time="0" classname="PhantomJS_2_1_1_(Windows_8_0_0_0).Inventory.store.BufferedStorageLocation"/>
  <testcase name="Inventory.store.BufferedStorageLocation Ext object config should have a storeId of &quot;BufferedStorageLocation" time="0.001" classname="PhantomJS_2_1_1_(Windows_8_0_0_0).Inventory.store.BufferedStorageLocation"/>
  <testcase name="Inventory.store.BufferedStorageLocation Ext object config model should exists" time="0" classname="PhantomJS_2_1_1_(Windows_8_0_0_0).Inventory.store.BufferedStorageLocation"/>
  <testcase name="Inventory.store.BufferedStorageLocation Ext object config model should have a model named &quot;Inventory.model.StorageLocation&quot;" time="0" classname="PhantomJS_2_1_1_(Windows_8_0_0_0).Inventory.store.BufferedStorageLocation"/>
  <testcase name="Inventory.store.BufferedStorageLocation Ext object config proxy should have a proxy" time="0" classname="PhantomJS_2_1_1_(Windows_8_0_0_0).Inventory.store.BufferedStorageLocation"/>
  <testcase name="Inventory.store.BufferedStorageLocation Ext object config proxy should be of type &quot;rest&quot;" time="0" classname="PhantomJS_2_1_1_(Windows_8_0_0_0).Inventory.store.BufferedStorageLocation"/>
  <testcase name="Inventory.store.BufferedStorageLocation Ext object config proxy api should have the correct api URIs" time="0" classname="PhantomJS_2_1_1_(Windows_8_0_0_0).Inventory.store.BufferedStorageLocation"/>
  <testcase name="Inventory.store.BufferedStorageLocation Ext object config proxy api &quot;read&quot; URI should be &quot;./inventory/api/storagelocation/search&quot;" time="0" classname="PhantomJS_2_1_1_(Windows_8_0_0_0).Inventory.store.BufferedStorageLocation"/>
  <testcase name="Inventory.store.BufferedStorageType Ext object should be a valid Ext object" time="0" classname="PhantomJS_2_1_1_(Windows_8_0_0_0).Inventory.store.BufferedStorageType"/>
  <testcase name="Inventory.store.BufferedStorageType Ext object should have an alias of &quot;store.icbufferedstoragetype&quot;" time="0" classname="PhantomJS_2_1_1_(Windows_8_0_0_0).Inventory.store.BufferedStorageType"/>
  <testcase name="Inventory.store.BufferedStorageType Ext object config should have a storeId of &quot;BufferedStorageType" time="0" classname="PhantomJS_2_1_1_(Windows_8_0_0_0).Inventory.store.BufferedStorageType"/>
  <testcase name="Inventory.store.BufferedStorageType Ext object config model should exists" time="0" classname="PhantomJS_2_1_1_(Windows_8_0_0_0).Inventory.store.BufferedStorageType"/>
  <testcase name="Inventory.store.BufferedStorageType Ext object config model should have a model named &quot;Inventory.model.StorageType&quot;" time="0" classname="PhantomJS_2_1_1_(Windows_8_0_0_0).Inventory.store.BufferedStorageType"/>
  <testcase name="Inventory.store.BufferedStorageType Ext object config proxy should have a proxy" time="0" classname="PhantomJS_2_1_1_(Windows_8_0_0_0).Inventory.store.BufferedStorageType"/>
  <testcase name="Inventory.store.BufferedStorageType Ext object config proxy should be of type &quot;rest&quot;" time="0.001" classname="PhantomJS_2_1_1_(Windows_8_0_0_0).Inventory.store.BufferedStorageType"/>
  <testcase name="Inventory.store.BufferedStorageType Ext object config proxy api should have the correct api URIs" time="0" classname="PhantomJS_2_1_1_(Windows_8_0_0_0).Inventory.store.BufferedStorageType"/>
  <testcase name="Inventory.store.BufferedStorageType Ext object config proxy api &quot;read&quot; URI should be &quot;./inventory/api/storagetype/search&quot;" time="0" classname="PhantomJS_2_1_1_(Windows_8_0_0_0).Inventory.store.BufferedStorageType"/>
  <testcase name="Inventory.store.BufferedStorageUnitStock Ext object should be a valid Ext object" time="0" classname="PhantomJS_2_1_1_(Windows_8_0_0_0).Inventory.store.BufferedStorageUnitStock"/>
  <testcase name="Inventory.store.BufferedStorageUnitStock Ext object should have an alias of &quot;store.icbufferedstorageunitstock&quot;" time="0" classname="PhantomJS_2_1_1_(Windows_8_0_0_0).Inventory.store.BufferedStorageUnitStock"/>
  <testcase name="Inventory.store.BufferedStorageUnitStock Ext object config should have a storeId of &quot;BufferedStorageUnitStock" time="0" classname="PhantomJS_2_1_1_(Windows_8_0_0_0).Inventory.store.BufferedStorageUnitStock"/>
  <testcase name="Inventory.store.BufferedStorageUnitStock Ext object config model should exists" time="0" classname="PhantomJS_2_1_1_(Windows_8_0_0_0).Inventory.store.BufferedStorageUnitStock"/>
  <testcase name="Inventory.store.BufferedStorageUnitStock Ext object config model should have a model named &quot;Inventory.model.StorageUnitStock&quot;" time="0" classname="PhantomJS_2_1_1_(Windows_8_0_0_0).Inventory.store.BufferedStorageUnitStock"/>
  <testcase name="Inventory.store.BufferedStorageUnitStock Ext object config proxy should have a proxy" time="0" classname="PhantomJS_2_1_1_(Windows_8_0_0_0).Inventory.store.BufferedStorageUnitStock"/>
  <testcase name="Inventory.store.BufferedStorageUnitStock Ext object config proxy should be of type &quot;rest&quot;" time="0" classname="PhantomJS_2_1_1_(Windows_8_0_0_0).Inventory.store.BufferedStorageUnitStock"/>
  <testcase name="Inventory.store.BufferedStorageUnitStock Ext object config proxy api should have the correct api URIs" time="0" classname="PhantomJS_2_1_1_(Windows_8_0_0_0).Inventory.store.BufferedStorageUnitStock"/>
  <testcase name="Inventory.store.BufferedStorageUnitStock Ext object config proxy api &quot;read&quot; URI should be &quot;./inventory/api/storagelocation/getstorageunitstock&quot;" time="0" classname="PhantomJS_2_1_1_(Windows_8_0_0_0).Inventory.store.BufferedStorageUnitStock"/>
  <testcase name="Inventory.store.BufferedStorageUnitType Ext object should be a valid Ext object" time="0" classname="PhantomJS_2_1_1_(Windows_8_0_0_0).Inventory.store.BufferedStorageUnitType"/>
  <testcase name="Inventory.store.BufferedStorageUnitType Ext object should have an alias of &quot;store.icbufferedstorageunittype&quot;" time="0" classname="PhantomJS_2_1_1_(Windows_8_0_0_0).Inventory.store.BufferedStorageUnitType"/>
  <testcase name="Inventory.store.BufferedStorageUnitType Ext object config should have a storeId of &quot;BufferedStorageUnitType" time="0" classname="PhantomJS_2_1_1_(Windows_8_0_0_0).Inventory.store.BufferedStorageUnitType"/>
  <testcase name="Inventory.store.BufferedStorageUnitType Ext object config model should exists" time="0" classname="PhantomJS_2_1_1_(Windows_8_0_0_0).Inventory.store.BufferedStorageUnitType"/>
  <testcase name="Inventory.store.BufferedStorageUnitType Ext object config model should have a model named &quot;Inventory.model.StorageUnitType&quot;" time="0" classname="PhantomJS_2_1_1_(Windows_8_0_0_0).Inventory.store.BufferedStorageUnitType"/>
  <testcase name="Inventory.store.BufferedStorageUnitType Ext object config proxy should have a proxy" time="0" classname="PhantomJS_2_1_1_(Windows_8_0_0_0).Inventory.store.BufferedStorageUnitType"/>
  <testcase name="Inventory.store.BufferedStorageUnitType Ext object config proxy should be of type &quot;rest&quot;" time="0" classname="PhantomJS_2_1_1_(Windows_8_0_0_0).Inventory.store.BufferedStorageUnitType"/>
  <testcase name="Inventory.store.BufferedStorageUnitType Ext object config proxy api should have the correct api URIs" time="0" classname="PhantomJS_2_1_1_(Windows_8_0_0_0).Inventory.store.BufferedStorageUnitType"/>
  <testcase name="Inventory.store.BufferedStorageUnitType Ext object config proxy api &quot;read&quot; URI should be &quot;./inventory/api/storageunittype/search&quot;" time="0" classname="PhantomJS_2_1_1_(Windows_8_0_0_0).Inventory.store.BufferedStorageUnitType"/>
  <testcase name="Inventory.store.BufferedUnitMeasure Ext object should be a valid Ext object" time="0.001" classname="PhantomJS_2_1_1_(Windows_8_0_0_0).Inventory.store.BufferedUnitMeasure"/>
  <testcase name="Inventory.store.BufferedUnitMeasure Ext object should have an alias of &quot;store.icbuffereduom&quot;" time="0" classname="PhantomJS_2_1_1_(Windows_8_0_0_0).Inventory.store.BufferedUnitMeasure"/>
  <testcase name="Inventory.store.BufferedUnitMeasure Ext object config should have a storeId of &quot;BufferedUnitMeasure" time="0.001" classname="PhantomJS_2_1_1_(Windows_8_0_0_0).Inventory.store.BufferedUnitMeasure"/>
  <testcase name="Inventory.store.BufferedUnitMeasure Ext object config model should exists" time="0" classname="PhantomJS_2_1_1_(Windows_8_0_0_0).Inventory.store.BufferedUnitMeasure"/>
  <testcase name="Inventory.store.BufferedUnitMeasure Ext object config model should have a model named &quot;Inventory.model.UnitMeasure&quot;" time="0.001" classname="PhantomJS_2_1_1_(Windows_8_0_0_0).Inventory.store.BufferedUnitMeasure"/>
  <testcase name="Inventory.store.BufferedUnitMeasure Ext object config proxy should have a proxy" time="0" classname="PhantomJS_2_1_1_(Windows_8_0_0_0).Inventory.store.BufferedUnitMeasure"/>
  <testcase name="Inventory.store.BufferedUnitMeasure Ext object config proxy should be of type &quot;rest&quot;" time="0.001" classname="PhantomJS_2_1_1_(Windows_8_0_0_0).Inventory.store.BufferedUnitMeasure"/>
  <testcase name="Inventory.store.BufferedUnitMeasure Ext object config proxy api should have the correct api URIs" time="0" classname="PhantomJS_2_1_1_(Windows_8_0_0_0).Inventory.store.BufferedUnitMeasure"/>
  <testcase name="Inventory.store.BufferedUnitMeasure Ext object config proxy api &quot;read&quot; URI should be &quot;./inventory/api/unitmeasure/search&quot;" time="0" classname="PhantomJS_2_1_1_(Windows_8_0_0_0).Inventory.store.BufferedUnitMeasure"/>
  <testcase name="Inventory.store.BufferedValidTargetUOM Ext object should be a valid Ext object" time="0" classname="PhantomJS_2_1_1_(Windows_8_0_0_0).Inventory.store.BufferedValidTargetUOM"/>
  <testcase name="Inventory.store.BufferedValidTargetUOM Ext object should have an alias of &quot;store.icbufferedvalidtargetuom&quot;" time="0" classname="PhantomJS_2_1_1_(Windows_8_0_0_0).Inventory.store.BufferedValidTargetUOM"/>
  <testcase name="Inventory.store.BufferedValidTargetUOM Ext object config should have a storeId of &quot;BufferedUnitMeasure" time="0" classname="PhantomJS_2_1_1_(Windows_8_0_0_0).Inventory.store.BufferedValidTargetUOM"/>
  <testcase name="Inventory.store.BufferedValidTargetUOM Ext object config model should exists" time="0" classname="PhantomJS_2_1_1_(Windows_8_0_0_0).Inventory.store.BufferedValidTargetUOM"/>
  <testcase name="Inventory.store.BufferedValidTargetUOM Ext object config model should have a model named &quot;Inventory.model.UnitMeasure&quot;" time="0" classname="PhantomJS_2_1_1_(Windows_8_0_0_0).Inventory.store.BufferedValidTargetUOM"/>
  <testcase name="Inventory.store.BufferedValidTargetUOM Ext object config proxy should have a proxy" time="0" classname="PhantomJS_2_1_1_(Windows_8_0_0_0).Inventory.store.BufferedValidTargetUOM"/>
  <testcase name="Inventory.store.BufferedValidTargetUOM Ext object config proxy should be of type &quot;rest&quot;" time="0.001" classname="PhantomJS_2_1_1_(Windows_8_0_0_0).Inventory.store.BufferedValidTargetUOM"/>
  <testcase name="Inventory.store.BufferedValidTargetUOM Ext object config proxy api should have the correct api URIs" time="0" classname="PhantomJS_2_1_1_(Windows_8_0_0_0).Inventory.store.BufferedValidTargetUOM"/>
  <testcase name="Inventory.store.BufferedValidTargetUOM Ext object config proxy api &quot;read&quot; URI should be &quot;./inventory/api/unitmeasure/getvalidtargetuom&quot;" time="0" classname="PhantomJS_2_1_1_(Windows_8_0_0_0).Inventory.store.BufferedValidTargetUOM"/>
  <testcase name="Inventory.model.BuildAssemblyDetail Ext object should be a valid Ext object" time="0" classname="PhantomJS_2_1_1_(Windows_8_0_0_0).Inventory.model.BuildAssemblyDetail"/>
  <testcase name="Inventory.model.BuildAssemblyDetail config should exists" time="0" classname="PhantomJS_2_1_1_(Windows_8_0_0_0).Inventory.model.BuildAssemblyDetail"/>
  <testcase name="Inventory.model.BuildAssemblyDetail config should be derived from iRely.BaseEntity" time="0" classname="PhantomJS_2_1_1_(Windows_8_0_0_0).Inventory.model.BuildAssemblyDetail"/>
  <testcase name="Inventory.model.BuildAssemblyDetail config should have an idProperty" time="0" classname="PhantomJS_2_1_1_(Windows_8_0_0_0).Inventory.model.BuildAssemblyDetail"/>
  <testcase name="Inventory.model.BuildAssemblyDetail config fields should have the correct fields" time="0.001" classname="PhantomJS_2_1_1_(Windows_8_0_0_0).Inventory.model.BuildAssemblyDetail"/>
  <testcase name="Inventory.model.BuildAssemblyDetail config fields should have reference model(s)" time="0" classname="PhantomJS_2_1_1_(Windows_8_0_0_0).Inventory.model.BuildAssemblyDetail"/>
  <testcase name="Inventory.model.BuildAssembly Ext object should be a valid Ext object" time="0" classname="PhantomJS_2_1_1_(Windows_8_0_0_0).Inventory.model.BuildAssembly"/>
  <testcase name="Inventory.model.BuildAssembly config should exists" time="0" classname="PhantomJS_2_1_1_(Windows_8_0_0_0).Inventory.model.BuildAssembly"/>
  <testcase name="Inventory.model.BuildAssembly config should be derived from iRely.BaseEntity" time="0" classname="PhantomJS_2_1_1_(Windows_8_0_0_0).Inventory.model.BuildAssembly"/>
  <testcase name="Inventory.model.BuildAssembly config should have an idProperty" time="0" classname="PhantomJS_2_1_1_(Windows_8_0_0_0).Inventory.model.BuildAssembly"/>
  <testcase name="Inventory.model.BuildAssembly config fields should have the correct fields" time="0.003" classname="PhantomJS_2_1_1_(Windows_8_0_0_0).Inventory.model.BuildAssembly"/>
  <testcase name="Inventory.model.BuildAssembly config fields should have reference model(s)" time="0" classname="PhantomJS_2_1_1_(Windows_8_0_0_0).Inventory.model.BuildAssembly"/>
  <testcase name="Inventory.store.BuildAssembly Ext object should be a valid Ext object" time="0" classname="PhantomJS_2_1_1_(Windows_8_0_0_0).Inventory.store.BuildAssembly"/>
  <testcase name="Inventory.store.BuildAssembly Ext object should have an alias of &quot;store.icbuildassembly&quot;" time="0.001" classname="PhantomJS_2_1_1_(Windows_8_0_0_0).Inventory.store.BuildAssembly"/>
  <testcase name="Inventory.store.BuildAssembly Ext object config should have a storeId of &quot;BuildAssembly" time="0" classname="PhantomJS_2_1_1_(Windows_8_0_0_0).Inventory.store.BuildAssembly"/>
  <testcase name="Inventory.store.BuildAssembly Ext object config model should exists" time="0" classname="PhantomJS_2_1_1_(Windows_8_0_0_0).Inventory.store.BuildAssembly"/>
  <testcase name="Inventory.store.BuildAssembly Ext object config model should have a model named &quot;Inventory.model.BuildAssembly&quot;" time="0" classname="PhantomJS_2_1_1_(Windows_8_0_0_0).Inventory.store.BuildAssembly"/>
  <testcase name="Inventory.store.BuildAssembly Ext object config proxy should have a proxy" time="0" classname="PhantomJS_2_1_1_(Windows_8_0_0_0).Inventory.store.BuildAssembly"/>
  <testcase name="Inventory.store.BuildAssembly Ext object config proxy should be of type &quot;rest&quot;" time="0" classname="PhantomJS_2_1_1_(Windows_8_0_0_0).Inventory.store.BuildAssembly"/>
  <testcase name="Inventory.store.BuildAssembly Ext object config proxy api should have the correct api URIs" time="0" classname="PhantomJS_2_1_1_(Windows_8_0_0_0).Inventory.store.BuildAssembly"/>
  <testcase name="Inventory.store.BuildAssembly Ext object config proxy api &quot;create&quot; URI should be &quot;./inventory/api/buildassembly/post&quot;" time="0" classname="PhantomJS_2_1_1_(Windows_8_0_0_0).Inventory.store.BuildAssembly"/>
  <testcase name="Inventory.store.BuildAssembly Ext object config proxy api &quot;read&quot; URI should be &quot;./inventory/api/buildassembly/get&quot;" time="0" classname="PhantomJS_2_1_1_(Windows_8_0_0_0).Inventory.store.BuildAssembly"/>
  <testcase name="Inventory.store.BuildAssembly Ext object config proxy api &quot;update&quot; URI should be &quot;./inventory/api/buildassembly/put&quot;" time="0.001" classname="PhantomJS_2_1_1_(Windows_8_0_0_0).Inventory.store.BuildAssembly"/>
  <testcase name="Inventory.model.BundleComponent Ext object should be a valid Ext object" time="0" classname="PhantomJS_2_1_1_(Windows_8_0_0_0).Inventory.model.BundleComponent"/>
  <testcase name="Inventory.model.BundleComponent config should exists" time="0" classname="PhantomJS_2_1_1_(Windows_8_0_0_0).Inventory.model.BundleComponent"/>
  <testcase name="Inventory.model.BundleComponent config should be derived from iRely.BaseEntity" time="0" classname="PhantomJS_2_1_1_(Windows_8_0_0_0).Inventory.model.BundleComponent"/>
  <testcase name="Inventory.model.BundleComponent config should have an idProperty" time="0.001" classname="PhantomJS_2_1_1_(Windows_8_0_0_0).Inventory.model.BundleComponent"/>
  <testcase name="Inventory.model.BundleComponent config fields should have the correct fields" time="0.002" classname="PhantomJS_2_1_1_(Windows_8_0_0_0).Inventory.model.BundleComponent"/>
  <testcase name="Inventory.model.BundleComponent config fields should have reference model(s)" time="0" classname="PhantomJS_2_1_1_(Windows_8_0_0_0).Inventory.model.BundleComponent"/>
  <testcase name="Inventory.view.BundleViewController should exist" time="0" classname="PhantomJS_2_1_1_(Windows_8_0_0_0).Inventory.view.BundleViewController"/>
  <testcase name="Inventory.view.BundleViewController should be derived from Inventory.view.InventoryBaseViewController" time="0" classname="PhantomJS_2_1_1_(Windows_8_0_0_0).Inventory.view.BundleViewController"/>
  <testcase name="Inventory.view.BundleViewController should have a config" time="0" classname="PhantomJS_2_1_1_(Windows_8_0_0_0).Inventory.view.BundleViewController"/>
  <testcase name="Inventory.view.BundleViewModel should be a valid view model class." time="0" classname="PhantomJS_2_1_1_(Windows_8_0_0_0).Inventory.view.BundleViewModel">
    <skipped/>
  </testcase>
  <testcase name="Inventory.model.CategoryAccount Ext object should be a valid Ext object" time="0" classname="PhantomJS_2_1_1_(Windows_8_0_0_0).Inventory.model.CategoryAccount"/>
  <testcase name="Inventory.model.CategoryAccount config should exists" time="0" classname="PhantomJS_2_1_1_(Windows_8_0_0_0).Inventory.model.CategoryAccount"/>
  <testcase name="Inventory.model.CategoryAccount config should be derived from iRely.BaseEntity" time="0" classname="PhantomJS_2_1_1_(Windows_8_0_0_0).Inventory.model.CategoryAccount"/>
  <testcase name="Inventory.model.CategoryAccount config should have an idProperty" time="0" classname="PhantomJS_2_1_1_(Windows_8_0_0_0).Inventory.model.CategoryAccount"/>
  <testcase name="Inventory.model.CategoryAccount config fields should have the correct fields" time="0.001" classname="PhantomJS_2_1_1_(Windows_8_0_0_0).Inventory.model.CategoryAccount"/>
  <testcase name="Inventory.model.CategoryAccount config fields should have reference model(s)" time="0" classname="PhantomJS_2_1_1_(Windows_8_0_0_0).Inventory.model.CategoryAccount"/>
  <testcase name="Inventory.model.CategoryLocation Ext object should be a valid Ext object" time="0" classname="PhantomJS_2_1_1_(Windows_8_0_0_0).Inventory.model.CategoryLocation"/>
  <testcase name="Inventory.model.CategoryLocation config should exists" time="0" classname="PhantomJS_2_1_1_(Windows_8_0_0_0).Inventory.model.CategoryLocation"/>
  <testcase name="Inventory.model.CategoryLocation config should be derived from iRely.BaseEntity" time="0" classname="PhantomJS_2_1_1_(Windows_8_0_0_0).Inventory.model.CategoryLocation"/>
  <testcase name="Inventory.model.CategoryLocation config should have an idProperty" time="0" classname="PhantomJS_2_1_1_(Windows_8_0_0_0).Inventory.model.CategoryLocation"/>
  <testcase name="Inventory.model.CategoryLocation config fields should have the correct fields" time="0.01" classname="PhantomJS_2_1_1_(Windows_8_0_0_0).Inventory.model.CategoryLocation"/>
  <testcase name="Inventory.model.CategoryLocation config fields should have reference model(s)" time="0" classname="PhantomJS_2_1_1_(Windows_8_0_0_0).Inventory.model.CategoryLocation"/>
  <testcase name="Inventory.store.CategoryLocation Ext object should be a valid Ext object" time="0" classname="PhantomJS_2_1_1_(Windows_8_0_0_0).Inventory.store.CategoryLocation"/>
  <testcase name="Inventory.store.CategoryLocation Ext object should have an alias of &quot;store.iccategorylocation&quot;" time="0.001" classname="PhantomJS_2_1_1_(Windows_8_0_0_0).Inventory.store.CategoryLocation"/>
  <testcase name="Inventory.store.CategoryLocation Ext object config should have a storeId of &quot;CategoryLocation" time="0" classname="PhantomJS_2_1_1_(Windows_8_0_0_0).Inventory.store.CategoryLocation"/>
  <testcase name="Inventory.store.CategoryLocation Ext object config model should exists" time="0" classname="PhantomJS_2_1_1_(Windows_8_0_0_0).Inventory.store.CategoryLocation"/>
  <testcase name="Inventory.store.CategoryLocation Ext object config model should have a model named &quot;Inventory.model.CategoryLocation&quot;" time="0" classname="PhantomJS_2_1_1_(Windows_8_0_0_0).Inventory.store.CategoryLocation"/>
  <testcase name="Inventory.store.CategoryLocation Ext object config proxy should have a proxy" time="0" classname="PhantomJS_2_1_1_(Windows_8_0_0_0).Inventory.store.CategoryLocation"/>
  <testcase name="Inventory.store.CategoryLocation Ext object config proxy should be of type &quot;rest&quot;" time="0.001" classname="PhantomJS_2_1_1_(Windows_8_0_0_0).Inventory.store.CategoryLocation"/>
  <testcase name="Inventory.store.CategoryLocation Ext object config proxy api should have the correct api URIs" time="0" classname="PhantomJS_2_1_1_(Windows_8_0_0_0).Inventory.store.CategoryLocation"/>
  <testcase name="Inventory.store.CategoryLocation Ext object config proxy api &quot;create&quot; URI should be &quot;./inventory/api/categorylocation/post&quot;" time="0.001" classname="PhantomJS_2_1_1_(Windows_8_0_0_0).Inventory.store.CategoryLocation"/>
  <testcase name="Inventory.store.CategoryLocation Ext object config proxy api &quot;read&quot; URI should be &quot;./inventory/api/categorylocation/getcategorylocation&quot;" time="0" classname="PhantomJS_2_1_1_(Windows_8_0_0_0).Inventory.store.CategoryLocation"/>
  <testcase name="Inventory.store.CategoryLocation Ext object config proxy api &quot;update&quot; URI should be &quot;./inventory/api/categorylocation/put&quot;" time="0" classname="PhantomJS_2_1_1_(Windows_8_0_0_0).Inventory.store.CategoryLocation"/>
  <testcase name="Inventory.view.CategoryLocationViewController should exist" time="0" classname="PhantomJS_2_1_1_(Windows_8_0_0_0).Inventory.view.CategoryLocationViewController"/>
  <testcase name="Inventory.view.CategoryLocationViewController should be derived from Ext.app.ViewController" time="0" classname="PhantomJS_2_1_1_(Windows_8_0_0_0).Inventory.view.CategoryLocationViewController"/>
  <testcase name="Inventory.view.CategoryLocationViewController should have a config" time="0" classname="PhantomJS_2_1_1_(Windows_8_0_0_0).Inventory.view.CategoryLocationViewController"/>
  <testcase name="Inventory.view.CategoryLocationViewModel should be a valid view model class." time="0" classname="PhantomJS_2_1_1_(Windows_8_0_0_0).Inventory.view.CategoryLocationViewModel">
    <skipped/>
  </testcase>
  <testcase name="Inventory.model.CategoryTax Ext object should be a valid Ext object" time="0" classname="PhantomJS_2_1_1_(Windows_8_0_0_0).Inventory.model.CategoryTax"/>
  <testcase name="Inventory.model.CategoryTax config should exists" time="0" classname="PhantomJS_2_1_1_(Windows_8_0_0_0).Inventory.model.CategoryTax"/>
  <testcase name="Inventory.model.CategoryTax config should be derived from iRely.BaseEntity" time="0" classname="PhantomJS_2_1_1_(Windows_8_0_0_0).Inventory.model.CategoryTax"/>
  <testcase name="Inventory.model.CategoryTax config should have an idProperty" time="0" classname="PhantomJS_2_1_1_(Windows_8_0_0_0).Inventory.model.CategoryTax"/>
  <testcase name="Inventory.model.CategoryTax config fields should have the correct fields" time="0.002" classname="PhantomJS_2_1_1_(Windows_8_0_0_0).Inventory.model.CategoryTax"/>
  <testcase name="Inventory.model.CategoryTax config fields should have reference model(s)" time="0" classname="PhantomJS_2_1_1_(Windows_8_0_0_0).Inventory.model.CategoryTax"/>
  <testcase name="Inventory.model.CategoryUOM Ext object should be a valid Ext object" time="0" classname="PhantomJS_2_1_1_(Windows_8_0_0_0).Inventory.model.CategoryUOM"/>
  <testcase name="Inventory.model.CategoryUOM config should exists" time="0" classname="PhantomJS_2_1_1_(Windows_8_0_0_0).Inventory.model.CategoryUOM"/>
  <testcase name="Inventory.model.CategoryUOM config should be derived from iRely.BaseEntity" time="0.001" classname="PhantomJS_2_1_1_(Windows_8_0_0_0).Inventory.model.CategoryUOM"/>
  <testcase name="Inventory.model.CategoryUOM config should have an idProperty" time="0" classname="PhantomJS_2_1_1_(Windows_8_0_0_0).Inventory.model.CategoryUOM"/>
  <testcase name="Inventory.model.CategoryUOM config fields should have the correct fields" time="0.002" classname="PhantomJS_2_1_1_(Windows_8_0_0_0).Inventory.model.CategoryUOM"/>
  <testcase name="Inventory.model.CategoryUOM config fields should have reference model(s)" time="0" classname="PhantomJS_2_1_1_(Windows_8_0_0_0).Inventory.model.CategoryUOM"/>
  <testcase name="Inventory.model.CategoryVendor Ext object should be a valid Ext object" time="0" classname="PhantomJS_2_1_1_(Windows_8_0_0_0).Inventory.model.CategoryVendor"/>
  <testcase name="Inventory.model.CategoryVendor config should exists" time="0" classname="PhantomJS_2_1_1_(Windows_8_0_0_0).Inventory.model.CategoryVendor"/>
  <testcase name="Inventory.model.CategoryVendor config should be derived from iRely.BaseEntity" time="0" classname="PhantomJS_2_1_1_(Windows_8_0_0_0).Inventory.model.CategoryVendor"/>
  <testcase name="Inventory.model.CategoryVendor config should have an idProperty" time="0.001" classname="PhantomJS_2_1_1_(Windows_8_0_0_0).Inventory.model.CategoryVendor"/>
  <testcase name="Inventory.model.CategoryVendor config fields should have the correct fields" time="0.003" classname="PhantomJS_2_1_1_(Windows_8_0_0_0).Inventory.model.CategoryVendor"/>
  <testcase name="Inventory.model.CategoryVendor config fields should have reference model(s)" time="0" classname="PhantomJS_2_1_1_(Windows_8_0_0_0).Inventory.model.CategoryVendor"/>
  <testcase name="Inventory.model.Category Ext object should be a valid Ext object" time="0" classname="PhantomJS_2_1_1_(Windows_8_0_0_0).Inventory.model.Category"/>
  <testcase name="Inventory.model.Category config should exists" time="0" classname="PhantomJS_2_1_1_(Windows_8_0_0_0).Inventory.model.Category"/>
  <testcase name="Inventory.model.Category config should be derived from iRely.BaseEntity" time="0" classname="PhantomJS_2_1_1_(Windows_8_0_0_0).Inventory.model.Category"/>
  <testcase name="Inventory.model.Category config should have an idProperty" time="0" classname="PhantomJS_2_1_1_(Windows_8_0_0_0).Inventory.model.Category"/>
  <testcase name="Inventory.model.Category config fields should have the correct fields" time="0.008" classname="PhantomJS_2_1_1_(Windows_8_0_0_0).Inventory.model.Category"/>
  <testcase name="Inventory.model.Category config fields should have reference model(s)" time="0" classname="PhantomJS_2_1_1_(Windows_8_0_0_0).Inventory.model.Category"/>
  <testcase name="Inventory.store.Category Ext object should be a valid Ext object" time="0.001" classname="PhantomJS_2_1_1_(Windows_8_0_0_0).Inventory.store.Category"/>
  <testcase name="Inventory.store.Category Ext object should have an alias of &quot;store.iccategory&quot;" time="0" classname="PhantomJS_2_1_1_(Windows_8_0_0_0).Inventory.store.Category"/>
  <testcase name="Inventory.store.Category Ext object config should have a storeId of &quot;Category" time="0" classname="PhantomJS_2_1_1_(Windows_8_0_0_0).Inventory.store.Category"/>
  <testcase name="Inventory.store.Category Ext object config model should exists" time="0" classname="PhantomJS_2_1_1_(Windows_8_0_0_0).Inventory.store.Category"/>
  <testcase name="Inventory.store.Category Ext object config model should have a model named &quot;Inventory.model.Category&quot;" time="0" classname="PhantomJS_2_1_1_(Windows_8_0_0_0).Inventory.store.Category"/>
  <testcase name="Inventory.store.Category Ext object config proxy should have a proxy" time="0" classname="PhantomJS_2_1_1_(Windows_8_0_0_0).Inventory.store.Category"/>
  <testcase name="Inventory.store.Category Ext object config proxy should be of type &quot;rest&quot;" time="0" classname="PhantomJS_2_1_1_(Windows_8_0_0_0).Inventory.store.Category"/>
  <testcase name="Inventory.store.Category Ext object config proxy api should have the correct api URIs" time="0" classname="PhantomJS_2_1_1_(Windows_8_0_0_0).Inventory.store.Category"/>
  <testcase name="Inventory.store.Category Ext object config proxy api &quot;create&quot; URI should be &quot;./inventory/api/category/post&quot;" time="0" classname="PhantomJS_2_1_1_(Windows_8_0_0_0).Inventory.store.Category"/>
  <testcase name="Inventory.store.Category Ext object config proxy api &quot;read&quot; URI should be &quot;./inventory/api/category/get&quot;" time="0" classname="PhantomJS_2_1_1_(Windows_8_0_0_0).Inventory.store.Category"/>
  <testcase name="Inventory.store.Category Ext object config proxy api &quot;update&quot; URI should be &quot;./inventory/api/category/put&quot;" time="0" classname="PhantomJS_2_1_1_(Windows_8_0_0_0).Inventory.store.Category"/>
  <testcase name="Inventory.view.CategoryViewController should exist" time="0" classname="PhantomJS_2_1_1_(Windows_8_0_0_0).Inventory.view.CategoryViewController"/>
  <testcase name="Inventory.view.CategoryViewController should be derived from Ext.app.ViewController" time="0" classname="PhantomJS_2_1_1_(Windows_8_0_0_0).Inventory.view.CategoryViewController"/>
  <testcase name="Inventory.view.CategoryViewController should have a config" time="0" classname="PhantomJS_2_1_1_(Windows_8_0_0_0).Inventory.view.CategoryViewController"/>
  <testcase name="Inventory.view.CategoryViewModel should be a valid view model class." time="0" classname="PhantomJS_2_1_1_(Windows_8_0_0_0).Inventory.view.CategoryViewModel">
    <skipped/>
  </testcase>
  <testcase name="Inventory.model.CertificationCommodity Ext object should be a valid Ext object" time="0" classname="PhantomJS_2_1_1_(Windows_8_0_0_0).Inventory.model.CertificationCommodity"/>
  <testcase name="Inventory.model.CertificationCommodity config should exists" time="0" classname="PhantomJS_2_1_1_(Windows_8_0_0_0).Inventory.model.CertificationCommodity"/>
  <testcase name="Inventory.model.CertificationCommodity config should be derived from iRely.BaseEntity" time="0" classname="PhantomJS_2_1_1_(Windows_8_0_0_0).Inventory.model.CertificationCommodity"/>
  <testcase name="Inventory.model.CertificationCommodity config should have an idProperty" time="0" classname="PhantomJS_2_1_1_(Windows_8_0_0_0).Inventory.model.CertificationCommodity"/>
  <testcase name="Inventory.model.CertificationCommodity config fields should have the correct fields" time="0.001" classname="PhantomJS_2_1_1_(Windows_8_0_0_0).Inventory.model.CertificationCommodity"/>
  <testcase name="Inventory.model.CertificationCommodity config fields should have reference model(s)" time="0" classname="PhantomJS_2_1_1_(Windows_8_0_0_0).Inventory.model.CertificationCommodity"/>
  <testcase name="Inventory.view.CertificationProgramViewController should exist" time="0" classname="PhantomJS_2_1_1_(Windows_8_0_0_0).Inventory.view.CertificationProgramViewController"/>
  <testcase name="Inventory.view.CertificationProgramViewController should be derived from Ext.app.ViewController" time="0" classname="PhantomJS_2_1_1_(Windows_8_0_0_0).Inventory.view.CertificationProgramViewController"/>
  <testcase name="Inventory.view.CertificationProgramViewController should have a config" time="0" classname="PhantomJS_2_1_1_(Windows_8_0_0_0).Inventory.view.CertificationProgramViewController"/>
  <testcase name="Inventory.view.CertificationProgramViewModel should be a valid view model class." time="0" classname="PhantomJS_2_1_1_(Windows_8_0_0_0).Inventory.view.CertificationProgramViewModel">
    <skipped/>
  </testcase>
  <testcase name="Inventory.model.Certification Ext object should be a valid Ext object" time="0" classname="PhantomJS_2_1_1_(Windows_8_0_0_0).Inventory.model.Certification"/>
  <testcase name="Inventory.model.Certification config should exists" time="0" classname="PhantomJS_2_1_1_(Windows_8_0_0_0).Inventory.model.Certification"/>
  <testcase name="Inventory.model.Certification config should be derived from iRely.BaseEntity" time="0" classname="PhantomJS_2_1_1_(Windows_8_0_0_0).Inventory.model.Certification"/>
  <testcase name="Inventory.model.Certification config should have an idProperty" time="0" classname="PhantomJS_2_1_1_(Windows_8_0_0_0).Inventory.model.Certification"/>
  <testcase name="Inventory.model.Certification config fields should have the correct fields" time="0.001" classname="PhantomJS_2_1_1_(Windows_8_0_0_0).Inventory.model.Certification"/>
  <testcase name="Inventory.model.Certification config fields should have reference model(s)" time="0" classname="PhantomJS_2_1_1_(Windows_8_0_0_0).Inventory.model.Certification"/>
  <testcase name="Inventory.store.Certification Ext object should be a valid Ext object" time="0" classname="PhantomJS_2_1_1_(Windows_8_0_0_0).Inventory.store.Certification"/>
  <testcase name="Inventory.store.Certification Ext object should have an alias of &quot;store.iccertification&quot;" time="0.001" classname="PhantomJS_2_1_1_(Windows_8_0_0_0).Inventory.store.Certification"/>
  <testcase name="Inventory.store.Certification Ext object config should have a storeId of &quot;Certification" time="0" classname="PhantomJS_2_1_1_(Windows_8_0_0_0).Inventory.store.Certification"/>
  <testcase name="Inventory.store.Certification Ext object config model should exists" time="0" classname="PhantomJS_2_1_1_(Windows_8_0_0_0).Inventory.store.Certification"/>
  <testcase name="Inventory.store.Certification Ext object config model should have a model named &quot;Inventory.model.Certification&quot;" time="0" classname="PhantomJS_2_1_1_(Windows_8_0_0_0).Inventory.store.Certification"/>
  <testcase name="Inventory.store.Certification Ext object config proxy should have a proxy" time="0" classname="PhantomJS_2_1_1_(Windows_8_0_0_0).Inventory.store.Certification"/>
  <testcase name="Inventory.store.Certification Ext object config proxy should be of type &quot;rest&quot;" time="0" classname="PhantomJS_2_1_1_(Windows_8_0_0_0).Inventory.store.Certification"/>
  <testcase name="Inventory.store.Certification Ext object config proxy api should have the correct api URIs" time="0" classname="PhantomJS_2_1_1_(Windows_8_0_0_0).Inventory.store.Certification"/>
  <testcase name="Inventory.store.Certification Ext object config proxy api &quot;create&quot; URI should be &quot;./inventory/api/certification/post&quot;" time="0" classname="PhantomJS_2_1_1_(Windows_8_0_0_0).Inventory.store.Certification"/>
  <testcase name="Inventory.store.Certification Ext object config proxy api &quot;read&quot; URI should be &quot;./inventory/api/certification/get&quot;" time="0" classname="PhantomJS_2_1_1_(Windows_8_0_0_0).Inventory.store.Certification"/>
  <testcase name="Inventory.store.Certification Ext object config proxy api &quot;update&quot; URI should be &quot;./inventory/api/certification/put&quot;" time="0" classname="PhantomJS_2_1_1_(Windows_8_0_0_0).Inventory.store.Certification"/>
  <testcase name="Inventory.model.CommodityAccount Ext object should be a valid Ext object" time="0" classname="PhantomJS_2_1_1_(Windows_8_0_0_0).Inventory.model.CommodityAccount"/>
  <testcase name="Inventory.model.CommodityAccount config should exists" time="0" classname="PhantomJS_2_1_1_(Windows_8_0_0_0).Inventory.model.CommodityAccount"/>
  <testcase name="Inventory.model.CommodityAccount config should be derived from iRely.BaseEntity" time="0" classname="PhantomJS_2_1_1_(Windows_8_0_0_0).Inventory.model.CommodityAccount"/>
  <testcase name="Inventory.model.CommodityAccount config should have an idProperty" time="0" classname="PhantomJS_2_1_1_(Windows_8_0_0_0).Inventory.model.CommodityAccount"/>
  <testcase name="Inventory.model.CommodityAccount config fields should have the correct fields" time="0.001" classname="PhantomJS_2_1_1_(Windows_8_0_0_0).Inventory.model.CommodityAccount"/>
  <testcase name="Inventory.model.CommodityAccount config fields should have reference model(s)" time="0" classname="PhantomJS_2_1_1_(Windows_8_0_0_0).Inventory.model.CommodityAccount"/>
  <testcase name="Inventory.model.CommodityAttribute Ext object should be a valid Ext object" time="0.001" classname="PhantomJS_2_1_1_(Windows_8_0_0_0).Inventory.model.CommodityAttribute"/>
  <testcase name="Inventory.model.CommodityAttribute config should exists" time="0" classname="PhantomJS_2_1_1_(Windows_8_0_0_0).Inventory.model.CommodityAttribute"/>
  <testcase name="Inventory.model.CommodityAttribute config should be derived from iRely.BaseEntity" time="0" classname="PhantomJS_2_1_1_(Windows_8_0_0_0).Inventory.model.CommodityAttribute"/>
  <testcase name="Inventory.model.CommodityAttribute config should have an idProperty" time="0" classname="PhantomJS_2_1_1_(Windows_8_0_0_0).Inventory.model.CommodityAttribute"/>
  <testcase name="Inventory.model.CommodityAttribute config fields should have the correct fields" time="0" classname="PhantomJS_2_1_1_(Windows_8_0_0_0).Inventory.model.CommodityAttribute"/>
  <testcase name="Inventory.model.CommodityAttribute config fields should have reference model(s)" time="0.001" classname="PhantomJS_2_1_1_(Windows_8_0_0_0).Inventory.model.CommodityAttribute"/>
  <testcase name="Inventory.store.CommodityAttribute Ext object should be a valid Ext object" time="0" classname="PhantomJS_2_1_1_(Windows_8_0_0_0).Inventory.store.CommodityAttribute"/>
  <testcase name="Inventory.store.CommodityAttribute Ext object should have an alias of &quot;store.iccommodityattribute&quot;" time="0" classname="PhantomJS_2_1_1_(Windows_8_0_0_0).Inventory.store.CommodityAttribute"/>
  <testcase name="Inventory.store.CommodityAttribute Ext object config should have a storeId of &quot;CommodityAttribute" time="0" classname="PhantomJS_2_1_1_(Windows_8_0_0_0).Inventory.store.CommodityAttribute"/>
  <testcase name="Inventory.store.CommodityAttribute Ext object config model should exists" time="0" classname="PhantomJS_2_1_1_(Windows_8_0_0_0).Inventory.store.CommodityAttribute"/>
  <testcase name="Inventory.store.CommodityAttribute Ext object config model should have a model named &quot;Inventory.model.CommodityAttribute&quot;" time="0" classname="PhantomJS_2_1_1_(Windows_8_0_0_0).Inventory.store.CommodityAttribute"/>
  <testcase name="Inventory.store.CommodityAttribute Ext object config proxy should have a proxy" time="0" classname="PhantomJS_2_1_1_(Windows_8_0_0_0).Inventory.store.CommodityAttribute"/>
  <testcase name="Inventory.store.CommodityAttribute Ext object config proxy should be of type &quot;rest&quot;" time="0" classname="PhantomJS_2_1_1_(Windows_8_0_0_0).Inventory.store.CommodityAttribute"/>
  <testcase name="Inventory.store.CommodityAttribute Ext object config proxy api should have the correct api URIs" time="0" classname="PhantomJS_2_1_1_(Windows_8_0_0_0).Inventory.store.CommodityAttribute"/>
  <testcase name="Inventory.store.CommodityAttribute Ext object config proxy api &quot;create&quot; URI should be &quot;./inventory/api/commodityattribute/postcommodityattributes&quot;" time="0" classname="PhantomJS_2_1_1_(Windows_8_0_0_0).Inventory.store.CommodityAttribute"/>
  <testcase name="Inventory.store.CommodityAttribute Ext object config proxy api &quot;read&quot; URI should be &quot;./inventory/api/commodityattribute/getcommodityattributes&quot;" time="0" classname="PhantomJS_2_1_1_(Windows_8_0_0_0).Inventory.store.CommodityAttribute"/>
  <testcase name="Inventory.store.CommodityAttribute Ext object config proxy api &quot;update&quot; URI should be &quot;./inventory/api/commodityattribute/putcommodityattributes&quot;" time="0" classname="PhantomJS_2_1_1_(Windows_8_0_0_0).Inventory.store.CommodityAttribute"/>
  <testcase name="Inventory.model.CommodityClass Ext object should be a valid Ext object" time="0" classname="PhantomJS_2_1_1_(Windows_8_0_0_0).Inventory.model.CommodityClass"/>
  <testcase name="Inventory.model.CommodityClass config should exists" time="0" classname="PhantomJS_2_1_1_(Windows_8_0_0_0).Inventory.model.CommodityClass"/>
  <testcase name="Inventory.model.CommodityClass config should be derived from iRely.BaseEntity" time="0" classname="PhantomJS_2_1_1_(Windows_8_0_0_0).Inventory.model.CommodityClass"/>
  <testcase name="Inventory.model.CommodityClass config should have an idProperty" time="0" classname="PhantomJS_2_1_1_(Windows_8_0_0_0).Inventory.model.CommodityClass"/>
  <testcase name="Inventory.model.CommodityClass config fields should have the correct fields" time="0.001" classname="PhantomJS_2_1_1_(Windows_8_0_0_0).Inventory.model.CommodityClass"/>
  <testcase name="Inventory.model.CommodityClass config fields should have reference model(s)" time="0" classname="PhantomJS_2_1_1_(Windows_8_0_0_0).Inventory.model.CommodityClass"/>
  <testcase name="Inventory.model.CommodityGradeView Ext object should be a valid Ext object" time="0" classname="PhantomJS_2_1_1_(Windows_8_0_0_0).Inventory.model.CommodityGradeView"/>
  <testcase name="Inventory.model.CommodityGradeView config should exists" time="0" classname="PhantomJS_2_1_1_(Windows_8_0_0_0).Inventory.model.CommodityGradeView"/>
  <testcase name="Inventory.model.CommodityGradeView config should be derived from iRely.BaseEntity" time="0.001" classname="PhantomJS_2_1_1_(Windows_8_0_0_0).Inventory.model.CommodityGradeView"/>
  <testcase name="Inventory.model.CommodityGradeView config should have an idProperty" time="0" classname="PhantomJS_2_1_1_(Windows_8_0_0_0).Inventory.model.CommodityGradeView"/>
  <testcase name="Inventory.model.CommodityGradeView config fields should have the correct fields" time="0.001" classname="PhantomJS_2_1_1_(Windows_8_0_0_0).Inventory.model.CommodityGradeView"/>
  <testcase name="Inventory.model.CommodityGradeView config fields should have reference model(s)" time="0" classname="PhantomJS_2_1_1_(Windows_8_0_0_0).Inventory.model.CommodityGradeView"/>
  <testcase name="Inventory.model.CommodityGrade Ext object should be a valid Ext object" time="0" classname="PhantomJS_2_1_1_(Windows_8_0_0_0).Inventory.model.CommodityGrade"/>
  <testcase name="Inventory.model.CommodityGrade config should exists" time="0" classname="PhantomJS_2_1_1_(Windows_8_0_0_0).Inventory.model.CommodityGrade"/>
  <testcase name="Inventory.model.CommodityGrade config should be derived from iRely.BaseEntity" time="0" classname="PhantomJS_2_1_1_(Windows_8_0_0_0).Inventory.model.CommodityGrade"/>
  <testcase name="Inventory.model.CommodityGrade config should have an idProperty" time="0" classname="PhantomJS_2_1_1_(Windows_8_0_0_0).Inventory.model.CommodityGrade"/>
  <testcase name="Inventory.model.CommodityGrade config fields should have the correct fields" time="0.002" classname="PhantomJS_2_1_1_(Windows_8_0_0_0).Inventory.model.CommodityGrade"/>
  <testcase name="Inventory.model.CommodityGrade config fields should have reference model(s)" time="0.001" classname="PhantomJS_2_1_1_(Windows_8_0_0_0).Inventory.model.CommodityGrade"/>
  <testcase name="Inventory.model.CommodityOrigin Ext object should be a valid Ext object" time="0" classname="PhantomJS_2_1_1_(Windows_8_0_0_0).Inventory.model.CommodityOrigin"/>
  <testcase name="Inventory.model.CommodityOrigin config should exists" time="0" classname="PhantomJS_2_1_1_(Windows_8_0_0_0).Inventory.model.CommodityOrigin"/>
  <testcase name="Inventory.model.CommodityOrigin config should be derived from iRely.BaseEntity" time="0" classname="PhantomJS_2_1_1_(Windows_8_0_0_0).Inventory.model.CommodityOrigin"/>
  <testcase name="Inventory.model.CommodityOrigin config should have an idProperty" time="0" classname="PhantomJS_2_1_1_(Windows_8_0_0_0).Inventory.model.CommodityOrigin"/>
  <testcase name="Inventory.model.CommodityOrigin config fields should have the correct fields" time="0.002" classname="PhantomJS_2_1_1_(Windows_8_0_0_0).Inventory.model.CommodityOrigin"/>
  <testcase name="Inventory.model.CommodityOrigin config fields should have reference model(s)" time="0" classname="PhantomJS_2_1_1_(Windows_8_0_0_0).Inventory.model.CommodityOrigin"/>
  <testcase name="Inventory.model.CommodityProductLine Ext object should be a valid Ext object" time="0" classname="PhantomJS_2_1_1_(Windows_8_0_0_0).Inventory.model.CommodityProductLine"/>
  <testcase name="Inventory.model.CommodityProductLine config should exists" time="0" classname="PhantomJS_2_1_1_(Windows_8_0_0_0).Inventory.model.CommodityProductLine"/>
  <testcase name="Inventory.model.CommodityProductLine config should be derived from iRely.BaseEntity" time="0" classname="PhantomJS_2_1_1_(Windows_8_0_0_0).Inventory.model.CommodityProductLine"/>
  <testcase name="Inventory.model.CommodityProductLine config should have an idProperty" time="0" classname="PhantomJS_2_1_1_(Windows_8_0_0_0).Inventory.model.CommodityProductLine"/>
  <testcase name="Inventory.model.CommodityProductLine config fields should have the correct fields" time="0.001" classname="PhantomJS_2_1_1_(Windows_8_0_0_0).Inventory.model.CommodityProductLine"/>
  <testcase name="Inventory.model.CommodityProductLine config fields should have reference model(s)" time="0" classname="PhantomJS_2_1_1_(Windows_8_0_0_0).Inventory.model.CommodityProductLine"/>
  <testcase name="Inventory.model.CommodityProductType Ext object should be a valid Ext object" time="0" classname="PhantomJS_2_1_1_(Windows_8_0_0_0).Inventory.model.CommodityProductType"/>
  <testcase name="Inventory.model.CommodityProductType config should exists" time="0.001" classname="PhantomJS_2_1_1_(Windows_8_0_0_0).Inventory.model.CommodityProductType"/>
  <testcase name="Inventory.model.CommodityProductType config should be derived from iRely.BaseEntity" time="0" classname="PhantomJS_2_1_1_(Windows_8_0_0_0).Inventory.model.CommodityProductType"/>
  <testcase name="Inventory.model.CommodityProductType config should have an idProperty" time="0" classname="PhantomJS_2_1_1_(Windows_8_0_0_0).Inventory.model.CommodityProductType"/>
  <testcase name="Inventory.model.CommodityProductType config fields should have the correct fields" time="0" classname="PhantomJS_2_1_1_(Windows_8_0_0_0).Inventory.model.CommodityProductType"/>
  <testcase name="Inventory.model.CommodityProductType config fields should have reference model(s)" time="0" classname="PhantomJS_2_1_1_(Windows_8_0_0_0).Inventory.model.CommodityProductType"/>
  <testcase name="Inventory.model.CommodityRegion Ext object should be a valid Ext object" time="0" classname="PhantomJS_2_1_1_(Windows_8_0_0_0).Inventory.model.CommodityRegion"/>
  <testcase name="Inventory.model.CommodityRegion config should exists" time="0" classname="PhantomJS_2_1_1_(Windows_8_0_0_0).Inventory.model.CommodityRegion"/>
  <testcase name="Inventory.model.CommodityRegion config should be derived from iRely.BaseEntity" time="0" classname="PhantomJS_2_1_1_(Windows_8_0_0_0).Inventory.model.CommodityRegion"/>
  <testcase name="Inventory.model.CommodityRegion config should have an idProperty" time="0" classname="PhantomJS_2_1_1_(Windows_8_0_0_0).Inventory.model.CommodityRegion"/>
  <testcase name="Inventory.model.CommodityRegion config fields should have the correct fields" time="0.001" classname="PhantomJS_2_1_1_(Windows_8_0_0_0).Inventory.model.CommodityRegion"/>
  <testcase name="Inventory.model.CommodityRegion config fields should have reference model(s)" time="0" classname="PhantomJS_2_1_1_(Windows_8_0_0_0).Inventory.model.CommodityRegion"/>
  <testcase name="Inventory.model.CommoditySeason Ext object should be a valid Ext object" time="0" classname="PhantomJS_2_1_1_(Windows_8_0_0_0).Inventory.model.CommoditySeason"/>
  <testcase name="Inventory.model.CommoditySeason config should exists" time="0" classname="PhantomJS_2_1_1_(Windows_8_0_0_0).Inventory.model.CommoditySeason"/>
  <testcase name="Inventory.model.CommoditySeason config should be derived from iRely.BaseEntity" time="0" classname="PhantomJS_2_1_1_(Windows_8_0_0_0).Inventory.model.CommoditySeason"/>
  <testcase name="Inventory.model.CommoditySeason config should have an idProperty" time="0.001" classname="PhantomJS_2_1_1_(Windows_8_0_0_0).Inventory.model.CommoditySeason"/>
  <testcase name="Inventory.model.CommoditySeason config fields should have the correct fields" time="0.001" classname="PhantomJS_2_1_1_(Windows_8_0_0_0).Inventory.model.CommoditySeason"/>
  <testcase name="Inventory.model.CommoditySeason config fields should have reference model(s)" time="0" classname="PhantomJS_2_1_1_(Windows_8_0_0_0).Inventory.model.CommoditySeason"/>
  <testcase name="Inventory.model.CommodityUnitMeasure Ext object should be a valid Ext object" time="0" classname="PhantomJS_2_1_1_(Windows_8_0_0_0).Inventory.model.CommodityUnitMeasure"/>
  <testcase name="Inventory.model.CommodityUnitMeasure config should exists" time="0" classname="PhantomJS_2_1_1_(Windows_8_0_0_0).Inventory.model.CommodityUnitMeasure"/>
  <testcase name="Inventory.model.CommodityUnitMeasure config should be derived from iRely.BaseEntity" time="0" classname="PhantomJS_2_1_1_(Windows_8_0_0_0).Inventory.model.CommodityUnitMeasure"/>
  <testcase name="Inventory.model.CommodityUnitMeasure config should have an idProperty" time="0" classname="PhantomJS_2_1_1_(Windows_8_0_0_0).Inventory.model.CommodityUnitMeasure"/>
  <testcase name="Inventory.model.CommodityUnitMeasure config fields should have the correct fields" time="0.001" classname="PhantomJS_2_1_1_(Windows_8_0_0_0).Inventory.model.CommodityUnitMeasure"/>
  <testcase name="Inventory.model.CommodityUnitMeasure config fields should have reference model(s)" time="0" classname="PhantomJS_2_1_1_(Windows_8_0_0_0).Inventory.model.CommodityUnitMeasure"/>
  <testcase name="Inventory.model.Commodity Ext object should be a valid Ext object" time="0" classname="PhantomJS_2_1_1_(Windows_8_0_0_0).Inventory.model.Commodity"/>
  <testcase name="Inventory.model.Commodity config should exists" time="0" classname="PhantomJS_2_1_1_(Windows_8_0_0_0).Inventory.model.Commodity"/>
  <testcase name="Inventory.model.Commodity config should be derived from iRely.BaseEntity" time="0" classname="PhantomJS_2_1_1_(Windows_8_0_0_0).Inventory.model.Commodity"/>
  <testcase name="Inventory.model.Commodity config should have an idProperty" time="0" classname="PhantomJS_2_1_1_(Windows_8_0_0_0).Inventory.model.Commodity"/>
  <testcase name="Inventory.model.Commodity config fields should have the correct fields" time="0.008" classname="PhantomJS_2_1_1_(Windows_8_0_0_0).Inventory.model.Commodity"/>
  <testcase name="Inventory.model.Commodity config fields should have reference model(s)" time="0" classname="PhantomJS_2_1_1_(Windows_8_0_0_0).Inventory.model.Commodity"/>
  <testcase name="Inventory.store.Commodity Ext object should be a valid Ext object" time="0" classname="PhantomJS_2_1_1_(Windows_8_0_0_0).Inventory.store.Commodity"/>
  <testcase name="Inventory.store.Commodity Ext object should have an alias of &quot;store.iccommodity&quot;" time="0" classname="PhantomJS_2_1_1_(Windows_8_0_0_0).Inventory.store.Commodity"/>
  <testcase name="Inventory.store.Commodity Ext object config should have a storeId of &quot;Commodity" time="0" classname="PhantomJS_2_1_1_(Windows_8_0_0_0).Inventory.store.Commodity"/>
  <testcase name="Inventory.store.Commodity Ext object config model should exists" time="0" classname="PhantomJS_2_1_1_(Windows_8_0_0_0).Inventory.store.Commodity"/>
  <testcase name="Inventory.store.Commodity Ext object config model should have a model named &quot;Inventory.model.Commodity&quot;" time="0" classname="PhantomJS_2_1_1_(Windows_8_0_0_0).Inventory.store.Commodity"/>
  <testcase name="Inventory.store.Commodity Ext object config proxy should have a proxy" time="0" classname="PhantomJS_2_1_1_(Windows_8_0_0_0).Inventory.store.Commodity"/>
  <testcase name="Inventory.store.Commodity Ext object config proxy should be of type &quot;rest&quot;" time="0" classname="PhantomJS_2_1_1_(Windows_8_0_0_0).Inventory.store.Commodity"/>
  <testcase name="Inventory.store.Commodity Ext object config proxy api should have the correct api URIs" time="0" classname="PhantomJS_2_1_1_(Windows_8_0_0_0).Inventory.store.Commodity"/>
  <testcase name="Inventory.store.Commodity Ext object config proxy api &quot;create&quot; URI should be &quot;./inventory/api/commodity/post&quot;" time="0" classname="PhantomJS_2_1_1_(Windows_8_0_0_0).Inventory.store.Commodity"/>
  <testcase name="Inventory.store.Commodity Ext object config proxy api &quot;read&quot; URI should be &quot;./inventory/api/commodity/get&quot;" time="0" classname="PhantomJS_2_1_1_(Windows_8_0_0_0).Inventory.store.Commodity"/>
  <testcase name="Inventory.store.Commodity Ext object config proxy api &quot;update&quot; URI should be &quot;./inventory/api/commodity/put&quot;" time="0.001" classname="PhantomJS_2_1_1_(Windows_8_0_0_0).Inventory.store.Commodity"/>
  <testcase name="Inventory.view.CommodityViewController should exist" time="0" classname="PhantomJS_2_1_1_(Windows_8_0_0_0).Inventory.view.CommodityViewController"/>
  <testcase name="Inventory.view.CommodityViewController should be derived from Ext.app.ViewController" time="0.001" classname="PhantomJS_2_1_1_(Windows_8_0_0_0).Inventory.view.CommodityViewController"/>
  <testcase name="Inventory.view.CommodityViewController should have a config" time="0" classname="PhantomJS_2_1_1_(Windows_8_0_0_0).Inventory.view.CommodityViewController"/>
  <testcase name="Inventory.view.CommodityViewModel should be a valid view model class." time="0" classname="PhantomJS_2_1_1_(Windows_8_0_0_0).Inventory.view.CommodityViewModel">
    <skipped/>
  </testcase>
  <testcase name="Inventory.model.CompactCommodity Ext object should be a valid Ext object" time="0" classname="PhantomJS_2_1_1_(Windows_8_0_0_0).Inventory.model.CompactCommodity"/>
  <testcase name="Inventory.model.CompactCommodity config should exists" time="0" classname="PhantomJS_2_1_1_(Windows_8_0_0_0).Inventory.model.CompactCommodity"/>
  <testcase name="Inventory.model.CompactCommodity config should be derived from iRely.BaseEntity" time="0" classname="PhantomJS_2_1_1_(Windows_8_0_0_0).Inventory.model.CompactCommodity"/>
  <testcase name="Inventory.model.CompactCommodity config should have an idProperty" time="0" classname="PhantomJS_2_1_1_(Windows_8_0_0_0).Inventory.model.CompactCommodity"/>
  <testcase name="Inventory.model.CompactCommodity config fields should have the correct fields" time="0.001" classname="PhantomJS_2_1_1_(Windows_8_0_0_0).Inventory.model.CompactCommodity"/>
  <testcase name="Inventory.model.CompactCommodity config fields should have reference model(s)" time="0" classname="PhantomJS_2_1_1_(Windows_8_0_0_0).Inventory.model.CompactCommodity"/>
  <testcase name="Inventory.model.CompactItemFactoryManufacturingCell Ext object should be a valid Ext object" time="0" classname="PhantomJS_2_1_1_(Windows_8_0_0_0).Inventory.model.CompactItemFactoryManufacturingCell"/>
  <testcase name="Inventory.model.CompactItemFactoryManufacturingCell config should exists" time="0" classname="PhantomJS_2_1_1_(Windows_8_0_0_0).Inventory.model.CompactItemFactoryManufacturingCell"/>
  <testcase name="Inventory.model.CompactItemFactoryManufacturingCell config should be derived from iRely.BaseEntity" time="0" classname="PhantomJS_2_1_1_(Windows_8_0_0_0).Inventory.model.CompactItemFactoryManufacturingCell"/>
  <testcase name="Inventory.model.CompactItemFactoryManufacturingCell config should have an idProperty" time="0.001" classname="PhantomJS_2_1_1_(Windows_8_0_0_0).Inventory.model.CompactItemFactoryManufacturingCell"/>
  <testcase name="Inventory.model.CompactItemFactoryManufacturingCell config fields should have the correct fields" time="0.003" classname="PhantomJS_2_1_1_(Windows_8_0_0_0).Inventory.model.CompactItemFactoryManufacturingCell"/>
  <testcase name="Inventory.model.CompactItemFactoryManufacturingCell config fields should have reference model(s)" time="0" classname="PhantomJS_2_1_1_(Windows_8_0_0_0).Inventory.model.CompactItemFactoryManufacturingCell"/>
  <testcase name="Inventory.model.CompactItemFactory Ext object should be a valid Ext object" time="0" classname="PhantomJS_2_1_1_(Windows_8_0_0_0).Inventory.model.CompactItemFactory"/>
  <testcase name="Inventory.model.CompactItemFactory config should exists" time="0" classname="PhantomJS_2_1_1_(Windows_8_0_0_0).Inventory.model.CompactItemFactory"/>
  <testcase name="Inventory.model.CompactItemFactory config should be derived from iRely.BaseEntity" time="0" classname="PhantomJS_2_1_1_(Windows_8_0_0_0).Inventory.model.CompactItemFactory"/>
  <testcase name="Inventory.model.CompactItemFactory config should have an idProperty" time="0" classname="PhantomJS_2_1_1_(Windows_8_0_0_0).Inventory.model.CompactItemFactory"/>
  <testcase name="Inventory.model.CompactItemFactory config fields should have the correct fields" time="0.001" classname="PhantomJS_2_1_1_(Windows_8_0_0_0).Inventory.model.CompactItemFactory"/>
  <testcase name="Inventory.model.CompactItemFactory config fields should have reference model(s)" time="0" classname="PhantomJS_2_1_1_(Windows_8_0_0_0).Inventory.model.CompactItemFactory"/>
  <testcase name="Inventory.model.CompactItem Ext object should be a valid Ext object" time="0" classname="PhantomJS_2_1_1_(Windows_8_0_0_0).Inventory.model.CompactItem"/>
  <testcase name="Inventory.model.CompactItem config should exists" time="0" classname="PhantomJS_2_1_1_(Windows_8_0_0_0).Inventory.model.CompactItem"/>
  <testcase name="Inventory.model.CompactItem config should be derived from iRely.BaseEntity" time="0" classname="PhantomJS_2_1_1_(Windows_8_0_0_0).Inventory.model.CompactItem"/>
  <testcase name="Inventory.model.CompactItem config should have an idProperty" time="0" classname="PhantomJS_2_1_1_(Windows_8_0_0_0).Inventory.model.CompactItem"/>
  <testcase name="Inventory.model.CompactItem config fields should have the correct fields" time="0.007" classname="PhantomJS_2_1_1_(Windows_8_0_0_0).Inventory.model.CompactItem"/>
  <testcase name="Inventory.model.CompactItem config fields should have reference model(s)" time="0" classname="PhantomJS_2_1_1_(Windows_8_0_0_0).Inventory.model.CompactItem"/>
  <testcase name="Inventory.store.CompactItem Ext object should be a valid Ext object" time="0.001" classname="PhantomJS_2_1_1_(Windows_8_0_0_0).Inventory.store.CompactItem"/>
  <testcase name="Inventory.store.CompactItem Ext object should have an alias of &quot;store.iccompactitem&quot;" time="0" classname="PhantomJS_2_1_1_(Windows_8_0_0_0).Inventory.store.CompactItem"/>
  <testcase name="Inventory.store.CompactItem Ext object config should have a storeId of &quot;CompactItem" time="0" classname="PhantomJS_2_1_1_(Windows_8_0_0_0).Inventory.store.CompactItem"/>
  <testcase name="Inventory.store.CompactItem Ext object config model should exists" time="0" classname="PhantomJS_2_1_1_(Windows_8_0_0_0).Inventory.store.CompactItem"/>
  <testcase name="Inventory.store.CompactItem Ext object config model should have a model named &quot;Inventory.model.CompactItem&quot;" time="0" classname="PhantomJS_2_1_1_(Windows_8_0_0_0).Inventory.store.CompactItem"/>
  <testcase name="Inventory.store.CompactItem Ext object config proxy should have a proxy" time="0" classname="PhantomJS_2_1_1_(Windows_8_0_0_0).Inventory.store.CompactItem"/>
  <testcase name="Inventory.store.CompactItem Ext object config proxy should be of type &quot;rest&quot;" time="0" classname="PhantomJS_2_1_1_(Windows_8_0_0_0).Inventory.store.CompactItem"/>
  <testcase name="Inventory.store.CompactItem Ext object config proxy api should have the correct api URIs" time="0" classname="PhantomJS_2_1_1_(Windows_8_0_0_0).Inventory.store.CompactItem"/>
  <testcase name="Inventory.store.CompactItem Ext object config proxy api &quot;read&quot; URI should be &quot;./inventory/api/item/searchcompactitems&quot;" time="0" classname="PhantomJS_2_1_1_(Windows_8_0_0_0).Inventory.store.CompactItem"/>
  <testcase name="Inventory.view.CompanyPreferenceOptionViewModel should be a valid view model class." time="0" classname="PhantomJS_2_1_1_(Windows_8_0_0_0).Inventory.view.CompanyPreferenceOptionViewModel">
    <skipped/>
  </testcase>
  <testcase name="Inventory.model.CompanyPreference Ext object should be a valid Ext object" time="0" classname="PhantomJS_2_1_1_(Windows_8_0_0_0).Inventory.model.CompanyPreference"/>
  <testcase name="Inventory.model.CompanyPreference config should exists" time="0" classname="PhantomJS_2_1_1_(Windows_8_0_0_0).Inventory.model.CompanyPreference"/>
  <testcase name="Inventory.model.CompanyPreference config should be derived from iRely.BaseEntity" time="0" classname="PhantomJS_2_1_1_(Windows_8_0_0_0).Inventory.model.CompanyPreference"/>
  <testcase name="Inventory.model.CompanyPreference config should have an idProperty" time="0" classname="PhantomJS_2_1_1_(Windows_8_0_0_0).Inventory.model.CompanyPreference"/>
  <testcase name="Inventory.model.CompanyPreference config fields should have the correct fields" time="0.003" classname="PhantomJS_2_1_1_(Windows_8_0_0_0).Inventory.model.CompanyPreference"/>
  <testcase name="Inventory.model.CompanyPreference config fields should have reference model(s)" time="0" classname="PhantomJS_2_1_1_(Windows_8_0_0_0).Inventory.model.CompanyPreference"/>
  <testcase name="Inventory.store.CompanyPreference Ext object should be a valid Ext object" time="0" classname="PhantomJS_2_1_1_(Windows_8_0_0_0).Inventory.store.CompanyPreference"/>
  <testcase name="Inventory.store.CompanyPreference Ext object should have an alias of &quot;store.iccompanypreference&quot;" time="0" classname="PhantomJS_2_1_1_(Windows_8_0_0_0).Inventory.store.CompanyPreference"/>
  <testcase name="Inventory.store.CompanyPreference Ext object config should have a storeId of &quot;CompanyPreference" time="0" classname="PhantomJS_2_1_1_(Windows_8_0_0_0).Inventory.store.CompanyPreference"/>
  <testcase name="Inventory.store.CompanyPreference Ext object config model should exists" time="0" classname="PhantomJS_2_1_1_(Windows_8_0_0_0).Inventory.store.CompanyPreference"/>
  <testcase name="Inventory.store.CompanyPreference Ext object config model should have a model named &quot;Inventory.model.CompanyPreference&quot;" time="0" classname="PhantomJS_2_1_1_(Windows_8_0_0_0).Inventory.store.CompanyPreference"/>
  <testcase name="Inventory.store.CompanyPreference Ext object config proxy should have a proxy" time="0" classname="PhantomJS_2_1_1_(Windows_8_0_0_0).Inventory.store.CompanyPreference"/>
  <testcase name="Inventory.store.CompanyPreference Ext object config proxy should be of type &quot;rest&quot;" time="0" classname="PhantomJS_2_1_1_(Windows_8_0_0_0).Inventory.store.CompanyPreference"/>
  <testcase name="Inventory.store.CompanyPreference Ext object config proxy api should have the correct api URIs" time="0" classname="PhantomJS_2_1_1_(Windows_8_0_0_0).Inventory.store.CompanyPreference"/>
  <testcase name="Inventory.store.CompanyPreference Ext object config proxy api &quot;create&quot; URI should be &quot;./inventory/api/companypreference/post&quot;" time="0.001" classname="PhantomJS_2_1_1_(Windows_8_0_0_0).Inventory.store.CompanyPreference"/>
  <testcase name="Inventory.store.CompanyPreference Ext object config proxy api &quot;read&quot; URI should be &quot;./inventory/api/companypreference/get&quot;" time="0" classname="PhantomJS_2_1_1_(Windows_8_0_0_0).Inventory.store.CompanyPreference"/>
  <testcase name="Inventory.store.CompanyPreference Ext object config proxy api &quot;update&quot; URI should be &quot;./inventory/api/companypreference/put&quot;" time="0" classname="PhantomJS_2_1_1_(Windows_8_0_0_0).Inventory.store.CompanyPreference"/>
  <testcase name="Inventory.model.ContainerType Ext object should be a valid Ext object" time="0" classname="PhantomJS_2_1_1_(Windows_8_0_0_0).Inventory.model.ContainerType"/>
  <testcase name="Inventory.model.ContainerType config should exists" time="0" classname="PhantomJS_2_1_1_(Windows_8_0_0_0).Inventory.model.ContainerType"/>
  <testcase name="Inventory.model.ContainerType config should be derived from iRely.BaseEntity" time="0" classname="PhantomJS_2_1_1_(Windows_8_0_0_0).Inventory.model.ContainerType"/>
  <testcase name="Inventory.model.ContainerType config should have an idProperty" time="0" classname="PhantomJS_2_1_1_(Windows_8_0_0_0).Inventory.model.ContainerType"/>
  <testcase name="Inventory.model.ContainerType config fields should have the correct fields" time="0.007" classname="PhantomJS_2_1_1_(Windows_8_0_0_0).Inventory.model.ContainerType"/>
  <testcase name="Inventory.model.ContainerType config fields should have reference model(s)" time="0" classname="PhantomJS_2_1_1_(Windows_8_0_0_0).Inventory.model.ContainerType"/>
  <testcase name="Inventory.model.Container Ext object should be a valid Ext object" time="0" classname="PhantomJS_2_1_1_(Windows_8_0_0_0).Inventory.model.Container"/>
  <testcase name="Inventory.model.Container config should exists" time="0" classname="PhantomJS_2_1_1_(Windows_8_0_0_0).Inventory.model.Container"/>
  <testcase name="Inventory.model.Container config should be derived from iRely.BaseEntity" time="0" classname="PhantomJS_2_1_1_(Windows_8_0_0_0).Inventory.model.Container"/>
  <testcase name="Inventory.model.Container config should have an idProperty" time="0" classname="PhantomJS_2_1_1_(Windows_8_0_0_0).Inventory.model.Container"/>
  <testcase name="Inventory.model.Container config fields should have the correct fields" time="0.001" classname="PhantomJS_2_1_1_(Windows_8_0_0_0).Inventory.model.Container"/>
  <testcase name="Inventory.model.Container config fields should have reference model(s)" time="0" classname="PhantomJS_2_1_1_(Windows_8_0_0_0).Inventory.model.Container"/>
  <testcase name="Inventory.view.ContractDocumentViewController should exist" time="0" classname="PhantomJS_2_1_1_(Windows_8_0_0_0).Inventory.view.ContractDocumentViewController"/>
  <testcase name="Inventory.view.ContractDocumentViewController should be derived from Ext.app.ViewController" time="0" classname="PhantomJS_2_1_1_(Windows_8_0_0_0).Inventory.view.ContractDocumentViewController"/>
  <testcase name="Inventory.view.ContractDocumentViewController should have a config" time="0" classname="PhantomJS_2_1_1_(Windows_8_0_0_0).Inventory.view.ContractDocumentViewController"/>
  <testcase name="Inventory.view.ContractDocumentViewModel should be a valid view model class." time="0" classname="PhantomJS_2_1_1_(Windows_8_0_0_0).Inventory.view.ContractDocumentViewModel">
    <skipped/>
  </testcase>
  <testcase name="Inventory.view.CopyItemLocationViewController should exist" time="0" classname="PhantomJS_2_1_1_(Windows_8_0_0_0).Inventory.view.CopyItemLocationViewController"/>
  <testcase name="Inventory.view.CopyItemLocationViewController should be derived from Ext.app.ViewController" time="0.001" classname="PhantomJS_2_1_1_(Windows_8_0_0_0).Inventory.view.CopyItemLocationViewController"/>
  <testcase name="Inventory.view.CopyItemLocationViewController should have a config" time="0" classname="PhantomJS_2_1_1_(Windows_8_0_0_0).Inventory.view.CopyItemLocationViewController"/>
  <testcase name="Inventory.view.CopyItemLocationViewModel should be a valid view model class." time="0" classname="PhantomJS_2_1_1_(Windows_8_0_0_0).Inventory.view.CopyItemLocationViewModel">
    <skipped/>
  </testcase>
  <testcase name="Inventory.model.CountGroup Ext object should be a valid Ext object" time="0" classname="PhantomJS_2_1_1_(Windows_8_0_0_0).Inventory.model.CountGroup"/>
  <testcase name="Inventory.model.CountGroup config should exists" time="0" classname="PhantomJS_2_1_1_(Windows_8_0_0_0).Inventory.model.CountGroup"/>
  <testcase name="Inventory.model.CountGroup config should be derived from iRely.BaseEntity" time="0" classname="PhantomJS_2_1_1_(Windows_8_0_0_0).Inventory.model.CountGroup"/>
  <testcase name="Inventory.model.CountGroup config should have an idProperty" time="0" classname="PhantomJS_2_1_1_(Windows_8_0_0_0).Inventory.model.CountGroup"/>
  <testcase name="Inventory.model.CountGroup config fields should have the correct fields" time="0.002" classname="PhantomJS_2_1_1_(Windows_8_0_0_0).Inventory.model.CountGroup"/>
  <testcase name="Inventory.model.CountGroup config fields should have reference model(s)" time="0" classname="PhantomJS_2_1_1_(Windows_8_0_0_0).Inventory.model.CountGroup"/>
  <testcase name="Inventory.store.CountGroup Ext object should be a valid Ext object" time="0" classname="PhantomJS_2_1_1_(Windows_8_0_0_0).Inventory.store.CountGroup"/>
  <testcase name="Inventory.store.CountGroup Ext object should have an alias of &quot;store.iccountgroup&quot;" time="0" classname="PhantomJS_2_1_1_(Windows_8_0_0_0).Inventory.store.CountGroup"/>
  <testcase name="Inventory.store.CountGroup Ext object config should have a storeId of &quot;CountGroup" time="0" classname="PhantomJS_2_1_1_(Windows_8_0_0_0).Inventory.store.CountGroup"/>
  <testcase name="Inventory.store.CountGroup Ext object config model should exists" time="0" classname="PhantomJS_2_1_1_(Windows_8_0_0_0).Inventory.store.CountGroup"/>
  <testcase name="Inventory.store.CountGroup Ext object config model should have a model named &quot;Inventory.model.CountGroup&quot;" time="0" classname="PhantomJS_2_1_1_(Windows_8_0_0_0).Inventory.store.CountGroup"/>
  <testcase name="Inventory.store.CountGroup Ext object config proxy should have a proxy" time="0" classname="PhantomJS_2_1_1_(Windows_8_0_0_0).Inventory.store.CountGroup"/>
  <testcase name="Inventory.store.CountGroup Ext object config proxy should be of type &quot;rest&quot;" time="0" classname="PhantomJS_2_1_1_(Windows_8_0_0_0).Inventory.store.CountGroup"/>
  <testcase name="Inventory.store.CountGroup Ext object config proxy api should have the correct api URIs" time="0.001" classname="PhantomJS_2_1_1_(Windows_8_0_0_0).Inventory.store.CountGroup"/>
  <testcase name="Inventory.store.CountGroup Ext object config proxy api &quot;create&quot; URI should be &quot;./inventory/api/countgroup/post&quot;" time="0" classname="PhantomJS_2_1_1_(Windows_8_0_0_0).Inventory.store.CountGroup"/>
  <testcase name="Inventory.store.CountGroup Ext object config proxy api &quot;read&quot; URI should be &quot;./inventory/api/countgroup/get&quot;" time="0" classname="PhantomJS_2_1_1_(Windows_8_0_0_0).Inventory.store.CountGroup"/>
  <testcase name="Inventory.store.CountGroup Ext object config proxy api &quot;update&quot; URI should be &quot;./inventory/api/countgroup/put&quot;" time="0" classname="PhantomJS_2_1_1_(Windows_8_0_0_0).Inventory.store.CountGroup"/>
  <testcase name="Inventory.view.CountGroupViewController should exist" time="0" classname="PhantomJS_2_1_1_(Windows_8_0_0_0).Inventory.view.CountGroupViewController"/>
  <testcase name="Inventory.view.CountGroupViewController should be derived from Ext.app.ViewController" time="0" classname="PhantomJS_2_1_1_(Windows_8_0_0_0).Inventory.view.CountGroupViewController"/>
  <testcase name="Inventory.view.CountGroupViewController should have a config" time="0" classname="PhantomJS_2_1_1_(Windows_8_0_0_0).Inventory.view.CountGroupViewController"/>
  <testcase name="Inventory.view.CountGroupViewModel should be a valid view model class." time="0" classname="PhantomJS_2_1_1_(Windows_8_0_0_0).Inventory.view.CountGroupViewModel">
    <skipped/>
  </testcase>
  <testcase name="Inventory.model.Document Ext object should be a valid Ext object" time="0" classname="PhantomJS_2_1_1_(Windows_8_0_0_0).Inventory.model.Document"/>
  <testcase name="Inventory.model.Document config should exists" time="0" classname="PhantomJS_2_1_1_(Windows_8_0_0_0).Inventory.model.Document"/>
  <testcase name="Inventory.model.Document config should be derived from iRely.BaseEntity" time="0" classname="PhantomJS_2_1_1_(Windows_8_0_0_0).Inventory.model.Document"/>
  <testcase name="Inventory.model.Document config should have an idProperty" time="0" classname="PhantomJS_2_1_1_(Windows_8_0_0_0).Inventory.model.Document"/>
  <testcase name="Inventory.model.Document config fields should have the correct fields" time="0.002" classname="PhantomJS_2_1_1_(Windows_8_0_0_0).Inventory.model.Document"/>
  <testcase name="Inventory.model.Document config fields should have reference model(s)" time="0" classname="PhantomJS_2_1_1_(Windows_8_0_0_0).Inventory.model.Document"/>
  <testcase name="Inventory.store.Document Ext object should be a valid Ext object" time="0" classname="PhantomJS_2_1_1_(Windows_8_0_0_0).Inventory.store.Document"/>
  <testcase name="Inventory.store.Document Ext object should have an alias of &quot;store.icdocument&quot;" time="0" classname="PhantomJS_2_1_1_(Windows_8_0_0_0).Inventory.store.Document"/>
  <testcase name="Inventory.store.Document Ext object config should have a storeId of &quot;Document" time="0" classname="PhantomJS_2_1_1_(Windows_8_0_0_0).Inventory.store.Document"/>
  <testcase name="Inventory.store.Document Ext object config model should exists" time="0" classname="PhantomJS_2_1_1_(Windows_8_0_0_0).Inventory.store.Document"/>
  <testcase name="Inventory.store.Document Ext object config model should have a model named &quot;Inventory.model.Document&quot;" time="0" classname="PhantomJS_2_1_1_(Windows_8_0_0_0).Inventory.store.Document"/>
  <testcase name="Inventory.store.Document Ext object config proxy should have a proxy" time="0" classname="PhantomJS_2_1_1_(Windows_8_0_0_0).Inventory.store.Document"/>
  <testcase name="Inventory.store.Document Ext object config proxy should be of type &quot;rest&quot;" time="0" classname="PhantomJS_2_1_1_(Windows_8_0_0_0).Inventory.store.Document"/>
  <testcase name="Inventory.store.Document Ext object config proxy api should have the correct api URIs" time="0" classname="PhantomJS_2_1_1_(Windows_8_0_0_0).Inventory.store.Document"/>
  <testcase name="Inventory.store.Document Ext object config proxy api &quot;create&quot; URI should be &quot;./inventory/api/document/post&quot;" time="0" classname="PhantomJS_2_1_1_(Windows_8_0_0_0).Inventory.store.Document"/>
  <testcase name="Inventory.store.Document Ext object config proxy api &quot;read&quot; URI should be &quot;./inventory/api/document/get&quot;" time="0" classname="PhantomJS_2_1_1_(Windows_8_0_0_0).Inventory.store.Document"/>
  <testcase name="Inventory.store.Document Ext object config proxy api &quot;update&quot; URI should be &quot;./inventory/api/document/put&quot;" time="0" classname="PhantomJS_2_1_1_(Windows_8_0_0_0).Inventory.store.Document"/>
  <testcase name="Inventory.model.EquipmentLength Ext object should be a valid Ext object" time="0" classname="PhantomJS_2_1_1_(Windows_8_0_0_0).Inventory.model.EquipmentLength"/>
  <testcase name="Inventory.model.EquipmentLength config should exists" time="0" classname="PhantomJS_2_1_1_(Windows_8_0_0_0).Inventory.model.EquipmentLength"/>
  <testcase name="Inventory.model.EquipmentLength config should be derived from iRely.BaseEntity" time="0" classname="PhantomJS_2_1_1_(Windows_8_0_0_0).Inventory.model.EquipmentLength"/>
  <testcase name="Inventory.model.EquipmentLength config should have an idProperty" time="0" classname="PhantomJS_2_1_1_(Windows_8_0_0_0).Inventory.model.EquipmentLength"/>
  <testcase name="Inventory.model.EquipmentLength config fields should have the correct fields" time="0.001" classname="PhantomJS_2_1_1_(Windows_8_0_0_0).Inventory.model.EquipmentLength"/>
  <testcase name="Inventory.model.EquipmentLength config fields should have reference model(s)" time="0" classname="PhantomJS_2_1_1_(Windows_8_0_0_0).Inventory.model.EquipmentLength"/>
  <testcase name="Inventory.model.FeedStockCode Ext object should be a valid Ext object" time="0.001" classname="PhantomJS_2_1_1_(Windows_8_0_0_0).Inventory.model.FeedStockCode"/>
  <testcase name="Inventory.model.FeedStockCode config should exists" time="0" classname="PhantomJS_2_1_1_(Windows_8_0_0_0).Inventory.model.FeedStockCode"/>
  <testcase name="Inventory.model.FeedStockCode config should be derived from iRely.BaseEntity" time="0.001" classname="PhantomJS_2_1_1_(Windows_8_0_0_0).Inventory.model.FeedStockCode"/>
  <testcase name="Inventory.model.FeedStockCode config should have an idProperty" time="0" classname="PhantomJS_2_1_1_(Windows_8_0_0_0).Inventory.model.FeedStockCode"/>
  <testcase name="Inventory.model.FeedStockCode config fields should have the correct fields" time="0.001" classname="PhantomJS_2_1_1_(Windows_8_0_0_0).Inventory.model.FeedStockCode"/>
  <testcase name="Inventory.model.FeedStockCode config fields should have reference model(s)" time="0" classname="PhantomJS_2_1_1_(Windows_8_0_0_0).Inventory.model.FeedStockCode"/>
  <testcase name="Inventory.store.FeedStockCode Ext object should be a valid Ext object" time="0" classname="PhantomJS_2_1_1_(Windows_8_0_0_0).Inventory.store.FeedStockCode"/>
  <testcase name="Inventory.store.FeedStockCode Ext object should have an alias of &quot;store.icfeedstockcode&quot;" time="0" classname="PhantomJS_2_1_1_(Windows_8_0_0_0).Inventory.store.FeedStockCode"/>
  <testcase name="Inventory.store.FeedStockCode Ext object config should have a storeId of &quot;FeedStockCode" time="0" classname="PhantomJS_2_1_1_(Windows_8_0_0_0).Inventory.store.FeedStockCode"/>
  <testcase name="Inventory.store.FeedStockCode Ext object config model should exists" time="0" classname="PhantomJS_2_1_1_(Windows_8_0_0_0).Inventory.store.FeedStockCode"/>
  <testcase name="Inventory.store.FeedStockCode Ext object config model should have a model named &quot;Inventory.model.FeedStockCode&quot;" time="0" classname="PhantomJS_2_1_1_(Windows_8_0_0_0).Inventory.store.FeedStockCode"/>
  <testcase name="Inventory.store.FeedStockCode Ext object config proxy should have a proxy" time="0" classname="PhantomJS_2_1_1_(Windows_8_0_0_0).Inventory.store.FeedStockCode"/>
  <testcase name="Inventory.store.FeedStockCode Ext object config proxy should be of type &quot;rest&quot;" time="0" classname="PhantomJS_2_1_1_(Windows_8_0_0_0).Inventory.store.FeedStockCode"/>
  <testcase name="Inventory.store.FeedStockCode Ext object config proxy api should have the correct api URIs" time="0" classname="PhantomJS_2_1_1_(Windows_8_0_0_0).Inventory.store.FeedStockCode"/>
  <testcase name="Inventory.store.FeedStockCode Ext object config proxy api &quot;create&quot; URI should be &quot;./inventory/api/feedstock/post&quot;" time="0" classname="PhantomJS_2_1_1_(Windows_8_0_0_0).Inventory.store.FeedStockCode"/>
  <testcase name="Inventory.store.FeedStockCode Ext object config proxy api &quot;read&quot; URI should be &quot;./inventory/api/feedstock/get&quot;" time="0" classname="PhantomJS_2_1_1_(Windows_8_0_0_0).Inventory.store.FeedStockCode"/>
  <testcase name="Inventory.store.FeedStockCode Ext object config proxy api &quot;update&quot; URI should be &quot;./inventory/api/feedstock/put&quot;" time="0" classname="PhantomJS_2_1_1_(Windows_8_0_0_0).Inventory.store.FeedStockCode"/>
  <testcase name="Inventory.view.FeedStockCodeViewController should exist" time="0" classname="PhantomJS_2_1_1_(Windows_8_0_0_0).Inventory.view.FeedStockCodeViewController"/>
  <testcase name="Inventory.view.FeedStockCodeViewController should be derived from Ext.app.ViewController" time="0" classname="PhantomJS_2_1_1_(Windows_8_0_0_0).Inventory.view.FeedStockCodeViewController"/>
  <testcase name="Inventory.view.FeedStockCodeViewController should have a config" time="0" classname="PhantomJS_2_1_1_(Windows_8_0_0_0).Inventory.view.FeedStockCodeViewController"/>
  <testcase name="Inventory.view.FeedStockCodeViewModel should be a valid view model class." time="0" classname="PhantomJS_2_1_1_(Windows_8_0_0_0).Inventory.view.FeedStockCodeViewModel">
    <skipped/>
  </testcase>
  <testcase name="Inventory.model.FeedStockUom Ext object should be a valid Ext object" time="0" classname="PhantomJS_2_1_1_(Windows_8_0_0_0).Inventory.model.FeedStockUom"/>
  <testcase name="Inventory.model.FeedStockUom config should exists" time="0" classname="PhantomJS_2_1_1_(Windows_8_0_0_0).Inventory.model.FeedStockUom"/>
  <testcase name="Inventory.model.FeedStockUom config should be derived from iRely.BaseEntity" time="0" classname="PhantomJS_2_1_1_(Windows_8_0_0_0).Inventory.model.FeedStockUom"/>
  <testcase name="Inventory.model.FeedStockUom config should have an idProperty" time="0.001" classname="PhantomJS_2_1_1_(Windows_8_0_0_0).Inventory.model.FeedStockUom"/>
  <testcase name="Inventory.model.FeedStockUom config fields should have the correct fields" time="0.001" classname="PhantomJS_2_1_1_(Windows_8_0_0_0).Inventory.model.FeedStockUom"/>
  <testcase name="Inventory.model.FeedStockUom config fields should have reference model(s)" time="0" classname="PhantomJS_2_1_1_(Windows_8_0_0_0).Inventory.model.FeedStockUom"/>
  <testcase name="Inventory.store.FeedStockUom Ext object should be a valid Ext object" time="0" classname="PhantomJS_2_1_1_(Windows_8_0_0_0).Inventory.store.FeedStockUom"/>
  <testcase name="Inventory.store.FeedStockUom Ext object should have an alias of &quot;store.icfeedstockuom&quot;" time="0.001" classname="PhantomJS_2_1_1_(Windows_8_0_0_0).Inventory.store.FeedStockUom"/>
  <testcase name="Inventory.store.FeedStockUom Ext object config should have a storeId of &quot;FeedStockUom" time="0" classname="PhantomJS_2_1_1_(Windows_8_0_0_0).Inventory.store.FeedStockUom"/>
  <testcase name="Inventory.store.FeedStockUom Ext object config model should exists" time="0" classname="PhantomJS_2_1_1_(Windows_8_0_0_0).Inventory.store.FeedStockUom"/>
  <testcase name="Inventory.store.FeedStockUom Ext object config model should have a model named &quot;Inventory.model.FeedStockUom&quot;" time="0" classname="PhantomJS_2_1_1_(Windows_8_0_0_0).Inventory.store.FeedStockUom"/>
  <testcase name="Inventory.store.FeedStockUom Ext object config proxy should have a proxy" time="0" classname="PhantomJS_2_1_1_(Windows_8_0_0_0).Inventory.store.FeedStockUom"/>
  <testcase name="Inventory.store.FeedStockUom Ext object config proxy should be of type &quot;rest&quot;" time="0" classname="PhantomJS_2_1_1_(Windows_8_0_0_0).Inventory.store.FeedStockUom"/>
  <testcase name="Inventory.store.FeedStockUom Ext object config proxy api should have the correct api URIs" time="0" classname="PhantomJS_2_1_1_(Windows_8_0_0_0).Inventory.store.FeedStockUom"/>
  <testcase name="Inventory.store.FeedStockUom Ext object config proxy api &quot;create&quot; URI should be &quot;./inventory/api/feedstockuom/post&quot;" time="0" classname="PhantomJS_2_1_1_(Windows_8_0_0_0).Inventory.store.FeedStockUom"/>
  <testcase name="Inventory.store.FeedStockUom Ext object config proxy api &quot;read&quot; URI should be &quot;./inventory/api/feedstockuom/get&quot;" time="0" classname="PhantomJS_2_1_1_(Windows_8_0_0_0).Inventory.store.FeedStockUom"/>
  <testcase name="Inventory.store.FeedStockUom Ext object config proxy api &quot;update&quot; URI should be &quot;./inventory/api/feedstockuom/put&quot;" time="0" classname="PhantomJS_2_1_1_(Windows_8_0_0_0).Inventory.store.FeedStockUom"/>
  <testcase name="Inventory.view.FeedStockUomViewController should exist" time="0" classname="PhantomJS_2_1_1_(Windows_8_0_0_0).Inventory.view.FeedStockUomViewController"/>
  <testcase name="Inventory.view.FeedStockUomViewController should be derived from Ext.app.ViewController" time="0" classname="PhantomJS_2_1_1_(Windows_8_0_0_0).Inventory.view.FeedStockUomViewController"/>
  <testcase name="Inventory.view.FeedStockUomViewController should have a config" time="0" classname="PhantomJS_2_1_1_(Windows_8_0_0_0).Inventory.view.FeedStockUomViewController"/>
  <testcase name="Inventory.view.FeedStockUomViewModel should be a valid view model class." time="0" classname="PhantomJS_2_1_1_(Windows_8_0_0_0).Inventory.view.FeedStockUomViewModel">
    <skipped/>
  </testcase>
  <testcase name="Inventory.view.Filter1ViewController should exist" time="0" classname="PhantomJS_2_1_1_(Windows_8_0_0_0).Inventory.view.Filter1ViewController"/>
  <testcase name="Inventory.view.Filter1ViewController should be derived from Ext.app.ViewController" time="0.001" classname="PhantomJS_2_1_1_(Windows_8_0_0_0).Inventory.view.Filter1ViewController"/>
  <testcase name="Inventory.view.Filter1ViewController should have a config" time="0" classname="PhantomJS_2_1_1_(Windows_8_0_0_0).Inventory.view.Filter1ViewController"/>
  <testcase name="Inventory.view.Filter1ViewModel should be a valid view model class." time="0" classname="PhantomJS_2_1_1_(Windows_8_0_0_0).Inventory.view.Filter1ViewModel">
    <skipped/>
  </testcase>
  <testcase name="Inventory.model.FiscalPeriod Ext object should be a valid Ext object" time="0" classname="PhantomJS_2_1_1_(Windows_8_0_0_0).Inventory.model.FiscalPeriod"/>
  <testcase name="Inventory.model.FiscalPeriod config should exists" time="0" classname="PhantomJS_2_1_1_(Windows_8_0_0_0).Inventory.model.FiscalPeriod"/>
  <testcase name="Inventory.model.FiscalPeriod config should be derived from iRely.BaseEntity" time="0" classname="PhantomJS_2_1_1_(Windows_8_0_0_0).Inventory.model.FiscalPeriod"/>
  <testcase name="Inventory.model.FiscalPeriod config should have an idProperty" time="0" classname="PhantomJS_2_1_1_(Windows_8_0_0_0).Inventory.model.FiscalPeriod"/>
  <testcase name="Inventory.model.FiscalPeriod config fields should have the correct fields" time="0.002" classname="PhantomJS_2_1_1_(Windows_8_0_0_0).Inventory.model.FiscalPeriod"/>
  <testcase name="Inventory.model.FiscalPeriod config fields should have reference model(s)" time="0" classname="PhantomJS_2_1_1_(Windows_8_0_0_0).Inventory.model.FiscalPeriod"/>
  <testcase name="Inventory.store.FiscalPeriod Ext object should be a valid Ext object" time="0" classname="PhantomJS_2_1_1_(Windows_8_0_0_0).Inventory.store.FiscalPeriod"/>
  <testcase name="Inventory.store.FiscalPeriod Ext object should have an alias of &quot;store.icfiscalperiod&quot;" time="0" classname="PhantomJS_2_1_1_(Windows_8_0_0_0).Inventory.store.FiscalPeriod"/>
  <testcase name="Inventory.store.FiscalPeriod Ext object config should have a storeId of &quot;FiscalPeriod" time="0" classname="PhantomJS_2_1_1_(Windows_8_0_0_0).Inventory.store.FiscalPeriod"/>
  <testcase name="Inventory.store.FiscalPeriod Ext object config model should exists" time="0" classname="PhantomJS_2_1_1_(Windows_8_0_0_0).Inventory.store.FiscalPeriod"/>
  <testcase name="Inventory.store.FiscalPeriod Ext object config model should have a model named &quot;Inventory.model.FiscalPeriod&quot;" time="0" classname="PhantomJS_2_1_1_(Windows_8_0_0_0).Inventory.store.FiscalPeriod"/>
  <testcase name="Inventory.store.FiscalPeriod Ext object config proxy should have a proxy" time="0" classname="PhantomJS_2_1_1_(Windows_8_0_0_0).Inventory.store.FiscalPeriod"/>
  <testcase name="Inventory.store.FiscalPeriod Ext object config proxy should be of type &quot;rest&quot;" time="0" classname="PhantomJS_2_1_1_(Windows_8_0_0_0).Inventory.store.FiscalPeriod"/>
  <testcase name="Inventory.store.FiscalPeriod Ext object config proxy api should have the correct api URIs" time="0" classname="PhantomJS_2_1_1_(Windows_8_0_0_0).Inventory.store.FiscalPeriod"/>
  <testcase name="Inventory.store.FiscalPeriod Ext object config proxy api &quot;read&quot; URI should be &quot;./inventory/api/inventoryvaluation/getfiscalmonths&quot;" time="0" classname="PhantomJS_2_1_1_(Windows_8_0_0_0).Inventory.store.FiscalPeriod"/>
  <testcase name="Inventory.model.FuelCategory Ext object should be a valid Ext object" time="0" classname="PhantomJS_2_1_1_(Windows_8_0_0_0).Inventory.model.FuelCategory"/>
  <testcase name="Inventory.model.FuelCategory config should exists" time="0" classname="PhantomJS_2_1_1_(Windows_8_0_0_0).Inventory.model.FuelCategory"/>
  <testcase name="Inventory.model.FuelCategory config should be derived from iRely.BaseEntity" time="0" classname="PhantomJS_2_1_1_(Windows_8_0_0_0).Inventory.model.FuelCategory"/>
  <testcase name="Inventory.model.FuelCategory config should have an idProperty" time="0" classname="PhantomJS_2_1_1_(Windows_8_0_0_0).Inventory.model.FuelCategory"/>
  <testcase name="Inventory.model.FuelCategory config fields should have the correct fields" time="0.001" classname="PhantomJS_2_1_1_(Windows_8_0_0_0).Inventory.model.FuelCategory"/>
  <testcase name="Inventory.model.FuelCategory config fields should have reference model(s)" time="0.001" classname="PhantomJS_2_1_1_(Windows_8_0_0_0).Inventory.model.FuelCategory"/>
  <testcase name="Inventory.store.FuelCategory Ext object should be a valid Ext object" time="0" classname="PhantomJS_2_1_1_(Windows_8_0_0_0).Inventory.store.FuelCategory"/>
  <testcase name="Inventory.store.FuelCategory Ext object should have an alias of &quot;store.icfuelcategory&quot;" time="0.001" classname="PhantomJS_2_1_1_(Windows_8_0_0_0).Inventory.store.FuelCategory"/>
  <testcase name="Inventory.store.FuelCategory Ext object config should have a storeId of &quot;FuelCategory" time="0" classname="PhantomJS_2_1_1_(Windows_8_0_0_0).Inventory.store.FuelCategory"/>
  <testcase name="Inventory.store.FuelCategory Ext object config model should exists" time="0" classname="PhantomJS_2_1_1_(Windows_8_0_0_0).Inventory.store.FuelCategory"/>
  <testcase name="Inventory.store.FuelCategory Ext object config model should have a model named &quot;Inventory.model.FuelCategory&quot;" time="0" classname="PhantomJS_2_1_1_(Windows_8_0_0_0).Inventory.store.FuelCategory"/>
  <testcase name="Inventory.store.FuelCategory Ext object config proxy should have a proxy" time="0" classname="PhantomJS_2_1_1_(Windows_8_0_0_0).Inventory.store.FuelCategory"/>
  <testcase name="Inventory.store.FuelCategory Ext object config proxy should be of type &quot;rest&quot;" time="0.001" classname="PhantomJS_2_1_1_(Windows_8_0_0_0).Inventory.store.FuelCategory"/>
  <testcase name="Inventory.store.FuelCategory Ext object config proxy api should have the correct api URIs" time="0" classname="PhantomJS_2_1_1_(Windows_8_0_0_0).Inventory.store.FuelCategory"/>
  <testcase name="Inventory.store.FuelCategory Ext object config proxy api &quot;create&quot; URI should be &quot;./inventory/api/fuelcategory/post&quot;" time="0" classname="PhantomJS_2_1_1_(Windows_8_0_0_0).Inventory.store.FuelCategory"/>
  <testcase name="Inventory.store.FuelCategory Ext object config proxy api &quot;read&quot; URI should be &quot;./inventory/api/fuelcategory/get&quot;" time="0" classname="PhantomJS_2_1_1_(Windows_8_0_0_0).Inventory.store.FuelCategory"/>
  <testcase name="Inventory.store.FuelCategory Ext object config proxy api &quot;update&quot; URI should be &quot;./inventory/api/fuelcategory/put&quot;" time="0" classname="PhantomJS_2_1_1_(Windows_8_0_0_0).Inventory.store.FuelCategory"/>
  <testcase name="Inventory.view.FuelCategoryViewController should exist" time="0" classname="PhantomJS_2_1_1_(Windows_8_0_0_0).Inventory.view.FuelCategoryViewController"/>
  <testcase name="Inventory.view.FuelCategoryViewController should be derived from Ext.app.ViewController" time="0" classname="PhantomJS_2_1_1_(Windows_8_0_0_0).Inventory.view.FuelCategoryViewController"/>
  <testcase name="Inventory.view.FuelCategoryViewController should have a config" time="0" classname="PhantomJS_2_1_1_(Windows_8_0_0_0).Inventory.view.FuelCategoryViewController"/>
  <testcase name="Inventory.view.FuelCategoryViewModel should be a valid view model class." time="0" classname="PhantomJS_2_1_1_(Windows_8_0_0_0).Inventory.view.FuelCategoryViewModel">
    <skipped/>
  </testcase>
  <testcase name="Inventory.model.FuelCode Ext object should be a valid Ext object" time="0" classname="PhantomJS_2_1_1_(Windows_8_0_0_0).Inventory.model.FuelCode"/>
  <testcase name="Inventory.model.FuelCode config should exists" time="0" classname="PhantomJS_2_1_1_(Windows_8_0_0_0).Inventory.model.FuelCode"/>
  <testcase name="Inventory.model.FuelCode config should be derived from iRely.BaseEntity" time="0" classname="PhantomJS_2_1_1_(Windows_8_0_0_0).Inventory.model.FuelCode"/>
  <testcase name="Inventory.model.FuelCode config should have an idProperty" time="0" classname="PhantomJS_2_1_1_(Windows_8_0_0_0).Inventory.model.FuelCode"/>
  <testcase name="Inventory.model.FuelCode config fields should have the correct fields" time="0.001" classname="PhantomJS_2_1_1_(Windows_8_0_0_0).Inventory.model.FuelCode"/>
  <testcase name="Inventory.model.FuelCode config fields should have reference model(s)" time="0" classname="PhantomJS_2_1_1_(Windows_8_0_0_0).Inventory.model.FuelCode"/>
  <testcase name="Inventory.store.FuelCode Ext object should be a valid Ext object" time="0" classname="PhantomJS_2_1_1_(Windows_8_0_0_0).Inventory.store.FuelCode"/>
  <testcase name="Inventory.store.FuelCode Ext object should have an alias of &quot;store.icfuelcode&quot;" time="0" classname="PhantomJS_2_1_1_(Windows_8_0_0_0).Inventory.store.FuelCode"/>
  <testcase name="Inventory.store.FuelCode Ext object config should have a storeId of &quot;FuelCode" time="0" classname="PhantomJS_2_1_1_(Windows_8_0_0_0).Inventory.store.FuelCode"/>
  <testcase name="Inventory.store.FuelCode Ext object config model should exists" time="0" classname="PhantomJS_2_1_1_(Windows_8_0_0_0).Inventory.store.FuelCode"/>
  <testcase name="Inventory.store.FuelCode Ext object config model should have a model named &quot;Inventory.model.FuelCode&quot;" time="0.001" classname="PhantomJS_2_1_1_(Windows_8_0_0_0).Inventory.store.FuelCode"/>
  <testcase name="Inventory.store.FuelCode Ext object config proxy should have a proxy" time="0" classname="PhantomJS_2_1_1_(Windows_8_0_0_0).Inventory.store.FuelCode"/>
  <testcase name="Inventory.store.FuelCode Ext object config proxy should be of type &quot;rest&quot;" time="0" classname="PhantomJS_2_1_1_(Windows_8_0_0_0).Inventory.store.FuelCode"/>
  <testcase name="Inventory.store.FuelCode Ext object config proxy api should have the correct api URIs" time="0" classname="PhantomJS_2_1_1_(Windows_8_0_0_0).Inventory.store.FuelCode"/>
  <testcase name="Inventory.store.FuelCode Ext object config proxy api &quot;create&quot; URI should be &quot;./inventory/api/fuelcode/post&quot;" time="0" classname="PhantomJS_2_1_1_(Windows_8_0_0_0).Inventory.store.FuelCode"/>
  <testcase name="Inventory.store.FuelCode Ext object config proxy api &quot;read&quot; URI should be &quot;./inventory/api/fuelcode/get&quot;" time="0" classname="PhantomJS_2_1_1_(Windows_8_0_0_0).Inventory.store.FuelCode"/>
  <testcase name="Inventory.store.FuelCode Ext object config proxy api &quot;update&quot; URI should be &quot;./inventory/api/fuelcode/put&quot;" time="0" classname="PhantomJS_2_1_1_(Windows_8_0_0_0).Inventory.store.FuelCode"/>
  <testcase name="Inventory.view.FuelCodeViewController should exist" time="0" classname="PhantomJS_2_1_1_(Windows_8_0_0_0).Inventory.view.FuelCodeViewController"/>
  <testcase name="Inventory.view.FuelCodeViewController should be derived from Ext.app.ViewController" time="0" classname="PhantomJS_2_1_1_(Windows_8_0_0_0).Inventory.view.FuelCodeViewController"/>
  <testcase name="Inventory.view.FuelCodeViewController should have a config" time="0" classname="PhantomJS_2_1_1_(Windows_8_0_0_0).Inventory.view.FuelCodeViewController"/>
  <testcase name="Inventory.view.FuelCodeViewModel should be a valid view model class." time="0" classname="PhantomJS_2_1_1_(Windows_8_0_0_0).Inventory.view.FuelCodeViewModel">
    <skipped/>
  </testcase>
  <testcase name="Inventory.model.FuelTaxClassProductCode Ext object should be a valid Ext object" time="0" classname="PhantomJS_2_1_1_(Windows_8_0_0_0).Inventory.model.FuelTaxClassProductCode"/>
  <testcase name="Inventory.model.FuelTaxClassProductCode config should exists" time="0" classname="PhantomJS_2_1_1_(Windows_8_0_0_0).Inventory.model.FuelTaxClassProductCode"/>
  <testcase name="Inventory.model.FuelTaxClassProductCode config should be derived from iRely.BaseEntity" time="0.001" classname="PhantomJS_2_1_1_(Windows_8_0_0_0).Inventory.model.FuelTaxClassProductCode"/>
  <testcase name="Inventory.model.FuelTaxClassProductCode config should have an idProperty" time="0" classname="PhantomJS_2_1_1_(Windows_8_0_0_0).Inventory.model.FuelTaxClassProductCode"/>
  <testcase name="Inventory.model.FuelTaxClassProductCode config fields should have the correct fields" time="0.001" classname="PhantomJS_2_1_1_(Windows_8_0_0_0).Inventory.model.FuelTaxClassProductCode"/>
  <testcase name="Inventory.model.FuelTaxClassProductCode config fields should have reference model(s)" time="0" classname="PhantomJS_2_1_1_(Windows_8_0_0_0).Inventory.model.FuelTaxClassProductCode"/>
  <testcase name="Inventory.model.FuelTaxClass Ext object should be a valid Ext object" time="0" classname="PhantomJS_2_1_1_(Windows_8_0_0_0).Inventory.model.FuelTaxClass"/>
  <testcase name="Inventory.model.FuelTaxClass config should exists" time="0" classname="PhantomJS_2_1_1_(Windows_8_0_0_0).Inventory.model.FuelTaxClass"/>
  <testcase name="Inventory.model.FuelTaxClass config should be derived from iRely.BaseEntity" time="0" classname="PhantomJS_2_1_1_(Windows_8_0_0_0).Inventory.model.FuelTaxClass"/>
  <testcase name="Inventory.model.FuelTaxClass config should have an idProperty" time="0" classname="PhantomJS_2_1_1_(Windows_8_0_0_0).Inventory.model.FuelTaxClass"/>
  <testcase name="Inventory.model.FuelTaxClass config fields should have the correct fields" time="0" classname="PhantomJS_2_1_1_(Windows_8_0_0_0).Inventory.model.FuelTaxClass"/>
  <testcase name="Inventory.model.FuelTaxClass config fields should have reference model(s)" time="0" classname="PhantomJS_2_1_1_(Windows_8_0_0_0).Inventory.model.FuelTaxClass"/>
  <testcase name="Inventory.store.FuelTaxClass Ext object should be a valid Ext object" time="0" classname="PhantomJS_2_1_1_(Windows_8_0_0_0).Inventory.store.FuelTaxClass"/>
  <testcase name="Inventory.store.FuelTaxClass Ext object should have an alias of &quot;store.icfueltaxclass&quot;" time="0" classname="PhantomJS_2_1_1_(Windows_8_0_0_0).Inventory.store.FuelTaxClass"/>
  <testcase name="Inventory.store.FuelTaxClass Ext object config should have a storeId of &quot;FuelTaxClass" time="0" classname="PhantomJS_2_1_1_(Windows_8_0_0_0).Inventory.store.FuelTaxClass"/>
  <testcase name="Inventory.store.FuelTaxClass Ext object config model should exists" time="0" classname="PhantomJS_2_1_1_(Windows_8_0_0_0).Inventory.store.FuelTaxClass"/>
  <testcase name="Inventory.store.FuelTaxClass Ext object config model should have a model named &quot;Inventory.model.FuelTaxClass&quot;" time="0" classname="PhantomJS_2_1_1_(Windows_8_0_0_0).Inventory.store.FuelTaxClass"/>
  <testcase name="Inventory.store.FuelTaxClass Ext object config proxy should have a proxy" time="0" classname="PhantomJS_2_1_1_(Windows_8_0_0_0).Inventory.store.FuelTaxClass"/>
  <testcase name="Inventory.store.FuelTaxClass Ext object config proxy should be of type &quot;rest&quot;" time="0" classname="PhantomJS_2_1_1_(Windows_8_0_0_0).Inventory.store.FuelTaxClass"/>
  <testcase name="Inventory.store.FuelTaxClass Ext object config proxy api should have the correct api URIs" time="0" classname="PhantomJS_2_1_1_(Windows_8_0_0_0).Inventory.store.FuelTaxClass"/>
  <testcase name="Inventory.store.FuelTaxClass Ext object config proxy api &quot;create&quot; URI should be &quot;./inventory/api/fueltaxclass/post&quot;" time="0" classname="PhantomJS_2_1_1_(Windows_8_0_0_0).Inventory.store.FuelTaxClass"/>
  <testcase name="Inventory.store.FuelTaxClass Ext object config proxy api &quot;read&quot; URI should be &quot;./inventory/api/fueltaxclass/get&quot;" time="0.001" classname="PhantomJS_2_1_1_(Windows_8_0_0_0).Inventory.store.FuelTaxClass"/>
  <testcase name="Inventory.store.FuelTaxClass Ext object config proxy api &quot;update&quot; URI should be &quot;./inventory/api/fueltaxclass/put&quot;" time="0" classname="PhantomJS_2_1_1_(Windows_8_0_0_0).Inventory.store.FuelTaxClass"/>
  <testcase name="Inventory.model.FuelType Ext object should be a valid Ext object" time="0" classname="PhantomJS_2_1_1_(Windows_8_0_0_0).Inventory.model.FuelType"/>
  <testcase name="Inventory.model.FuelType config should exists" time="0" classname="PhantomJS_2_1_1_(Windows_8_0_0_0).Inventory.model.FuelType"/>
  <testcase name="Inventory.model.FuelType config should be derived from iRely.BaseEntity" time="0" classname="PhantomJS_2_1_1_(Windows_8_0_0_0).Inventory.model.FuelType"/>
  <testcase name="Inventory.model.FuelType config should have an idProperty" time="0" classname="PhantomJS_2_1_1_(Windows_8_0_0_0).Inventory.model.FuelType"/>
  <testcase name="Inventory.model.FuelType config fields should have the correct fields" time="0.003" classname="PhantomJS_2_1_1_(Windows_8_0_0_0).Inventory.model.FuelType"/>
  <testcase name="Inventory.model.FuelType config fields should have reference model(s)" time="0" classname="PhantomJS_2_1_1_(Windows_8_0_0_0).Inventory.model.FuelType"/>
  <testcase name="Inventory.store.FuelType Ext object should be a valid Ext object" time="0" classname="PhantomJS_2_1_1_(Windows_8_0_0_0).Inventory.store.FuelType"/>
  <testcase name="Inventory.store.FuelType Ext object should have an alias of &quot;store.icfueltype&quot;" time="0" classname="PhantomJS_2_1_1_(Windows_8_0_0_0).Inventory.store.FuelType"/>
  <testcase name="Inventory.store.FuelType Ext object config should have a storeId of &quot;FuelType" time="0" classname="PhantomJS_2_1_1_(Windows_8_0_0_0).Inventory.store.FuelType"/>
  <testcase name="Inventory.store.FuelType Ext object config model should exists" time="0" classname="PhantomJS_2_1_1_(Windows_8_0_0_0).Inventory.store.FuelType"/>
  <testcase name="Inventory.store.FuelType Ext object config model should have a model named &quot;Inventory.model.FuelType&quot;" time="0" classname="PhantomJS_2_1_1_(Windows_8_0_0_0).Inventory.store.FuelType"/>
  <testcase name="Inventory.store.FuelType Ext object config proxy should have a proxy" time="0" classname="PhantomJS_2_1_1_(Windows_8_0_0_0).Inventory.store.FuelType"/>
  <testcase name="Inventory.store.FuelType Ext object config proxy should be of type &quot;rest&quot;" time="0.001" classname="PhantomJS_2_1_1_(Windows_8_0_0_0).Inventory.store.FuelType"/>
  <testcase name="Inventory.store.FuelType Ext object config proxy api should have the correct api URIs" time="0" classname="PhantomJS_2_1_1_(Windows_8_0_0_0).Inventory.store.FuelType"/>
  <testcase name="Inventory.store.FuelType Ext object config proxy api &quot;create&quot; URI should be &quot;./inventory/api/fueltype/post&quot;" time="0" classname="PhantomJS_2_1_1_(Windows_8_0_0_0).Inventory.store.FuelType"/>
  <testcase name="Inventory.store.FuelType Ext object config proxy api &quot;read&quot; URI should be &quot;./inventory/api/fueltype/get&quot;" time="0" classname="PhantomJS_2_1_1_(Windows_8_0_0_0).Inventory.store.FuelType"/>
  <testcase name="Inventory.store.FuelType Ext object config proxy api &quot;update&quot; URI should be &quot;./inventory/api/fueltype/put&quot;" time="0" classname="PhantomJS_2_1_1_(Windows_8_0_0_0).Inventory.store.FuelType"/>
  <testcase name="Inventory.view.FuelTypeViewController should exist" time="0" classname="PhantomJS_2_1_1_(Windows_8_0_0_0).Inventory.view.FuelTypeViewController"/>
  <testcase name="Inventory.view.FuelTypeViewController should be derived from Ext.app.ViewController" time="0" classname="PhantomJS_2_1_1_(Windows_8_0_0_0).Inventory.view.FuelTypeViewController"/>
  <testcase name="Inventory.view.FuelTypeViewController should have a config" time="0" classname="PhantomJS_2_1_1_(Windows_8_0_0_0).Inventory.view.FuelTypeViewController"/>
  <testcase name="Inventory.view.FuelTypeViewModel should be a valid view model class." time="0" classname="PhantomJS_2_1_1_(Windows_8_0_0_0).Inventory.view.FuelTypeViewModel">
    <skipped/>
  </testcase>
  <testcase name="Inventory.view.ImportDataFromCsvViewController should exist" time="0" classname="PhantomJS_2_1_1_(Windows_8_0_0_0).Inventory.view.ImportDataFromCsvViewController"/>
  <testcase name="Inventory.view.ImportDataFromCsvViewController should be derived from Ext.app.ViewController" time="0" classname="PhantomJS_2_1_1_(Windows_8_0_0_0).Inventory.view.ImportDataFromCsvViewController"/>
  <testcase name="Inventory.view.ImportDataFromCsvViewController should have a config" time="0" classname="PhantomJS_2_1_1_(Windows_8_0_0_0).Inventory.view.ImportDataFromCsvViewController"/>
  <testcase name="Inventory.view.ImportDataFromCsvViewModel should be a valid view model class." time="0" classname="PhantomJS_2_1_1_(Windows_8_0_0_0).Inventory.view.ImportDataFromCsvViewModel">
    <skipped/>
  </testcase>
  <testcase name="Inventory.model.ImportLogDetail Ext object should be a valid Ext object" time="0" classname="PhantomJS_2_1_1_(Windows_8_0_0_0).Inventory.model.ImportLogDetail"/>
  <testcase name="Inventory.model.ImportLogDetail config should exists" time="0" classname="PhantomJS_2_1_1_(Windows_8_0_0_0).Inventory.model.ImportLogDetail"/>
  <testcase name="Inventory.model.ImportLogDetail config should be derived from iRely.BaseEntity" time="0" classname="PhantomJS_2_1_1_(Windows_8_0_0_0).Inventory.model.ImportLogDetail"/>
  <testcase name="Inventory.model.ImportLogDetail config should have an idProperty" time="0" classname="PhantomJS_2_1_1_(Windows_8_0_0_0).Inventory.model.ImportLogDetail"/>
  <testcase name="Inventory.model.ImportLogDetail config fields should have the correct fields" time="0.001" classname="PhantomJS_2_1_1_(Windows_8_0_0_0).Inventory.model.ImportLogDetail"/>
  <testcase name="Inventory.model.ImportLogDetail config fields should have reference model(s)" time="0" classname="PhantomJS_2_1_1_(Windows_8_0_0_0).Inventory.model.ImportLogDetail"/>
  <testcase name="Inventory.store.ImportLogDetail Ext object should be a valid Ext object" time="0" classname="PhantomJS_2_1_1_(Windows_8_0_0_0).Inventory.store.ImportLogDetail"/>
  <testcase name="Inventory.store.ImportLogDetail Ext object should have an alias of &quot;store.icimportlogDetail&quot;" time="0" classname="PhantomJS_2_1_1_(Windows_8_0_0_0).Inventory.store.ImportLogDetail"/>
  <testcase name="Inventory.store.ImportLogDetail Ext object config should have a storeId of &quot;ImportLogDetail" time="0.001" classname="PhantomJS_2_1_1_(Windows_8_0_0_0).Inventory.store.ImportLogDetail"/>
  <testcase name="Inventory.store.ImportLogDetail Ext object config model should exists" time="0" classname="PhantomJS_2_1_1_(Windows_8_0_0_0).Inventory.store.ImportLogDetail"/>
  <testcase name="Inventory.store.ImportLogDetail Ext object config model should have a model named &quot;Inventory.model.ImportLogDetail&quot;" time="0" classname="PhantomJS_2_1_1_(Windows_8_0_0_0).Inventory.store.ImportLogDetail"/>
  <testcase name="Inventory.store.ImportLogDetail Ext object config proxy should have a proxy" time="0" classname="PhantomJS_2_1_1_(Windows_8_0_0_0).Inventory.store.ImportLogDetail"/>
  <testcase name="Inventory.store.ImportLogDetail Ext object config proxy should be of type &quot;rest&quot;" time="0" classname="PhantomJS_2_1_1_(Windows_8_0_0_0).Inventory.store.ImportLogDetail"/>
  <testcase name="Inventory.store.ImportLogDetail Ext object config proxy api should have the correct api URIs" time="0" classname="PhantomJS_2_1_1_(Windows_8_0_0_0).Inventory.store.ImportLogDetail"/>
  <testcase name="Inventory.store.ImportLogDetail Ext object config proxy api &quot;read&quot; URI should be &quot;./inventory/api/importlogdetail/get&quot;" time="0" classname="PhantomJS_2_1_1_(Windows_8_0_0_0).Inventory.store.ImportLogDetail"/>
  <testcase name="Inventory.view.ImportLogMessageBoxViewController should exist" time="0" classname="PhantomJS_2_1_1_(Windows_8_0_0_0).Inventory.view.ImportLogMessageBoxViewController"/>
  <testcase name="Inventory.view.ImportLogMessageBoxViewController should be derived from Ext.app.ViewController" time="0" classname="PhantomJS_2_1_1_(Windows_8_0_0_0).Inventory.view.ImportLogMessageBoxViewController"/>
  <testcase name="Inventory.view.ImportLogMessageBoxViewController should have a config" time="0" classname="PhantomJS_2_1_1_(Windows_8_0_0_0).Inventory.view.ImportLogMessageBoxViewController"/>
  <testcase name="Inventory.view.ImportLogMessageBoxViewModel should be a valid view model class." time="0" classname="PhantomJS_2_1_1_(Windows_8_0_0_0).Inventory.view.ImportLogMessageBoxViewModel">
    <skipped/>
  </testcase>
  <testcase name="Inventory.model.ImportLog Ext object should be a valid Ext object" time="0" classname="PhantomJS_2_1_1_(Windows_8_0_0_0).Inventory.model.ImportLog"/>
  <testcase name="Inventory.model.ImportLog config should exists" time="0" classname="PhantomJS_2_1_1_(Windows_8_0_0_0).Inventory.model.ImportLog"/>
  <testcase name="Inventory.model.ImportLog config should be derived from iRely.BaseEntity" time="0" classname="PhantomJS_2_1_1_(Windows_8_0_0_0).Inventory.model.ImportLog"/>
  <testcase name="Inventory.model.ImportLog config should have an idProperty" time="0" classname="PhantomJS_2_1_1_(Windows_8_0_0_0).Inventory.model.ImportLog"/>
  <testcase name="Inventory.model.ImportLog config fields should have the correct fields" time="0.004" classname="PhantomJS_2_1_1_(Windows_8_0_0_0).Inventory.model.ImportLog"/>
  <testcase name="Inventory.model.ImportLog config fields should have reference model(s)" time="0" classname="PhantomJS_2_1_1_(Windows_8_0_0_0).Inventory.model.ImportLog"/>
  <testcase name="Inventory.store.ImportLog Ext object should be a valid Ext object" time="0" classname="PhantomJS_2_1_1_(Windows_8_0_0_0).Inventory.store.ImportLog"/>
  <testcase name="Inventory.store.ImportLog Ext object should have an alias of &quot;store.icimportlog&quot;" time="0.001" classname="PhantomJS_2_1_1_(Windows_8_0_0_0).Inventory.store.ImportLog"/>
  <testcase name="Inventory.store.ImportLog Ext object config should have a storeId of &quot;ImportLog" time="0" classname="PhantomJS_2_1_1_(Windows_8_0_0_0).Inventory.store.ImportLog"/>
  <testcase name="Inventory.store.ImportLog Ext object config model should exists" time="0" classname="PhantomJS_2_1_1_(Windows_8_0_0_0).Inventory.store.ImportLog"/>
  <testcase name="Inventory.store.ImportLog Ext object config model should have a model named &quot;Inventory.model.ImportLog&quot;" time="0" classname="PhantomJS_2_1_1_(Windows_8_0_0_0).Inventory.store.ImportLog"/>
  <testcase name="Inventory.store.ImportLog Ext object config proxy should have a proxy" time="0" classname="PhantomJS_2_1_1_(Windows_8_0_0_0).Inventory.store.ImportLog"/>
  <testcase name="Inventory.store.ImportLog Ext object config proxy should be of type &quot;rest&quot;" time="0" classname="PhantomJS_2_1_1_(Windows_8_0_0_0).Inventory.store.ImportLog"/>
  <testcase name="Inventory.store.ImportLog Ext object config proxy api should have the correct api URIs" time="0" classname="PhantomJS_2_1_1_(Windows_8_0_0_0).Inventory.store.ImportLog"/>
  <testcase name="Inventory.store.ImportLog Ext object config proxy api &quot;read&quot; URI should be &quot;./inventory/api/importlog/get&quot;" time="0" classname="PhantomJS_2_1_1_(Windows_8_0_0_0).Inventory.store.ImportLog"/>
  <testcase name="Inventory.view.ImportLogViewModel should be a valid view model class." time="0" classname="PhantomJS_2_1_1_(Windows_8_0_0_0).Inventory.view.ImportLogViewModel">
    <skipped/>
  </testcase>
  <testcase name="Inventory.view.InventoryAdjustmentViewController should exist" time="0" classname="PhantomJS_2_1_1_(Windows_8_0_0_0).Inventory.view.InventoryAdjustmentViewController"/>
  <testcase name="Inventory.view.InventoryAdjustmentViewController should be derived from Inventory.view.InventoryBaseViewController" time="0" classname="PhantomJS_2_1_1_(Windows_8_0_0_0).Inventory.view.InventoryAdjustmentViewController"/>
  <testcase name="Inventory.view.InventoryAdjustmentViewController should have a config" time="0" classname="PhantomJS_2_1_1_(Windows_8_0_0_0).Inventory.view.InventoryAdjustmentViewController"/>
  <testcase name="Inventory.view.InventoryAdjustmentViewModel should be a valid view model class." time="0" classname="PhantomJS_2_1_1_(Windows_8_0_0_0).Inventory.view.InventoryAdjustmentViewModel">
    <skipped/>
  </testcase>
  <testcase name="Inventory.view.InventoryBaseViewController should exist" time="0" classname="PhantomJS_2_1_1_(Windows_8_0_0_0).Inventory.view.InventoryBaseViewController"/>
  <testcase name="Inventory.view.InventoryBaseViewController should be derived from Ext.app.ViewController" time="0" classname="PhantomJS_2_1_1_(Windows_8_0_0_0).Inventory.view.InventoryBaseViewController"/>
  <testcase name="Inventory.view.InventoryBaseViewController should have a config" time="0" classname="PhantomJS_2_1_1_(Windows_8_0_0_0).Inventory.view.InventoryBaseViewController"/>
  <testcase name="Inventory.model.InventoryCountDetail Ext object should be a valid Ext object" time="0" classname="PhantomJS_2_1_1_(Windows_8_0_0_0).Inventory.model.InventoryCountDetail"/>
  <testcase name="Inventory.model.InventoryCountDetail config should exists" time="0" classname="PhantomJS_2_1_1_(Windows_8_0_0_0).Inventory.model.InventoryCountDetail"/>
  <testcase name="Inventory.model.InventoryCountDetail config should be derived from iRely.BaseEntity" time="0" classname="PhantomJS_2_1_1_(Windows_8_0_0_0).Inventory.model.InventoryCountDetail"/>
  <testcase name="Inventory.model.InventoryCountDetail config should have an idProperty" time="0" classname="PhantomJS_2_1_1_(Windows_8_0_0_0).Inventory.model.InventoryCountDetail"/>
  <testcase name="Inventory.model.InventoryCountDetail config fields should have the correct fields" time="0.012" classname="PhantomJS_2_1_1_(Windows_8_0_0_0).Inventory.model.InventoryCountDetail"/>
  <testcase name="Inventory.model.InventoryCountDetail config fields should have reference model(s)" time="0" classname="PhantomJS_2_1_1_(Windows_8_0_0_0).Inventory.model.InventoryCountDetail"/>
  <testcase name="Inventory.store.InventoryCountDetail Ext object should be a valid Ext object" time="0" classname="PhantomJS_2_1_1_(Windows_8_0_0_0).Inventory.store.InventoryCountDetail"/>
  <testcase name="Inventory.store.InventoryCountDetail Ext object should have an alias of &quot;store.icinventorycountdetail&quot;" time="0" classname="PhantomJS_2_1_1_(Windows_8_0_0_0).Inventory.store.InventoryCountDetail"/>
  <testcase name="Inventory.store.InventoryCountDetail Ext object config should have a storeId of &quot;InventoryCountDetail" time="0" classname="PhantomJS_2_1_1_(Windows_8_0_0_0).Inventory.store.InventoryCountDetail"/>
  <testcase name="Inventory.store.InventoryCountDetail Ext object config model should exists" time="0" classname="PhantomJS_2_1_1_(Windows_8_0_0_0).Inventory.store.InventoryCountDetail"/>
  <testcase name="Inventory.store.InventoryCountDetail Ext object config model should have a model named &quot;Inventory.model.InventoryCountDetail&quot;" time="0" classname="PhantomJS_2_1_1_(Windows_8_0_0_0).Inventory.store.InventoryCountDetail"/>
  <testcase name="Inventory.store.InventoryCountDetail Ext object config proxy should have a proxy" time="0" classname="PhantomJS_2_1_1_(Windows_8_0_0_0).Inventory.store.InventoryCountDetail"/>
  <testcase name="Inventory.store.InventoryCountDetail Ext object config proxy should be of type &quot;rest&quot;" time="0" classname="PhantomJS_2_1_1_(Windows_8_0_0_0).Inventory.store.InventoryCountDetail"/>
  <testcase name="Inventory.store.InventoryCountDetail Ext object config proxy api should have the correct api URIs" time="0.001" classname="PhantomJS_2_1_1_(Windows_8_0_0_0).Inventory.store.InventoryCountDetail"/>
  <testcase name="Inventory.store.InventoryCountDetail Ext object config proxy api &quot;create&quot; URI should be &quot;./inventory/api/inventorycountdetail/post&quot;" time="0" classname="PhantomJS_2_1_1_(Windows_8_0_0_0).Inventory.store.InventoryCountDetail"/>
  <testcase name="Inventory.store.InventoryCountDetail Ext object config proxy api &quot;read&quot; URI should be &quot;./inventory/api/inventorycountdetail/get&quot;" time="0.001" classname="PhantomJS_2_1_1_(Windows_8_0_0_0).Inventory.store.InventoryCountDetail"/>
  <testcase name="Inventory.store.InventoryCountDetail Ext object config proxy api &quot;update&quot; URI should be &quot;./inventory/api/inventorycountdetail/put&quot;" time="0" classname="PhantomJS_2_1_1_(Windows_8_0_0_0).Inventory.store.InventoryCountDetail"/>
  <testcase name="Inventory.view.InventoryCountDetailsViewController should exist" time="0" classname="PhantomJS_2_1_1_(Windows_8_0_0_0).Inventory.view.InventoryCountDetailsViewController"/>
  <testcase name="Inventory.view.InventoryCountDetailsViewController should be derived from Ext.app.ViewController" time="0" classname="PhantomJS_2_1_1_(Windows_8_0_0_0).Inventory.view.InventoryCountDetailsViewController"/>
  <testcase name="Inventory.view.InventoryCountDetailsViewController should have a config" time="0" classname="PhantomJS_2_1_1_(Windows_8_0_0_0).Inventory.view.InventoryCountDetailsViewController"/>
  <testcase name="Inventory.view.InventoryCountDetailsViewModel should be a valid view model class." time="0" classname="PhantomJS_2_1_1_(Windows_8_0_0_0).Inventory.view.InventoryCountDetailsViewModel">
    <skipped/>
  </testcase>
  <testcase name="Inventory.view.InventoryCountGroupViewController should exist" time="0" classname="PhantomJS_2_1_1_(Windows_8_0_0_0).Inventory.view.InventoryCountGroupViewController"/>
  <testcase name="Inventory.view.InventoryCountGroupViewController should be derived from Ext.app.ViewController" time="0" classname="PhantomJS_2_1_1_(Windows_8_0_0_0).Inventory.view.InventoryCountGroupViewController"/>
  <testcase name="Inventory.view.InventoryCountGroupViewController should have a config" time="0" classname="PhantomJS_2_1_1_(Windows_8_0_0_0).Inventory.view.InventoryCountGroupViewController"/>
  <testcase name="Inventory.view.InventoryCountGroupViewModel should be a valid view model class." time="0" classname="PhantomJS_2_1_1_(Windows_8_0_0_0).Inventory.view.InventoryCountGroupViewModel">
    <skipped/>
  </testcase>
  <testcase name="Inventory.model.InventoryCountStockItem Ext object should be a valid Ext object" time="0" classname="PhantomJS_2_1_1_(Windows_8_0_0_0).Inventory.model.InventoryCountStockItem"/>
  <testcase name="Inventory.model.InventoryCountStockItem config should exists" time="0.001" classname="PhantomJS_2_1_1_(Windows_8_0_0_0).Inventory.model.InventoryCountStockItem"/>
  <testcase name="Inventory.model.InventoryCountStockItem config should be derived from iRely.BaseEntity" time="0" classname="PhantomJS_2_1_1_(Windows_8_0_0_0).Inventory.model.InventoryCountStockItem"/>
  <testcase name="Inventory.model.InventoryCountStockItem config should have an idProperty" time="0.001" classname="PhantomJS_2_1_1_(Windows_8_0_0_0).Inventory.model.InventoryCountStockItem"/>
  <testcase name="Inventory.model.InventoryCountStockItem config fields should have the correct fields" time="0.003" classname="PhantomJS_2_1_1_(Windows_8_0_0_0).Inventory.model.InventoryCountStockItem"/>
  <testcase name="Inventory.model.InventoryCountStockItem config fields should have reference model(s)" time="0" classname="PhantomJS_2_1_1_(Windows_8_0_0_0).Inventory.model.InventoryCountStockItem"/>
  <testcase name="Inventory.model.InventoryCount Ext object should be a valid Ext object" time="0" classname="PhantomJS_2_1_1_(Windows_8_0_0_0).Inventory.model.InventoryCount"/>
  <testcase name="Inventory.model.InventoryCount config should exists" time="0" classname="PhantomJS_2_1_1_(Windows_8_0_0_0).Inventory.model.InventoryCount"/>
  <testcase name="Inventory.model.InventoryCount config should be derived from iRely.BaseEntity" time="0" classname="PhantomJS_2_1_1_(Windows_8_0_0_0).Inventory.model.InventoryCount"/>
  <testcase name="Inventory.model.InventoryCount config should have an idProperty" time="0" classname="PhantomJS_2_1_1_(Windows_8_0_0_0).Inventory.model.InventoryCount"/>
  <testcase name="Inventory.model.InventoryCount config fields should have the correct fields" time="0.008" classname="PhantomJS_2_1_1_(Windows_8_0_0_0).Inventory.model.InventoryCount"/>
  <testcase name="Inventory.model.InventoryCount config fields should have reference model(s)" time="0" classname="PhantomJS_2_1_1_(Windows_8_0_0_0).Inventory.model.InventoryCount"/>
  <testcase name="Inventory.store.InventoryCount Ext object should be a valid Ext object" time="0" classname="PhantomJS_2_1_1_(Windows_8_0_0_0).Inventory.store.InventoryCount"/>
  <testcase name="Inventory.store.InventoryCount Ext object should have an alias of &quot;store.icinventorycount&quot;" time="0" classname="PhantomJS_2_1_1_(Windows_8_0_0_0).Inventory.store.InventoryCount"/>
  <testcase name="Inventory.store.InventoryCount Ext object config should have a storeId of &quot;InventoryCount" time="0" classname="PhantomJS_2_1_1_(Windows_8_0_0_0).Inventory.store.InventoryCount"/>
  <testcase name="Inventory.store.InventoryCount Ext object config model should exists" time="0" classname="PhantomJS_2_1_1_(Windows_8_0_0_0).Inventory.store.InventoryCount"/>
  <testcase name="Inventory.store.InventoryCount Ext object config model should have a model named &quot;Inventory.model.InventoryCount&quot;" time="0" classname="PhantomJS_2_1_1_(Windows_8_0_0_0).Inventory.store.InventoryCount"/>
  <testcase name="Inventory.store.InventoryCount Ext object config proxy should have a proxy" time="0" classname="PhantomJS_2_1_1_(Windows_8_0_0_0).Inventory.store.InventoryCount"/>
  <testcase name="Inventory.store.InventoryCount Ext object config proxy should be of type &quot;rest&quot;" time="0" classname="PhantomJS_2_1_1_(Windows_8_0_0_0).Inventory.store.InventoryCount"/>
  <testcase name="Inventory.store.InventoryCount Ext object config proxy api should have the correct api URIs" time="0" classname="PhantomJS_2_1_1_(Windows_8_0_0_0).Inventory.store.InventoryCount"/>
  <testcase name="Inventory.store.InventoryCount Ext object config proxy api &quot;create&quot; URI should be &quot;./inventory/api/inventorycount/post&quot;" time="0" classname="PhantomJS_2_1_1_(Windows_8_0_0_0).Inventory.store.InventoryCount"/>
  <testcase name="Inventory.store.InventoryCount Ext object config proxy api &quot;read&quot; URI should be &quot;./inventory/api/inventorycount/get&quot;" time="0" classname="PhantomJS_2_1_1_(Windows_8_0_0_0).Inventory.store.InventoryCount"/>
  <testcase name="Inventory.store.InventoryCount Ext object config proxy api &quot;update&quot; URI should be &quot;./inventory/api/inventorycount/put&quot;" time="0" classname="PhantomJS_2_1_1_(Windows_8_0_0_0).Inventory.store.InventoryCount"/>
  <testcase name="Inventory.view.InventoryCountViewController should exist" time="0" classname="PhantomJS_2_1_1_(Windows_8_0_0_0).Inventory.view.InventoryCountViewController"/>
  <testcase name="Inventory.view.InventoryCountViewController should be derived from Inventory.view.InventoryBaseViewController" time="0" classname="PhantomJS_2_1_1_(Windows_8_0_0_0).Inventory.view.InventoryCountViewController"/>
  <testcase name="Inventory.view.InventoryCountViewController should have a config" time="0" classname="PhantomJS_2_1_1_(Windows_8_0_0_0).Inventory.view.InventoryCountViewController"/>
  <testcase name="Inventory.view.InventoryCountViewModel should be a valid view model class." time="0" classname="PhantomJS_2_1_1_(Windows_8_0_0_0).Inventory.view.InventoryCountViewModel">
    <skipped/>
  </testcase>
  <testcase name="Inventory.view.InventoryReceiptViewController should exist" time="0" classname="PhantomJS_2_1_1_(Windows_8_0_0_0).Inventory.view.InventoryReceiptViewController"/>
  <testcase name="Inventory.view.InventoryReceiptViewController should be derived from Inventory.view.InventoryBaseViewController" time="0" classname="PhantomJS_2_1_1_(Windows_8_0_0_0).Inventory.view.InventoryReceiptViewController"/>
  <testcase name="Inventory.view.InventoryReceiptViewController should have a config" time="0" classname="PhantomJS_2_1_1_(Windows_8_0_0_0).Inventory.view.InventoryReceiptViewController"/>
  <testcase name="Inventory.view.InventoryReceiptViewController view controller behaviors Inventory Receipt view model should be able to create view model" time="0.001" classname="PhantomJS_2_1_1_(Windows_8_0_0_0).Inventory.view.InventoryReceiptViewController"/>
  <testcase name="Inventory.view.InventoryReceiptViewController view controller behaviors Inventory Receipt view model should have a current data" time="0" classname="PhantomJS_2_1_1_(Windows_8_0_0_0).Inventory.view.InventoryReceiptViewController"/>
  <testcase name="Inventory.view.InventoryReceiptViewController view controller behaviors Inventory Receipt view model should calculate line total" time="0.001" classname="PhantomJS_2_1_1_(Windows_8_0_0_0).Inventory.view.InventoryReceiptViewController"/>
  <testcase name="Inventory.view.InventoryReceiptViewModel should be a valid view model class." time="0" classname="PhantomJS_2_1_1_(Windows_8_0_0_0).Inventory.view.InventoryReceiptViewModel">
    <skipped/>
  </testcase>
  <testcase name="Inventory.view.InventoryShipmentViewController should exist" time="0" classname="PhantomJS_2_1_1_(Windows_8_0_0_0).Inventory.view.InventoryShipmentViewController"/>
  <testcase name="Inventory.view.InventoryShipmentViewController should be derived from Ext.app.ViewController" time="0" classname="PhantomJS_2_1_1_(Windows_8_0_0_0).Inventory.view.InventoryShipmentViewController"/>
  <testcase name="Inventory.view.InventoryShipmentViewController should have a config" time="0" classname="PhantomJS_2_1_1_(Windows_8_0_0_0).Inventory.view.InventoryShipmentViewController"/>
  <testcase name="Inventory.view.InventoryShipmentViewModel should be a valid view model class." time="0" classname="PhantomJS_2_1_1_(Windows_8_0_0_0).Inventory.view.InventoryShipmentViewModel">
    <skipped/>
  </testcase>
  <testcase name="Inventory.model.InventoryTag Ext object should be a valid Ext object" time="0" classname="PhantomJS_2_1_1_(Windows_8_0_0_0).Inventory.model.InventoryTag"/>
  <testcase name="Inventory.model.InventoryTag config should exists" time="0.001" classname="PhantomJS_2_1_1_(Windows_8_0_0_0).Inventory.model.InventoryTag"/>
  <testcase name="Inventory.model.InventoryTag config should be derived from iRely.BaseEntity" time="0" classname="PhantomJS_2_1_1_(Windows_8_0_0_0).Inventory.model.InventoryTag"/>
  <testcase name="Inventory.model.InventoryTag config should have an idProperty" time="0" classname="PhantomJS_2_1_1_(Windows_8_0_0_0).Inventory.model.InventoryTag"/>
  <testcase name="Inventory.model.InventoryTag config fields should have the correct fields" time="0.001" classname="PhantomJS_2_1_1_(Windows_8_0_0_0).Inventory.model.InventoryTag"/>
  <testcase name="Inventory.model.InventoryTag config fields should have reference model(s)" time="0" classname="PhantomJS_2_1_1_(Windows_8_0_0_0).Inventory.model.InventoryTag"/>
  <testcase name="Inventory.store.InventoryTag Ext object should be a valid Ext object" time="0" classname="PhantomJS_2_1_1_(Windows_8_0_0_0).Inventory.store.InventoryTag"/>
  <testcase name="Inventory.store.InventoryTag Ext object should have an alias of &quot;store.ictag&quot;" time="0.001" classname="PhantomJS_2_1_1_(Windows_8_0_0_0).Inventory.store.InventoryTag"/>
  <testcase name="Inventory.store.InventoryTag Ext object config should have a storeId of &quot;Tag" time="0" classname="PhantomJS_2_1_1_(Windows_8_0_0_0).Inventory.store.InventoryTag"/>
  <testcase name="Inventory.store.InventoryTag Ext object config model should exists" time="0" classname="PhantomJS_2_1_1_(Windows_8_0_0_0).Inventory.store.InventoryTag"/>
  <testcase name="Inventory.store.InventoryTag Ext object config model should have a model named &quot;Inventory.model.InventoryTag&quot;" time="0" classname="PhantomJS_2_1_1_(Windows_8_0_0_0).Inventory.store.InventoryTag"/>
  <testcase name="Inventory.store.InventoryTag Ext object config proxy should have a proxy" time="0" classname="PhantomJS_2_1_1_(Windows_8_0_0_0).Inventory.store.InventoryTag"/>
  <testcase name="Inventory.store.InventoryTag Ext object config proxy should be of type &quot;rest&quot;" time="0" classname="PhantomJS_2_1_1_(Windows_8_0_0_0).Inventory.store.InventoryTag"/>
  <testcase name="Inventory.store.InventoryTag Ext object config proxy api should have the correct api URIs" time="0.001" classname="PhantomJS_2_1_1_(Windows_8_0_0_0).Inventory.store.InventoryTag"/>
  <testcase name="Inventory.store.InventoryTag Ext object config proxy api &quot;create&quot; URI should be &quot;./inventory/api/tag/post&quot;" time="0" classname="PhantomJS_2_1_1_(Windows_8_0_0_0).Inventory.store.InventoryTag"/>
  <testcase name="Inventory.store.InventoryTag Ext object config proxy api &quot;read&quot; URI should be &quot;./inventory/api/tag/get&quot;" time="0" classname="PhantomJS_2_1_1_(Windows_8_0_0_0).Inventory.store.InventoryTag"/>
  <testcase name="Inventory.store.InventoryTag Ext object config proxy api &quot;update&quot; URI should be &quot;./inventory/api/tag/put&quot;" time="0" classname="PhantomJS_2_1_1_(Windows_8_0_0_0).Inventory.store.InventoryTag"/>
  <testcase name="Inventory.view.InventoryTagViewController should exist" time="0" classname="PhantomJS_2_1_1_(Windows_8_0_0_0).Inventory.view.InventoryTagViewController"/>
  <testcase name="Inventory.view.InventoryTagViewController should be derived from Ext.app.ViewController" time="0.001" classname="PhantomJS_2_1_1_(Windows_8_0_0_0).Inventory.view.InventoryTagViewController"/>
  <testcase name="Inventory.view.InventoryTagViewController should have a config" time="0" classname="PhantomJS_2_1_1_(Windows_8_0_0_0).Inventory.view.InventoryTagViewController"/>
  <testcase name="Inventory.view.InventoryTagViewModel should be a valid view model class." time="0" classname="PhantomJS_2_1_1_(Windows_8_0_0_0).Inventory.view.InventoryTagViewModel">
    <skipped/>
  </testcase>
  <testcase name="Inventory.view.InventoryTransferViewController should exist" time="0" classname="PhantomJS_2_1_1_(Windows_8_0_0_0).Inventory.view.InventoryTransferViewController"/>
  <testcase name="Inventory.view.InventoryTransferViewController should be derived from Inventory.view.InventoryBaseViewController" time="0" classname="PhantomJS_2_1_1_(Windows_8_0_0_0).Inventory.view.InventoryTransferViewController"/>
  <testcase name="Inventory.view.InventoryTransferViewController should have a config" time="0" classname="PhantomJS_2_1_1_(Windows_8_0_0_0).Inventory.view.InventoryTransferViewController"/>
  <testcase name="Inventory.view.InventoryTransferViewModel should be a valid view model class." time="0" classname="PhantomJS_2_1_1_(Windows_8_0_0_0).Inventory.view.InventoryTransferViewModel">
    <skipped/>
  </testcase>
  <testcase name="Inventory.view.InventoryUOMViewController should exist" time="0" classname="PhantomJS_2_1_1_(Windows_8_0_0_0).Inventory.view.InventoryUOMViewController"/>
  <testcase name="Inventory.view.InventoryUOMViewController should be derived from Ext.app.ViewController" time="0" classname="PhantomJS_2_1_1_(Windows_8_0_0_0).Inventory.view.InventoryUOMViewController"/>
  <testcase name="Inventory.view.InventoryUOMViewController should have a config" time="0" classname="PhantomJS_2_1_1_(Windows_8_0_0_0).Inventory.view.InventoryUOMViewController"/>
  <testcase name="Inventory.view.InventoryUOMViewModel should be a valid view model class." time="0" classname="PhantomJS_2_1_1_(Windows_8_0_0_0).Inventory.view.InventoryUOMViewModel">
    <skipped/>
  </testcase>
  <testcase name="Inventory.view.InventoryValuationSummaryViewController should exist" time="0" classname="PhantomJS_2_1_1_(Windows_8_0_0_0).Inventory.view.InventoryValuationSummaryViewController"/>
  <testcase name="Inventory.view.InventoryValuationSummaryViewController should be derived from Ext.app.ViewController" time="0" classname="PhantomJS_2_1_1_(Windows_8_0_0_0).Inventory.view.InventoryValuationSummaryViewController"/>
  <testcase name="Inventory.view.InventoryValuationSummaryViewController should have a config" time="0" classname="PhantomJS_2_1_1_(Windows_8_0_0_0).Inventory.view.InventoryValuationSummaryViewController"/>
  <testcase name="Inventory.view.InventoryValuationSummaryViewModel should be a valid view model class." time="0" classname="PhantomJS_2_1_1_(Windows_8_0_0_0).Inventory.view.InventoryValuationSummaryViewModel">
    <skipped/>
  </testcase>
  <testcase name="Inventory.model.InventoryValuation Ext object should be a valid Ext object" time="0" classname="PhantomJS_2_1_1_(Windows_8_0_0_0).Inventory.model.InventoryValuation"/>
  <testcase name="Inventory.model.InventoryValuation config should exists" time="0.001" classname="PhantomJS_2_1_1_(Windows_8_0_0_0).Inventory.model.InventoryValuation"/>
  <testcase name="Inventory.model.InventoryValuation config should be derived from Ext.data.Model" time="0" classname="PhantomJS_2_1_1_(Windows_8_0_0_0).Inventory.model.InventoryValuation"/>
  <testcase name="Inventory.model.InventoryValuation config should have an idProperty" time="0" classname="PhantomJS_2_1_1_(Windows_8_0_0_0).Inventory.model.InventoryValuation"/>
  <testcase name="Inventory.model.InventoryValuation config fields should have the correct fields" time="0.003" classname="PhantomJS_2_1_1_(Windows_8_0_0_0).Inventory.model.InventoryValuation"/>
  <testcase name="Inventory.model.InventoryValuation config fields should have reference model(s)" time="0" classname="PhantomJS_2_1_1_(Windows_8_0_0_0).Inventory.model.InventoryValuation"/>
  <testcase name="Inventory.view.InventoryValuationViewController should exist" time="0" classname="PhantomJS_2_1_1_(Windows_8_0_0_0).Inventory.view.InventoryValuationViewController"/>
  <testcase name="Inventory.view.InventoryValuationViewController should be derived from Ext.app.ViewController" time="0" classname="PhantomJS_2_1_1_(Windows_8_0_0_0).Inventory.view.InventoryValuationViewController"/>
  <testcase name="Inventory.view.InventoryValuationViewController should have a config" time="0" classname="PhantomJS_2_1_1_(Windows_8_0_0_0).Inventory.view.InventoryValuationViewController"/>
  <testcase name="Inventory.view.InventoryValuationViewModel should be a valid view model class." time="0" classname="PhantomJS_2_1_1_(Windows_8_0_0_0).Inventory.view.InventoryValuationViewModel">
    <skipped/>
  </testcase>
  <testcase name="Inventory.model.ItemAccountView Ext object should be a valid Ext object" time="0" classname="PhantomJS_2_1_1_(Windows_8_0_0_0).Inventory.model.ItemAccountView"/>
  <testcase name="Inventory.model.ItemAccountView config should exists" time="0" classname="PhantomJS_2_1_1_(Windows_8_0_0_0).Inventory.model.ItemAccountView"/>
  <testcase name="Inventory.model.ItemAccountView config should be derived from Ext.data.Model" time="0" classname="PhantomJS_2_1_1_(Windows_8_0_0_0).Inventory.model.ItemAccountView"/>
  <testcase name="Inventory.model.ItemAccountView config should have an idProperty" time="0" classname="PhantomJS_2_1_1_(Windows_8_0_0_0).Inventory.model.ItemAccountView"/>
  <testcase name="Inventory.model.ItemAccountView config fields should have the correct fields" time="0.002" classname="PhantomJS_2_1_1_(Windows_8_0_0_0).Inventory.model.ItemAccountView"/>
  <testcase name="Inventory.model.ItemAccountView config fields should have reference model(s)" time="0" classname="PhantomJS_2_1_1_(Windows_8_0_0_0).Inventory.model.ItemAccountView"/>
  <testcase name="Inventory.model.ItemAccount Ext object should be a valid Ext object" time="0" classname="PhantomJS_2_1_1_(Windows_8_0_0_0).Inventory.model.ItemAccount"/>
  <testcase name="Inventory.model.ItemAccount config should exists" time="0" classname="PhantomJS_2_1_1_(Windows_8_0_0_0).Inventory.model.ItemAccount"/>
  <testcase name="Inventory.model.ItemAccount config should be derived from iRely.BaseEntity" time="0" classname="PhantomJS_2_1_1_(Windows_8_0_0_0).Inventory.model.ItemAccount"/>
  <testcase name="Inventory.model.ItemAccount config should have an idProperty" time="0" classname="PhantomJS_2_1_1_(Windows_8_0_0_0).Inventory.model.ItemAccount"/>
  <testcase name="Inventory.model.ItemAccount config fields should have the correct fields" time="0.002" classname="PhantomJS_2_1_1_(Windows_8_0_0_0).Inventory.model.ItemAccount"/>
  <testcase name="Inventory.model.ItemAccount config fields should have reference model(s)" time="0" classname="PhantomJS_2_1_1_(Windows_8_0_0_0).Inventory.model.ItemAccount"/>
  <testcase name="Inventory.model.ItemAddOn Ext object should be a valid Ext object" time="0.001" classname="PhantomJS_2_1_1_(Windows_8_0_0_0).Inventory.model.ItemAddOn"/>
  <testcase name="Inventory.model.ItemAddOn config should exists" time="0" classname="PhantomJS_2_1_1_(Windows_8_0_0_0).Inventory.model.ItemAddOn"/>
  <testcase name="Inventory.model.ItemAddOn config should be derived from iRely.BaseEntity" time="0" classname="PhantomJS_2_1_1_(Windows_8_0_0_0).Inventory.model.ItemAddOn"/>
  <testcase name="Inventory.model.ItemAddOn config should have an idProperty" time="0" classname="PhantomJS_2_1_1_(Windows_8_0_0_0).Inventory.model.ItemAddOn"/>
  <testcase name="Inventory.model.ItemAddOn config fields should have the correct fields" time="0.002" classname="PhantomJS_2_1_1_(Windows_8_0_0_0).Inventory.model.ItemAddOn"/>
  <testcase name="Inventory.model.ItemAddOn config fields should have reference model(s)" time="0" classname="PhantomJS_2_1_1_(Windows_8_0_0_0).Inventory.model.ItemAddOn"/>
  <testcase name="Inventory.model.ItemAssembly Ext object should be a valid Ext object" time="0" classname="PhantomJS_2_1_1_(Windows_8_0_0_0).Inventory.model.ItemAssembly"/>
  <testcase name="Inventory.model.ItemAssembly config should exists" time="0" classname="PhantomJS_2_1_1_(Windows_8_0_0_0).Inventory.model.ItemAssembly"/>
  <testcase name="Inventory.model.ItemAssembly config should be derived from iRely.BaseEntity" time="0" classname="PhantomJS_2_1_1_(Windows_8_0_0_0).Inventory.model.ItemAssembly"/>
  <testcase name="Inventory.model.ItemAssembly config should have an idProperty" time="0" classname="PhantomJS_2_1_1_(Windows_8_0_0_0).Inventory.model.ItemAssembly"/>
  <testcase name="Inventory.model.ItemAssembly config fields should have the correct fields" time="0.003" classname="PhantomJS_2_1_1_(Windows_8_0_0_0).Inventory.model.ItemAssembly"/>
  <testcase name="Inventory.model.ItemAssembly config fields should have reference model(s)" time="0" classname="PhantomJS_2_1_1_(Windows_8_0_0_0).Inventory.model.ItemAssembly"/>
  <testcase name="Inventory.model.ItemBundle Ext object should be a valid Ext object" time="0" classname="PhantomJS_2_1_1_(Windows_8_0_0_0).Inventory.model.ItemBundle"/>
  <testcase name="Inventory.model.ItemBundle config should exists" time="0.001" classname="PhantomJS_2_1_1_(Windows_8_0_0_0).Inventory.model.ItemBundle"/>
  <testcase name="Inventory.model.ItemBundle config should be derived from iRely.BaseEntity" time="0" classname="PhantomJS_2_1_1_(Windows_8_0_0_0).Inventory.model.ItemBundle"/>
  <testcase name="Inventory.model.ItemBundle config should have an idProperty" time="0" classname="PhantomJS_2_1_1_(Windows_8_0_0_0).Inventory.model.ItemBundle"/>
  <testcase name="Inventory.model.ItemBundle config fields should have the correct fields" time="0.002" classname="PhantomJS_2_1_1_(Windows_8_0_0_0).Inventory.model.ItemBundle"/>
  <testcase name="Inventory.model.ItemBundle config fields should have reference model(s)" time="0" classname="PhantomJS_2_1_1_(Windows_8_0_0_0).Inventory.model.ItemBundle"/>
  <testcase name="Inventory.model.ItemCertification Ext object should be a valid Ext object" time="0" classname="PhantomJS_2_1_1_(Windows_8_0_0_0).Inventory.model.ItemCertification"/>
  <testcase name="Inventory.model.ItemCertification config should exists" time="0" classname="PhantomJS_2_1_1_(Windows_8_0_0_0).Inventory.model.ItemCertification"/>
  <testcase name="Inventory.model.ItemCertification config should be derived from iRely.BaseEntity" time="0" classname="PhantomJS_2_1_1_(Windows_8_0_0_0).Inventory.model.ItemCertification"/>
  <testcase name="Inventory.model.ItemCertification config should have an idProperty" time="0" classname="PhantomJS_2_1_1_(Windows_8_0_0_0).Inventory.model.ItemCertification"/>
  <testcase name="Inventory.model.ItemCertification config fields should have the correct fields" time="0.001" classname="PhantomJS_2_1_1_(Windows_8_0_0_0).Inventory.model.ItemCertification"/>
  <testcase name="Inventory.model.ItemCertification config fields should have reference model(s)" time="0" classname="PhantomJS_2_1_1_(Windows_8_0_0_0).Inventory.model.ItemCertification"/>
  <testcase name="Inventory.model.ItemCommodityCost Ext object should be a valid Ext object" time="0" classname="PhantomJS_2_1_1_(Windows_8_0_0_0).Inventory.model.ItemCommodityCost"/>
  <testcase name="Inventory.model.ItemCommodityCost config should exists" time="0" classname="PhantomJS_2_1_1_(Windows_8_0_0_0).Inventory.model.ItemCommodityCost"/>
  <testcase name="Inventory.model.ItemCommodityCost config should be derived from iRely.BaseEntity" time="0" classname="PhantomJS_2_1_1_(Windows_8_0_0_0).Inventory.model.ItemCommodityCost"/>
  <testcase name="Inventory.model.ItemCommodityCost config should have an idProperty" time="0" classname="PhantomJS_2_1_1_(Windows_8_0_0_0).Inventory.model.ItemCommodityCost"/>
  <testcase name="Inventory.model.ItemCommodityCost config fields should have the correct fields" time="0.002" classname="PhantomJS_2_1_1_(Windows_8_0_0_0).Inventory.model.ItemCommodityCost"/>
  <testcase name="Inventory.model.ItemCommodityCost config fields should have reference model(s)" time="0" classname="PhantomJS_2_1_1_(Windows_8_0_0_0).Inventory.model.ItemCommodityCost"/>
  <testcase name="Inventory.model.ItemContractDocument Ext object should be a valid Ext object" time="0" classname="PhantomJS_2_1_1_(Windows_8_0_0_0).Inventory.model.ItemContractDocument"/>
  <testcase name="Inventory.model.ItemContractDocument config should exists" time="0" classname="PhantomJS_2_1_1_(Windows_8_0_0_0).Inventory.model.ItemContractDocument"/>
  <testcase name="Inventory.model.ItemContractDocument config should be derived from iRely.BaseEntity" time="0" classname="PhantomJS_2_1_1_(Windows_8_0_0_0).Inventory.model.ItemContractDocument"/>
  <testcase name="Inventory.model.ItemContractDocument config should have an idProperty" time="0" classname="PhantomJS_2_1_1_(Windows_8_0_0_0).Inventory.model.ItemContractDocument"/>
  <testcase name="Inventory.model.ItemContractDocument config fields should have the correct fields" time="0.001" classname="PhantomJS_2_1_1_(Windows_8_0_0_0).Inventory.model.ItemContractDocument"/>
  <testcase name="Inventory.model.ItemContractDocument config fields should have reference model(s)" time="0" classname="PhantomJS_2_1_1_(Windows_8_0_0_0).Inventory.model.ItemContractDocument"/>
  <testcase name="Inventory.model.ItemContract Ext object should be a valid Ext object" time="0" classname="PhantomJS_2_1_1_(Windows_8_0_0_0).Inventory.model.ItemContract"/>
  <testcase name="Inventory.model.ItemContract config should exists" time="0" classname="PhantomJS_2_1_1_(Windows_8_0_0_0).Inventory.model.ItemContract"/>
  <testcase name="Inventory.model.ItemContract config should be derived from iRely.BaseEntity" time="0" classname="PhantomJS_2_1_1_(Windows_8_0_0_0).Inventory.model.ItemContract"/>
  <testcase name="Inventory.model.ItemContract config should have an idProperty" time="0" classname="PhantomJS_2_1_1_(Windows_8_0_0_0).Inventory.model.ItemContract"/>
  <testcase name="Inventory.model.ItemContract config fields should have the correct fields" time="0.002" classname="PhantomJS_2_1_1_(Windows_8_0_0_0).Inventory.model.ItemContract"/>
  <testcase name="Inventory.model.ItemContract config fields should have reference model(s)" time="0" classname="PhantomJS_2_1_1_(Windows_8_0_0_0).Inventory.model.ItemContract"/>
  <testcase name="Inventory.model.ItemCustomerXref Ext object should be a valid Ext object" time="0" classname="PhantomJS_2_1_1_(Windows_8_0_0_0).Inventory.model.ItemCustomerXref"/>
  <testcase name="Inventory.model.ItemCustomerXref config should exists" time="0" classname="PhantomJS_2_1_1_(Windows_8_0_0_0).Inventory.model.ItemCustomerXref"/>
  <testcase name="Inventory.model.ItemCustomerXref config should be derived from iRely.BaseEntity" time="0" classname="PhantomJS_2_1_1_(Windows_8_0_0_0).Inventory.model.ItemCustomerXref"/>
  <testcase name="Inventory.model.ItemCustomerXref config should have an idProperty" time="0" classname="PhantomJS_2_1_1_(Windows_8_0_0_0).Inventory.model.ItemCustomerXref"/>
  <testcase name="Inventory.model.ItemCustomerXref config fields should have the correct fields" time="0.002" classname="PhantomJS_2_1_1_(Windows_8_0_0_0).Inventory.model.ItemCustomerXref"/>
  <testcase name="Inventory.model.ItemCustomerXref config fields should have reference model(s)" time="0" classname="PhantomJS_2_1_1_(Windows_8_0_0_0).Inventory.model.ItemCustomerXref"/>
  <testcase name="Inventory.model.ItemFactoryManufacturingCell Ext object should be a valid Ext object" time="0" classname="PhantomJS_2_1_1_(Windows_8_0_0_0).Inventory.model.ItemFactoryManufacturingCell"/>
  <testcase name="Inventory.model.ItemFactoryManufacturingCell config should exists" time="0" classname="PhantomJS_2_1_1_(Windows_8_0_0_0).Inventory.model.ItemFactoryManufacturingCell"/>
  <testcase name="Inventory.model.ItemFactoryManufacturingCell config should be derived from iRely.BaseEntity" time="0" classname="PhantomJS_2_1_1_(Windows_8_0_0_0).Inventory.model.ItemFactoryManufacturingCell"/>
  <testcase name="Inventory.model.ItemFactoryManufacturingCell config should have an idProperty" time="0" classname="PhantomJS_2_1_1_(Windows_8_0_0_0).Inventory.model.ItemFactoryManufacturingCell"/>
  <testcase name="Inventory.model.ItemFactoryManufacturingCell config fields should have the correct fields" time="0.001" classname="PhantomJS_2_1_1_(Windows_8_0_0_0).Inventory.model.ItemFactoryManufacturingCell"/>
  <testcase name="Inventory.model.ItemFactoryManufacturingCell config fields should have reference model(s)" time="0" classname="PhantomJS_2_1_1_(Windows_8_0_0_0).Inventory.model.ItemFactoryManufacturingCell"/>
  <testcase name="Inventory.model.ItemFactory Ext object should be a valid Ext object" time="0" classname="PhantomJS_2_1_1_(Windows_8_0_0_0).Inventory.model.ItemFactory"/>
  <testcase name="Inventory.model.ItemFactory config should exists" time="0" classname="PhantomJS_2_1_1_(Windows_8_0_0_0).Inventory.model.ItemFactory"/>
  <testcase name="Inventory.model.ItemFactory config should be derived from iRely.BaseEntity" time="0" classname="PhantomJS_2_1_1_(Windows_8_0_0_0).Inventory.model.ItemFactory"/>
  <testcase name="Inventory.model.ItemFactory config should have an idProperty" time="0" classname="PhantomJS_2_1_1_(Windows_8_0_0_0).Inventory.model.ItemFactory"/>
  <testcase name="Inventory.model.ItemFactory config fields should have the correct fields" time="0.001" classname="PhantomJS_2_1_1_(Windows_8_0_0_0).Inventory.model.ItemFactory"/>
  <testcase name="Inventory.model.ItemFactory config fields should have reference model(s)" time="0" classname="PhantomJS_2_1_1_(Windows_8_0_0_0).Inventory.model.ItemFactory"/>
  <testcase name="Inventory.model.ItemKitDetail Ext object should be a valid Ext object" time="0" classname="PhantomJS_2_1_1_(Windows_8_0_0_0).Inventory.model.ItemKitDetail"/>
  <testcase name="Inventory.model.ItemKitDetail config should exists" time="0" classname="PhantomJS_2_1_1_(Windows_8_0_0_0).Inventory.model.ItemKitDetail"/>
  <testcase name="Inventory.model.ItemKitDetail config should be derived from iRely.BaseEntity" time="0" classname="PhantomJS_2_1_1_(Windows_8_0_0_0).Inventory.model.ItemKitDetail"/>
  <testcase name="Inventory.model.ItemKitDetail config should have an idProperty" time="0" classname="PhantomJS_2_1_1_(Windows_8_0_0_0).Inventory.model.ItemKitDetail"/>
  <testcase name="Inventory.model.ItemKitDetail config fields should have the correct fields" time="0.002" classname="PhantomJS_2_1_1_(Windows_8_0_0_0).Inventory.model.ItemKitDetail"/>
  <testcase name="Inventory.model.ItemKitDetail config fields should have reference model(s)" time="0" classname="PhantomJS_2_1_1_(Windows_8_0_0_0).Inventory.model.ItemKitDetail"/>
  <testcase name="Inventory.model.ItemKit Ext object should be a valid Ext object" time="0" classname="PhantomJS_2_1_1_(Windows_8_0_0_0).Inventory.model.ItemKit"/>
  <testcase name="Inventory.model.ItemKit config should exists" time="0" classname="PhantomJS_2_1_1_(Windows_8_0_0_0).Inventory.model.ItemKit"/>
  <testcase name="Inventory.model.ItemKit config should be derived from iRely.BaseEntity" time="0" classname="PhantomJS_2_1_1_(Windows_8_0_0_0).Inventory.model.ItemKit"/>
  <testcase name="Inventory.model.ItemKit config should have an idProperty" time="0" classname="PhantomJS_2_1_1_(Windows_8_0_0_0).Inventory.model.ItemKit"/>
  <testcase name="Inventory.model.ItemKit config fields should have the correct fields" time="0.001" classname="PhantomJS_2_1_1_(Windows_8_0_0_0).Inventory.model.ItemKit"/>
  <testcase name="Inventory.model.ItemKit config fields should have reference model(s)" time="0" classname="PhantomJS_2_1_1_(Windows_8_0_0_0).Inventory.model.ItemKit"/>
  <testcase name="Inventory.model.ItemLicense Ext object should be a valid Ext object" time="0" classname="PhantomJS_2_1_1_(Windows_8_0_0_0).Inventory.model.ItemLicense"/>
  <testcase name="Inventory.model.ItemLicense config should exists" time="0" classname="PhantomJS_2_1_1_(Windows_8_0_0_0).Inventory.model.ItemLicense"/>
  <testcase name="Inventory.model.ItemLicense config should be derived from iRely.BaseEntity" time="0" classname="PhantomJS_2_1_1_(Windows_8_0_0_0).Inventory.model.ItemLicense"/>
  <testcase name="Inventory.model.ItemLicense config should have an idProperty" time="0" classname="PhantomJS_2_1_1_(Windows_8_0_0_0).Inventory.model.ItemLicense"/>
  <testcase name="Inventory.model.ItemLicense config fields should have the correct fields" time="0.001" classname="PhantomJS_2_1_1_(Windows_8_0_0_0).Inventory.model.ItemLicense"/>
  <testcase name="Inventory.model.ItemLicense config fields should have reference model(s)" time="0" classname="PhantomJS_2_1_1_(Windows_8_0_0_0).Inventory.model.ItemLicense"/>
  <testcase name="Inventory.model.ItemLocation Ext object should be a valid Ext object" time="0" classname="PhantomJS_2_1_1_(Windows_8_0_0_0).Inventory.model.ItemLocation"/>
  <testcase name="Inventory.model.ItemLocation config should exists" time="0" classname="PhantomJS_2_1_1_(Windows_8_0_0_0).Inventory.model.ItemLocation"/>
  <testcase name="Inventory.model.ItemLocation config should be derived from iRely.BaseEntity" time="0" classname="PhantomJS_2_1_1_(Windows_8_0_0_0).Inventory.model.ItemLocation"/>
  <testcase name="Inventory.model.ItemLocation config should have an idProperty" time="0" classname="PhantomJS_2_1_1_(Windows_8_0_0_0).Inventory.model.ItemLocation"/>
  <testcase name="Inventory.model.ItemLocation config fields should have the correct fields" time="0.023" classname="PhantomJS_2_1_1_(Windows_8_0_0_0).Inventory.model.ItemLocation"/>
  <testcase name="Inventory.model.ItemLocation config fields should have reference model(s)" time="0" classname="PhantomJS_2_1_1_(Windows_8_0_0_0).Inventory.model.ItemLocation"/>
  <testcase name="Inventory.store.ItemLocation Ext object should be a valid Ext object" time="0" classname="PhantomJS_2_1_1_(Windows_8_0_0_0).Inventory.store.ItemLocation"/>
  <testcase name="Inventory.store.ItemLocation Ext object should have an alias of &quot;store.icitemlocation&quot;" time="0" classname="PhantomJS_2_1_1_(Windows_8_0_0_0).Inventory.store.ItemLocation"/>
  <testcase name="Inventory.store.ItemLocation Ext object config should have a storeId of &quot;ItemLocation" time="0" classname="PhantomJS_2_1_1_(Windows_8_0_0_0).Inventory.store.ItemLocation"/>
  <testcase name="Inventory.store.ItemLocation Ext object config model should exists" time="0" classname="PhantomJS_2_1_1_(Windows_8_0_0_0).Inventory.store.ItemLocation"/>
  <testcase name="Inventory.store.ItemLocation Ext object config model should have a model named &quot;Inventory.model.ItemLocation&quot;" time="0" classname="PhantomJS_2_1_1_(Windows_8_0_0_0).Inventory.store.ItemLocation"/>
  <testcase name="Inventory.store.ItemLocation Ext object config proxy should have a proxy" time="0.001" classname="PhantomJS_2_1_1_(Windows_8_0_0_0).Inventory.store.ItemLocation"/>
  <testcase name="Inventory.store.ItemLocation Ext object config proxy should be of type &quot;rest&quot;" time="0" classname="PhantomJS_2_1_1_(Windows_8_0_0_0).Inventory.store.ItemLocation"/>
  <testcase name="Inventory.store.ItemLocation Ext object config proxy api should have the correct api URIs" time="0.001" classname="PhantomJS_2_1_1_(Windows_8_0_0_0).Inventory.store.ItemLocation"/>
  <testcase name="Inventory.store.ItemLocation Ext object config proxy api &quot;create&quot; URI should be &quot;./inventory/api/itemlocation/post&quot;" time="0" classname="PhantomJS_2_1_1_(Windows_8_0_0_0).Inventory.store.ItemLocation"/>
  <testcase name="Inventory.store.ItemLocation Ext object config proxy api &quot;read&quot; URI should be &quot;./inventory/api/itemlocation/get&quot;" time="0.001" classname="PhantomJS_2_1_1_(Windows_8_0_0_0).Inventory.store.ItemLocation"/>
  <testcase name="Inventory.store.ItemLocation Ext object config proxy api &quot;update&quot; URI should be &quot;./inventory/api/itemlocation/put&quot;" time="0" classname="PhantomJS_2_1_1_(Windows_8_0_0_0).Inventory.store.ItemLocation"/>
  <testcase name="Inventory.view.ItemLocationViewController should exist" time="0" classname="PhantomJS_2_1_1_(Windows_8_0_0_0).Inventory.view.ItemLocationViewController"/>
  <testcase name="Inventory.view.ItemLocationViewController should be derived from Ext.app.ViewController" time="0" classname="PhantomJS_2_1_1_(Windows_8_0_0_0).Inventory.view.ItemLocationViewController"/>
  <testcase name="Inventory.view.ItemLocationViewController should have a config" time="0" classname="PhantomJS_2_1_1_(Windows_8_0_0_0).Inventory.view.ItemLocationViewController"/>
  <testcase name="Inventory.view.ItemLocationViewModel should be a valid view model class." time="0" classname="PhantomJS_2_1_1_(Windows_8_0_0_0).Inventory.view.ItemLocationViewModel">
    <skipped/>
  </testcase>
  <testcase name="Inventory.model.ItemManufacturingUOM Ext object should be a valid Ext object" time="0" classname="PhantomJS_2_1_1_(Windows_8_0_0_0).Inventory.model.ItemManufacturingUOM"/>
  <testcase name="Inventory.model.ItemManufacturingUOM config should exists" time="0" classname="PhantomJS_2_1_1_(Windows_8_0_0_0).Inventory.model.ItemManufacturingUOM"/>
  <testcase name="Inventory.model.ItemManufacturingUOM config should be derived from iRely.BaseEntity" time="0.001" classname="PhantomJS_2_1_1_(Windows_8_0_0_0).Inventory.model.ItemManufacturingUOM"/>
  <testcase name="Inventory.model.ItemManufacturingUOM config should have an idProperty" time="0" classname="PhantomJS_2_1_1_(Windows_8_0_0_0).Inventory.model.ItemManufacturingUOM"/>
  <testcase name="Inventory.model.ItemManufacturingUOM config fields should have the correct fields" time="0.001" classname="PhantomJS_2_1_1_(Windows_8_0_0_0).Inventory.model.ItemManufacturingUOM"/>
  <testcase name="Inventory.model.ItemManufacturingUOM config fields should have reference model(s)" time="0" classname="PhantomJS_2_1_1_(Windows_8_0_0_0).Inventory.model.ItemManufacturingUOM"/>
  <testcase name="Inventory.model.ItemMotorFuelTax Ext object should be a valid Ext object" time="0.001" classname="PhantomJS_2_1_1_(Windows_8_0_0_0).Inventory.model.ItemMotorFuelTax"/>
  <testcase name="Inventory.model.ItemMotorFuelTax config should exists" time="0" classname="PhantomJS_2_1_1_(Windows_8_0_0_0).Inventory.model.ItemMotorFuelTax"/>
  <testcase name="Inventory.model.ItemMotorFuelTax config should be derived from iRely.BaseEntity" time="0" classname="PhantomJS_2_1_1_(Windows_8_0_0_0).Inventory.model.ItemMotorFuelTax"/>
  <testcase name="Inventory.model.ItemMotorFuelTax config should have an idProperty" time="0" classname="PhantomJS_2_1_1_(Windows_8_0_0_0).Inventory.model.ItemMotorFuelTax"/>
  <testcase name="Inventory.model.ItemMotorFuelTax config fields should have the correct fields" time="0.001" classname="PhantomJS_2_1_1_(Windows_8_0_0_0).Inventory.model.ItemMotorFuelTax"/>
  <testcase name="Inventory.model.ItemMotorFuelTax config fields should have reference model(s)" time="0" classname="PhantomJS_2_1_1_(Windows_8_0_0_0).Inventory.model.ItemMotorFuelTax"/>
  <testcase name="Inventory.model.ItemNote Ext object should be a valid Ext object" time="0" classname="PhantomJS_2_1_1_(Windows_8_0_0_0).Inventory.model.ItemNote"/>
  <testcase name="Inventory.model.ItemNote config should exists" time="0.001" classname="PhantomJS_2_1_1_(Windows_8_0_0_0).Inventory.model.ItemNote"/>
  <testcase name="Inventory.model.ItemNote config should be derived from iRely.BaseEntity" time="0" classname="PhantomJS_2_1_1_(Windows_8_0_0_0).Inventory.model.ItemNote"/>
  <testcase name="Inventory.model.ItemNote config should have an idProperty" time="0" classname="PhantomJS_2_1_1_(Windows_8_0_0_0).Inventory.model.ItemNote"/>
  <testcase name="Inventory.model.ItemNote config fields should have the correct fields" time="0.001" classname="PhantomJS_2_1_1_(Windows_8_0_0_0).Inventory.model.ItemNote"/>
  <testcase name="Inventory.model.ItemNote config fields should have reference model(s)" time="0" classname="PhantomJS_2_1_1_(Windows_8_0_0_0).Inventory.model.ItemNote"/>
  <testcase name="Inventory.model.ItemOwner Ext object should be a valid Ext object" time="0" classname="PhantomJS_2_1_1_(Windows_8_0_0_0).Inventory.model.ItemOwner"/>
  <testcase name="Inventory.model.ItemOwner config should exists" time="0" classname="PhantomJS_2_1_1_(Windows_8_0_0_0).Inventory.model.ItemOwner"/>
  <testcase name="Inventory.model.ItemOwner config should be derived from iRely.BaseEntity" time="0" classname="PhantomJS_2_1_1_(Windows_8_0_0_0).Inventory.model.ItemOwner"/>
  <testcase name="Inventory.model.ItemOwner config should have an idProperty" time="0" classname="PhantomJS_2_1_1_(Windows_8_0_0_0).Inventory.model.ItemOwner"/>
  <testcase name="Inventory.model.ItemOwner config fields should have the correct fields" time="0.001" classname="PhantomJS_2_1_1_(Windows_8_0_0_0).Inventory.model.ItemOwner"/>
  <testcase name="Inventory.model.ItemOwner config fields should have reference model(s)" time="0" classname="PhantomJS_2_1_1_(Windows_8_0_0_0).Inventory.model.ItemOwner"/>
  <testcase name="Inventory.model.ItemPOSCategory Ext object should be a valid Ext object" time="0" classname="PhantomJS_2_1_1_(Windows_8_0_0_0).Inventory.model.ItemPOSCategory"/>
  <testcase name="Inventory.model.ItemPOSCategory config should exists" time="0" classname="PhantomJS_2_1_1_(Windows_8_0_0_0).Inventory.model.ItemPOSCategory"/>
  <testcase name="Inventory.model.ItemPOSCategory config should be derived from iRely.BaseEntity" time="0" classname="PhantomJS_2_1_1_(Windows_8_0_0_0).Inventory.model.ItemPOSCategory"/>
  <testcase name="Inventory.model.ItemPOSCategory config should have an idProperty" time="0" classname="PhantomJS_2_1_1_(Windows_8_0_0_0).Inventory.model.ItemPOSCategory"/>
  <testcase name="Inventory.model.ItemPOSCategory config fields should have the correct fields" time="0.001" classname="PhantomJS_2_1_1_(Windows_8_0_0_0).Inventory.model.ItemPOSCategory"/>
  <testcase name="Inventory.model.ItemPOSCategory config fields should have reference model(s)" time="0" classname="PhantomJS_2_1_1_(Windows_8_0_0_0).Inventory.model.ItemPOSCategory"/>
  <testcase name="Inventory.model.ItemPOSSLA Ext object should be a valid Ext object" time="0.001" classname="PhantomJS_2_1_1_(Windows_8_0_0_0).Inventory.model.ItemPOSSLA"/>
  <testcase name="Inventory.model.ItemPOSSLA config should exists" time="0" classname="PhantomJS_2_1_1_(Windows_8_0_0_0).Inventory.model.ItemPOSSLA"/>
  <testcase name="Inventory.model.ItemPOSSLA config should be derived from iRely.BaseEntity" time="0" classname="PhantomJS_2_1_1_(Windows_8_0_0_0).Inventory.model.ItemPOSSLA"/>
  <testcase name="Inventory.model.ItemPOSSLA config should have an idProperty" time="0.001" classname="PhantomJS_2_1_1_(Windows_8_0_0_0).Inventory.model.ItemPOSSLA"/>
  <testcase name="Inventory.model.ItemPOSSLA config fields should have the correct fields" time="0.001" classname="PhantomJS_2_1_1_(Windows_8_0_0_0).Inventory.model.ItemPOSSLA"/>
  <testcase name="Inventory.model.ItemPOSSLA config fields should have reference model(s)" time="0" classname="PhantomJS_2_1_1_(Windows_8_0_0_0).Inventory.model.ItemPOSSLA"/>
  <testcase name="Inventory.model.ItemPricingLevel Ext object should be a valid Ext object" time="0" classname="PhantomJS_2_1_1_(Windows_8_0_0_0).Inventory.model.ItemPricingLevel"/>
  <testcase name="Inventory.model.ItemPricingLevel config should exists" time="0" classname="PhantomJS_2_1_1_(Windows_8_0_0_0).Inventory.model.ItemPricingLevel"/>
  <testcase name="Inventory.model.ItemPricingLevel config should be derived from iRely.BaseEntity" time="0" classname="PhantomJS_2_1_1_(Windows_8_0_0_0).Inventory.model.ItemPricingLevel"/>
  <testcase name="Inventory.model.ItemPricingLevel config should have an idProperty" time="0" classname="PhantomJS_2_1_1_(Windows_8_0_0_0).Inventory.model.ItemPricingLevel"/>
  <testcase name="Inventory.model.ItemPricingLevel config fields should have the correct fields" time="0.003" classname="PhantomJS_2_1_1_(Windows_8_0_0_0).Inventory.model.ItemPricingLevel"/>
  <testcase name="Inventory.model.ItemPricingLevel config fields should have reference model(s)" time="0" classname="PhantomJS_2_1_1_(Windows_8_0_0_0).Inventory.model.ItemPricingLevel"/>
  <testcase name="Inventory.model.ItemPricing Ext object should be a valid Ext object" time="0" classname="PhantomJS_2_1_1_(Windows_8_0_0_0).Inventory.model.ItemPricing"/>
  <testcase name="Inventory.model.ItemPricing config should exists" time="0" classname="PhantomJS_2_1_1_(Windows_8_0_0_0).Inventory.model.ItemPricing"/>
  <testcase name="Inventory.model.ItemPricing config should be derived from iRely.BaseEntity" time="0" classname="PhantomJS_2_1_1_(Windows_8_0_0_0).Inventory.model.ItemPricing"/>
  <testcase name="Inventory.model.ItemPricing config should have an idProperty" time="0" classname="PhantomJS_2_1_1_(Windows_8_0_0_0).Inventory.model.ItemPricing"/>
  <testcase name="Inventory.model.ItemPricing config fields should have the correct fields" time="0.002" classname="PhantomJS_2_1_1_(Windows_8_0_0_0).Inventory.model.ItemPricing"/>
  <testcase name="Inventory.model.ItemPricing config fields should have reference model(s)" time="0" classname="PhantomJS_2_1_1_(Windows_8_0_0_0).Inventory.model.ItemPricing"/>
  <testcase name="Inventory.store.ItemPricing Ext object should be a valid Ext object" time="0" classname="PhantomJS_2_1_1_(Windows_8_0_0_0).Inventory.store.ItemPricing"/>
  <testcase name="Inventory.store.ItemPricing Ext object should have an alias of &quot;store.icitempricing&quot;" time="0" classname="PhantomJS_2_1_1_(Windows_8_0_0_0).Inventory.store.ItemPricing"/>
  <testcase name="Inventory.store.ItemPricing Ext object config should have a storeId of &quot;ItemPricing" time="0" classname="PhantomJS_2_1_1_(Windows_8_0_0_0).Inventory.store.ItemPricing"/>
  <testcase name="Inventory.store.ItemPricing Ext object config model should exists" time="0" classname="PhantomJS_2_1_1_(Windows_8_0_0_0).Inventory.store.ItemPricing"/>
  <testcase name="Inventory.store.ItemPricing Ext object config model should have a model named &quot;Inventory.model.ItemPricing&quot;" time="0" classname="PhantomJS_2_1_1_(Windows_8_0_0_0).Inventory.store.ItemPricing"/>
  <testcase name="Inventory.store.ItemPricing Ext object config proxy should have a proxy" time="0" classname="PhantomJS_2_1_1_(Windows_8_0_0_0).Inventory.store.ItemPricing"/>
  <testcase name="Inventory.store.ItemPricing Ext object config proxy should be of type &quot;rest&quot;" time="0" classname="PhantomJS_2_1_1_(Windows_8_0_0_0).Inventory.store.ItemPricing"/>
  <testcase name="Inventory.store.ItemPricing Ext object config proxy api should have the correct api URIs" time="0" classname="PhantomJS_2_1_1_(Windows_8_0_0_0).Inventory.store.ItemPricing"/>
  <testcase name="Inventory.store.ItemPricing Ext object config proxy api &quot;create&quot; URI should be &quot;./inventory/api/itempricing/post&quot;" time="0" classname="PhantomJS_2_1_1_(Windows_8_0_0_0).Inventory.store.ItemPricing"/>
  <testcase name="Inventory.store.ItemPricing Ext object config proxy api &quot;read&quot; URI should be &quot;./inventory/api/itempricing/get&quot;" time="0" classname="PhantomJS_2_1_1_(Windows_8_0_0_0).Inventory.store.ItemPricing"/>
  <testcase name="Inventory.store.ItemPricing Ext object config proxy api &quot;update&quot; URI should be &quot;./inventory/api/itempricing/put&quot;" time="0" classname="PhantomJS_2_1_1_(Windows_8_0_0_0).Inventory.store.ItemPricing"/>
  <testcase name="Inventory.model.ItemSpecialPricing Ext object should be a valid Ext object" time="0" classname="PhantomJS_2_1_1_(Windows_8_0_0_0).Inventory.model.ItemSpecialPricing"/>
  <testcase name="Inventory.model.ItemSpecialPricing config should exists" time="0" classname="PhantomJS_2_1_1_(Windows_8_0_0_0).Inventory.model.ItemSpecialPricing"/>
  <testcase name="Inventory.model.ItemSpecialPricing config should be derived from iRely.BaseEntity" time="0" classname="PhantomJS_2_1_1_(Windows_8_0_0_0).Inventory.model.ItemSpecialPricing"/>
  <testcase name="Inventory.model.ItemSpecialPricing config should have an idProperty" time="0" classname="PhantomJS_2_1_1_(Windows_8_0_0_0).Inventory.model.ItemSpecialPricing"/>
  <testcase name="Inventory.model.ItemSpecialPricing config fields should have the correct fields" time="0.006" classname="PhantomJS_2_1_1_(Windows_8_0_0_0).Inventory.model.ItemSpecialPricing"/>
  <testcase name="Inventory.model.ItemSpecialPricing config fields should have reference model(s)" time="0" classname="PhantomJS_2_1_1_(Windows_8_0_0_0).Inventory.model.ItemSpecialPricing"/>
  <testcase name="Inventory.model.ItemStockDetailAccount Ext object should be a valid Ext object" time="0" classname="PhantomJS_2_1_1_(Windows_8_0_0_0).Inventory.model.ItemStockDetailAccount"/>
  <testcase name="Inventory.model.ItemStockDetailAccount config should exists" time="0" classname="PhantomJS_2_1_1_(Windows_8_0_0_0).Inventory.model.ItemStockDetailAccount"/>
  <testcase name="Inventory.model.ItemStockDetailAccount config should be derived from Ext.data.Model" time="0" classname="PhantomJS_2_1_1_(Windows_8_0_0_0).Inventory.model.ItemStockDetailAccount"/>
  <testcase name="Inventory.model.ItemStockDetailAccount config should have an idProperty" time="0" classname="PhantomJS_2_1_1_(Windows_8_0_0_0).Inventory.model.ItemStockDetailAccount"/>
  <testcase name="Inventory.model.ItemStockDetailAccount config fields should have the correct fields" time="0.003" classname="PhantomJS_2_1_1_(Windows_8_0_0_0).Inventory.model.ItemStockDetailAccount"/>
  <testcase name="Inventory.model.ItemStockDetailAccount config fields should have reference model(s)" time="0" classname="PhantomJS_2_1_1_(Windows_8_0_0_0).Inventory.model.ItemStockDetailAccount"/>
  <testcase name="Inventory.model.ItemStockDetailPricing Ext object should be a valid Ext object" time="0" classname="PhantomJS_2_1_1_(Windows_8_0_0_0).Inventory.model.ItemStockDetailPricing"/>
  <testcase name="Inventory.model.ItemStockDetailPricing config should exists" time="0" classname="PhantomJS_2_1_1_(Windows_8_0_0_0).Inventory.model.ItemStockDetailPricing"/>
  <testcase name="Inventory.model.ItemStockDetailPricing config should be derived from Ext.data.Model" time="0" classname="PhantomJS_2_1_1_(Windows_8_0_0_0).Inventory.model.ItemStockDetailPricing"/>
  <testcase name="Inventory.model.ItemStockDetailPricing config should have an idProperty" time="0" classname="PhantomJS_2_1_1_(Windows_8_0_0_0).Inventory.model.ItemStockDetailPricing"/>
  <testcase name="Inventory.model.ItemStockDetailPricing config fields should have the correct fields" time="0.004" classname="PhantomJS_2_1_1_(Windows_8_0_0_0).Inventory.model.ItemStockDetailPricing"/>
  <testcase name="Inventory.model.ItemStockDetailPricing config fields should have reference model(s)" time="0" classname="PhantomJS_2_1_1_(Windows_8_0_0_0).Inventory.model.ItemStockDetailPricing"/>
  <testcase name="Inventory.model.ItemStockDetailView Ext object should be a valid Ext object" time="0" classname="PhantomJS_2_1_1_(Windows_8_0_0_0).Inventory.model.ItemStockDetailView"/>
  <testcase name="Inventory.model.ItemStockDetailView config should exists" time="0" classname="PhantomJS_2_1_1_(Windows_8_0_0_0).Inventory.model.ItemStockDetailView"/>
  <testcase name="Inventory.model.ItemStockDetailView config should be derived from Ext.data.Model" time="0" classname="PhantomJS_2_1_1_(Windows_8_0_0_0).Inventory.model.ItemStockDetailView"/>
  <testcase name="Inventory.model.ItemStockDetailView config should have an idProperty" time="0.001" classname="PhantomJS_2_1_1_(Windows_8_0_0_0).Inventory.model.ItemStockDetailView"/>
  <testcase name="Inventory.model.ItemStockDetailView config fields should have the correct fields" time="0.021" classname="PhantomJS_2_1_1_(Windows_8_0_0_0).Inventory.model.ItemStockDetailView"/>
  <testcase name="Inventory.model.ItemStockDetailView config fields should have reference model(s)" time="0" classname="PhantomJS_2_1_1_(Windows_8_0_0_0).Inventory.model.ItemStockDetailView"/>
  <testcase name="Inventory.store.ItemStockSummaryByLot Ext object should be a valid Ext object" time="0" classname="PhantomJS_2_1_1_(Windows_8_0_0_0).Inventory.store.ItemStockSummaryByLot"/>
  <testcase name="Inventory.store.ItemStockSummaryByLot Ext object should have an alias of &quot;store.icitemstocksummarybylot&quot;" time="0" classname="PhantomJS_2_1_1_(Windows_8_0_0_0).Inventory.store.ItemStockSummaryByLot"/>
  <testcase name="Inventory.store.ItemStockSummaryByLot Ext object config should have a storeId of &quot;ItemStockSummaryByLot" time="0" classname="PhantomJS_2_1_1_(Windows_8_0_0_0).Inventory.store.ItemStockSummaryByLot"/>
  <testcase name="Inventory.store.ItemStockSummaryByLot Ext object config model should exists" time="0" classname="PhantomJS_2_1_1_(Windows_8_0_0_0).Inventory.store.ItemStockSummaryByLot"/>
  <testcase name="Inventory.store.ItemStockSummaryByLot Ext object config model should have a model named &quot;Inventory.model.ItemStockSummary&quot;" time="0" classname="PhantomJS_2_1_1_(Windows_8_0_0_0).Inventory.store.ItemStockSummaryByLot"/>
  <testcase name="Inventory.store.ItemStockSummaryByLot Ext object config proxy should have a proxy" time="0.001" classname="PhantomJS_2_1_1_(Windows_8_0_0_0).Inventory.store.ItemStockSummaryByLot"/>
  <testcase name="Inventory.store.ItemStockSummaryByLot Ext object config proxy should be of type &quot;rest&quot;" time="0" classname="PhantomJS_2_1_1_(Windows_8_0_0_0).Inventory.store.ItemStockSummaryByLot"/>
  <testcase name="Inventory.store.ItemStockSummaryByLot Ext object config proxy api should have the correct api URIs" time="0.001" classname="PhantomJS_2_1_1_(Windows_8_0_0_0).Inventory.store.ItemStockSummaryByLot"/>
  <testcase name="Inventory.store.ItemStockSummaryByLot Ext object config proxy api &quot;read&quot; URI should be &quot;./inventory/api/inventorycount/getitemstocksummarybylot&quot;" time="0" classname="PhantomJS_2_1_1_(Windows_8_0_0_0).Inventory.store.ItemStockSummaryByLot"/>
  <testcase name="Inventory.model.ItemStockSummary Ext object should be a valid Ext object" time="0" classname="PhantomJS_2_1_1_(Windows_8_0_0_0).Inventory.model.ItemStockSummary"/>
  <testcase name="Inventory.model.ItemStockSummary config should exists" time="0" classname="PhantomJS_2_1_1_(Windows_8_0_0_0).Inventory.model.ItemStockSummary"/>
  <testcase name="Inventory.model.ItemStockSummary config should be derived from Ext.data.Model" time="0.001" classname="PhantomJS_2_1_1_(Windows_8_0_0_0).Inventory.model.ItemStockSummary"/>
  <testcase name="Inventory.model.ItemStockSummary config should have an idProperty" time="0" classname="PhantomJS_2_1_1_(Windows_8_0_0_0).Inventory.model.ItemStockSummary"/>
  <testcase name="Inventory.model.ItemStockSummary config fields should have the correct fields" time="0.006" classname="PhantomJS_2_1_1_(Windows_8_0_0_0).Inventory.model.ItemStockSummary"/>
  <testcase name="Inventory.model.ItemStockSummary config fields should have reference model(s)" time="0" classname="PhantomJS_2_1_1_(Windows_8_0_0_0).Inventory.model.ItemStockSummary"/>
  <testcase name="Inventory.store.ItemStockSummary Ext object should be a valid Ext object" time="0.001" classname="PhantomJS_2_1_1_(Windows_8_0_0_0).Inventory.store.ItemStockSummary"/>
  <testcase name="Inventory.store.ItemStockSummary Ext object should have an alias of &quot;store.icitemstocksummary&quot;" time="0" classname="PhantomJS_2_1_1_(Windows_8_0_0_0).Inventory.store.ItemStockSummary"/>
  <testcase name="Inventory.store.ItemStockSummary Ext object config should have a storeId of &quot;ItemStockSummary" time="0" classname="PhantomJS_2_1_1_(Windows_8_0_0_0).Inventory.store.ItemStockSummary"/>
  <testcase name="Inventory.store.ItemStockSummary Ext object config model should exists" time="0" classname="PhantomJS_2_1_1_(Windows_8_0_0_0).Inventory.store.ItemStockSummary"/>
  <testcase name="Inventory.store.ItemStockSummary Ext object config model should have a model named &quot;Inventory.model.ItemStockSummary&quot;" time="0" classname="PhantomJS_2_1_1_(Windows_8_0_0_0).Inventory.store.ItemStockSummary"/>
  <testcase name="Inventory.store.ItemStockSummary Ext object config proxy should have a proxy" time="0" classname="PhantomJS_2_1_1_(Windows_8_0_0_0).Inventory.store.ItemStockSummary"/>
  <testcase name="Inventory.store.ItemStockSummary Ext object config proxy should be of type &quot;rest&quot;" time="0" classname="PhantomJS_2_1_1_(Windows_8_0_0_0).Inventory.store.ItemStockSummary"/>
  <testcase name="Inventory.store.ItemStockSummary Ext object config proxy api should have the correct api URIs" time="0" classname="PhantomJS_2_1_1_(Windows_8_0_0_0).Inventory.store.ItemStockSummary"/>
  <testcase name="Inventory.store.ItemStockSummary Ext object config proxy api &quot;read&quot; URI should be &quot;./inventory/api/inventorycount/searchitemstocksummary&quot;" time="0" classname="PhantomJS_2_1_1_(Windows_8_0_0_0).Inventory.store.ItemStockSummary"/>
  <testcase name="Inventory.model.ItemStockUOMForAdjustmentView Ext object should be a valid Ext object" time="0" classname="PhantomJS_2_1_1_(Windows_8_0_0_0).Inventory.model.ItemStockUOMForAdjustmentView"/>
  <testcase name="Inventory.model.ItemStockUOMForAdjustmentView config should exists" time="0" classname="PhantomJS_2_1_1_(Windows_8_0_0_0).Inventory.model.ItemStockUOMForAdjustmentView"/>
  <testcase name="Inventory.model.ItemStockUOMForAdjustmentView config should be derived from Ext.data.Model" time="0" classname="PhantomJS_2_1_1_(Windows_8_0_0_0).Inventory.model.ItemStockUOMForAdjustmentView"/>
  <testcase name="Inventory.model.ItemStockUOMForAdjustmentView config should have an idProperty" time="0" classname="PhantomJS_2_1_1_(Windows_8_0_0_0).Inventory.model.ItemStockUOMForAdjustmentView"/>
  <testcase name="Inventory.model.ItemStockUOMForAdjustmentView config fields should have the correct fields" time="0.002" classname="PhantomJS_2_1_1_(Windows_8_0_0_0).Inventory.model.ItemStockUOMForAdjustmentView"/>
  <testcase name="Inventory.model.ItemStockUOMForAdjustmentView config fields should have reference model(s)" time="0" classname="PhantomJS_2_1_1_(Windows_8_0_0_0).Inventory.model.ItemStockUOMForAdjustmentView"/>
  <testcase name="Inventory.model.ItemStockUOMViewTotals Ext object should be a valid Ext object" time="0" classname="PhantomJS_2_1_1_(Windows_8_0_0_0).Inventory.model.ItemStockUOMViewTotals"/>
  <testcase name="Inventory.model.ItemStockUOMViewTotals config should exists" time="0" classname="PhantomJS_2_1_1_(Windows_8_0_0_0).Inventory.model.ItemStockUOMViewTotals"/>
  <testcase name="Inventory.model.ItemStockUOMViewTotals config should be derived from Ext.data.Model" time="0" classname="PhantomJS_2_1_1_(Windows_8_0_0_0).Inventory.model.ItemStockUOMViewTotals"/>
  <testcase name="Inventory.model.ItemStockUOMViewTotals config should have an idProperty" time="0.001" classname="PhantomJS_2_1_1_(Windows_8_0_0_0).Inventory.model.ItemStockUOMViewTotals"/>
  <testcase name="Inventory.model.ItemStockUOMViewTotals config fields should have the correct fields" time="0.001" classname="PhantomJS_2_1_1_(Windows_8_0_0_0).Inventory.model.ItemStockUOMViewTotals"/>
  <testcase name="Inventory.model.ItemStockUOMViewTotals config fields should have reference model(s)" time="0" classname="PhantomJS_2_1_1_(Windows_8_0_0_0).Inventory.model.ItemStockUOMViewTotals"/>
  <testcase name="Inventory.model.ItemStockUOMView Ext object should be a valid Ext object" time="0" classname="PhantomJS_2_1_1_(Windows_8_0_0_0).Inventory.model.ItemStockUOMView"/>
  <testcase name="Inventory.model.ItemStockUOMView config should exists" time="0" classname="PhantomJS_2_1_1_(Windows_8_0_0_0).Inventory.model.ItemStockUOMView"/>
  <testcase name="Inventory.model.ItemStockUOMView config should be derived from Ext.data.Model" time="0" classname="PhantomJS_2_1_1_(Windows_8_0_0_0).Inventory.model.ItemStockUOMView"/>
  <testcase name="Inventory.model.ItemStockUOMView config should have an idProperty" time="0" classname="PhantomJS_2_1_1_(Windows_8_0_0_0).Inventory.model.ItemStockUOMView"/>
  <testcase name="Inventory.model.ItemStockUOMView config fields should have the correct fields" time="0.003" classname="PhantomJS_2_1_1_(Windows_8_0_0_0).Inventory.model.ItemStockUOMView"/>
  <testcase name="Inventory.model.ItemStockUOMView config fields should have reference model(s)" time="0" classname="PhantomJS_2_1_1_(Windows_8_0_0_0).Inventory.model.ItemStockUOMView"/>
  <testcase name="Inventory.store.ItemStockUOMView Ext object should be a valid Ext object" time="0" classname="PhantomJS_2_1_1_(Windows_8_0_0_0).Inventory.store.ItemStockUOMView"/>
  <testcase name="Inventory.store.ItemStockUOMView Ext object should have an alias of &quot;store.icitemstockuomview&quot;" time="0" classname="PhantomJS_2_1_1_(Windows_8_0_0_0).Inventory.store.ItemStockUOMView"/>
  <testcase name="Inventory.store.ItemStockUOMView Ext object config should have a storeId of &quot;ItemStockUOMView" time="0" classname="PhantomJS_2_1_1_(Windows_8_0_0_0).Inventory.store.ItemStockUOMView"/>
  <testcase name="Inventory.store.ItemStockUOMView Ext object config model should exists" time="0" classname="PhantomJS_2_1_1_(Windows_8_0_0_0).Inventory.store.ItemStockUOMView"/>
  <testcase name="Inventory.store.ItemStockUOMView Ext object config model should have a model named &quot;Inventory.model.ItemStockUOMView&quot;" time="0" classname="PhantomJS_2_1_1_(Windows_8_0_0_0).Inventory.store.ItemStockUOMView"/>
  <testcase name="Inventory.store.ItemStockUOMView Ext object config proxy should have a proxy" time="0" classname="PhantomJS_2_1_1_(Windows_8_0_0_0).Inventory.store.ItemStockUOMView"/>
  <testcase name="Inventory.store.ItemStockUOMView Ext object config proxy should be of type &quot;rest&quot;" time="0" classname="PhantomJS_2_1_1_(Windows_8_0_0_0).Inventory.store.ItemStockUOMView"/>
  <testcase name="Inventory.store.ItemStockUOMView Ext object config proxy api should have the correct api URIs" time="0" classname="PhantomJS_2_1_1_(Windows_8_0_0_0).Inventory.store.ItemStockUOMView"/>
  <testcase name="Inventory.store.ItemStockUOMView Ext object config proxy api &quot;read&quot; URI should be &quot;./inventory/api/itemstock/searchitemstockuoms&quot;" time="0" classname="PhantomJS_2_1_1_(Windows_8_0_0_0).Inventory.store.ItemStockUOMView"/>
  <testcase name="Inventory.model.ItemStockView Ext object should be a valid Ext object" time="0" classname="PhantomJS_2_1_1_(Windows_8_0_0_0).Inventory.model.ItemStockView"/>
  <testcase name="Inventory.model.ItemStockView config should exists" time="0" classname="PhantomJS_2_1_1_(Windows_8_0_0_0).Inventory.model.ItemStockView"/>
  <testcase name="Inventory.model.ItemStockView config should be derived from Ext.data.Model" time="0.001" classname="PhantomJS_2_1_1_(Windows_8_0_0_0).Inventory.model.ItemStockView"/>
  <testcase name="Inventory.model.ItemStockView config should have an idProperty" time="0" classname="PhantomJS_2_1_1_(Windows_8_0_0_0).Inventory.model.ItemStockView"/>
  <testcase name="Inventory.model.ItemStockView config fields should have the correct fields" time="0.024" classname="PhantomJS_2_1_1_(Windows_8_0_0_0).Inventory.model.ItemStockView"/>
  <testcase name="Inventory.model.ItemStockView config fields should have reference model(s)" time="0" classname="PhantomJS_2_1_1_(Windows_8_0_0_0).Inventory.model.ItemStockView"/>
  <testcase name="Inventory.store.ItemStockView Ext object should be a valid Ext object" time="0" classname="PhantomJS_2_1_1_(Windows_8_0_0_0).Inventory.store.ItemStockView"/>
  <testcase name="Inventory.store.ItemStockView Ext object should have an alias of &quot;store.icitemstockview&quot;" time="0.001" classname="PhantomJS_2_1_1_(Windows_8_0_0_0).Inventory.store.ItemStockView"/>
  <testcase name="Inventory.store.ItemStockView Ext object config should have a storeId of &quot;ItemStockView" time="0" classname="PhantomJS_2_1_1_(Windows_8_0_0_0).Inventory.store.ItemStockView"/>
  <testcase name="Inventory.store.ItemStockView Ext object config model should exists" time="0" classname="PhantomJS_2_1_1_(Windows_8_0_0_0).Inventory.store.ItemStockView"/>
  <testcase name="Inventory.store.ItemStockView Ext object config model should have a model named &quot;Inventory.model.ItemStockView&quot;" time="0" classname="PhantomJS_2_1_1_(Windows_8_0_0_0).Inventory.store.ItemStockView"/>
  <testcase name="Inventory.store.ItemStockView Ext object config proxy should have a proxy" time="0" classname="PhantomJS_2_1_1_(Windows_8_0_0_0).Inventory.store.ItemStockView"/>
  <testcase name="Inventory.store.ItemStockView Ext object config proxy should be of type &quot;rest&quot;" time="0" classname="PhantomJS_2_1_1_(Windows_8_0_0_0).Inventory.store.ItemStockView"/>
  <testcase name="Inventory.store.ItemStockView Ext object config proxy api should have the correct api URIs" time="0" classname="PhantomJS_2_1_1_(Windows_8_0_0_0).Inventory.store.ItemStockView"/>
  <testcase name="Inventory.store.ItemStockView Ext object config proxy api &quot;read&quot; URI should be &quot;./inventory/api/item/searchitemstocks&quot;" time="0" classname="PhantomJS_2_1_1_(Windows_8_0_0_0).Inventory.store.ItemStockView"/>
  <testcase name="Inventory.model.ItemStock Ext object should be a valid Ext object" time="0" classname="PhantomJS_2_1_1_(Windows_8_0_0_0).Inventory.model.ItemStock"/>
  <testcase name="Inventory.model.ItemStock config should exists" time="0" classname="PhantomJS_2_1_1_(Windows_8_0_0_0).Inventory.model.ItemStock"/>
  <testcase name="Inventory.model.ItemStock config should be derived from iRely.BaseEntity" time="0" classname="PhantomJS_2_1_1_(Windows_8_0_0_0).Inventory.model.ItemStock"/>
  <testcase name="Inventory.model.ItemStock config should have an idProperty" time="0" classname="PhantomJS_2_1_1_(Windows_8_0_0_0).Inventory.model.ItemStock"/>
  <testcase name="Inventory.model.ItemStock config fields should have the correct fields" time="0.003" classname="PhantomJS_2_1_1_(Windows_8_0_0_0).Inventory.model.ItemStock"/>
  <testcase name="Inventory.model.ItemStock config fields should have reference model(s)" time="0" classname="PhantomJS_2_1_1_(Windows_8_0_0_0).Inventory.model.ItemStock"/>
  <testcase name="Inventory.model.ItemStorageLocationsLookup Ext object should be a valid Ext object" time="0" classname="PhantomJS_2_1_1_(Windows_8_0_0_0).Inventory.model.ItemStorageLocationsLookup"/>
  <testcase name="Inventory.model.ItemStorageLocationsLookup config should exists" time="0" classname="PhantomJS_2_1_1_(Windows_8_0_0_0).Inventory.model.ItemStorageLocationsLookup"/>
  <testcase name="Inventory.model.ItemStorageLocationsLookup config should be derived from iRely.BaseEntity" time="0.001" classname="PhantomJS_2_1_1_(Windows_8_0_0_0).Inventory.model.ItemStorageLocationsLookup"/>
  <testcase name="Inventory.model.ItemStorageLocationsLookup config should have an idProperty" time="0" classname="PhantomJS_2_1_1_(Windows_8_0_0_0).Inventory.model.ItemStorageLocationsLookup"/>
  <testcase name="Inventory.model.ItemStorageLocationsLookup config fields should have the correct fields" time="0.001" classname="PhantomJS_2_1_1_(Windows_8_0_0_0).Inventory.model.ItemStorageLocationsLookup"/>
  <testcase name="Inventory.model.ItemStorageLocationsLookup config fields should have reference model(s)" time="0" classname="PhantomJS_2_1_1_(Windows_8_0_0_0).Inventory.model.ItemStorageLocationsLookup"/>
  <testcase name="Inventory.model.ItemSubLocation Ext object should be a valid Ext object" time="0" classname="PhantomJS_2_1_1_(Windows_8_0_0_0).Inventory.model.ItemSubLocation"/>
  <testcase name="Inventory.model.ItemSubLocation config should exists" time="0" classname="PhantomJS_2_1_1_(Windows_8_0_0_0).Inventory.model.ItemSubLocation"/>
  <testcase name="Inventory.model.ItemSubLocation config should be derived from iRely.BaseEntity" time="0.001" classname="PhantomJS_2_1_1_(Windows_8_0_0_0).Inventory.model.ItemSubLocation"/>
  <testcase name="Inventory.model.ItemSubLocation config should have an idProperty" time="0" classname="PhantomJS_2_1_1_(Windows_8_0_0_0).Inventory.model.ItemSubLocation"/>
  <testcase name="Inventory.model.ItemSubLocation config fields should have the correct fields" time="0.001" classname="PhantomJS_2_1_1_(Windows_8_0_0_0).Inventory.model.ItemSubLocation"/>
  <testcase name="Inventory.model.ItemSubLocation config fields should have reference model(s)" time="0" classname="PhantomJS_2_1_1_(Windows_8_0_0_0).Inventory.model.ItemSubLocation"/>
  <testcase name="Inventory.model.ItemSubLocationsLookup Ext object should be a valid Ext object" time="0" classname="PhantomJS_2_1_1_(Windows_8_0_0_0).Inventory.model.ItemSubLocationsLookup"/>
  <testcase name="Inventory.model.ItemSubLocationsLookup config should exists" time="0" classname="PhantomJS_2_1_1_(Windows_8_0_0_0).Inventory.model.ItemSubLocationsLookup"/>
  <testcase name="Inventory.model.ItemSubLocationsLookup config should be derived from iRely.BaseEntity" time="0" classname="PhantomJS_2_1_1_(Windows_8_0_0_0).Inventory.model.ItemSubLocationsLookup"/>
  <testcase name="Inventory.model.ItemSubLocationsLookup config should have an idProperty" time="0" classname="PhantomJS_2_1_1_(Windows_8_0_0_0).Inventory.model.ItemSubLocationsLookup"/>
  <testcase name="Inventory.model.ItemSubLocationsLookup config fields should have the correct fields" time="0.001" classname="PhantomJS_2_1_1_(Windows_8_0_0_0).Inventory.model.ItemSubLocationsLookup"/>
  <testcase name="Inventory.model.ItemSubLocationsLookup config fields should have reference model(s)" time="0" classname="PhantomJS_2_1_1_(Windows_8_0_0_0).Inventory.model.ItemSubLocationsLookup"/>
  <testcase name="Inventory.model.ItemSubstitute Ext object should be a valid Ext object" time="0.001" classname="PhantomJS_2_1_1_(Windows_8_0_0_0).Inventory.model.ItemSubstitute"/>
  <testcase name="Inventory.model.ItemSubstitute config should exists" time="0" classname="PhantomJS_2_1_1_(Windows_8_0_0_0).Inventory.model.ItemSubstitute"/>
  <testcase name="Inventory.model.ItemSubstitute config should be derived from iRely.BaseEntity" time="0" classname="PhantomJS_2_1_1_(Windows_8_0_0_0).Inventory.model.ItemSubstitute"/>
  <testcase name="Inventory.model.ItemSubstitute config should have an idProperty" time="0" classname="PhantomJS_2_1_1_(Windows_8_0_0_0).Inventory.model.ItemSubstitute"/>
  <testcase name="Inventory.model.ItemSubstitute config fields should have the correct fields" time="0.002" classname="PhantomJS_2_1_1_(Windows_8_0_0_0).Inventory.model.ItemSubstitute"/>
  <testcase name="Inventory.model.ItemSubstitute config fields should have reference model(s)" time="0" classname="PhantomJS_2_1_1_(Windows_8_0_0_0).Inventory.model.ItemSubstitute"/>
  <testcase name="Inventory.model.ItemUOM Ext object should be a valid Ext object" time="0" classname="PhantomJS_2_1_1_(Windows_8_0_0_0).Inventory.model.ItemUOM"/>
  <testcase name="Inventory.model.ItemUOM config should exists" time="0" classname="PhantomJS_2_1_1_(Windows_8_0_0_0).Inventory.model.ItemUOM"/>
  <testcase name="Inventory.model.ItemUOM config should be derived from iRely.BaseEntity" time="0" classname="PhantomJS_2_1_1_(Windows_8_0_0_0).Inventory.model.ItemUOM"/>
  <testcase name="Inventory.model.ItemUOM config should have an idProperty" time="0.001" classname="PhantomJS_2_1_1_(Windows_8_0_0_0).Inventory.model.ItemUOM"/>
  <testcase name="Inventory.model.ItemUOM config fields should have the correct fields" time="0.005" classname="PhantomJS_2_1_1_(Windows_8_0_0_0).Inventory.model.ItemUOM"/>
  <testcase name="Inventory.model.ItemUOM config fields should have reference model(s)" time="0" classname="PhantomJS_2_1_1_(Windows_8_0_0_0).Inventory.model.ItemUOM"/>
  <testcase name="Inventory.model.ItemUPC Ext object should be a valid Ext object" time="0" classname="PhantomJS_2_1_1_(Windows_8_0_0_0).Inventory.model.ItemUPC"/>
  <testcase name="Inventory.model.ItemUPC config should exists" time="0" classname="PhantomJS_2_1_1_(Windows_8_0_0_0).Inventory.model.ItemUPC"/>
  <testcase name="Inventory.model.ItemUPC config should be derived from iRely.BaseEntity" time="0.001" classname="PhantomJS_2_1_1_(Windows_8_0_0_0).Inventory.model.ItemUPC"/>
  <testcase name="Inventory.model.ItemUPC config should have an idProperty" time="0" classname="PhantomJS_2_1_1_(Windows_8_0_0_0).Inventory.model.ItemUPC"/>
  <testcase name="Inventory.model.ItemUPC config fields should have the correct fields" time="0.002" classname="PhantomJS_2_1_1_(Windows_8_0_0_0).Inventory.model.ItemUPC"/>
  <testcase name="Inventory.model.ItemUPC config fields should have reference model(s)" time="0" classname="PhantomJS_2_1_1_(Windows_8_0_0_0).Inventory.model.ItemUPC"/>
  <testcase name="Inventory.model.ItemVendorXref Ext object should be a valid Ext object" time="0" classname="PhantomJS_2_1_1_(Windows_8_0_0_0).Inventory.model.ItemVendorXref"/>
  <testcase name="Inventory.model.ItemVendorXref config should exists" time="0" classname="PhantomJS_2_1_1_(Windows_8_0_0_0).Inventory.model.ItemVendorXref"/>
  <testcase name="Inventory.model.ItemVendorXref config should be derived from iRely.BaseEntity" time="0" classname="PhantomJS_2_1_1_(Windows_8_0_0_0).Inventory.model.ItemVendorXref"/>
  <testcase name="Inventory.model.ItemVendorXref config should have an idProperty" time="0" classname="PhantomJS_2_1_1_(Windows_8_0_0_0).Inventory.model.ItemVendorXref"/>
  <testcase name="Inventory.model.ItemVendorXref config fields should have the correct fields" time="0.002" classname="PhantomJS_2_1_1_(Windows_8_0_0_0).Inventory.model.ItemVendorXref"/>
  <testcase name="Inventory.model.ItemVendorXref config fields should have reference model(s)" time="0" classname="PhantomJS_2_1_1_(Windows_8_0_0_0).Inventory.model.ItemVendorXref"/>
  <testcase name="Inventory.model.Item Ext object should be a valid Ext object" time="0" classname="PhantomJS_2_1_1_(Windows_8_0_0_0).Inventory.model.Item"/>
  <testcase name="Inventory.model.Item config should exists" time="0" classname="PhantomJS_2_1_1_(Windows_8_0_0_0).Inventory.model.Item"/>
  <testcase name="Inventory.model.Item config should be derived from iRely.BaseEntity" time="0" classname="PhantomJS_2_1_1_(Windows_8_0_0_0).Inventory.model.Item"/>
  <testcase name="Inventory.model.Item config should have an idProperty" time="0" classname="PhantomJS_2_1_1_(Windows_8_0_0_0).Inventory.model.Item"/>
  <testcase name="Inventory.model.Item config fields should have the correct fields" time="0.084" classname="PhantomJS_2_1_1_(Windows_8_0_0_0).Inventory.model.Item"/>
  <testcase name="Inventory.model.Item config fields should have reference model(s)" time="0" classname="PhantomJS_2_1_1_(Windows_8_0_0_0).Inventory.model.Item"/>
  <testcase name="Inventory.store.Item Ext object should be a valid Ext object" time="0" classname="PhantomJS_2_1_1_(Windows_8_0_0_0).Inventory.store.Item"/>
  <testcase name="Inventory.store.Item Ext object should have an alias of &quot;store.icitem&quot;" time="0" classname="PhantomJS_2_1_1_(Windows_8_0_0_0).Inventory.store.Item"/>
  <testcase name="Inventory.store.Item Ext object config should have a storeId of &quot;Item" time="0" classname="PhantomJS_2_1_1_(Windows_8_0_0_0).Inventory.store.Item"/>
  <testcase name="Inventory.store.Item Ext object config model should exists" time="0" classname="PhantomJS_2_1_1_(Windows_8_0_0_0).Inventory.store.Item"/>
  <testcase name="Inventory.store.Item Ext object config model should have a model named &quot;Inventory.model.Item&quot;" time="0" classname="PhantomJS_2_1_1_(Windows_8_0_0_0).Inventory.store.Item"/>
  <testcase name="Inventory.store.Item Ext object config proxy should have a proxy" time="0" classname="PhantomJS_2_1_1_(Windows_8_0_0_0).Inventory.store.Item"/>
  <testcase name="Inventory.store.Item Ext object config proxy should be of type &quot;rest&quot;" time="0" classname="PhantomJS_2_1_1_(Windows_8_0_0_0).Inventory.store.Item"/>
  <testcase name="Inventory.store.Item Ext object config proxy api should have the correct api URIs" time="0" classname="PhantomJS_2_1_1_(Windows_8_0_0_0).Inventory.store.Item"/>
  <testcase name="Inventory.store.Item Ext object config proxy api &quot;create&quot; URI should be &quot;./inventory/api/item/post&quot;" time="0" classname="PhantomJS_2_1_1_(Windows_8_0_0_0).Inventory.store.Item"/>
  <testcase name="Inventory.store.Item Ext object config proxy api &quot;read&quot; URI should be &quot;./inventory/api/item/get&quot;" time="0" classname="PhantomJS_2_1_1_(Windows_8_0_0_0).Inventory.store.Item"/>
  <testcase name="Inventory.store.Item Ext object config proxy api &quot;update&quot; URI should be &quot;./inventory/api/item/put&quot;" time="0" classname="PhantomJS_2_1_1_(Windows_8_0_0_0).Inventory.store.Item"/>
  <testcase name="Inventory.view.ItemViewController should exist" time="0" classname="PhantomJS_2_1_1_(Windows_8_0_0_0).Inventory.view.ItemViewController"/>
  <testcase name="Inventory.view.ItemViewController should be derived from Inventory.view.InventoryBaseViewController" time="0" classname="PhantomJS_2_1_1_(Windows_8_0_0_0).Inventory.view.ItemViewController"/>
  <testcase name="Inventory.view.ItemViewController should have a config" time="0" classname="PhantomJS_2_1_1_(Windows_8_0_0_0).Inventory.view.ItemViewController"/>
  <testcase name="Inventory.view.ItemViewController view controller behaviors sale/retail price pricing method is None should be equal to cost of 0" time="0.002" classname="PhantomJS_2_1_1_(Windows_8_0_0_0).Inventory.view.ItemViewController"/>
  <testcase name="Inventory.view.ItemViewController view controller behaviors sale/retail price pricing method is Fixed Dollar Amount should be equal to 131" time="0" classname="PhantomJS_2_1_1_(Windows_8_0_0_0).Inventory.view.ItemViewController"/>
  <testcase name="Inventory.view.ItemViewController view controller behaviors sale/retail price pricing method is Markup Standard Cost should be equal to 131.1525" time="0" classname="PhantomJS_2_1_1_(Windows_8_0_0_0).Inventory.view.ItemViewController"/>
  <testcase name="Inventory.view.ItemViewController view controller behaviors sale/retail price pricing method is Percent of Margin amount &lt; 100 should be equal to 144.604317" time="0" classname="PhantomJS_2_1_1_(Windows_8_0_0_0).Inventory.view.ItemViewController"/>
  <testcase name="Inventory.view.ItemViewController view controller behaviors sale/retail price pricing method is Percent of Margin amount >= 100 should be undefined" time="0.001" classname="PhantomJS_2_1_1_(Windows_8_0_0_0).Inventory.view.ItemViewController"/>
  <testcase name="Inventory.view.ItemViewController view controller behaviors pricing level unit price pricing method is None should be equal to cost of 0" time="0.001" classname="PhantomJS_2_1_1_(Windows_8_0_0_0).Inventory.view.ItemViewController"/>
  <testcase name="Inventory.view.ItemViewController view controller behaviors pricing level unit price pricing method is MSRP Discount should be equal to 5.88" time="0" classname="PhantomJS_2_1_1_(Windows_8_0_0_0).Inventory.view.ItemViewController"/>
  <testcase name="Inventory.view.ItemViewController view controller behaviors pricing level unit price pricing method is Percent of Margin (MSRP) should be equal to 46.18" time="0" classname="PhantomJS_2_1_1_(Windows_8_0_0_0).Inventory.view.ItemViewController"/>
  <testcase name="Inventory.view.ItemViewController view controller behaviors pricing level unit price pricing method is Fixed Dollar Amount should be equal to 49" time="0.001" classname="PhantomJS_2_1_1_(Windows_8_0_0_0).Inventory.view.ItemViewController"/>
  <testcase name="Inventory.view.ItemViewController view controller behaviors pricing level unit price pricing method is Markup Standard Cost should be equal to 47.94" time="0" classname="PhantomJS_2_1_1_(Windows_8_0_0_0).Inventory.view.ItemViewController"/>
  <testcase name="Inventory.view.ItemViewController view controller behaviors pricing level unit price pricing method is Percent of Margin should be equal to 47.96" time="0" classname="PhantomJS_2_1_1_(Windows_8_0_0_0).Inventory.view.ItemViewController"/>
  <testcase name="Inventory.view.ItemViewModel should be a valid view model class." time="0" classname="PhantomJS_2_1_1_(Windows_8_0_0_0).Inventory.view.ItemViewModel">
    <skipped/>
  </testcase>
  <testcase name="Inventory.model.LineOfBusiness Ext object should be a valid Ext object" time="0" classname="PhantomJS_2_1_1_(Windows_8_0_0_0).Inventory.model.LineOfBusiness"/>
  <testcase name="Inventory.model.LineOfBusiness config should exists" time="0" classname="PhantomJS_2_1_1_(Windows_8_0_0_0).Inventory.model.LineOfBusiness"/>
  <testcase name="Inventory.model.LineOfBusiness config should be derived from iRely.BaseEntity" time="0" classname="PhantomJS_2_1_1_(Windows_8_0_0_0).Inventory.model.LineOfBusiness"/>
  <testcase name="Inventory.model.LineOfBusiness config should have an idProperty" time="0" classname="PhantomJS_2_1_1_(Windows_8_0_0_0).Inventory.model.LineOfBusiness"/>
  <testcase name="Inventory.model.LineOfBusiness config fields should have the correct fields" time="0.001" classname="PhantomJS_2_1_1_(Windows_8_0_0_0).Inventory.model.LineOfBusiness"/>
  <testcase name="Inventory.model.LineOfBusiness config fields should have reference model(s)" time="0" classname="PhantomJS_2_1_1_(Windows_8_0_0_0).Inventory.model.LineOfBusiness"/>
  <testcase name="Inventory.store.LineOfBusiness Ext object should be a valid Ext object" time="0" classname="PhantomJS_2_1_1_(Windows_8_0_0_0).Inventory.store.LineOfBusiness"/>
  <testcase name="Inventory.store.LineOfBusiness Ext object should have an alias of &quot;store.iclineofbusiness&quot;" time="0" classname="PhantomJS_2_1_1_(Windows_8_0_0_0).Inventory.store.LineOfBusiness"/>
  <testcase name="Inventory.store.LineOfBusiness Ext object config should have a storeId of &quot;LineOfBusiness" time="0" classname="PhantomJS_2_1_1_(Windows_8_0_0_0).Inventory.store.LineOfBusiness"/>
  <testcase name="Inventory.store.LineOfBusiness Ext object config model should exists" time="0" classname="PhantomJS_2_1_1_(Windows_8_0_0_0).Inventory.store.LineOfBusiness"/>
  <testcase name="Inventory.store.LineOfBusiness Ext object config model should have a model named &quot;Inventory.model.LineOfBusiness&quot;" time="0" classname="PhantomJS_2_1_1_(Windows_8_0_0_0).Inventory.store.LineOfBusiness"/>
  <testcase name="Inventory.store.LineOfBusiness Ext object config proxy should have a proxy" time="0" classname="PhantomJS_2_1_1_(Windows_8_0_0_0).Inventory.store.LineOfBusiness"/>
  <testcase name="Inventory.store.LineOfBusiness Ext object config proxy should be of type &quot;rest&quot;" time="0" classname="PhantomJS_2_1_1_(Windows_8_0_0_0).Inventory.store.LineOfBusiness"/>
  <testcase name="Inventory.store.LineOfBusiness Ext object config proxy api should have the correct api URIs" time="0" classname="PhantomJS_2_1_1_(Windows_8_0_0_0).Inventory.store.LineOfBusiness"/>
  <testcase name="Inventory.store.LineOfBusiness Ext object config proxy api &quot;create&quot; URI should be &quot;./inventory/api/lineofbusiness/post&quot;" time="0.001" classname="PhantomJS_2_1_1_(Windows_8_0_0_0).Inventory.store.LineOfBusiness"/>
  <testcase name="Inventory.store.LineOfBusiness Ext object config proxy api &quot;read&quot; URI should be &quot;./inventory/api/lineofbusiness/get&quot;" time="0" classname="PhantomJS_2_1_1_(Windows_8_0_0_0).Inventory.store.LineOfBusiness"/>
  <testcase name="Inventory.store.LineOfBusiness Ext object config proxy api &quot;update&quot; URI should be &quot;./inventory/api/lineofbusiness/put&quot;" time="0" classname="PhantomJS_2_1_1_(Windows_8_0_0_0).Inventory.store.LineOfBusiness"/>
  <testcase name="Inventory.view.LineOfBusinessViewController should exist" time="0" classname="PhantomJS_2_1_1_(Windows_8_0_0_0).Inventory.view.LineOfBusinessViewController"/>
  <testcase name="Inventory.view.LineOfBusinessViewController should be derived from Ext.app.ViewController" time="0" classname="PhantomJS_2_1_1_(Windows_8_0_0_0).Inventory.view.LineOfBusinessViewController"/>
  <testcase name="Inventory.view.LineOfBusinessViewController should have a config" time="0" classname="PhantomJS_2_1_1_(Windows_8_0_0_0).Inventory.view.LineOfBusinessViewController"/>
  <testcase name="Inventory.view.LineOfBusinessViewModel should be a valid view model class." time="0" classname="PhantomJS_2_1_1_(Windows_8_0_0_0).Inventory.view.LineOfBusinessViewModel">
    <skipped/>
  </testcase>
  <testcase name="Inventory.view.LotDetailViewController should exist" time="0" classname="PhantomJS_2_1_1_(Windows_8_0_0_0).Inventory.view.LotDetailViewController"/>
  <testcase name="Inventory.view.LotDetailViewController should be derived from Ext.app.ViewController" time="0" classname="PhantomJS_2_1_1_(Windows_8_0_0_0).Inventory.view.LotDetailViewController"/>
  <testcase name="Inventory.view.LotDetailViewController should have a config" time="0" classname="PhantomJS_2_1_1_(Windows_8_0_0_0).Inventory.view.LotDetailViewController"/>
  <testcase name="Inventory.view.LotDetailViewModel should be a valid view model class." time="0" classname="PhantomJS_2_1_1_(Windows_8_0_0_0).Inventory.view.LotDetailViewModel">
    <skipped/>
  </testcase>
  <testcase name="Inventory.model.LotHistory Ext object should be a valid Ext object" time="0" classname="PhantomJS_2_1_1_(Windows_8_0_0_0).Inventory.model.LotHistory"/>
  <testcase name="Inventory.model.LotHistory config should exists" time="0" classname="PhantomJS_2_1_1_(Windows_8_0_0_0).Inventory.model.LotHistory"/>
  <testcase name="Inventory.model.LotHistory config should be derived from iRely.BaseEntity" time="0" classname="PhantomJS_2_1_1_(Windows_8_0_0_0).Inventory.model.LotHistory"/>
  <testcase name="Inventory.model.LotHistory config should have an idProperty" time="0" classname="PhantomJS_2_1_1_(Windows_8_0_0_0).Inventory.model.LotHistory"/>
  <testcase name="Inventory.model.LotHistory config fields should have the correct fields" time="0.004" classname="PhantomJS_2_1_1_(Windows_8_0_0_0).Inventory.model.LotHistory"/>
  <testcase name="Inventory.model.LotHistory config fields should have reference model(s)" time="0.001" classname="PhantomJS_2_1_1_(Windows_8_0_0_0).Inventory.model.LotHistory"/>
  <testcase name="Inventory.store.LotHistory Ext object should be a valid Ext object" time="0" classname="PhantomJS_2_1_1_(Windows_8_0_0_0).Inventory.store.LotHistory"/>
  <testcase name="Inventory.store.LotHistory Ext object should have an alias of &quot;store.iclothistory&quot;" time="0" classname="PhantomJS_2_1_1_(Windows_8_0_0_0).Inventory.store.LotHistory"/>
  <testcase name="Inventory.store.LotHistory Ext object config should have a storeId of &quot;LotHistory" time="0" classname="PhantomJS_2_1_1_(Windows_8_0_0_0).Inventory.store.LotHistory"/>
  <testcase name="Inventory.store.LotHistory Ext object config model should exists" time="0" classname="PhantomJS_2_1_1_(Windows_8_0_0_0).Inventory.store.LotHistory"/>
  <testcase name="Inventory.store.LotHistory Ext object config model should have a model named &quot;Inventory.model.LotHistory&quot;" time="0" classname="PhantomJS_2_1_1_(Windows_8_0_0_0).Inventory.store.LotHistory"/>
  <testcase name="Inventory.store.LotHistory Ext object config proxy should have a proxy" time="0" classname="PhantomJS_2_1_1_(Windows_8_0_0_0).Inventory.store.LotHistory"/>
  <testcase name="Inventory.store.LotHistory Ext object config proxy should be of type &quot;rest&quot;" time="0" classname="PhantomJS_2_1_1_(Windows_8_0_0_0).Inventory.store.LotHistory"/>
  <testcase name="Inventory.store.LotHistory Ext object config proxy api should have the correct api URIs" time="0.001" classname="PhantomJS_2_1_1_(Windows_8_0_0_0).Inventory.store.LotHistory"/>
  <testcase name="Inventory.store.LotHistory Ext object config proxy api &quot;read&quot; URI should be &quot;./inventory/api/lot/gethistory&quot;" time="0" classname="PhantomJS_2_1_1_(Windows_8_0_0_0).Inventory.store.LotHistory"/>
  <testcase name="Inventory.view.LotHistoryViewController should exist" time="0.001" classname="PhantomJS_2_1_1_(Windows_8_0_0_0).Inventory.view.LotHistoryViewController"/>
  <testcase name="Inventory.view.LotHistoryViewController should be derived from Ext.app.ViewController" time="0" classname="PhantomJS_2_1_1_(Windows_8_0_0_0).Inventory.view.LotHistoryViewController"/>
  <testcase name="Inventory.view.LotHistoryViewController should have a config" time="0" classname="PhantomJS_2_1_1_(Windows_8_0_0_0).Inventory.view.LotHistoryViewController"/>
  <testcase name="Inventory.view.LotHistoryViewModel should be a valid view model class." time="0" classname="PhantomJS_2_1_1_(Windows_8_0_0_0).Inventory.view.LotHistoryViewModel">
    <skipped/>
  </testcase>
  <testcase name="Inventory.model.LotStatus Ext object should be a valid Ext object" time="0" classname="PhantomJS_2_1_1_(Windows_8_0_0_0).Inventory.model.LotStatus"/>
  <testcase name="Inventory.model.LotStatus config should exists" time="0" classname="PhantomJS_2_1_1_(Windows_8_0_0_0).Inventory.model.LotStatus"/>
  <testcase name="Inventory.model.LotStatus config should be derived from iRely.BaseEntity" time="0" classname="PhantomJS_2_1_1_(Windows_8_0_0_0).Inventory.model.LotStatus"/>
  <testcase name="Inventory.model.LotStatus config should have an idProperty" time="0" classname="PhantomJS_2_1_1_(Windows_8_0_0_0).Inventory.model.LotStatus"/>
  <testcase name="Inventory.model.LotStatus config fields should have the correct fields" time="0.001" classname="PhantomJS_2_1_1_(Windows_8_0_0_0).Inventory.model.LotStatus"/>
  <testcase name="Inventory.model.LotStatus config fields should have reference model(s)" time="0" classname="PhantomJS_2_1_1_(Windows_8_0_0_0).Inventory.model.LotStatus"/>
  <testcase name="Inventory.store.LotStatus Ext object should be a valid Ext object" time="0.001" classname="PhantomJS_2_1_1_(Windows_8_0_0_0).Inventory.store.LotStatus"/>
  <testcase name="Inventory.store.LotStatus Ext object should have an alias of &quot;store.iclotstatus&quot;" time="0" classname="PhantomJS_2_1_1_(Windows_8_0_0_0).Inventory.store.LotStatus"/>
  <testcase name="Inventory.store.LotStatus Ext object config should have a storeId of &quot;LotStatus" time="0" classname="PhantomJS_2_1_1_(Windows_8_0_0_0).Inventory.store.LotStatus"/>
  <testcase name="Inventory.store.LotStatus Ext object config model should exists" time="0" classname="PhantomJS_2_1_1_(Windows_8_0_0_0).Inventory.store.LotStatus"/>
  <testcase name="Inventory.store.LotStatus Ext object config model should have a model named &quot;Inventory.model.LotStatus&quot;" time="0" classname="PhantomJS_2_1_1_(Windows_8_0_0_0).Inventory.store.LotStatus"/>
  <testcase name="Inventory.store.LotStatus Ext object config proxy should have a proxy" time="0" classname="PhantomJS_2_1_1_(Windows_8_0_0_0).Inventory.store.LotStatus"/>
  <testcase name="Inventory.store.LotStatus Ext object config proxy should be of type &quot;rest&quot;" time="0" classname="PhantomJS_2_1_1_(Windows_8_0_0_0).Inventory.store.LotStatus"/>
  <testcase name="Inventory.store.LotStatus Ext object config proxy api should have the correct api URIs" time="0" classname="PhantomJS_2_1_1_(Windows_8_0_0_0).Inventory.store.LotStatus"/>
  <testcase name="Inventory.store.LotStatus Ext object config proxy api &quot;create&quot; URI should be &quot;./inventory/api/lotstatus/post&quot;" time="0" classname="PhantomJS_2_1_1_(Windows_8_0_0_0).Inventory.store.LotStatus"/>
  <testcase name="Inventory.store.LotStatus Ext object config proxy api &quot;read&quot; URI should be &quot;./inventory/api/lotstatus/get&quot;" time="0" classname="PhantomJS_2_1_1_(Windows_8_0_0_0).Inventory.store.LotStatus"/>
  <testcase name="Inventory.store.LotStatus Ext object config proxy api &quot;update&quot; URI should be &quot;./inventory/api/lotstatus/put&quot;" time="0.001" classname="PhantomJS_2_1_1_(Windows_8_0_0_0).Inventory.store.LotStatus"/>
  <testcase name="Inventory.view.LotStatusViewController should exist" time="0" classname="PhantomJS_2_1_1_(Windows_8_0_0_0).Inventory.view.LotStatusViewController"/>
  <testcase name="Inventory.view.LotStatusViewController should be derived from Ext.app.ViewController" time="0" classname="PhantomJS_2_1_1_(Windows_8_0_0_0).Inventory.view.LotStatusViewController"/>
  <testcase name="Inventory.view.LotStatusViewController should have a config" time="0" classname="PhantomJS_2_1_1_(Windows_8_0_0_0).Inventory.view.LotStatusViewController"/>
  <testcase name="Inventory.view.LotStatusViewModel should be a valid view model class." time="0" classname="PhantomJS_2_1_1_(Windows_8_0_0_0).Inventory.view.LotStatusViewModel">
    <skipped/>
  </testcase>
  <testcase name="Inventory.model.Lot Ext object should be a valid Ext object" time="0" classname="PhantomJS_2_1_1_(Windows_8_0_0_0).Inventory.model.Lot"/>
  <testcase name="Inventory.model.Lot config should exists" time="0" classname="PhantomJS_2_1_1_(Windows_8_0_0_0).Inventory.model.Lot"/>
  <testcase name="Inventory.model.Lot config should be derived from iRely.BaseEntity" time="0" classname="PhantomJS_2_1_1_(Windows_8_0_0_0).Inventory.model.Lot"/>
  <testcase name="Inventory.model.Lot config should have an idProperty" time="0" classname="PhantomJS_2_1_1_(Windows_8_0_0_0).Inventory.model.Lot"/>
  <testcase name="Inventory.model.Lot config fields should have the correct fields" time="0.001" classname="PhantomJS_2_1_1_(Windows_8_0_0_0).Inventory.model.Lot"/>
  <testcase name="Inventory.model.Lot config fields should have reference model(s)" time="0" classname="PhantomJS_2_1_1_(Windows_8_0_0_0).Inventory.model.Lot"/>
  <testcase name="Inventory.store.Lot Ext object should be a valid Ext object" time="0" classname="PhantomJS_2_1_1_(Windows_8_0_0_0).Inventory.store.Lot"/>
  <testcase name="Inventory.store.Lot Ext object should have an alias of &quot;store.iclot&quot;" time="0" classname="PhantomJS_2_1_1_(Windows_8_0_0_0).Inventory.store.Lot"/>
  <testcase name="Inventory.store.Lot Ext object config should have a storeId of &quot;Lot" time="0" classname="PhantomJS_2_1_1_(Windows_8_0_0_0).Inventory.store.Lot"/>
  <testcase name="Inventory.store.Lot Ext object config model should exists" time="0" classname="PhantomJS_2_1_1_(Windows_8_0_0_0).Inventory.store.Lot"/>
  <testcase name="Inventory.store.Lot Ext object config model should have a model named &quot;Inventory.model.Lot&quot;" time="0" classname="PhantomJS_2_1_1_(Windows_8_0_0_0).Inventory.store.Lot"/>
  <testcase name="Inventory.store.Lot Ext object config proxy should have a proxy" time="0" classname="PhantomJS_2_1_1_(Windows_8_0_0_0).Inventory.store.Lot"/>
  <testcase name="Inventory.store.Lot Ext object config proxy should be of type &quot;rest&quot;" time="0" classname="PhantomJS_2_1_1_(Windows_8_0_0_0).Inventory.store.Lot"/>
  <testcase name="Inventory.store.Lot Ext object config proxy api should have the correct api URIs" time="0" classname="PhantomJS_2_1_1_(Windows_8_0_0_0).Inventory.store.Lot"/>
  <testcase name="Inventory.store.Lot Ext object config proxy api &quot;read&quot; URI should be &quot;./inventory/api/lot/get&quot;" time="0" classname="PhantomJS_2_1_1_(Windows_8_0_0_0).Inventory.store.Lot"/>
  <testcase name="Inventory.model.M2MComputation Ext object should be a valid Ext object" time="0" classname="PhantomJS_2_1_1_(Windows_8_0_0_0).Inventory.model.M2MComputation"/>
  <testcase name="Inventory.model.M2MComputation config should exists" time="0" classname="PhantomJS_2_1_1_(Windows_8_0_0_0).Inventory.model.M2MComputation"/>
  <testcase name="Inventory.model.M2MComputation config should be derived from iRely.BaseEntity" time="0" classname="PhantomJS_2_1_1_(Windows_8_0_0_0).Inventory.model.M2MComputation"/>
  <testcase name="Inventory.model.M2MComputation config should have an idProperty" time="0" classname="PhantomJS_2_1_1_(Windows_8_0_0_0).Inventory.model.M2MComputation"/>
  <testcase name="Inventory.model.M2MComputation config fields should have the correct fields" time="0.001" classname="PhantomJS_2_1_1_(Windows_8_0_0_0).Inventory.model.M2MComputation"/>
  <testcase name="Inventory.model.M2MComputation config fields should have reference model(s)" time="0" classname="PhantomJS_2_1_1_(Windows_8_0_0_0).Inventory.model.M2MComputation"/>
  <testcase name="Inventory.store.M2MComputation Ext object should be a valid Ext object" time="0" classname="PhantomJS_2_1_1_(Windows_8_0_0_0).Inventory.store.M2MComputation"/>
  <testcase name="Inventory.store.M2MComputation Ext object should have an alias of &quot;store.icm2mcomputation&quot;" time="0" classname="PhantomJS_2_1_1_(Windows_8_0_0_0).Inventory.store.M2MComputation"/>
  <testcase name="Inventory.store.M2MComputation Ext object config should have a storeId of &quot;M2MComputation" time="0" classname="PhantomJS_2_1_1_(Windows_8_0_0_0).Inventory.store.M2MComputation"/>
  <testcase name="Inventory.store.M2MComputation Ext object config model should exists" time="0" classname="PhantomJS_2_1_1_(Windows_8_0_0_0).Inventory.store.M2MComputation"/>
  <testcase name="Inventory.store.M2MComputation Ext object config model should have a model named &quot;Inventory.model.M2MComputation&quot;" time="0" classname="PhantomJS_2_1_1_(Windows_8_0_0_0).Inventory.store.M2MComputation"/>
  <testcase name="Inventory.store.M2MComputation Ext object config proxy should have a proxy" time="0" classname="PhantomJS_2_1_1_(Windows_8_0_0_0).Inventory.store.M2MComputation"/>
  <testcase name="Inventory.store.M2MComputation Ext object config proxy should be of type &quot;rest&quot;" time="0" classname="PhantomJS_2_1_1_(Windows_8_0_0_0).Inventory.store.M2MComputation"/>
  <testcase name="Inventory.store.M2MComputation Ext object config proxy api should have the correct api URIs" time="0" classname="PhantomJS_2_1_1_(Windows_8_0_0_0).Inventory.store.M2MComputation"/>
  <testcase name="Inventory.store.M2MComputation Ext object config proxy api &quot;create&quot; URI should be &quot;./inventory/api/m2mcomputation/post&quot;" time="0" classname="PhantomJS_2_1_1_(Windows_8_0_0_0).Inventory.store.M2MComputation"/>
  <testcase name="Inventory.store.M2MComputation Ext object config proxy api &quot;read&quot; URI should be &quot;./inventory/api/m2mcomputation/get&quot;" time="0" classname="PhantomJS_2_1_1_(Windows_8_0_0_0).Inventory.store.M2MComputation"/>
  <testcase name="Inventory.store.M2MComputation Ext object config proxy api &quot;update&quot; URI should be &quot;./inventory/api/m2mcomputation/put&quot;" time="0" classname="PhantomJS_2_1_1_(Windows_8_0_0_0).Inventory.store.M2MComputation"/>
  <testcase name="Inventory.model.Manufacturer Ext object should be a valid Ext object" time="0" classname="PhantomJS_2_1_1_(Windows_8_0_0_0).Inventory.model.Manufacturer"/>
  <testcase name="Inventory.model.Manufacturer config should exists" time="0" classname="PhantomJS_2_1_1_(Windows_8_0_0_0).Inventory.model.Manufacturer"/>
  <testcase name="Inventory.model.Manufacturer config should be derived from iRely.BaseEntity" time="0" classname="PhantomJS_2_1_1_(Windows_8_0_0_0).Inventory.model.Manufacturer"/>
  <testcase name="Inventory.model.Manufacturer config should have an idProperty" time="0" classname="PhantomJS_2_1_1_(Windows_8_0_0_0).Inventory.model.Manufacturer"/>
  <testcase name="Inventory.model.Manufacturer config fields should have the correct fields" time="0.002" classname="PhantomJS_2_1_1_(Windows_8_0_0_0).Inventory.model.Manufacturer"/>
  <testcase name="Inventory.model.Manufacturer config fields should have reference model(s)" time="0" classname="PhantomJS_2_1_1_(Windows_8_0_0_0).Inventory.model.Manufacturer"/>
  <testcase name="Inventory.store.Manufacturer Ext object should be a valid Ext object" time="0" classname="PhantomJS_2_1_1_(Windows_8_0_0_0).Inventory.store.Manufacturer"/>
  <testcase name="Inventory.store.Manufacturer Ext object should have an alias of &quot;store.icmanufacturer&quot;" time="0.001" classname="PhantomJS_2_1_1_(Windows_8_0_0_0).Inventory.store.Manufacturer"/>
  <testcase name="Inventory.store.Manufacturer Ext object config should have a storeId of &quot;Manufacturer" time="0" classname="PhantomJS_2_1_1_(Windows_8_0_0_0).Inventory.store.Manufacturer"/>
  <testcase name="Inventory.store.Manufacturer Ext object config model should exists" time="0" classname="PhantomJS_2_1_1_(Windows_8_0_0_0).Inventory.store.Manufacturer"/>
  <testcase name="Inventory.store.Manufacturer Ext object config model should have a model named &quot;Inventory.model.Manufacturer&quot;" time="0" classname="PhantomJS_2_1_1_(Windows_8_0_0_0).Inventory.store.Manufacturer"/>
  <testcase name="Inventory.store.Manufacturer Ext object config proxy should have a proxy" time="0" classname="PhantomJS_2_1_1_(Windows_8_0_0_0).Inventory.store.Manufacturer"/>
  <testcase name="Inventory.store.Manufacturer Ext object config proxy should be of type &quot;rest&quot;" time="0" classname="PhantomJS_2_1_1_(Windows_8_0_0_0).Inventory.store.Manufacturer"/>
  <testcase name="Inventory.store.Manufacturer Ext object config proxy api should have the correct api URIs" time="0" classname="PhantomJS_2_1_1_(Windows_8_0_0_0).Inventory.store.Manufacturer"/>
  <testcase name="Inventory.store.Manufacturer Ext object config proxy api &quot;create&quot; URI should be &quot;./inventory/api/manufacturer/post&quot;" time="0" classname="PhantomJS_2_1_1_(Windows_8_0_0_0).Inventory.store.Manufacturer"/>
  <testcase name="Inventory.store.Manufacturer Ext object config proxy api &quot;read&quot; URI should be &quot;./inventory/api/manufacturer/get&quot;" time="0" classname="PhantomJS_2_1_1_(Windows_8_0_0_0).Inventory.store.Manufacturer"/>
  <testcase name="Inventory.store.Manufacturer Ext object config proxy api &quot;update&quot; URI should be &quot;./inventory/api/manufacturer/put&quot;" time="0" classname="PhantomJS_2_1_1_(Windows_8_0_0_0).Inventory.store.Manufacturer"/>
  <testcase name="Inventory.view.ManufacturerViewController should exist" time="0" classname="PhantomJS_2_1_1_(Windows_8_0_0_0).Inventory.view.ManufacturerViewController"/>
  <testcase name="Inventory.view.ManufacturerViewController should be derived from Ext.app.ViewController" time="0" classname="PhantomJS_2_1_1_(Windows_8_0_0_0).Inventory.view.ManufacturerViewController"/>
  <testcase name="Inventory.view.ManufacturerViewController should have a config" time="0" classname="PhantomJS_2_1_1_(Windows_8_0_0_0).Inventory.view.ManufacturerViewController"/>
  <testcase name="Inventory.view.ManufacturerViewModel should be a valid view model class." time="0" classname="PhantomJS_2_1_1_(Windows_8_0_0_0).Inventory.view.ManufacturerViewModel">
    <skipped/>
  </testcase>
  <testcase name="Inventory.model.ManufacturingCellPackType Ext object should be a valid Ext object" time="0" classname="PhantomJS_2_1_1_(Windows_8_0_0_0).Inventory.model.ManufacturingCellPackType"/>
  <testcase name="Inventory.model.ManufacturingCellPackType config should exists" time="0" classname="PhantomJS_2_1_1_(Windows_8_0_0_0).Inventory.model.ManufacturingCellPackType"/>
  <testcase name="Inventory.model.ManufacturingCellPackType config should be derived from iRely.BaseEntity" time="0" classname="PhantomJS_2_1_1_(Windows_8_0_0_0).Inventory.model.ManufacturingCellPackType"/>
  <testcase name="Inventory.model.ManufacturingCellPackType config should have an idProperty" time="0" classname="PhantomJS_2_1_1_(Windows_8_0_0_0).Inventory.model.ManufacturingCellPackType"/>
  <testcase name="Inventory.model.ManufacturingCellPackType config fields should have the correct fields" time="0.003" classname="PhantomJS_2_1_1_(Windows_8_0_0_0).Inventory.model.ManufacturingCellPackType"/>
  <testcase name="Inventory.model.ManufacturingCellPackType config fields should have reference model(s)" time="0" classname="PhantomJS_2_1_1_(Windows_8_0_0_0).Inventory.model.ManufacturingCellPackType"/>
  <testcase name="Inventory.model.ManufacturingCell Ext object should be a valid Ext object" time="0" classname="PhantomJS_2_1_1_(Windows_8_0_0_0).Inventory.model.ManufacturingCell"/>
  <testcase name="Inventory.model.ManufacturingCell config should exists" time="0.001" classname="PhantomJS_2_1_1_(Windows_8_0_0_0).Inventory.model.ManufacturingCell"/>
  <testcase name="Inventory.model.ManufacturingCell config should be derived from iRely.BaseEntity" time="0" classname="PhantomJS_2_1_1_(Windows_8_0_0_0).Inventory.model.ManufacturingCell"/>
  <testcase name="Inventory.model.ManufacturingCell config should have an idProperty" time="0" classname="PhantomJS_2_1_1_(Windows_8_0_0_0).Inventory.model.ManufacturingCell"/>
  <testcase name="Inventory.model.ManufacturingCell config fields should have the correct fields" time="0.002" classname="PhantomJS_2_1_1_(Windows_8_0_0_0).Inventory.model.ManufacturingCell"/>
  <testcase name="Inventory.model.ManufacturingCell config fields should have reference model(s)" time="0" classname="PhantomJS_2_1_1_(Windows_8_0_0_0).Inventory.model.ManufacturingCell"/>
  <testcase name="Inventory.store.ManufacturingCell Ext object should be a valid Ext object" time="0" classname="PhantomJS_2_1_1_(Windows_8_0_0_0).Inventory.store.ManufacturingCell"/>
  <testcase name="Inventory.store.ManufacturingCell Ext object should have an alias of &quot;store.icmanufacturingcell&quot;" time="0" classname="PhantomJS_2_1_1_(Windows_8_0_0_0).Inventory.store.ManufacturingCell"/>
  <testcase name="Inventory.store.ManufacturingCell Ext object config should have a storeId of &quot;ManufacturingCell" time="0" classname="PhantomJS_2_1_1_(Windows_8_0_0_0).Inventory.store.ManufacturingCell"/>
  <testcase name="Inventory.store.ManufacturingCell Ext object config model should exists" time="0" classname="PhantomJS_2_1_1_(Windows_8_0_0_0).Inventory.store.ManufacturingCell"/>
  <testcase name="Inventory.store.ManufacturingCell Ext object config model should have a model named &quot;Inventory.model.ManufacturingCell&quot;" time="0" classname="PhantomJS_2_1_1_(Windows_8_0_0_0).Inventory.store.ManufacturingCell"/>
  <testcase name="Inventory.store.ManufacturingCell Ext object config proxy should have a proxy" time="0" classname="PhantomJS_2_1_1_(Windows_8_0_0_0).Inventory.store.ManufacturingCell"/>
  <testcase name="Inventory.store.ManufacturingCell Ext object config proxy should be of type &quot;rest&quot;" time="0" classname="PhantomJS_2_1_1_(Windows_8_0_0_0).Inventory.store.ManufacturingCell"/>
  <testcase name="Inventory.store.ManufacturingCell Ext object config proxy api should have the correct api URIs" time="0" classname="PhantomJS_2_1_1_(Windows_8_0_0_0).Inventory.store.ManufacturingCell"/>
  <testcase name="Inventory.store.ManufacturingCell Ext object config proxy api &quot;create&quot; URI should be &quot;./inventory/api/manufacturingcell/postmanufacturingcells&quot;" time="0" classname="PhantomJS_2_1_1_(Windows_8_0_0_0).Inventory.store.ManufacturingCell"/>
  <testcase name="Inventory.store.ManufacturingCell Ext object config proxy api &quot;read&quot; URI should be &quot;./inventory/api/manufacturingcell/getmanufacturingcells&quot;" time="0" classname="PhantomJS_2_1_1_(Windows_8_0_0_0).Inventory.store.ManufacturingCell"/>
  <testcase name="Inventory.store.ManufacturingCell Ext object config proxy api &quot;update&quot; URI should be &quot;./inventory/api/manufacturingcell/putmanufacturingcells&quot;" time="0" classname="PhantomJS_2_1_1_(Windows_8_0_0_0).Inventory.store.ManufacturingCell"/>
  <testcase name="Inventory.view.ManufacturingCellViewController should exist" time="0" classname="PhantomJS_2_1_1_(Windows_8_0_0_0).Inventory.view.ManufacturingCellViewController"/>
  <testcase name="Inventory.view.ManufacturingCellViewController should be derived from Ext.app.ViewController" time="0" classname="PhantomJS_2_1_1_(Windows_8_0_0_0).Inventory.view.ManufacturingCellViewController"/>
  <testcase name="Inventory.view.ManufacturingCellViewController should have a config" time="0" classname="PhantomJS_2_1_1_(Windows_8_0_0_0).Inventory.view.ManufacturingCellViewController"/>
  <testcase name="Inventory.view.ManufacturingCellViewModel should be a valid view model class." time="0" classname="PhantomJS_2_1_1_(Windows_8_0_0_0).Inventory.view.ManufacturingCellViewModel">
    <skipped/>
  </testcase>
  <testcase name="Inventory.model.MaterialNMFC Ext object should be a valid Ext object" time="0.001" classname="PhantomJS_2_1_1_(Windows_8_0_0_0).Inventory.model.MaterialNMFC"/>
  <testcase name="Inventory.model.MaterialNMFC config should exists" time="0" classname="PhantomJS_2_1_1_(Windows_8_0_0_0).Inventory.model.MaterialNMFC"/>
  <testcase name="Inventory.model.MaterialNMFC config should be derived from iRely.BaseEntity" time="0.001" classname="PhantomJS_2_1_1_(Windows_8_0_0_0).Inventory.model.MaterialNMFC"/>
  <testcase name="Inventory.model.MaterialNMFC config should have an idProperty" time="0" classname="PhantomJS_2_1_1_(Windows_8_0_0_0).Inventory.model.MaterialNMFC"/>
  <testcase name="Inventory.model.MaterialNMFC config fields should have the correct fields" time="0.003" classname="PhantomJS_2_1_1_(Windows_8_0_0_0).Inventory.model.MaterialNMFC"/>
  <testcase name="Inventory.model.MaterialNMFC config fields should have reference model(s)" time="0" classname="PhantomJS_2_1_1_(Windows_8_0_0_0).Inventory.model.MaterialNMFC"/>
  <testcase name="Inventory.store.MaterialNMFC Ext object should be a valid Ext object" time="0" classname="PhantomJS_2_1_1_(Windows_8_0_0_0).Inventory.store.MaterialNMFC"/>
  <testcase name="Inventory.store.MaterialNMFC Ext object should have an alias of &quot;store.icmaterialnmfc&quot;" time="0" classname="PhantomJS_2_1_1_(Windows_8_0_0_0).Inventory.store.MaterialNMFC"/>
  <testcase name="Inventory.store.MaterialNMFC Ext object config should have a storeId of &quot;MaterialNMFC" time="0" classname="PhantomJS_2_1_1_(Windows_8_0_0_0).Inventory.store.MaterialNMFC"/>
  <testcase name="Inventory.store.MaterialNMFC Ext object config model should exists" time="0" classname="PhantomJS_2_1_1_(Windows_8_0_0_0).Inventory.store.MaterialNMFC"/>
  <testcase name="Inventory.store.MaterialNMFC Ext object config model should have a model named &quot;Inventory.model.MaterialNMFC&quot;" time="0" classname="PhantomJS_2_1_1_(Windows_8_0_0_0).Inventory.store.MaterialNMFC"/>
  <testcase name="Inventory.store.MaterialNMFC Ext object config proxy should have a proxy" time="0" classname="PhantomJS_2_1_1_(Windows_8_0_0_0).Inventory.store.MaterialNMFC"/>
  <testcase name="Inventory.store.MaterialNMFC Ext object config proxy should be of type &quot;rest&quot;" time="0.001" classname="PhantomJS_2_1_1_(Windows_8_0_0_0).Inventory.store.MaterialNMFC"/>
  <testcase name="Inventory.store.MaterialNMFC Ext object config proxy api should have the correct api URIs" time="0" classname="PhantomJS_2_1_1_(Windows_8_0_0_0).Inventory.store.MaterialNMFC"/>
  <testcase name="Inventory.store.MaterialNMFC Ext object config proxy api &quot;create&quot; URI should be &quot;./inventory/api/materialnmfc/postmaterialnmfcs&quot;" time="0" classname="PhantomJS_2_1_1_(Windows_8_0_0_0).Inventory.store.MaterialNMFC"/>
  <testcase name="Inventory.store.MaterialNMFC Ext object config proxy api &quot;read&quot; URI should be &quot;./inventory/api/materialnmfc/getmaterialnmfcs&quot;" time="0.001" classname="PhantomJS_2_1_1_(Windows_8_0_0_0).Inventory.store.MaterialNMFC"/>
  <testcase name="Inventory.store.MaterialNMFC Ext object config proxy api &quot;update&quot; URI should be &quot;./inventory/api/materialnmfc/putmaterialnmfcs&quot;" time="0" classname="PhantomJS_2_1_1_(Windows_8_0_0_0).Inventory.store.MaterialNMFC"/>
  <testcase name="Inventory.model.Measurement Ext object should be a valid Ext object" time="0.001" classname="PhantomJS_2_1_1_(Windows_8_0_0_0).Inventory.model.Measurement"/>
  <testcase name="Inventory.model.Measurement config should exists" time="0" classname="PhantomJS_2_1_1_(Windows_8_0_0_0).Inventory.model.Measurement"/>
  <testcase name="Inventory.model.Measurement config should be derived from iRely.BaseEntity" time="0" classname="PhantomJS_2_1_1_(Windows_8_0_0_0).Inventory.model.Measurement"/>
  <testcase name="Inventory.model.Measurement config should have an idProperty" time="0" classname="PhantomJS_2_1_1_(Windows_8_0_0_0).Inventory.model.Measurement"/>
  <testcase name="Inventory.model.Measurement config fields should have the correct fields" time="0.001" classname="PhantomJS_2_1_1_(Windows_8_0_0_0).Inventory.model.Measurement"/>
  <testcase name="Inventory.model.Measurement config fields should have reference model(s)" time="0" classname="PhantomJS_2_1_1_(Windows_8_0_0_0).Inventory.model.Measurement"/>
  <testcase name="Inventory.view.OriginConversionOptionViewModel should be a valid view model class." time="0" classname="PhantomJS_2_1_1_(Windows_8_0_0_0).Inventory.view.OriginConversionOptionViewModel">
    <skipped/>
  </testcase>
  <testcase name="Inventory.model.PackTypeDetail Ext object should be a valid Ext object" time="0.001" classname="PhantomJS_2_1_1_(Windows_8_0_0_0).Inventory.model.PackTypeDetail"/>
  <testcase name="Inventory.model.PackTypeDetail config should exists" time="0.001" classname="PhantomJS_2_1_1_(Windows_8_0_0_0).Inventory.model.PackTypeDetail"/>
  <testcase name="Inventory.model.PackTypeDetail config should be derived from iRely.BaseEntity" time="0" classname="PhantomJS_2_1_1_(Windows_8_0_0_0).Inventory.model.PackTypeDetail"/>
  <testcase name="Inventory.model.PackTypeDetail config should have an idProperty" time="0" classname="PhantomJS_2_1_1_(Windows_8_0_0_0).Inventory.model.PackTypeDetail"/>
  <testcase name="Inventory.model.PackTypeDetail config fields should have the correct fields" time="0.001" classname="PhantomJS_2_1_1_(Windows_8_0_0_0).Inventory.model.PackTypeDetail"/>
  <testcase name="Inventory.model.PackTypeDetail config fields should have reference model(s)" time="0" classname="PhantomJS_2_1_1_(Windows_8_0_0_0).Inventory.model.PackTypeDetail"/>
  <testcase name="Inventory.model.PackType Ext object should be a valid Ext object" time="0" classname="PhantomJS_2_1_1_(Windows_8_0_0_0).Inventory.model.PackType"/>
  <testcase name="Inventory.model.PackType config should exists" time="0" classname="PhantomJS_2_1_1_(Windows_8_0_0_0).Inventory.model.PackType"/>
  <testcase name="Inventory.model.PackType config should be derived from iRely.BaseEntity" time="0" classname="PhantomJS_2_1_1_(Windows_8_0_0_0).Inventory.model.PackType"/>
  <testcase name="Inventory.model.PackType config should have an idProperty" time="0" classname="PhantomJS_2_1_1_(Windows_8_0_0_0).Inventory.model.PackType"/>
  <testcase name="Inventory.model.PackType config fields should have the correct fields" time="0" classname="PhantomJS_2_1_1_(Windows_8_0_0_0).Inventory.model.PackType"/>
  <testcase name="Inventory.model.PackType config fields should have reference model(s)" time="0" classname="PhantomJS_2_1_1_(Windows_8_0_0_0).Inventory.model.PackType"/>
  <testcase name="Inventory.store.PackType Ext object should be a valid Ext object" time="0" classname="PhantomJS_2_1_1_(Windows_8_0_0_0).Inventory.store.PackType"/>
  <testcase name="Inventory.store.PackType Ext object should have an alias of &quot;store.icpacktype&quot;" time="0" classname="PhantomJS_2_1_1_(Windows_8_0_0_0).Inventory.store.PackType"/>
  <testcase name="Inventory.store.PackType Ext object config should have a storeId of &quot;PackType" time="0" classname="PhantomJS_2_1_1_(Windows_8_0_0_0).Inventory.store.PackType"/>
  <testcase name="Inventory.store.PackType Ext object config model should exists" time="0" classname="PhantomJS_2_1_1_(Windows_8_0_0_0).Inventory.store.PackType"/>
  <testcase name="Inventory.store.PackType Ext object config model should have a model named &quot;Inventory.model.PackType&quot;" time="0" classname="PhantomJS_2_1_1_(Windows_8_0_0_0).Inventory.store.PackType"/>
  <testcase name="Inventory.store.PackType Ext object config proxy should have a proxy" time="0" classname="PhantomJS_2_1_1_(Windows_8_0_0_0).Inventory.store.PackType"/>
  <testcase name="Inventory.store.PackType Ext object config proxy should be of type &quot;rest&quot;" time="0" classname="PhantomJS_2_1_1_(Windows_8_0_0_0).Inventory.store.PackType"/>
  <testcase name="Inventory.store.PackType Ext object config proxy api should have the correct api URIs" time="0" classname="PhantomJS_2_1_1_(Windows_8_0_0_0).Inventory.store.PackType"/>
  <testcase name="Inventory.store.PackType Ext object config proxy api &quot;create&quot; URI should be &quot;./inventory/api/packtype/postpacktypes&quot;" time="0" classname="PhantomJS_2_1_1_(Windows_8_0_0_0).Inventory.store.PackType"/>
  <testcase name="Inventory.store.PackType Ext object config proxy api &quot;read&quot; URI should be &quot;./inventory/api/packtype/getpacktypes&quot;" time="0" classname="PhantomJS_2_1_1_(Windows_8_0_0_0).Inventory.store.PackType"/>
  <testcase name="Inventory.store.PackType Ext object config proxy api &quot;update&quot; URI should be &quot;./inventory/api/packtype/putpacktypes&quot;" time="0" classname="PhantomJS_2_1_1_(Windows_8_0_0_0).Inventory.store.PackType"/>
  <testcase name="Inventory.model.PackedUOM Ext object should be a valid Ext object" time="0" classname="PhantomJS_2_1_1_(Windows_8_0_0_0).Inventory.model.PackedUOM"/>
  <testcase name="Inventory.model.PackedUOM config should exists" time="0.001" classname="PhantomJS_2_1_1_(Windows_8_0_0_0).Inventory.model.PackedUOM"/>
  <testcase name="Inventory.model.PackedUOM config should be derived from Ext.data.Model" time="0" classname="PhantomJS_2_1_1_(Windows_8_0_0_0).Inventory.model.PackedUOM"/>
  <testcase name="Inventory.model.PackedUOM config should have an idProperty" time="0" classname="PhantomJS_2_1_1_(Windows_8_0_0_0).Inventory.model.PackedUOM"/>
  <testcase name="Inventory.model.PackedUOM config fields should have the correct fields" time="0.001" classname="PhantomJS_2_1_1_(Windows_8_0_0_0).Inventory.model.PackedUOM"/>
  <testcase name="Inventory.model.PackedUOM config fields should have reference model(s)" time="0" classname="PhantomJS_2_1_1_(Windows_8_0_0_0).Inventory.model.PackedUOM"/>
  <testcase name="Inventory.store.PaidOut Ext object should be a valid Ext object" time="0" classname="PhantomJS_2_1_1_(Windows_8_0_0_0).Inventory.store.PaidOut"/>
  <testcase name="Inventory.store.PaidOut Ext object should have an alias of &quot;store.storepaidout&quot;" time="0" classname="PhantomJS_2_1_1_(Windows_8_0_0_0).Inventory.store.PaidOut"/>
  <testcase name="Inventory.store.PaidOut Ext object config should have a storeId of &quot;PaidOut" time="0" classname="PhantomJS_2_1_1_(Windows_8_0_0_0).Inventory.store.PaidOut"/>
  <testcase name="Inventory.store.PaidOut Ext object config proxy should have a proxy" time="0" classname="PhantomJS_2_1_1_(Windows_8_0_0_0).Inventory.store.PaidOut"/>
  <testcase name="Inventory.store.PaidOut Ext object config proxy should be of type &quot;rest&quot;" time="0" classname="PhantomJS_2_1_1_(Windows_8_0_0_0).Inventory.store.PaidOut"/>
  <testcase name="Inventory.store.PaidOut Ext object config proxy api should have the correct api URIs" time="0" classname="PhantomJS_2_1_1_(Windows_8_0_0_0).Inventory.store.PaidOut"/>
  <testcase name="Inventory.store.PaidOut Ext object config proxy api &quot;read&quot; URI should be &quot;./inventory/api/paidout/getpaidouts&quot;" time="0" classname="PhantomJS_2_1_1_(Windows_8_0_0_0).Inventory.store.PaidOut"/>
  <testcase name="Inventory.model.ParentLot Ext object should be a valid Ext object" time="0" classname="PhantomJS_2_1_1_(Windows_8_0_0_0).Inventory.model.ParentLot"/>
  <testcase name="Inventory.model.ParentLot config should exists" time="0" classname="PhantomJS_2_1_1_(Windows_8_0_0_0).Inventory.model.ParentLot"/>
  <testcase name="Inventory.model.ParentLot config should be derived from iRely.BaseEntity" time="0" classname="PhantomJS_2_1_1_(Windows_8_0_0_0).Inventory.model.ParentLot"/>
  <testcase name="Inventory.model.ParentLot config should have an idProperty" time="0" classname="PhantomJS_2_1_1_(Windows_8_0_0_0).Inventory.model.ParentLot"/>
  <testcase name="Inventory.model.ParentLot config fields should have the correct fields" time="0" classname="PhantomJS_2_1_1_(Windows_8_0_0_0).Inventory.model.ParentLot"/>
  <testcase name="Inventory.model.ParentLot config fields should have reference model(s)" time="0" classname="PhantomJS_2_1_1_(Windows_8_0_0_0).Inventory.model.ParentLot"/>
  <testcase name="Inventory.store.PersistentPagedStore Ext object should be a valid Ext object" time="0" classname="PhantomJS_2_1_1_(Windows_8_0_0_0).Inventory.store.PersistentPagedStore"/>
  <testcase name="Inventory.store.PersistentPagedStore Ext object config should have a storeId of &quot;PersistentPagedStore" time="0" classname="PhantomJS_2_1_1_(Windows_8_0_0_0).Inventory.store.PersistentPagedStore"/>
  <testcase name="Inventory.view.PickLotViewController should exist" time="0" classname="PhantomJS_2_1_1_(Windows_8_0_0_0).Inventory.view.PickLotViewController"/>
  <testcase name="Inventory.view.PickLotViewController should be derived from Ext.app.ViewController" time="0" classname="PhantomJS_2_1_1_(Windows_8_0_0_0).Inventory.view.PickLotViewController"/>
  <testcase name="Inventory.view.PickLotViewController should have a config" time="0" classname="PhantomJS_2_1_1_(Windows_8_0_0_0).Inventory.view.PickLotViewController"/>
  <testcase name="Inventory.view.PickLotViewModel should be a valid view model class." time="0" classname="PhantomJS_2_1_1_(Windows_8_0_0_0).Inventory.view.PickLotViewModel">
    <skipped/>
  </testcase>
  <testcase name="Inventory.model.ProductionProcess Ext object should be a valid Ext object" time="0" classname="PhantomJS_2_1_1_(Windows_8_0_0_0).Inventory.model.ProductionProcess"/>
  <testcase name="Inventory.model.ProductionProcess config should exists" time="0" classname="PhantomJS_2_1_1_(Windows_8_0_0_0).Inventory.model.ProductionProcess"/>
  <testcase name="Inventory.model.ProductionProcess config should be derived from iRely.BaseEntity" time="0" classname="PhantomJS_2_1_1_(Windows_8_0_0_0).Inventory.model.ProductionProcess"/>
  <testcase name="Inventory.model.ProductionProcess config should have an idProperty" time="0" classname="PhantomJS_2_1_1_(Windows_8_0_0_0).Inventory.model.ProductionProcess"/>
  <testcase name="Inventory.model.ProductionProcess config fields should have the correct fields" time="0.001" classname="PhantomJS_2_1_1_(Windows_8_0_0_0).Inventory.model.ProductionProcess"/>
  <testcase name="Inventory.model.ProductionProcess config fields should have reference model(s)" time="0" classname="PhantomJS_2_1_1_(Windows_8_0_0_0).Inventory.model.ProductionProcess"/>
  <testcase name="Inventory.store.ProductionProcess Ext object should be a valid Ext object" time="0" classname="PhantomJS_2_1_1_(Windows_8_0_0_0).Inventory.store.ProductionProcess"/>
  <testcase name="Inventory.store.ProductionProcess Ext object should have an alias of &quot;store.icproductionprocess&quot;" time="0" classname="PhantomJS_2_1_1_(Windows_8_0_0_0).Inventory.store.ProductionProcess"/>
  <testcase name="Inventory.store.ProductionProcess Ext object config should have a storeId of &quot;ProductionProcess" time="0" classname="PhantomJS_2_1_1_(Windows_8_0_0_0).Inventory.store.ProductionProcess"/>
  <testcase name="Inventory.store.ProductionProcess Ext object config model should exists" time="0" classname="PhantomJS_2_1_1_(Windows_8_0_0_0).Inventory.store.ProductionProcess"/>
  <testcase name="Inventory.store.ProductionProcess Ext object config model should have a model named &quot;Inventory.model.ProductionProcess&quot;" time="0" classname="PhantomJS_2_1_1_(Windows_8_0_0_0).Inventory.store.ProductionProcess"/>
  <testcase name="Inventory.store.ProductionProcess Ext object config proxy should have a proxy" time="0" classname="PhantomJS_2_1_1_(Windows_8_0_0_0).Inventory.store.ProductionProcess"/>
  <testcase name="Inventory.store.ProductionProcess Ext object config proxy should be of type &quot;rest&quot;" time="0" classname="PhantomJS_2_1_1_(Windows_8_0_0_0).Inventory.store.ProductionProcess"/>
  <testcase name="Inventory.store.ProductionProcess Ext object config proxy api should have the correct api URIs" time="0.001" classname="PhantomJS_2_1_1_(Windows_8_0_0_0).Inventory.store.ProductionProcess"/>
  <testcase name="Inventory.store.ProductionProcess Ext object config proxy api &quot;create&quot; URI should be &quot;./inventory/api/processcode/post&quot;" time="0" classname="PhantomJS_2_1_1_(Windows_8_0_0_0).Inventory.store.ProductionProcess"/>
  <testcase name="Inventory.store.ProductionProcess Ext object config proxy api &quot;read&quot; URI should be &quot;./inventory/api/processcode/get&quot;" time="0" classname="PhantomJS_2_1_1_(Windows_8_0_0_0).Inventory.store.ProductionProcess"/>
  <testcase name="Inventory.store.ProductionProcess Ext object config proxy api &quot;update&quot; URI should be &quot;./inventory/api/processcode/put&quot;" time="0" classname="PhantomJS_2_1_1_(Windows_8_0_0_0).Inventory.store.ProductionProcess"/>
  <testcase name="Inventory.view.ProductionProcessViewController should exist" time="0" classname="PhantomJS_2_1_1_(Windows_8_0_0_0).Inventory.view.ProductionProcessViewController"/>
  <testcase name="Inventory.view.ProductionProcessViewController should be derived from Ext.app.ViewController" time="0" classname="PhantomJS_2_1_1_(Windows_8_0_0_0).Inventory.view.ProductionProcessViewController"/>
  <testcase name="Inventory.view.ProductionProcessViewController should have a config" time="0" classname="PhantomJS_2_1_1_(Windows_8_0_0_0).Inventory.view.ProductionProcessViewController"/>
  <testcase name="Inventory.view.ProductionProcessViewModel should be a valid view model class." time="0" classname="PhantomJS_2_1_1_(Windows_8_0_0_0).Inventory.view.ProductionProcessViewModel">
    <skipped/>
  </testcase>
  <testcase name="Inventory.model.QAProperty Ext object should be a valid Ext object" time="0" classname="PhantomJS_2_1_1_(Windows_8_0_0_0).Inventory.model.QAProperty"/>
  <testcase name="Inventory.model.QAProperty config should exists" time="0" classname="PhantomJS_2_1_1_(Windows_8_0_0_0).Inventory.model.QAProperty"/>
  <testcase name="Inventory.model.QAProperty config should be derived from iRely.BaseEntity" time="0" classname="PhantomJS_2_1_1_(Windows_8_0_0_0).Inventory.model.QAProperty"/>
  <testcase name="Inventory.model.QAProperty config should have an idProperty" time="0" classname="PhantomJS_2_1_1_(Windows_8_0_0_0).Inventory.model.QAProperty"/>
  <testcase name="Inventory.model.QAProperty config fields should have the correct fields" time="0.001" classname="PhantomJS_2_1_1_(Windows_8_0_0_0).Inventory.model.QAProperty"/>
  <testcase name="Inventory.model.QAProperty config fields should have reference model(s)" time="0" classname="PhantomJS_2_1_1_(Windows_8_0_0_0).Inventory.model.QAProperty"/>
  <testcase name="Inventory.model.ReadingPoint Ext object should be a valid Ext object" time="0" classname="PhantomJS_2_1_1_(Windows_8_0_0_0).Inventory.model.ReadingPoint"/>
  <testcase name="Inventory.model.ReadingPoint config should exists" time="0" classname="PhantomJS_2_1_1_(Windows_8_0_0_0).Inventory.model.ReadingPoint"/>
  <testcase name="Inventory.model.ReadingPoint config should be derived from iRely.BaseEntity" time="0" classname="PhantomJS_2_1_1_(Windows_8_0_0_0).Inventory.model.ReadingPoint"/>
  <testcase name="Inventory.model.ReadingPoint config should have an idProperty" time="0" classname="PhantomJS_2_1_1_(Windows_8_0_0_0).Inventory.model.ReadingPoint"/>
  <testcase name="Inventory.model.ReadingPoint config fields should have the correct fields" time="0.001" classname="PhantomJS_2_1_1_(Windows_8_0_0_0).Inventory.model.ReadingPoint"/>
  <testcase name="Inventory.model.ReadingPoint config fields should have reference model(s)" time="0" classname="PhantomJS_2_1_1_(Windows_8_0_0_0).Inventory.model.ReadingPoint"/>
  <testcase name="Inventory.model.RebuildInventory Ext object should be a valid Ext object" time="0" classname="PhantomJS_2_1_1_(Windows_8_0_0_0).Inventory.model.RebuildInventory"/>
  <testcase name="Inventory.model.RebuildInventory config should exists" time="0" classname="PhantomJS_2_1_1_(Windows_8_0_0_0).Inventory.model.RebuildInventory"/>
  <testcase name="Inventory.model.RebuildInventory config should be derived from iRely.BaseEntity" time="0" classname="PhantomJS_2_1_1_(Windows_8_0_0_0).Inventory.model.RebuildInventory"/>
  <testcase name="Inventory.model.RebuildInventory config should have an idProperty" time="0" classname="PhantomJS_2_1_1_(Windows_8_0_0_0).Inventory.model.RebuildInventory"/>
  <testcase name="Inventory.model.RebuildInventory config fields should have the correct fields" time="0.002" classname="PhantomJS_2_1_1_(Windows_8_0_0_0).Inventory.model.RebuildInventory"/>
  <testcase name="Inventory.model.RebuildInventory config fields should have reference model(s)" time="0" classname="PhantomJS_2_1_1_(Windows_8_0_0_0).Inventory.model.RebuildInventory"/>
  <testcase name="Inventory.store.RebuildInventory Ext object should be a valid Ext object" time="0" classname="PhantomJS_2_1_1_(Windows_8_0_0_0).Inventory.store.RebuildInventory"/>
  <testcase name="Inventory.store.RebuildInventory Ext object should have an alias of &quot;store.icrebuildinventory&quot;" time="0" classname="PhantomJS_2_1_1_(Windows_8_0_0_0).Inventory.store.RebuildInventory"/>
  <testcase name="Inventory.store.RebuildInventory Ext object config should have a storeId of &quot;RebuildInventory" time="0" classname="PhantomJS_2_1_1_(Windows_8_0_0_0).Inventory.store.RebuildInventory"/>
  <testcase name="Inventory.store.RebuildInventory Ext object config model should exists" time="0" classname="PhantomJS_2_1_1_(Windows_8_0_0_0).Inventory.store.RebuildInventory"/>
  <testcase name="Inventory.store.RebuildInventory Ext object config model should have a model named &quot;Inventory.model.RebuildInventory&quot;" time="0" classname="PhantomJS_2_1_1_(Windows_8_0_0_0).Inventory.store.RebuildInventory"/>
  <testcase name="Inventory.view.RebuildInventoryViewController should exist" time="0" classname="PhantomJS_2_1_1_(Windows_8_0_0_0).Inventory.view.RebuildInventoryViewController"/>
  <testcase name="Inventory.view.RebuildInventoryViewController should be derived from Ext.app.ViewController" time="0" classname="PhantomJS_2_1_1_(Windows_8_0_0_0).Inventory.view.RebuildInventoryViewController"/>
  <testcase name="Inventory.view.RebuildInventoryViewController should have a config" time="0" classname="PhantomJS_2_1_1_(Windows_8_0_0_0).Inventory.view.RebuildInventoryViewController"/>
  <testcase name="Inventory.view.RebuildInventoryViewModel should be a valid view model class." time="0" classname="PhantomJS_2_1_1_(Windows_8_0_0_0).Inventory.view.RebuildInventoryViewModel">
    <skipped/>
  </testcase>
  <testcase name="Inventory.model.ReceiptChargeTax Ext object should be a valid Ext object" time="0" classname="PhantomJS_2_1_1_(Windows_8_0_0_0).Inventory.model.ReceiptChargeTax"/>
  <testcase name="Inventory.model.ReceiptChargeTax config should exists" time="0" classname="PhantomJS_2_1_1_(Windows_8_0_0_0).Inventory.model.ReceiptChargeTax"/>
  <testcase name="Inventory.model.ReceiptChargeTax config should be derived from iRely.BaseEntity" time="0" classname="PhantomJS_2_1_1_(Windows_8_0_0_0).Inventory.model.ReceiptChargeTax"/>
  <testcase name="Inventory.model.ReceiptChargeTax config should have an idProperty" time="0" classname="PhantomJS_2_1_1_(Windows_8_0_0_0).Inventory.model.ReceiptChargeTax"/>
  <testcase name="Inventory.model.ReceiptChargeTax config fields should have the correct fields" time="0.002" classname="PhantomJS_2_1_1_(Windows_8_0_0_0).Inventory.model.ReceiptChargeTax"/>
  <testcase name="Inventory.model.ReceiptChargeTax config fields should have reference model(s)" time="0" classname="PhantomJS_2_1_1_(Windows_8_0_0_0).Inventory.model.ReceiptChargeTax"/>
  <testcase name="Inventory.model.ReceiptCharge Ext object should be a valid Ext object" time="0" classname="PhantomJS_2_1_1_(Windows_8_0_0_0).Inventory.model.ReceiptCharge"/>
  <testcase name="Inventory.model.ReceiptCharge config should exists" time="0" classname="PhantomJS_2_1_1_(Windows_8_0_0_0).Inventory.model.ReceiptCharge"/>
  <testcase name="Inventory.model.ReceiptCharge config should be derived from iRely.BaseEntity" time="0.001" classname="PhantomJS_2_1_1_(Windows_8_0_0_0).Inventory.model.ReceiptCharge"/>
  <testcase name="Inventory.model.ReceiptCharge config should have an idProperty" time="0" classname="PhantomJS_2_1_1_(Windows_8_0_0_0).Inventory.model.ReceiptCharge"/>
  <testcase name="Inventory.model.ReceiptCharge config fields should have the correct fields" time="0.007" classname="PhantomJS_2_1_1_(Windows_8_0_0_0).Inventory.model.ReceiptCharge"/>
  <testcase name="Inventory.model.ReceiptCharge config fields should have reference model(s)" time="0" classname="PhantomJS_2_1_1_(Windows_8_0_0_0).Inventory.model.ReceiptCharge"/>
  <testcase name="Inventory.model.ReceiptInspection Ext object should be a valid Ext object" time="0" classname="PhantomJS_2_1_1_(Windows_8_0_0_0).Inventory.model.ReceiptInspection"/>
  <testcase name="Inventory.model.ReceiptInspection config should exists" time="0.001" classname="PhantomJS_2_1_1_(Windows_8_0_0_0).Inventory.model.ReceiptInspection"/>
  <testcase name="Inventory.model.ReceiptInspection config should be derived from iRely.BaseEntity" time="0" classname="PhantomJS_2_1_1_(Windows_8_0_0_0).Inventory.model.ReceiptInspection"/>
  <testcase name="Inventory.model.ReceiptInspection config should have an idProperty" time="0" classname="PhantomJS_2_1_1_(Windows_8_0_0_0).Inventory.model.ReceiptInspection"/>
  <testcase name="Inventory.model.ReceiptInspection config fields should have the correct fields" time="0.001" classname="PhantomJS_2_1_1_(Windows_8_0_0_0).Inventory.model.ReceiptInspection"/>
  <testcase name="Inventory.model.ReceiptInspection config fields should have reference model(s)" time="0" classname="PhantomJS_2_1_1_(Windows_8_0_0_0).Inventory.model.ReceiptInspection"/>
  <testcase name="Inventory.model.ReceiptItemLot Ext object should be a valid Ext object" time="0" classname="PhantomJS_2_1_1_(Windows_8_0_0_0).Inventory.model.ReceiptItemLot"/>
  <testcase name="Inventory.model.ReceiptItemLot config should exists" time="0" classname="PhantomJS_2_1_1_(Windows_8_0_0_0).Inventory.model.ReceiptItemLot"/>
  <testcase name="Inventory.model.ReceiptItemLot config should be derived from iRely.BaseEntity" time="0.001" classname="PhantomJS_2_1_1_(Windows_8_0_0_0).Inventory.model.ReceiptItemLot"/>
  <testcase name="Inventory.model.ReceiptItemLot config should have an idProperty" time="0" classname="PhantomJS_2_1_1_(Windows_8_0_0_0).Inventory.model.ReceiptItemLot"/>
  <testcase name="Inventory.model.ReceiptItemLot config fields should have the correct fields" time="0.01" classname="PhantomJS_2_1_1_(Windows_8_0_0_0).Inventory.model.ReceiptItemLot"/>
  <testcase name="Inventory.model.ReceiptItemLot config fields should have reference model(s)" time="0" classname="PhantomJS_2_1_1_(Windows_8_0_0_0).Inventory.model.ReceiptItemLot"/>
  <testcase name="Inventory.model.ReceiptItemTax Ext object should be a valid Ext object" time="0" classname="PhantomJS_2_1_1_(Windows_8_0_0_0).Inventory.model.ReceiptItemTax"/>
  <testcase name="Inventory.model.ReceiptItemTax config should exists" time="0" classname="PhantomJS_2_1_1_(Windows_8_0_0_0).Inventory.model.ReceiptItemTax"/>
  <testcase name="Inventory.model.ReceiptItemTax config should be derived from iRely.BaseEntity" time="0" classname="PhantomJS_2_1_1_(Windows_8_0_0_0).Inventory.model.ReceiptItemTax"/>
  <testcase name="Inventory.model.ReceiptItemTax config should have an idProperty" time="0" classname="PhantomJS_2_1_1_(Windows_8_0_0_0).Inventory.model.ReceiptItemTax"/>
  <testcase name="Inventory.model.ReceiptItemTax config fields should have the correct fields" time="0.004" classname="PhantomJS_2_1_1_(Windows_8_0_0_0).Inventory.model.ReceiptItemTax"/>
  <testcase name="Inventory.model.ReceiptItemTax config fields should have reference model(s)" time="0" classname="PhantomJS_2_1_1_(Windows_8_0_0_0).Inventory.model.ReceiptItemTax"/>
  <testcase name="Inventory.store.ReceiptItemTax Ext object should be a valid Ext object" time="0" classname="PhantomJS_2_1_1_(Windows_8_0_0_0).Inventory.store.ReceiptItemTax"/>
  <testcase name="Inventory.store.ReceiptItemTax Ext object should have an alias of &quot;store.icreceiptitemtax&quot;" time="0.001" classname="PhantomJS_2_1_1_(Windows_8_0_0_0).Inventory.store.ReceiptItemTax"/>
  <testcase name="Inventory.store.ReceiptItemTax Ext object config should have a storeId of &quot;ReceiptItemTax" time="0" classname="PhantomJS_2_1_1_(Windows_8_0_0_0).Inventory.store.ReceiptItemTax"/>
  <testcase name="Inventory.store.ReceiptItemTax Ext object config model should exists" time="0" classname="PhantomJS_2_1_1_(Windows_8_0_0_0).Inventory.store.ReceiptItemTax"/>
  <testcase name="Inventory.store.ReceiptItemTax Ext object config model should have a model named &quot;Inventory.model.ReceiptItemTax&quot;" time="0" classname="PhantomJS_2_1_1_(Windows_8_0_0_0).Inventory.store.ReceiptItemTax"/>
  <testcase name="Inventory.store.ReceiptItemTax Ext object config proxy should have a proxy" time="0" classname="PhantomJS_2_1_1_(Windows_8_0_0_0).Inventory.store.ReceiptItemTax"/>
  <testcase name="Inventory.store.ReceiptItemTax Ext object config proxy should be of type &quot;rest&quot;" time="0" classname="PhantomJS_2_1_1_(Windows_8_0_0_0).Inventory.store.ReceiptItemTax"/>
  <testcase name="Inventory.store.ReceiptItemTax Ext object config proxy api should have the correct api URIs" time="0" classname="PhantomJS_2_1_1_(Windows_8_0_0_0).Inventory.store.ReceiptItemTax"/>
  <testcase name="Inventory.store.ReceiptItemTax Ext object config proxy api &quot;create&quot; URI should be &quot;./inventory/api/inventoryreceiptitemtax/post&quot;" time="0" classname="PhantomJS_2_1_1_(Windows_8_0_0_0).Inventory.store.ReceiptItemTax"/>
  <testcase name="Inventory.store.ReceiptItemTax Ext object config proxy api &quot;read&quot; URI should be &quot;./inventory/api/inventoryreceiptitemtax/getreceiptitemtaxview&quot;" time="0" classname="PhantomJS_2_1_1_(Windows_8_0_0_0).Inventory.store.ReceiptItemTax"/>
  <testcase name="Inventory.store.ReceiptItemTax Ext object config proxy api &quot;update&quot; URI should be &quot;./inventory/api/inventoryreceiptitemtax/put&quot;" time="0" classname="PhantomJS_2_1_1_(Windows_8_0_0_0).Inventory.store.ReceiptItemTax"/>
  <testcase name="Inventory.model.ReceiptItemView Ext object should be a valid Ext object" time="0" classname="PhantomJS_2_1_1_(Windows_8_0_0_0).Inventory.model.ReceiptItemView"/>
  <testcase name="Inventory.model.ReceiptItemView config should exists" time="0" classname="PhantomJS_2_1_1_(Windows_8_0_0_0).Inventory.model.ReceiptItemView"/>
  <testcase name="Inventory.model.ReceiptItemView config should be derived from iRely.BaseEntity" time="0" classname="PhantomJS_2_1_1_(Windows_8_0_0_0).Inventory.model.ReceiptItemView"/>
  <testcase name="Inventory.model.ReceiptItemView config should have an idProperty" time="0" classname="PhantomJS_2_1_1_(Windows_8_0_0_0).Inventory.model.ReceiptItemView"/>
  <testcase name="Inventory.model.ReceiptItemView config fields should have the correct fields" time="0.001" classname="PhantomJS_2_1_1_(Windows_8_0_0_0).Inventory.model.ReceiptItemView"/>
  <testcase name="Inventory.model.ReceiptItemView config fields should have reference model(s)" time="0" classname="PhantomJS_2_1_1_(Windows_8_0_0_0).Inventory.model.ReceiptItemView"/>
  <testcase name="Inventory.model.ReceiptItem Ext object should be a valid Ext object" time="0" classname="PhantomJS_2_1_1_(Windows_8_0_0_0).Inventory.model.ReceiptItem"/>
  <testcase name="Inventory.model.ReceiptItem config should exists" time="0" classname="PhantomJS_2_1_1_(Windows_8_0_0_0).Inventory.model.ReceiptItem"/>
  <testcase name="Inventory.model.ReceiptItem config should be derived from iRely.BaseEntity" time="0.001" classname="PhantomJS_2_1_1_(Windows_8_0_0_0).Inventory.model.ReceiptItem"/>
  <testcase name="Inventory.model.ReceiptItem config should have an idProperty" time="0" classname="PhantomJS_2_1_1_(Windows_8_0_0_0).Inventory.model.ReceiptItem"/>
  <testcase name="Inventory.model.ReceiptItem config fields should have the correct fields" time="0.018" classname="PhantomJS_2_1_1_(Windows_8_0_0_0).Inventory.model.ReceiptItem"/>
  <testcase name="Inventory.model.ReceiptItem config fields should have reference model(s)" time="0" classname="PhantomJS_2_1_1_(Windows_8_0_0_0).Inventory.model.ReceiptItem"/>
  <testcase name="Inventory.model.Receipt Ext object should be a valid Ext object" time="0" classname="PhantomJS_2_1_1_(Windows_8_0_0_0).Inventory.model.Receipt"/>
  <testcase name="Inventory.model.Receipt config should exists" time="0" classname="PhantomJS_2_1_1_(Windows_8_0_0_0).Inventory.model.Receipt"/>
  <testcase name="Inventory.model.Receipt config should be derived from iRely.BaseEntity" time="0" classname="PhantomJS_2_1_1_(Windows_8_0_0_0).Inventory.model.Receipt"/>
  <testcase name="Inventory.model.Receipt config should have an idProperty" time="0" classname="PhantomJS_2_1_1_(Windows_8_0_0_0).Inventory.model.Receipt"/>
  <testcase name="Inventory.model.Receipt config fields should have the correct fields" time="0.012" classname="PhantomJS_2_1_1_(Windows_8_0_0_0).Inventory.model.Receipt"/>
  <testcase name="Inventory.model.Receipt config fields should have reference model(s)" time="0" classname="PhantomJS_2_1_1_(Windows_8_0_0_0).Inventory.model.Receipt"/>
  <testcase name="Inventory.store.Receipt Ext object should be a valid Ext object" time="0" classname="PhantomJS_2_1_1_(Windows_8_0_0_0).Inventory.store.Receipt"/>
  <testcase name="Inventory.store.Receipt Ext object should have an alias of &quot;store.icreceipt&quot;" time="0" classname="PhantomJS_2_1_1_(Windows_8_0_0_0).Inventory.store.Receipt"/>
  <testcase name="Inventory.store.Receipt Ext object config should have a storeId of &quot;Receipt" time="0" classname="PhantomJS_2_1_1_(Windows_8_0_0_0).Inventory.store.Receipt"/>
  <testcase name="Inventory.store.Receipt Ext object config model should exists" time="0" classname="PhantomJS_2_1_1_(Windows_8_0_0_0).Inventory.store.Receipt"/>
  <testcase name="Inventory.store.Receipt Ext object config model should have a model named &quot;Inventory.model.Receipt&quot;" time="0.001" classname="PhantomJS_2_1_1_(Windows_8_0_0_0).Inventory.store.Receipt"/>
  <testcase name="Inventory.store.Receipt Ext object config proxy should have a proxy" time="0" classname="PhantomJS_2_1_1_(Windows_8_0_0_0).Inventory.store.Receipt"/>
  <testcase name="Inventory.store.Receipt Ext object config proxy should be of type &quot;rest&quot;" time="0" classname="PhantomJS_2_1_1_(Windows_8_0_0_0).Inventory.store.Receipt"/>
  <testcase name="Inventory.store.Receipt Ext object config proxy api should have the correct api URIs" time="0" classname="PhantomJS_2_1_1_(Windows_8_0_0_0).Inventory.store.Receipt"/>
  <testcase name="Inventory.store.Receipt Ext object config proxy api &quot;create&quot; URI should be &quot;./inventory/api/inventoryreceipt/post&quot;" time="0" classname="PhantomJS_2_1_1_(Windows_8_0_0_0).Inventory.store.Receipt"/>
  <testcase name="Inventory.store.Receipt Ext object config proxy api &quot;read&quot; URI should be &quot;./inventory/api/inventoryreceipt/get&quot;" time="0" classname="PhantomJS_2_1_1_(Windows_8_0_0_0).Inventory.store.Receipt"/>
  <testcase name="Inventory.store.Receipt Ext object config proxy api &quot;update&quot; URI should be &quot;./inventory/api/inventoryreceipt/put&quot;" time="0.001" classname="PhantomJS_2_1_1_(Windows_8_0_0_0).Inventory.store.Receipt"/>
  <testcase name="Inventory.model.Restriction Ext object should be a valid Ext object" time="0" classname="PhantomJS_2_1_1_(Windows_8_0_0_0).Inventory.model.Restriction"/>
  <testcase name="Inventory.model.Restriction config should exists" time="0" classname="PhantomJS_2_1_1_(Windows_8_0_0_0).Inventory.model.Restriction"/>
  <testcase name="Inventory.model.Restriction config should be derived from iRely.BaseEntity" time="0" classname="PhantomJS_2_1_1_(Windows_8_0_0_0).Inventory.model.Restriction"/>
  <testcase name="Inventory.model.Restriction config should have an idProperty" time="0" classname="PhantomJS_2_1_1_(Windows_8_0_0_0).Inventory.model.Restriction"/>
  <testcase name="Inventory.model.Restriction config fields should have the correct fields" time="0.001" classname="PhantomJS_2_1_1_(Windows_8_0_0_0).Inventory.model.Restriction"/>
  <testcase name="Inventory.model.Restriction config fields should have reference model(s)" time="0" classname="PhantomJS_2_1_1_(Windows_8_0_0_0).Inventory.model.Restriction"/>
  <testcase name="Inventory.model.ShipmentChargeTax Ext object should be a valid Ext object" time="0" classname="PhantomJS_2_1_1_(Windows_8_0_0_0).Inventory.model.ShipmentChargeTax"/>
  <testcase name="Inventory.model.ShipmentChargeTax config should exists" time="0" classname="PhantomJS_2_1_1_(Windows_8_0_0_0).Inventory.model.ShipmentChargeTax"/>
  <testcase name="Inventory.model.ShipmentChargeTax config should be derived from iRely.BaseEntity" time="0" classname="PhantomJS_2_1_1_(Windows_8_0_0_0).Inventory.model.ShipmentChargeTax"/>
  <testcase name="Inventory.model.ShipmentChargeTax config should have an idProperty" time="0" classname="PhantomJS_2_1_1_(Windows_8_0_0_0).Inventory.model.ShipmentChargeTax"/>
  <testcase name="Inventory.model.ShipmentChargeTax config fields should have the correct fields" time="0.003" classname="PhantomJS_2_1_1_(Windows_8_0_0_0).Inventory.model.ShipmentChargeTax"/>
  <testcase name="Inventory.model.ShipmentChargeTax config fields should have reference model(s)" time="0" classname="PhantomJS_2_1_1_(Windows_8_0_0_0).Inventory.model.ShipmentChargeTax"/>
  <testcase name="Inventory.model.ShipmentCharge Ext object should be a valid Ext object" time="0" classname="PhantomJS_2_1_1_(Windows_8_0_0_0).Inventory.model.ShipmentCharge"/>
  <testcase name="Inventory.model.ShipmentCharge config should exists" time="0" classname="PhantomJS_2_1_1_(Windows_8_0_0_0).Inventory.model.ShipmentCharge"/>
  <testcase name="Inventory.model.ShipmentCharge config should be derived from iRely.BaseEntity" time="0" classname="PhantomJS_2_1_1_(Windows_8_0_0_0).Inventory.model.ShipmentCharge"/>
  <testcase name="Inventory.model.ShipmentCharge config should have an idProperty" time="0" classname="PhantomJS_2_1_1_(Windows_8_0_0_0).Inventory.model.ShipmentCharge"/>
  <testcase name="Inventory.model.ShipmentCharge config fields should have the correct fields" time="0.004" classname="PhantomJS_2_1_1_(Windows_8_0_0_0).Inventory.model.ShipmentCharge"/>
  <testcase name="Inventory.model.ShipmentCharge config fields should have reference model(s)" time="0" classname="PhantomJS_2_1_1_(Windows_8_0_0_0).Inventory.model.ShipmentCharge"/>
  <testcase name="Inventory.model.ShipmentItemLot Ext object should be a valid Ext object" time="0" classname="PhantomJS_2_1_1_(Windows_8_0_0_0).Inventory.model.ShipmentItemLot"/>
  <testcase name="Inventory.model.ShipmentItemLot config should exists" time="0" classname="PhantomJS_2_1_1_(Windows_8_0_0_0).Inventory.model.ShipmentItemLot"/>
  <testcase name="Inventory.model.ShipmentItemLot config should be derived from iRely.BaseEntity" time="0" classname="PhantomJS_2_1_1_(Windows_8_0_0_0).Inventory.model.ShipmentItemLot"/>
  <testcase name="Inventory.model.ShipmentItemLot config should have an idProperty" time="0" classname="PhantomJS_2_1_1_(Windows_8_0_0_0).Inventory.model.ShipmentItemLot"/>
  <testcase name="Inventory.model.ShipmentItemLot config fields should have the correct fields" time="0.003" classname="PhantomJS_2_1_1_(Windows_8_0_0_0).Inventory.model.ShipmentItemLot"/>
  <testcase name="Inventory.model.ShipmentItemLot config fields should have reference model(s)" time="0" classname="PhantomJS_2_1_1_(Windows_8_0_0_0).Inventory.model.ShipmentItemLot"/>
  <testcase name="Inventory.model.ShipmentItem Ext object should be a valid Ext object" time="0" classname="PhantomJS_2_1_1_(Windows_8_0_0_0).Inventory.model.ShipmentItem"/>
  <testcase name="Inventory.model.ShipmentItem config should exists" time="0" classname="PhantomJS_2_1_1_(Windows_8_0_0_0).Inventory.model.ShipmentItem"/>
  <testcase name="Inventory.model.ShipmentItem config should be derived from iRely.BaseEntity" time="0" classname="PhantomJS_2_1_1_(Windows_8_0_0_0).Inventory.model.ShipmentItem"/>
  <testcase name="Inventory.model.ShipmentItem config should have an idProperty" time="0" classname="PhantomJS_2_1_1_(Windows_8_0_0_0).Inventory.model.ShipmentItem"/>
  <testcase name="Inventory.model.ShipmentItem config fields should have the correct fields" time="0.01" classname="PhantomJS_2_1_1_(Windows_8_0_0_0).Inventory.model.ShipmentItem"/>
  <testcase name="Inventory.model.ShipmentItem config fields should have reference model(s)" time="0" classname="PhantomJS_2_1_1_(Windows_8_0_0_0).Inventory.model.ShipmentItem"/>
  <testcase name="Inventory.model.Shipment Ext object should be a valid Ext object" time="0" classname="PhantomJS_2_1_1_(Windows_8_0_0_0).Inventory.model.Shipment"/>
  <testcase name="Inventory.model.Shipment config should exists" time="0" classname="PhantomJS_2_1_1_(Windows_8_0_0_0).Inventory.model.Shipment"/>
  <testcase name="Inventory.model.Shipment config should be derived from iRely.BaseEntity" time="0" classname="PhantomJS_2_1_1_(Windows_8_0_0_0).Inventory.model.Shipment"/>
  <testcase name="Inventory.model.Shipment config should have an idProperty" time="0" classname="PhantomJS_2_1_1_(Windows_8_0_0_0).Inventory.model.Shipment"/>
  <testcase name="Inventory.model.Shipment config fields should have the correct fields" time="0.01" classname="PhantomJS_2_1_1_(Windows_8_0_0_0).Inventory.model.Shipment"/>
  <testcase name="Inventory.model.Shipment config fields should have reference model(s)" time="0" classname="PhantomJS_2_1_1_(Windows_8_0_0_0).Inventory.model.Shipment"/>
  <testcase name="Inventory.store.Shipment Ext object should be a valid Ext object" time="0" classname="PhantomJS_2_1_1_(Windows_8_0_0_0).Inventory.store.Shipment"/>
  <testcase name="Inventory.store.Shipment Ext object should have an alias of &quot;store.icshipment&quot;" time="0" classname="PhantomJS_2_1_1_(Windows_8_0_0_0).Inventory.store.Shipment"/>
  <testcase name="Inventory.store.Shipment Ext object config should have a storeId of &quot;Shipment" time="0" classname="PhantomJS_2_1_1_(Windows_8_0_0_0).Inventory.store.Shipment"/>
  <testcase name="Inventory.store.Shipment Ext object config model should exists" time="0" classname="PhantomJS_2_1_1_(Windows_8_0_0_0).Inventory.store.Shipment"/>
  <testcase name="Inventory.store.Shipment Ext object config model should have a model named &quot;Inventory.model.Shipment&quot;" time="0" classname="PhantomJS_2_1_1_(Windows_8_0_0_0).Inventory.store.Shipment"/>
  <testcase name="Inventory.store.Shipment Ext object config proxy should have a proxy" time="0" classname="PhantomJS_2_1_1_(Windows_8_0_0_0).Inventory.store.Shipment"/>
  <testcase name="Inventory.store.Shipment Ext object config proxy should be of type &quot;rest&quot;" time="0.001" classname="PhantomJS_2_1_1_(Windows_8_0_0_0).Inventory.store.Shipment"/>
  <testcase name="Inventory.store.Shipment Ext object config proxy api should have the correct api URIs" time="0" classname="PhantomJS_2_1_1_(Windows_8_0_0_0).Inventory.store.Shipment"/>
  <testcase name="Inventory.store.Shipment Ext object config proxy api &quot;create&quot; URI should be &quot;./inventory/api/inventoryshipment/post&quot;" time="0" classname="PhantomJS_2_1_1_(Windows_8_0_0_0).Inventory.store.Shipment"/>
  <testcase name="Inventory.store.Shipment Ext object config proxy api &quot;read&quot; URI should be &quot;./inventory/api/inventoryshipment/get&quot;" time="0" classname="PhantomJS_2_1_1_(Windows_8_0_0_0).Inventory.store.Shipment"/>
  <testcase name="Inventory.store.Shipment Ext object config proxy api &quot;update&quot; URI should be &quot;./inventory/api/inventoryshipment/put&quot;" time="0" classname="PhantomJS_2_1_1_(Windows_8_0_0_0).Inventory.store.Shipment"/>
  <testcase name="Inventory.model.Sku Ext object should be a valid Ext object" time="0" classname="PhantomJS_2_1_1_(Windows_8_0_0_0).Inventory.model.Sku"/>
  <testcase name="Inventory.model.Sku config should exists" time="0" classname="PhantomJS_2_1_1_(Windows_8_0_0_0).Inventory.model.Sku"/>
  <testcase name="Inventory.model.Sku config should be derived from iRely.BaseEntity" time="0" classname="PhantomJS_2_1_1_(Windows_8_0_0_0).Inventory.model.Sku"/>
  <testcase name="Inventory.model.Sku config should have an idProperty" time="0" classname="PhantomJS_2_1_1_(Windows_8_0_0_0).Inventory.model.Sku"/>
  <testcase name="Inventory.model.Sku config fields should have the correct fields" time="0.005" classname="PhantomJS_2_1_1_(Windows_8_0_0_0).Inventory.model.Sku"/>
  <testcase name="Inventory.model.Sku config fields should have reference model(s)" time="0" classname="PhantomJS_2_1_1_(Windows_8_0_0_0).Inventory.model.Sku"/>
  <testcase name="Inventory.model.Status Ext object should be a valid Ext object" time="0" classname="PhantomJS_2_1_1_(Windows_8_0_0_0).Inventory.model.Status"/>
  <testcase name="Inventory.model.Status config should exists" time="0.001" classname="PhantomJS_2_1_1_(Windows_8_0_0_0).Inventory.model.Status"/>
  <testcase name="Inventory.model.Status config should be derived from iRely.BaseEntity" time="0" classname="PhantomJS_2_1_1_(Windows_8_0_0_0).Inventory.model.Status"/>
  <testcase name="Inventory.model.Status config should have an idProperty" time="0" classname="PhantomJS_2_1_1_(Windows_8_0_0_0).Inventory.model.Status"/>
  <testcase name="Inventory.model.Status config fields should have the correct fields" time="0.001" classname="PhantomJS_2_1_1_(Windows_8_0_0_0).Inventory.model.Status"/>
  <testcase name="Inventory.model.Status config fields should have reference model(s)" time="0" classname="PhantomJS_2_1_1_(Windows_8_0_0_0).Inventory.model.Status"/>
  <testcase name="Inventory.view.StatusbarPaging1ViewController should exist" time="0" classname="PhantomJS_2_1_1_(Windows_8_0_0_0).Inventory.view.StatusbarPaging1ViewController"/>
  <testcase name="Inventory.view.StatusbarPaging1ViewController should be derived from Ext.app.ViewController" time="0" classname="PhantomJS_2_1_1_(Windows_8_0_0_0).Inventory.view.StatusbarPaging1ViewController"/>
  <testcase name="Inventory.view.StatusbarPaging1ViewController should have a config" time="0" classname="PhantomJS_2_1_1_(Windows_8_0_0_0).Inventory.view.StatusbarPaging1ViewController"/>
  <testcase name="Inventory.view.StatusbarPaging1ViewModel should be a valid view model class." time="0" classname="PhantomJS_2_1_1_(Windows_8_0_0_0).Inventory.view.StatusbarPaging1ViewModel">
    <skipped/>
  </testcase>
  <testcase name="Inventory.view.Statusbar1ViewController should exist" time="0" classname="PhantomJS_2_1_1_(Windows_8_0_0_0).Inventory.view.Statusbar1ViewController"/>
  <testcase name="Inventory.view.Statusbar1ViewController should be derived from Ext.app.ViewController" time="0" classname="PhantomJS_2_1_1_(Windows_8_0_0_0).Inventory.view.Statusbar1ViewController"/>
  <testcase name="Inventory.view.Statusbar1ViewController should have a config" time="0" classname="PhantomJS_2_1_1_(Windows_8_0_0_0).Inventory.view.Statusbar1ViewController"/>
  <testcase name="Inventory.view.Statusbar1ViewModel should be a valid view model class." time="0" classname="PhantomJS_2_1_1_(Windows_8_0_0_0).Inventory.view.Statusbar1ViewModel">
    <skipped/>
  </testcase>
  <testcase name="Inventory.view.StockDetailViewController should exist" time="0" classname="PhantomJS_2_1_1_(Windows_8_0_0_0).Inventory.view.StockDetailViewController"/>
  <testcase name="Inventory.view.StockDetailViewController should be derived from Ext.app.ViewController" time="0" classname="PhantomJS_2_1_1_(Windows_8_0_0_0).Inventory.view.StockDetailViewController"/>
  <testcase name="Inventory.view.StockDetailViewController should have a config" time="0" classname="PhantomJS_2_1_1_(Windows_8_0_0_0).Inventory.view.StockDetailViewController"/>
  <testcase name="Inventory.view.StockDetailViewModel should be a valid view model class." time="0" classname="PhantomJS_2_1_1_(Windows_8_0_0_0).Inventory.view.StockDetailViewModel">
    <skipped/>
  </testcase>
  <testcase name="Inventory.model.StockReservation Ext object should be a valid Ext object" time="0" classname="PhantomJS_2_1_1_(Windows_8_0_0_0).Inventory.model.StockReservation"/>
  <testcase name="Inventory.model.StockReservation config should exists" time="0" classname="PhantomJS_2_1_1_(Windows_8_0_0_0).Inventory.model.StockReservation"/>
  <testcase name="Inventory.model.StockReservation config should be derived from iRely.BaseEntity" time="0" classname="PhantomJS_2_1_1_(Windows_8_0_0_0).Inventory.model.StockReservation"/>
  <testcase name="Inventory.model.StockReservation config should have an idProperty" time="0" classname="PhantomJS_2_1_1_(Windows_8_0_0_0).Inventory.model.StockReservation"/>
  <testcase name="Inventory.model.StockReservation config fields should have the correct fields" time="0.002" classname="PhantomJS_2_1_1_(Windows_8_0_0_0).Inventory.model.StockReservation"/>
  <testcase name="Inventory.model.StockReservation config fields should have reference model(s)" time="0" classname="PhantomJS_2_1_1_(Windows_8_0_0_0).Inventory.model.StockReservation"/>
  <testcase name="Inventory.model.StorageLocationCategory Ext object should be a valid Ext object" time="0" classname="PhantomJS_2_1_1_(Windows_8_0_0_0).Inventory.model.StorageLocationCategory"/>
  <testcase name="Inventory.model.StorageLocationCategory config should exists" time="0" classname="PhantomJS_2_1_1_(Windows_8_0_0_0).Inventory.model.StorageLocationCategory"/>
  <testcase name="Inventory.model.StorageLocationCategory config should be derived from iRely.BaseEntity" time="0" classname="PhantomJS_2_1_1_(Windows_8_0_0_0).Inventory.model.StorageLocationCategory"/>
  <testcase name="Inventory.model.StorageLocationCategory config should have an idProperty" time="0" classname="PhantomJS_2_1_1_(Windows_8_0_0_0).Inventory.model.StorageLocationCategory"/>
  <testcase name="Inventory.model.StorageLocationCategory config fields should have the correct fields" time="0.001" classname="PhantomJS_2_1_1_(Windows_8_0_0_0).Inventory.model.StorageLocationCategory"/>
  <testcase name="Inventory.model.StorageLocationCategory config fields should have reference model(s)" time="0" classname="PhantomJS_2_1_1_(Windows_8_0_0_0).Inventory.model.StorageLocationCategory"/>
  <testcase name="Inventory.model.StorageLocationContainer Ext object should be a valid Ext object" time="0" classname="PhantomJS_2_1_1_(Windows_8_0_0_0).Inventory.model.StorageLocationContainer"/>
  <testcase name="Inventory.model.StorageLocationContainer config should exists" time="0" classname="PhantomJS_2_1_1_(Windows_8_0_0_0).Inventory.model.StorageLocationContainer"/>
  <testcase name="Inventory.model.StorageLocationContainer config should be derived from iRely.BaseEntity" time="0" classname="PhantomJS_2_1_1_(Windows_8_0_0_0).Inventory.model.StorageLocationContainer"/>
  <testcase name="Inventory.model.StorageLocationContainer config should have an idProperty" time="0" classname="PhantomJS_2_1_1_(Windows_8_0_0_0).Inventory.model.StorageLocationContainer"/>
  <testcase name="Inventory.model.StorageLocationContainer config fields should have the correct fields" time="0.001" classname="PhantomJS_2_1_1_(Windows_8_0_0_0).Inventory.model.StorageLocationContainer"/>
  <testcase name="Inventory.model.StorageLocationContainer config fields should have reference model(s)" time="0" classname="PhantomJS_2_1_1_(Windows_8_0_0_0).Inventory.model.StorageLocationContainer"/>
  <testcase name="Inventory.model.StorageLocationMeasurement Ext object should be a valid Ext object" time="0" classname="PhantomJS_2_1_1_(Windows_8_0_0_0).Inventory.model.StorageLocationMeasurement"/>
  <testcase name="Inventory.model.StorageLocationMeasurement config should exists" time="0" classname="PhantomJS_2_1_1_(Windows_8_0_0_0).Inventory.model.StorageLocationMeasurement"/>
  <testcase name="Inventory.model.StorageLocationMeasurement config should be derived from iRely.BaseEntity" time="0" classname="PhantomJS_2_1_1_(Windows_8_0_0_0).Inventory.model.StorageLocationMeasurement"/>
  <testcase name="Inventory.model.StorageLocationMeasurement config should have an idProperty" time="0.001" classname="PhantomJS_2_1_1_(Windows_8_0_0_0).Inventory.model.StorageLocationMeasurement"/>
  <testcase name="Inventory.model.StorageLocationMeasurement config fields should have the correct fields" time="0.001" classname="PhantomJS_2_1_1_(Windows_8_0_0_0).Inventory.model.StorageLocationMeasurement"/>
  <testcase name="Inventory.model.StorageLocationMeasurement config fields should have reference model(s)" time="0" classname="PhantomJS_2_1_1_(Windows_8_0_0_0).Inventory.model.StorageLocationMeasurement"/>
  <testcase name="Inventory.model.StorageLocationSku Ext object should be a valid Ext object" time="0" classname="PhantomJS_2_1_1_(Windows_8_0_0_0).Inventory.model.StorageLocationSku"/>
  <testcase name="Inventory.model.StorageLocationSku config should exists" time="0" classname="PhantomJS_2_1_1_(Windows_8_0_0_0).Inventory.model.StorageLocationSku"/>
  <testcase name="Inventory.model.StorageLocationSku config should be derived from iRely.BaseEntity" time="0" classname="PhantomJS_2_1_1_(Windows_8_0_0_0).Inventory.model.StorageLocationSku"/>
  <testcase name="Inventory.model.StorageLocationSku config should have an idProperty" time="0" classname="PhantomJS_2_1_1_(Windows_8_0_0_0).Inventory.model.StorageLocationSku"/>
  <testcase name="Inventory.model.StorageLocationSku config fields should have the correct fields" time="0.003" classname="PhantomJS_2_1_1_(Windows_8_0_0_0).Inventory.model.StorageLocationSku"/>
  <testcase name="Inventory.model.StorageLocationSku config fields should have reference model(s)" time="0" classname="PhantomJS_2_1_1_(Windows_8_0_0_0).Inventory.model.StorageLocationSku"/>
  <testcase name="Inventory.model.StorageLocation Ext object should be a valid Ext object" time="0" classname="PhantomJS_2_1_1_(Windows_8_0_0_0).Inventory.model.StorageLocation"/>
  <testcase name="Inventory.model.StorageLocation config should exists" time="0" classname="PhantomJS_2_1_1_(Windows_8_0_0_0).Inventory.model.StorageLocation"/>
  <testcase name="Inventory.model.StorageLocation config should be derived from iRely.BaseEntity" time="0" classname="PhantomJS_2_1_1_(Windows_8_0_0_0).Inventory.model.StorageLocation"/>
  <testcase name="Inventory.model.StorageLocation config should have an idProperty" time="0" classname="PhantomJS_2_1_1_(Windows_8_0_0_0).Inventory.model.StorageLocation"/>
  <testcase name="Inventory.model.StorageLocation config fields should have the correct fields" time="0.009" classname="PhantomJS_2_1_1_(Windows_8_0_0_0).Inventory.model.StorageLocation"/>
  <testcase name="Inventory.model.StorageLocation config fields should have reference model(s)" time="0" classname="PhantomJS_2_1_1_(Windows_8_0_0_0).Inventory.model.StorageLocation"/>
  <testcase name="Inventory.store.StorageLocation Ext object should be a valid Ext object" time="0" classname="PhantomJS_2_1_1_(Windows_8_0_0_0).Inventory.store.StorageLocation"/>
  <testcase name="Inventory.store.StorageLocation Ext object should have an alias of &quot;store.icstoragelocation&quot;" time="0" classname="PhantomJS_2_1_1_(Windows_8_0_0_0).Inventory.store.StorageLocation"/>
  <testcase name="Inventory.store.StorageLocation Ext object config should have a storeId of &quot;StorageLocation" time="0" classname="PhantomJS_2_1_1_(Windows_8_0_0_0).Inventory.store.StorageLocation"/>
  <testcase name="Inventory.store.StorageLocation Ext object config model should exists" time="0" classname="PhantomJS_2_1_1_(Windows_8_0_0_0).Inventory.store.StorageLocation"/>
  <testcase name="Inventory.store.StorageLocation Ext object config model should have a model named &quot;Inventory.model.StorageLocation&quot;" time="0" classname="PhantomJS_2_1_1_(Windows_8_0_0_0).Inventory.store.StorageLocation"/>
  <testcase name="Inventory.store.StorageLocation Ext object config proxy should have a proxy" time="0" classname="PhantomJS_2_1_1_(Windows_8_0_0_0).Inventory.store.StorageLocation"/>
  <testcase name="Inventory.store.StorageLocation Ext object config proxy should be of type &quot;rest&quot;" time="0" classname="PhantomJS_2_1_1_(Windows_8_0_0_0).Inventory.store.StorageLocation"/>
  <testcase name="Inventory.store.StorageLocation Ext object config proxy api should have the correct api URIs" time="0" classname="PhantomJS_2_1_1_(Windows_8_0_0_0).Inventory.store.StorageLocation"/>
  <testcase name="Inventory.store.StorageLocation Ext object config proxy api &quot;create&quot; URI should be &quot;./inventory/api/storagelocation/post&quot;" time="0" classname="PhantomJS_2_1_1_(Windows_8_0_0_0).Inventory.store.StorageLocation"/>
  <testcase name="Inventory.store.StorageLocation Ext object config proxy api &quot;read&quot; URI should be &quot;./inventory/api/storagelocation/get&quot;" time="0" classname="PhantomJS_2_1_1_(Windows_8_0_0_0).Inventory.store.StorageLocation"/>
  <testcase name="Inventory.store.StorageLocation Ext object config proxy api &quot;update&quot; URI should be &quot;./inventory/api/storagelocation/put&quot;" time="0" classname="PhantomJS_2_1_1_(Windows_8_0_0_0).Inventory.store.StorageLocation"/>
  <testcase name="Inventory.model.StorageMeasurementReadingConversion Ext object should be a valid Ext object" time="0" classname="PhantomJS_2_1_1_(Windows_8_0_0_0).Inventory.model.StorageMeasurementReadingConversion"/>
  <testcase name="Inventory.model.StorageMeasurementReadingConversion config should exists" time="0" classname="PhantomJS_2_1_1_(Windows_8_0_0_0).Inventory.model.StorageMeasurementReadingConversion"/>
  <testcase name="Inventory.model.StorageMeasurementReadingConversion config should be derived from iRely.BaseEntity" time="0" classname="PhantomJS_2_1_1_(Windows_8_0_0_0).Inventory.model.StorageMeasurementReadingConversion"/>
  <testcase name="Inventory.model.StorageMeasurementReadingConversion config should have an idProperty" time="0.001" classname="PhantomJS_2_1_1_(Windows_8_0_0_0).Inventory.model.StorageMeasurementReadingConversion"/>
  <testcase name="Inventory.model.StorageMeasurementReadingConversion config fields should have the correct fields" time="0.004" classname="PhantomJS_2_1_1_(Windows_8_0_0_0).Inventory.model.StorageMeasurementReadingConversion"/>
  <testcase name="Inventory.model.StorageMeasurementReadingConversion config fields should have reference model(s)" time="0" classname="PhantomJS_2_1_1_(Windows_8_0_0_0).Inventory.model.StorageMeasurementReadingConversion"/>
  <testcase name="Inventory.model.StorageMeasurementReading Ext object should be a valid Ext object" time="0" classname="PhantomJS_2_1_1_(Windows_8_0_0_0).Inventory.model.StorageMeasurementReading"/>
  <testcase name="Inventory.model.StorageMeasurementReading config should exists" time="0" classname="PhantomJS_2_1_1_(Windows_8_0_0_0).Inventory.model.StorageMeasurementReading"/>
  <testcase name="Inventory.model.StorageMeasurementReading config should be derived from iRely.BaseEntity" time="0" classname="PhantomJS_2_1_1_(Windows_8_0_0_0).Inventory.model.StorageMeasurementReading"/>
  <testcase name="Inventory.model.StorageMeasurementReading config should have an idProperty" time="0" classname="PhantomJS_2_1_1_(Windows_8_0_0_0).Inventory.model.StorageMeasurementReading"/>
  <testcase name="Inventory.model.StorageMeasurementReading config fields should have the correct fields" time="0.002" classname="PhantomJS_2_1_1_(Windows_8_0_0_0).Inventory.model.StorageMeasurementReading"/>
  <testcase name="Inventory.model.StorageMeasurementReading config fields should have reference model(s)" time="0" classname="PhantomJS_2_1_1_(Windows_8_0_0_0).Inventory.model.StorageMeasurementReading"/>
  <testcase name="Inventory.store.StorageMeasurementReading Ext object should be a valid Ext object" time="0" classname="PhantomJS_2_1_1_(Windows_8_0_0_0).Inventory.store.StorageMeasurementReading"/>
  <testcase name="Inventory.store.StorageMeasurementReading Ext object should have an alias of &quot;store.icstoragemeasurementreading&quot;" time="0" classname="PhantomJS_2_1_1_(Windows_8_0_0_0).Inventory.store.StorageMeasurementReading"/>
  <testcase name="Inventory.store.StorageMeasurementReading Ext object config should have a storeId of &quot;StorageMeasurementReading" time="0" classname="PhantomJS_2_1_1_(Windows_8_0_0_0).Inventory.store.StorageMeasurementReading"/>
  <testcase name="Inventory.store.StorageMeasurementReading Ext object config model should exists" time="0" classname="PhantomJS_2_1_1_(Windows_8_0_0_0).Inventory.store.StorageMeasurementReading"/>
  <testcase name="Inventory.store.StorageMeasurementReading Ext object config model should have a model named &quot;Inventory.model.StorageMeasurementReading&quot;" time="0" classname="PhantomJS_2_1_1_(Windows_8_0_0_0).Inventory.store.StorageMeasurementReading"/>
  <testcase name="Inventory.store.StorageMeasurementReading Ext object config proxy should have a proxy" time="0" classname="PhantomJS_2_1_1_(Windows_8_0_0_0).Inventory.store.StorageMeasurementReading"/>
  <testcase name="Inventory.store.StorageMeasurementReading Ext object config proxy should be of type &quot;rest&quot;" time="0" classname="PhantomJS_2_1_1_(Windows_8_0_0_0).Inventory.store.StorageMeasurementReading"/>
  <testcase name="Inventory.store.StorageMeasurementReading Ext object config proxy api should have the correct api URIs" time="0" classname="PhantomJS_2_1_1_(Windows_8_0_0_0).Inventory.store.StorageMeasurementReading"/>
  <testcase name="Inventory.store.StorageMeasurementReading Ext object config proxy api &quot;create&quot; URI should be &quot;./inventory/api/storagemeasurementreading/post&quot;" time="0" classname="PhantomJS_2_1_1_(Windows_8_0_0_0).Inventory.store.StorageMeasurementReading"/>
  <testcase name="Inventory.store.StorageMeasurementReading Ext object config proxy api &quot;read&quot; URI should be &quot;./inventory/api/storagemeasurementreading/get&quot;" time="0" classname="PhantomJS_2_1_1_(Windows_8_0_0_0).Inventory.store.StorageMeasurementReading"/>
  <testcase name="Inventory.store.StorageMeasurementReading Ext object config proxy api &quot;update&quot; URI should be &quot;./inventory/api/storagemeasurementreading/put&quot;" time="0" classname="PhantomJS_2_1_1_(Windows_8_0_0_0).Inventory.store.StorageMeasurementReading"/>
  <testcase name="Inventory.view.StorageMeasurementReadingViewModel should be a valid view model class." time="0" classname="PhantomJS_2_1_1_(Windows_8_0_0_0).Inventory.view.StorageMeasurementReadingViewModel">
    <skipped/>
  </testcase>
  <testcase name="Inventory.model.StorageType Ext object should be a valid Ext object" time="0" classname="PhantomJS_2_1_1_(Windows_8_0_0_0).Inventory.model.StorageType"/>
  <testcase name="Inventory.model.StorageType config should exists" time="0" classname="PhantomJS_2_1_1_(Windows_8_0_0_0).Inventory.model.StorageType"/>
  <testcase name="Inventory.model.StorageType config should be derived from iRely.BaseEntity" time="0" classname="PhantomJS_2_1_1_(Windows_8_0_0_0).Inventory.model.StorageType"/>
  <testcase name="Inventory.model.StorageType config should have an idProperty" time="0.001" classname="PhantomJS_2_1_1_(Windows_8_0_0_0).Inventory.model.StorageType"/>
  <testcase name="Inventory.model.StorageType config fields should have the correct fields" time="0.001" classname="PhantomJS_2_1_1_(Windows_8_0_0_0).Inventory.model.StorageType"/>
  <testcase name="Inventory.model.StorageType config fields should have reference model(s)" time="0" classname="PhantomJS_2_1_1_(Windows_8_0_0_0).Inventory.model.StorageType"/>
  <testcase name="Inventory.model.StorageUnitStock Ext object should be a valid Ext object" time="0" classname="PhantomJS_2_1_1_(Windows_8_0_0_0).Inventory.model.StorageUnitStock"/>
  <testcase name="Inventory.model.StorageUnitStock config should exists" time="0" classname="PhantomJS_2_1_1_(Windows_8_0_0_0).Inventory.model.StorageUnitStock"/>
  <testcase name="Inventory.model.StorageUnitStock config should be derived from iRely.BaseEntity" time="0" classname="PhantomJS_2_1_1_(Windows_8_0_0_0).Inventory.model.StorageUnitStock"/>
  <testcase name="Inventory.model.StorageUnitStock config should have an idProperty" time="0" classname="PhantomJS_2_1_1_(Windows_8_0_0_0).Inventory.model.StorageUnitStock"/>
  <testcase name="Inventory.model.StorageUnitStock config fields should have the correct fields" time="0.004" classname="PhantomJS_2_1_1_(Windows_8_0_0_0).Inventory.model.StorageUnitStock"/>
  <testcase name="Inventory.model.StorageUnitStock config fields should have reference model(s)" time="0" classname="PhantomJS_2_1_1_(Windows_8_0_0_0).Inventory.model.StorageUnitStock"/>
  <testcase name="Inventory.model.StorageUnitType Ext object should be a valid Ext object" time="0" classname="PhantomJS_2_1_1_(Windows_8_0_0_0).Inventory.model.StorageUnitType"/>
  <testcase name="Inventory.model.StorageUnitType config should exists" time="0" classname="PhantomJS_2_1_1_(Windows_8_0_0_0).Inventory.model.StorageUnitType"/>
  <testcase name="Inventory.model.StorageUnitType config should be derived from iRely.BaseEntity" time="0" classname="PhantomJS_2_1_1_(Windows_8_0_0_0).Inventory.model.StorageUnitType"/>
  <testcase name="Inventory.model.StorageUnitType config should have an idProperty" time="0" classname="PhantomJS_2_1_1_(Windows_8_0_0_0).Inventory.model.StorageUnitType"/>
  <testcase name="Inventory.model.StorageUnitType config fields should have the correct fields" time="0.003" classname="PhantomJS_2_1_1_(Windows_8_0_0_0).Inventory.model.StorageUnitType"/>
  <testcase name="Inventory.model.StorageUnitType config fields should have reference model(s)" time="0" classname="PhantomJS_2_1_1_(Windows_8_0_0_0).Inventory.model.StorageUnitType"/>
  <testcase name="Inventory.store.StorageUnitType Ext object should be a valid Ext object" time="0" classname="PhantomJS_2_1_1_(Windows_8_0_0_0).Inventory.store.StorageUnitType"/>
  <testcase name="Inventory.store.StorageUnitType Ext object config should have a storeId of &quot;StorageUnitType" time="0" classname="PhantomJS_2_1_1_(Windows_8_0_0_0).Inventory.store.StorageUnitType"/>
  <testcase name="Inventory.store.StorageUnitType Ext object config model should exists" time="0" classname="PhantomJS_2_1_1_(Windows_8_0_0_0).Inventory.store.StorageUnitType"/>
  <testcase name="Inventory.store.StorageUnitType Ext object config model should have a model named &quot;Inventory.model.StorageUnitType&quot;" time="0" classname="PhantomJS_2_1_1_(Windows_8_0_0_0).Inventory.store.StorageUnitType"/>
  <testcase name="Inventory.store.StorageUnitType Ext object config proxy should have a proxy" time="0" classname="PhantomJS_2_1_1_(Windows_8_0_0_0).Inventory.store.StorageUnitType"/>
  <testcase name="Inventory.store.StorageUnitType Ext object config proxy should be of type &quot;rest&quot;" time="0" classname="PhantomJS_2_1_1_(Windows_8_0_0_0).Inventory.store.StorageUnitType"/>
  <testcase name="Inventory.store.StorageUnitType Ext object config proxy api should have the correct api URIs" time="0" classname="PhantomJS_2_1_1_(Windows_8_0_0_0).Inventory.store.StorageUnitType"/>
  <testcase name="Inventory.store.StorageUnitType Ext object config proxy api &quot;create&quot; URI should be &quot;./inventory/api/storageunittype/post&quot;" time="0" classname="PhantomJS_2_1_1_(Windows_8_0_0_0).Inventory.store.StorageUnitType"/>
  <testcase name="Inventory.store.StorageUnitType Ext object config proxy api &quot;read&quot; URI should be &quot;./inventory/api/storageunittype/get&quot;" time="0" classname="PhantomJS_2_1_1_(Windows_8_0_0_0).Inventory.store.StorageUnitType"/>
  <testcase name="Inventory.store.StorageUnitType Ext object config proxy api &quot;update&quot; URI should be &quot;./inventory/api/storageunittype/put&quot;" time="0" classname="PhantomJS_2_1_1_(Windows_8_0_0_0).Inventory.store.StorageUnitType"/>
  <testcase name="Inventory.view.StorageUnitTypeViewController should exist" time="0" classname="PhantomJS_2_1_1_(Windows_8_0_0_0).Inventory.view.StorageUnitTypeViewController"/>
  <testcase name="Inventory.view.StorageUnitTypeViewController should be derived from Ext.app.ViewController" time="0" classname="PhantomJS_2_1_1_(Windows_8_0_0_0).Inventory.view.StorageUnitTypeViewController"/>
  <testcase name="Inventory.view.StorageUnitTypeViewController should have a config" time="0.001" classname="PhantomJS_2_1_1_(Windows_8_0_0_0).Inventory.view.StorageUnitTypeViewController"/>
  <testcase name="Inventory.view.StorageUnitTypeViewModel should be a valid view model class." time="0" classname="PhantomJS_2_1_1_(Windows_8_0_0_0).Inventory.view.StorageUnitTypeViewModel">
    <skipped/>
  </testcase>
  <testcase name="Inventory.view.StorageUnitViewController should exist" time="0" classname="PhantomJS_2_1_1_(Windows_8_0_0_0).Inventory.view.StorageUnitViewController"/>
  <testcase name="Inventory.view.StorageUnitViewController should be derived from Ext.app.ViewController" time="0" classname="PhantomJS_2_1_1_(Windows_8_0_0_0).Inventory.view.StorageUnitViewController"/>
  <testcase name="Inventory.view.StorageUnitViewController should have a config" time="0" classname="PhantomJS_2_1_1_(Windows_8_0_0_0).Inventory.view.StorageUnitViewController"/>
  <testcase name="Inventory.view.StorageUnitViewModel should be a valid view model class." time="0" classname="PhantomJS_2_1_1_(Windows_8_0_0_0).Inventory.view.StorageUnitViewModel">
    <skipped/>
  </testcase>
  <testcase name="Inventory.store.Store Ext object should be a valid Ext object" time="0" classname="PhantomJS_2_1_1_(Windows_8_0_0_0).Inventory.store.Store"/>
  <testcase name="Inventory.store.Store Ext object should have an alias of &quot;store.storestore&quot;" time="0" classname="PhantomJS_2_1_1_(Windows_8_0_0_0).Inventory.store.Store"/>
  <testcase name="Inventory.store.Store Ext object config should have a storeId of &quot;Store" time="0" classname="PhantomJS_2_1_1_(Windows_8_0_0_0).Inventory.store.Store"/>
  <testcase name="Inventory.store.Store Ext object config proxy should have a proxy" time="0" classname="PhantomJS_2_1_1_(Windows_8_0_0_0).Inventory.store.Store"/>
  <testcase name="Inventory.store.Store Ext object config proxy should be of type &quot;rest&quot;" time="0" classname="PhantomJS_2_1_1_(Windows_8_0_0_0).Inventory.store.Store"/>
  <testcase name="Inventory.store.Store Ext object config proxy api should have the correct api URIs" time="0" classname="PhantomJS_2_1_1_(Windows_8_0_0_0).Inventory.store.Store"/>
  <testcase name="Inventory.store.Store Ext object config proxy api &quot;read&quot; URI should be &quot;./inventory/api/store/getstores&quot;" time="0" classname="PhantomJS_2_1_1_(Windows_8_0_0_0).Inventory.store.Store"/>
  <testcase name="Inventory.view.TaxDetailsViewModel should be a valid view model class." time="0" classname="PhantomJS_2_1_1_(Windows_8_0_0_0).Inventory.view.TaxDetailsViewModel">
    <skipped/>
  </testcase>
  <testcase name="Inventory.model.TransferDetail Ext object should be a valid Ext object" time="0" classname="PhantomJS_2_1_1_(Windows_8_0_0_0).Inventory.model.TransferDetail"/>
  <testcase name="Inventory.model.TransferDetail config should exists" time="0" classname="PhantomJS_2_1_1_(Windows_8_0_0_0).Inventory.model.TransferDetail"/>
  <testcase name="Inventory.model.TransferDetail config should be derived from iRely.BaseEntity" time="0" classname="PhantomJS_2_1_1_(Windows_8_0_0_0).Inventory.model.TransferDetail"/>
  <testcase name="Inventory.model.TransferDetail config should have an idProperty" time="0" classname="PhantomJS_2_1_1_(Windows_8_0_0_0).Inventory.model.TransferDetail"/>
  <testcase name="Inventory.model.TransferDetail config fields should have the correct fields" time="0.01" classname="PhantomJS_2_1_1_(Windows_8_0_0_0).Inventory.model.TransferDetail"/>
  <testcase name="Inventory.model.TransferDetail config fields should have reference model(s)" time="0" classname="PhantomJS_2_1_1_(Windows_8_0_0_0).Inventory.model.TransferDetail"/>
  <testcase name="Inventory.model.TransferNote Ext object should be a valid Ext object" time="0" classname="PhantomJS_2_1_1_(Windows_8_0_0_0).Inventory.model.TransferNote"/>
  <testcase name="Inventory.model.TransferNote config should exists" time="0" classname="PhantomJS_2_1_1_(Windows_8_0_0_0).Inventory.model.TransferNote"/>
  <testcase name="Inventory.model.TransferNote config should be derived from iRely.BaseEntity" time="0" classname="PhantomJS_2_1_1_(Windows_8_0_0_0).Inventory.model.TransferNote"/>
  <testcase name="Inventory.model.TransferNote config should have an idProperty" time="0" classname="PhantomJS_2_1_1_(Windows_8_0_0_0).Inventory.model.TransferNote"/>
  <testcase name="Inventory.model.TransferNote config fields should have the correct fields" time="0" classname="PhantomJS_2_1_1_(Windows_8_0_0_0).Inventory.model.TransferNote"/>
  <testcase name="Inventory.model.TransferNote config fields should have reference model(s)" time="0" classname="PhantomJS_2_1_1_(Windows_8_0_0_0).Inventory.model.TransferNote"/>
  <testcase name="Inventory.model.Transfer Ext object should be a valid Ext object" time="0" classname="PhantomJS_2_1_1_(Windows_8_0_0_0).Inventory.model.Transfer"/>
  <testcase name="Inventory.model.Transfer config should exists" time="0" classname="PhantomJS_2_1_1_(Windows_8_0_0_0).Inventory.model.Transfer"/>
  <testcase name="Inventory.model.Transfer config should be derived from iRely.BaseEntity" time="0" classname="PhantomJS_2_1_1_(Windows_8_0_0_0).Inventory.model.Transfer"/>
  <testcase name="Inventory.model.Transfer config should have an idProperty" time="0" classname="PhantomJS_2_1_1_(Windows_8_0_0_0).Inventory.model.Transfer"/>
  <testcase name="Inventory.model.Transfer config fields should have the correct fields" time="0.004" classname="PhantomJS_2_1_1_(Windows_8_0_0_0).Inventory.model.Transfer"/>
  <testcase name="Inventory.model.Transfer config fields should have reference model(s)" time="0" classname="PhantomJS_2_1_1_(Windows_8_0_0_0).Inventory.model.Transfer"/>
  <testcase name="Inventory.store.Transfer Ext object should be a valid Ext object" time="0" classname="PhantomJS_2_1_1_(Windows_8_0_0_0).Inventory.store.Transfer"/>
  <testcase name="Inventory.store.Transfer Ext object should have an alias of &quot;store.ictransfer&quot;" time="0" classname="PhantomJS_2_1_1_(Windows_8_0_0_0).Inventory.store.Transfer"/>
  <testcase name="Inventory.store.Transfer Ext object config should have a storeId of &quot;Transfer" time="0" classname="PhantomJS_2_1_1_(Windows_8_0_0_0).Inventory.store.Transfer"/>
  <testcase name="Inventory.store.Transfer Ext object config model should exists" time="0" classname="PhantomJS_2_1_1_(Windows_8_0_0_0).Inventory.store.Transfer"/>
  <testcase name="Inventory.store.Transfer Ext object config model should have a model named &quot;Inventory.model.Transfer&quot;" time="0" classname="PhantomJS_2_1_1_(Windows_8_0_0_0).Inventory.store.Transfer"/>
  <testcase name="Inventory.store.Transfer Ext object config proxy should have a proxy" time="0" classname="PhantomJS_2_1_1_(Windows_8_0_0_0).Inventory.store.Transfer"/>
  <testcase name="Inventory.store.Transfer Ext object config proxy should be of type &quot;rest&quot;" time="0.001" classname="PhantomJS_2_1_1_(Windows_8_0_0_0).Inventory.store.Transfer"/>
  <testcase name="Inventory.store.Transfer Ext object config proxy api should have the correct api URIs" time="0" classname="PhantomJS_2_1_1_(Windows_8_0_0_0).Inventory.store.Transfer"/>
  <testcase name="Inventory.store.Transfer Ext object config proxy api &quot;create&quot; URI should be &quot;./inventory/api/inventorytransfer/post&quot;" time="0" classname="PhantomJS_2_1_1_(Windows_8_0_0_0).Inventory.store.Transfer"/>
  <testcase name="Inventory.store.Transfer Ext object config proxy api &quot;read&quot; URI should be &quot;./inventory/api/inventorytransfer/get&quot;" time="0.001" classname="PhantomJS_2_1_1_(Windows_8_0_0_0).Inventory.store.Transfer"/>
  <testcase name="Inventory.store.Transfer Ext object config proxy api &quot;update&quot; URI should be &quot;./inventory/api/inventorytransfer/put&quot;" time="0" classname="PhantomJS_2_1_1_(Windows_8_0_0_0).Inventory.store.Transfer"/>
  <testcase name="Inventory.model.UnitMeasureConversion Ext object should be a valid Ext object" time="0" classname="PhantomJS_2_1_1_(Windows_8_0_0_0).Inventory.model.UnitMeasureConversion"/>
  <testcase name="Inventory.model.UnitMeasureConversion config should exists" time="0.001" classname="PhantomJS_2_1_1_(Windows_8_0_0_0).Inventory.model.UnitMeasureConversion"/>
  <testcase name="Inventory.model.UnitMeasureConversion config should be derived from iRely.BaseEntity" time="0" classname="PhantomJS_2_1_1_(Windows_8_0_0_0).Inventory.model.UnitMeasureConversion"/>
  <testcase name="Inventory.model.UnitMeasureConversion config should have an idProperty" time="0" classname="PhantomJS_2_1_1_(Windows_8_0_0_0).Inventory.model.UnitMeasureConversion"/>
  <testcase name="Inventory.model.UnitMeasureConversion config fields should have the correct fields" time="0.001" classname="PhantomJS_2_1_1_(Windows_8_0_0_0).Inventory.model.UnitMeasureConversion"/>
  <testcase name="Inventory.model.UnitMeasureConversion config fields should have reference model(s)" time="0" classname="PhantomJS_2_1_1_(Windows_8_0_0_0).Inventory.model.UnitMeasureConversion"/>
  <testcase name="Inventory.model.UnitMeasure Ext object should be a valid Ext object" time="0" classname="PhantomJS_2_1_1_(Windows_8_0_0_0).Inventory.model.UnitMeasure"/>
  <testcase name="Inventory.model.UnitMeasure config should exists" time="0" classname="PhantomJS_2_1_1_(Windows_8_0_0_0).Inventory.model.UnitMeasure"/>
  <testcase name="Inventory.model.UnitMeasure config should be derived from iRely.BaseEntity" time="0" classname="PhantomJS_2_1_1_(Windows_8_0_0_0).Inventory.model.UnitMeasure"/>
  <testcase name="Inventory.model.UnitMeasure config should have an idProperty" time="0" classname="PhantomJS_2_1_1_(Windows_8_0_0_0).Inventory.model.UnitMeasure"/>
  <testcase name="Inventory.model.UnitMeasure config fields should have the correct fields" time="0.001" classname="PhantomJS_2_1_1_(Windows_8_0_0_0).Inventory.model.UnitMeasure"/>
  <testcase name="Inventory.model.UnitMeasure config fields should have reference model(s)" time="0" classname="PhantomJS_2_1_1_(Windows_8_0_0_0).Inventory.model.UnitMeasure"/>
  <testcase name="Inventory.store.UnitMeasure Ext object should be a valid Ext object" time="0" classname="PhantomJS_2_1_1_(Windows_8_0_0_0).Inventory.store.UnitMeasure"/>
  <testcase name="Inventory.store.UnitMeasure Ext object should have an alias of &quot;store.icuom&quot;" time="0" classname="PhantomJS_2_1_1_(Windows_8_0_0_0).Inventory.store.UnitMeasure"/>
  <testcase name="Inventory.store.UnitMeasure Ext object config should have a storeId of &quot;UnitMeasure" time="0.001" classname="PhantomJS_2_1_1_(Windows_8_0_0_0).Inventory.store.UnitMeasure"/>
  <testcase name="Inventory.store.UnitMeasure Ext object config model should exists" time="0" classname="PhantomJS_2_1_1_(Windows_8_0_0_0).Inventory.store.UnitMeasure"/>
  <testcase name="Inventory.store.UnitMeasure Ext object config model should have a model named &quot;Inventory.model.UnitMeasure&quot;" time="0" classname="PhantomJS_2_1_1_(Windows_8_0_0_0).Inventory.store.UnitMeasure"/>
  <testcase name="Inventory.store.UnitMeasure Ext object config proxy should have a proxy" time="0" classname="PhantomJS_2_1_1_(Windows_8_0_0_0).Inventory.store.UnitMeasure"/>
  <testcase name="Inventory.store.UnitMeasure Ext object config proxy should be of type &quot;rest&quot;" time="0" classname="PhantomJS_2_1_1_(Windows_8_0_0_0).Inventory.store.UnitMeasure"/>
  <testcase name="Inventory.store.UnitMeasure Ext object config proxy api should have the correct api URIs" time="0" classname="PhantomJS_2_1_1_(Windows_8_0_0_0).Inventory.store.UnitMeasure"/>
  <testcase name="Inventory.store.UnitMeasure Ext object config proxy api &quot;create&quot; URI should be &quot;./inventory/api/unitmeasure/post&quot;" time="0" classname="PhantomJS_2_1_1_(Windows_8_0_0_0).Inventory.store.UnitMeasure"/>
  <testcase name="Inventory.store.UnitMeasure Ext object config proxy api &quot;read&quot; URI should be &quot;./inventory/api/unitmeasure/get&quot;" time="0.001" classname="PhantomJS_2_1_1_(Windows_8_0_0_0).Inventory.store.UnitMeasure"/>
  <testcase name="Inventory.store.UnitMeasure Ext object config proxy api &quot;update&quot; URI should be &quot;./inventory/api/unitmeasure/put&quot;" time="0" classname="PhantomJS_2_1_1_(Windows_8_0_0_0).Inventory.store.UnitMeasure"/>
  <system-out>
    <![CDATA[PhantomJS 2.1.1 (Windows 8 0.0.0) WARN: '[W] [Ext.Loader] Synchronously loading 'Inventory.view.CompanyPreferenceOptionViewController'; consider adding Ext.require('Inventory.view.CompanyPreferenceOptionViewController') above Ext.onReady'
,PhantomJS 2.1.1 (Windows 8 0.0.0) WARN: '[W] [Ext.Loader] Synchronously loading 'Inventory.view.OriginConversionOptionViewController'; consider adding Ext.require('Inventory.view.OriginConversionOptionViewController') above Ext.onReady'
,PhantomJS 2.1.1 (Windows 8 0.0.0) WARN: '[W] [Ext.Loader] Synchronously loading 'Inventory.view.TaxDetailsViewController'; consider adding Ext.require('Inventory.view.TaxDetailsViewController') above Ext.onReady'
,PhantomJS 2.1.1 (Windows 8 0.0.0) ERROR: '[E] [Ext.Loader] Some requested files failed to load.'

]]>
  </system-out>
  <system-err/>
</testsuite>